2025-12-28 13:17:09,933 - n_users=78578, n_items=77801	n_interactions=2880201	n_train=2240156, n_test=640045, sparsity=0.00037
2025-12-28 13:17:09,933 - Namespace(Ks='[20, 40]', ablation='wo_local_r', batch_size=10240, cen_reg=0.005, data_path='data/', dataset='amazon', emb_reg=2.5e-05, embed_size=32, epoch=100, lr=0.001, n_batch=40, n_intents=128, n_layers=2, output='amazon_wo_local_r', sample_num=40, save_model=False, seed=2022, show_step=1, ssl_reg=0.1, temp=1, train_num=10000, verbose=1)
2025-12-28 13:17:40,158 - Epoch  0 [17.0s + 4.1s]: train==[11.55314=0.59385 + 0.00337 + 0.40177 + 10.55415], test-recall=[0.0388, 0.0622], test-ndcg=[0.0288, 0.0365]
2025-12-28 13:17:59,889 - Epoch  1 [16.0s + 3.7s]: train==[10.90520=0.27591 + 0.01642 + 0.34533 + 10.26753], test-recall=[0.0435, 0.0698], test-ndcg=[0.0325, 0.0412]
2025-12-28 13:18:19,878 - Epoch  2 [16.2s + 3.8s]: train==[10.76447=0.16520 + 0.02791 + 0.33357 + 10.23778], test-recall=[0.0487, 0.0779], test-ndcg=[0.0364, 0.0460]
2025-12-28 13:18:40,523 - Epoch  3 [16.9s + 3.8s]: train==[10.71493=0.13290 + 0.03437 + 0.31949 + 10.22817], test-recall=[0.0522, 0.0830], test-ndcg=[0.0391, 0.0492]
2025-12-28 13:19:00,745 - Epoch  4 [16.5s + 3.7s]: train==[10.68220=0.11690 + 0.03870 + 0.30409 + 10.22251], test-recall=[0.0547, 0.0867], test-ndcg=[0.0410, 0.0514]
2025-12-28 13:19:20,758 - Epoch  5 [16.2s + 3.8s]: train==[10.65170=0.10575 + 0.04185 + 0.28794 + 10.21616], test-recall=[0.0571, 0.0899], test-ndcg=[0.0427, 0.0535]
2025-12-28 13:19:41,241 - Epoch  6 [16.3s + 4.2s]: train==[10.62658=0.09758 + 0.04435 + 0.27153 + 10.21312], test-recall=[0.0588, 0.0920], test-ndcg=[0.0440, 0.0550]
2025-12-28 13:20:01,372 - Epoch  7 [16.3s + 3.8s]: train==[10.60358=0.09158 + 0.04637 + 0.25530 + 10.21034], test-recall=[0.0600, 0.0936], test-ndcg=[0.0450, 0.0561]
2025-12-28 13:20:21,623 - Epoch  8 [16.3s + 4.0s]: train==[10.58251=0.08718 + 0.04805 + 0.23962 + 10.20766], test-recall=[0.0610, 0.0953], test-ndcg=[0.0458, 0.0570]
2025-12-28 13:20:41,701 - Epoch  9 [16.3s + 3.7s]: train==[10.56466=0.08347 + 0.04949 + 0.22476 + 10.20694], test-recall=[0.0620, 0.0968], test-ndcg=[0.0466, 0.0580]
2025-12-28 13:21:01,663 - Epoch 10 [16.1s + 3.8s]: train==[10.54706=0.08057 + 0.05070 + 0.21082 + 10.20497], test-recall=[0.0627, 0.0984], test-ndcg=[0.0472, 0.0589]
2025-12-28 13:21:21,690 - Epoch 11 [16.3s + 3.7s]: train==[10.53334=0.07780 + 0.05181 + 0.19814 + 10.20560], test-recall=[0.0637, 0.0989], test-ndcg=[0.0478, 0.0594]
2025-12-28 13:21:42,075 - Epoch 12 [16.2s + 4.2s]: train==[10.51892=0.07470 + 0.05282 + 0.18676 + 10.20464], test-recall=[0.0642, 0.0999], test-ndcg=[0.0483, 0.0600]
2025-12-28 13:22:02,310 - Epoch 13 [16.1s + 4.1s]: train==[10.50725=0.07286 + 0.05377 + 0.17672 + 10.20390], test-recall=[0.0651, 0.1013], test-ndcg=[0.0489, 0.0607]
2025-12-28 13:22:22,404 - Epoch 14 [16.3s + 3.8s]: train==[10.49592=0.07059 + 0.05460 + 0.16788 + 10.20285], test-recall=[0.0659, 0.1025], test-ndcg=[0.0495, 0.0614]
2025-12-28 13:22:42,756 - Epoch 15 [16.2s + 4.1s]: train==[10.48683=0.06878 + 0.05534 + 0.16001 + 10.20270], test-recall=[0.0663, 0.1033], test-ndcg=[0.0498, 0.0619]
2025-12-28 13:23:03,313 - Epoch 16 [16.3s + 4.3s]: train==[10.47851=0.06743 + 0.05601 + 0.15300 + 10.20207], test-recall=[0.0665, 0.1037], test-ndcg=[0.0500, 0.0621]
2025-12-28 13:23:23,546 - Epoch 17 [16.3s + 4.0s]: train==[10.47096=0.06611 + 0.05665 + 0.14675 + 10.20144], test-recall=[0.0671, 0.1046], test-ndcg=[0.0504, 0.0627]
2025-12-28 13:23:43,486 - Epoch 18 [16.2s + 3.8s]: train==[10.46467=0.06483 + 0.05729 + 0.14112 + 10.20143], test-recall=[0.0675, 0.1051], test-ndcg=[0.0507, 0.0630]
2025-12-28 13:24:03,494 - Epoch 19 [16.2s + 3.8s]: train==[10.45854=0.06371 + 0.05782 + 0.13602 + 10.20098], test-recall=[0.0679, 0.1057], test-ndcg=[0.0510, 0.0634]
2025-12-28 13:24:23,559 - Epoch 20 [16.3s + 3.7s]: train==[10.45299=0.06257 + 0.05835 + 0.13136 + 10.20071], test-recall=[0.0686, 0.1065], test-ndcg=[0.0515, 0.0639]
2025-12-28 13:24:43,569 - Epoch 21 [16.2s + 3.8s]: train==[10.44773=0.06117 + 0.05891 + 0.12714 + 10.20052], test-recall=[0.0689, 0.1070], test-ndcg=[0.0517, 0.0642]
2025-12-28 13:25:03,592 - Epoch 22 [16.2s + 3.8s]: train==[10.44311=0.06104 + 0.05935 + 0.12330 + 10.19942], test-recall=[0.0690, 0.1079], test-ndcg=[0.0519, 0.0647]
2025-12-28 13:25:24,055 - Epoch 23 [16.3s + 4.2s]: train==[10.43911=0.05962 + 0.05974 + 0.11975 + 10.19999], test-recall=[0.0695, 0.1083], test-ndcg=[0.0522, 0.0650]
2025-12-28 13:25:44,913 - Epoch 24 [17.1s + 3.8s]: train==[10.43551=0.05944 + 0.06020 + 0.11649 + 10.19939], test-recall=[0.0697, 0.1089], test-ndcg=[0.0524, 0.0652]
2025-12-28 13:26:05,339 - Epoch 25 [16.4s + 4.0s]: train==[10.43149=0.05801 + 0.06057 + 0.11347 + 10.19944], test-recall=[0.0702, 0.1089], test-ndcg=[0.0526, 0.0653]
2025-12-28 13:26:25,387 - Epoch 26 [16.2s + 3.8s]: train==[10.42806=0.05716 + 0.06095 + 0.11068 + 10.19927], test-recall=[0.0706, 0.1094], test-ndcg=[0.0528, 0.0655]
2025-12-28 13:26:46,599 - Epoch 27 [17.3s + 3.9s]: train==[10.42552=0.05693 + 0.06127 + 0.10807 + 10.19925], test-recall=[0.0710, 0.1097], test-ndcg=[0.0532, 0.0659]
2025-12-28 13:27:06,729 - Epoch 28 [16.3s + 3.8s]: train==[10.42324=0.05605 + 0.06160 + 0.10564 + 10.19994], test-recall=[0.0708, 0.1103], test-ndcg=[0.0532, 0.0661]
2025-12-28 13:27:28,714 - Epoch 29 [17.3s + 4.7s]: train==[10.41976=0.05560 + 0.06195 + 0.10339 + 10.19882], test-recall=[0.0714, 0.1103], test-ndcg=[0.0534, 0.0662]
2025-12-28 13:27:49,601 - Epoch 30 [16.6s + 4.3s]: train==[10.41744=0.05553 + 0.06224 + 0.10126 + 10.19841], test-recall=[0.0716, 0.1111], test-ndcg=[0.0537, 0.0667]
2025-12-28 13:28:09,652 - Epoch 31 [16.3s + 3.8s]: train==[10.41506=0.05492 + 0.06255 + 0.09926 + 10.19833], test-recall=[0.0713, 0.1112], test-ndcg=[0.0538, 0.0669]
2025-12-28 13:28:30,518 - Epoch 32 [16.7s + 4.1s]: train==[10.41332=0.05452 + 0.06272 + 0.09738 + 10.19871], test-recall=[0.0720, 0.1118], test-ndcg=[0.0542, 0.0672]
2025-12-28 13:28:51,562 - Epoch 33 [16.7s + 4.3s]: train==[10.41188=0.05373 + 0.06301 + 0.09561 + 10.19953], test-recall=[0.0725, 0.1121], test-ndcg=[0.0543, 0.0673]
2025-12-28 13:29:12,103 - Epoch 34 [16.4s + 4.1s]: train==[10.40905=0.05349 + 0.06325 + 0.09394 + 10.19836], test-recall=[0.0727, 0.1123], test-ndcg=[0.0546, 0.0675]
2025-12-28 13:29:32,090 - Epoch 35 [16.2s + 3.8s]: train==[10.40824=0.05366 + 0.06354 + 0.09236 + 10.19869], test-recall=[0.0729, 0.1129], test-ndcg=[0.0546, 0.0678]
2025-12-28 13:29:52,969 - Epoch 36 [17.0s + 3.9s]: train==[10.40495=0.05226 + 0.06378 + 0.09086 + 10.19804], test-recall=[0.0732, 0.1130], test-ndcg=[0.0548, 0.0679]
2025-12-28 13:30:13,787 - Epoch 37 [17.0s + 3.8s]: train==[10.40388=0.05209 + 0.06404 + 0.08944 + 10.19831], test-recall=[0.0732, 0.1134], test-ndcg=[0.0548, 0.0680]
2025-12-28 13:30:33,959 - Epoch 38 [16.5s + 3.7s]: train==[10.40354=0.05188 + 0.06419 + 0.08809 + 10.19938], test-recall=[0.0733, 0.1136], test-ndcg=[0.0549, 0.0682]
2025-12-28 13:30:53,935 - Epoch 39 [16.1s + 3.9s]: train==[10.40045=0.05152 + 0.06442 + 0.08681 + 10.19770], test-recall=[0.0736, 0.1141], test-ndcg=[0.0552, 0.0684]
2025-12-28 13:31:14,591 - Epoch 40 [16.3s + 4.3s]: train==[10.40091=0.05159 + 0.06462 + 0.08558 + 10.19911], test-recall=[0.0741, 0.1143], test-ndcg=[0.0554, 0.0685]
2025-12-28 13:31:36,779 - Epoch 41 [18.2s + 4.0s]: train==[10.39818=0.05041 + 0.06485 + 0.08441 + 10.19851], test-recall=[0.0741, 0.1143], test-ndcg=[0.0555, 0.0686]
2025-12-28 13:31:58,436 - Epoch 42 [17.0s + 4.6s]: train==[10.39771=0.05115 + 0.06499 + 0.08329 + 10.19828], test-recall=[0.0742, 0.1146], test-ndcg=[0.0555, 0.0688]
2025-12-28 13:32:18,465 - Epoch 43 [16.3s + 3.7s]: train==[10.39637=0.05008 + 0.06523 + 0.08221 + 10.19885], test-recall=[0.0743, 0.1152], test-ndcg=[0.0557, 0.0691]
2025-12-28 13:32:38,549 - Epoch 44 [16.3s + 3.8s]: train==[10.39424=0.05022 + 0.06543 + 0.08118 + 10.19741], test-recall=[0.0748, 0.1152], test-ndcg=[0.0559, 0.0692]
2025-12-28 13:32:59,500 - Epoch 45 [17.2s + 3.8s]: train==[10.39399=0.04981 + 0.06557 + 0.08019 + 10.19841], test-recall=[0.0746, 0.1155], test-ndcg=[0.0559, 0.0693]
2025-12-28 13:33:19,854 - Epoch 46 [16.3s + 4.0s]: train==[10.39300=0.04951 + 0.06575 + 0.07925 + 10.19849], test-recall=[0.0748, 0.1156], test-ndcg=[0.0561, 0.0694]
2025-12-28 13:33:40,552 - Epoch 47 [16.7s + 4.0s]: train==[10.39242=0.04960 + 0.06592 + 0.07834 + 10.19857], test-recall=[0.0750, 0.1160], test-ndcg=[0.0562, 0.0696]
2025-12-28 13:34:00,561 - Epoch 48 [16.2s + 3.8s]: train==[10.39093=0.04918 + 0.06609 + 0.07747 + 10.19819], test-recall=[0.0749, 0.1162], test-ndcg=[0.0562, 0.0697]
2025-12-28 13:34:21,029 - Epoch 49 [16.4s + 4.0s]: train==[10.38975=0.04874 + 0.06627 + 0.07662 + 10.19812], test-recall=[0.0754, 0.1165], test-ndcg=[0.0565, 0.0700]
2025-12-28 13:34:41,119 - Epoch 50 [16.2s + 3.8s]: train==[10.39029=0.04912 + 0.06637 + 0.07582 + 10.19898], test-recall=[0.0755, 0.1164], test-ndcg=[0.0566, 0.0700]
2025-12-28 13:35:01,402 - Epoch 51 [16.2s + 4.1s]: train==[10.38980=0.04858 + 0.06655 + 0.07504 + 10.19963], test-recall=[0.0755, 0.1171], test-ndcg=[0.0566, 0.0702]
2025-12-28 13:35:21,633 - Epoch 52 [16.4s + 3.8s]: train==[10.38795=0.04830 + 0.06668 + 0.07429 + 10.19867], test-recall=[0.0755, 0.1174], test-ndcg=[0.0567, 0.0704]
2025-12-28 13:35:42,050 - Epoch 53 [16.4s + 4.0s]: train==[10.38699=0.04830 + 0.06681 + 0.07356 + 10.19832], test-recall=[0.0759, 0.1172], test-ndcg=[0.0569, 0.0705]
2025-12-28 13:36:02,991 - Epoch 54 [17.1s + 3.8s]: train==[10.38667=0.04828 + 0.06695 + 0.07286 + 10.19858], test-recall=[0.0756, 0.1174], test-ndcg=[0.0569, 0.0706]
2025-12-28 13:36:23,119 - Epoch 55 [16.3s + 3.8s]: train==[10.38555=0.04802 + 0.06704 + 0.07218 + 10.19831], test-recall=[0.0757, 0.1173], test-ndcg=[0.0570, 0.0706]
2025-12-28 13:36:43,238 - Epoch 56 [16.3s + 3.8s]: train==[10.38519=0.04783 + 0.06719 + 0.07152 + 10.19865], test-recall=[0.0758, 0.1178], test-ndcg=[0.0571, 0.0709]
2025-12-28 13:37:03,578 - Epoch 57 [16.3s + 4.0s]: train==[10.38452=0.04748 + 0.06724 + 0.07089 + 10.19892], test-recall=[0.0755, 0.1178], test-ndcg=[0.0571, 0.0710]
2025-12-28 13:37:24,444 - Epoch 58 [16.2s + 4.6s]: train==[10.38347=0.04748 + 0.06742 + 0.07027 + 10.19829], test-recall=[0.0759, 0.1180], test-ndcg=[0.0573, 0.0710]
2025-12-28 13:37:44,563 - Epoch 59 [16.3s + 3.8s]: train==[10.38380=0.04752 + 0.06750 + 0.06967 + 10.19911], test-recall=[0.0761, 0.1180], test-ndcg=[0.0572, 0.0709]
2025-12-28 13:38:04,786 - Epoch 60 [16.5s + 3.7s]: train==[10.38262=0.04699 + 0.06769 + 0.06910 + 10.19884], test-recall=[0.0764, 0.1183], test-ndcg=[0.0573, 0.0711]
2025-12-28 13:38:25,023 - Epoch 61 [16.4s + 3.8s]: train==[10.38263=0.04712 + 0.06777 + 0.06855 + 10.19919], test-recall=[0.0764, 0.1186], test-ndcg=[0.0574, 0.0712]
2025-12-28 13:38:45,044 - Epoch 62 [16.3s + 3.7s]: train==[10.38125=0.04604 + 0.06792 + 0.06800 + 10.19928], test-recall=[0.0765, 0.1188], test-ndcg=[0.0575, 0.0713]
2025-12-28 13:39:06,323 - Epoch 63 [17.1s + 4.1s]: train==[10.38077=0.04663 + 0.06799 + 0.06748 + 10.19867], test-recall=[0.0765, 0.1186], test-ndcg=[0.0575, 0.0713]
2025-12-28 13:39:26,335 - Epoch 64 [15.9s + 4.1s]: train==[10.38091=0.04643 + 0.06812 + 0.06696 + 10.19940], test-recall=[0.0769, 0.1186], test-ndcg=[0.0578, 0.0715]
2025-12-28 13:39:46,328 - Epoch 65 [16.2s + 3.8s]: train==[10.37912=0.04623 + 0.06816 + 0.06646 + 10.19827], test-recall=[0.0770, 0.1189], test-ndcg=[0.0578, 0.0716]
2025-12-28 13:40:06,690 - Epoch 66 [16.2s + 4.2s]: train==[10.37862=0.04576 + 0.06825 + 0.06598 + 10.19864], test-recall=[0.0769, 0.1190], test-ndcg=[0.0578, 0.0717]
2025-12-28 13:40:27,362 - Epoch 67 [16.3s + 4.4s]: train==[10.37931=0.04610 + 0.06838 + 0.06551 + 10.19932], test-recall=[0.0769, 0.1191], test-ndcg=[0.0578, 0.0717]
2025-12-28 13:40:47,677 - Epoch 68 [16.3s + 4.1s]: train==[10.37782=0.04606 + 0.06840 + 0.06505 + 10.19830], test-recall=[0.0767, 0.1193], test-ndcg=[0.0577, 0.0717]
2025-12-28 13:41:07,749 - Epoch 69 [16.3s + 3.8s]: train==[10.37846=0.04605 + 0.06842 + 0.06460 + 10.19938], test-recall=[0.0770, 0.1194], test-ndcg=[0.0579, 0.0719]
2025-12-28 13:41:27,772 - Epoch 70 [16.2s + 3.8s]: train==[10.37692=0.04580 + 0.06855 + 0.06417 + 10.19840], test-recall=[0.0772, 0.1199], test-ndcg=[0.0581, 0.0721]
2025-12-28 13:41:48,109 - Epoch 71 [16.6s + 3.8s]: train==[10.37799=0.04608 + 0.06864 + 0.06374 + 10.19952], test-recall=[0.0773, 0.1195], test-ndcg=[0.0580, 0.0719]
2025-12-28 13:42:08,041 - Epoch 72 [16.2s + 3.8s]: train==[10.37638=0.04567 + 0.06878 + 0.06333 + 10.19861], test-recall=[0.0772, 0.1194], test-ndcg=[0.0580, 0.0718]
2025-12-28 13:42:28,018 - Epoch 73 [16.2s + 3.8s]: train==[10.37689=0.04585 + 0.06882 + 0.06292 + 10.19929], test-recall=[0.0772, 0.1196], test-ndcg=[0.0580, 0.0720]
2025-12-28 13:42:48,538 - Epoch 74 [16.3s + 4.2s]: train==[10.37597=0.04538 + 0.06889 + 0.06253 + 10.19917], test-recall=[0.0772, 0.1198], test-ndcg=[0.0581, 0.0721]
2025-12-28 13:43:08,690 - Epoch 75 [16.4s + 3.7s]: train==[10.37506=0.04535 + 0.06896 + 0.06215 + 10.19860], test-recall=[0.0772, 0.1199], test-ndcg=[0.0582, 0.0722]
2025-12-28 13:43:28,495 - Epoch 76 [16.1s + 3.7s]: train==[10.37466=0.04526 + 0.06901 + 0.06177 + 10.19862], test-recall=[0.0774, 0.1202], test-ndcg=[0.0582, 0.0722]
2025-12-28 13:43:48,645 - Epoch 77 [16.2s + 3.9s]: train==[10.37451=0.04552 + 0.06909 + 0.06140 + 10.19849], test-recall=[0.0778, 0.1201], test-ndcg=[0.0583, 0.0722]
2025-12-28 13:44:08,948 - Epoch 78 [16.5s + 3.8s]: train==[10.37476=0.04533 + 0.06917 + 0.06105 + 10.19921], test-recall=[0.0778, 0.1200], test-ndcg=[0.0584, 0.0723]
2025-12-28 13:44:29,538 - Epoch 79 [16.8s + 3.7s]: train==[10.37357=0.04494 + 0.06922 + 0.06070 + 10.19871], test-recall=[0.0778, 0.1200], test-ndcg=[0.0585, 0.0723]
2025-12-28 13:44:49,833 - Epoch 80 [16.2s + 4.1s]: train==[10.37402=0.04483 + 0.06935 + 0.06035 + 10.19948], test-recall=[0.0777, 0.1202], test-ndcg=[0.0586, 0.0726]
2025-12-28 13:45:10,095 - Epoch 81 [16.2s + 4.0s]: train==[10.37298=0.04457 + 0.06940 + 0.06002 + 10.19898], test-recall=[0.0777, 0.1202], test-ndcg=[0.0586, 0.0725]
2025-12-28 13:45:30,200 - Epoch 82 [16.3s + 3.8s]: train==[10.37328=0.04486 + 0.06945 + 0.05969 + 10.19928], test-recall=[0.0777, 0.1206], test-ndcg=[0.0585, 0.0726]
2025-12-28 13:45:50,775 - Epoch 83 [16.4s + 4.2s]: train==[10.37315=0.04495 + 0.06944 + 0.05938 + 10.19938], test-recall=[0.0776, 0.1206], test-ndcg=[0.0585, 0.0726]
2025-12-28 13:46:10,935 - Epoch 84 [16.4s + 3.7s]: train==[10.37177=0.04495 + 0.06955 + 0.05906 + 10.19820], test-recall=[0.0776, 0.1206], test-ndcg=[0.0586, 0.0728]
2025-12-28 13:46:31,671 - Epoch 85 [16.2s + 4.5s]: train==[10.37201=0.04484 + 0.06962 + 0.05876 + 10.19879], test-recall=[0.0780, 0.1203], test-ndcg=[0.0586, 0.0726]
2025-12-28 13:46:51,808 - Epoch 86 [16.4s + 3.7s]: train==[10.37247=0.04501 + 0.06963 + 0.05846 + 10.19936], test-recall=[0.0781, 0.1207], test-ndcg=[0.0588, 0.0728]
2025-12-28 13:47:11,696 - Epoch 87 [16.2s + 3.7s]: train==[10.37138=0.04466 + 0.06972 + 0.05817 + 10.19883], test-recall=[0.0780, 0.1209], test-ndcg=[0.0588, 0.0730]
2025-12-28 13:47:31,567 - Epoch 88 [16.1s + 3.7s]: train==[10.37105=0.04483 + 0.06980 + 0.05789 + 10.19853], test-recall=[0.0779, 0.1207], test-ndcg=[0.0588, 0.0729]
2025-12-28 13:47:52,141 - Epoch 89 [16.1s + 4.4s]: train==[10.37187=0.04454 + 0.06983 + 0.05760 + 10.19990], test-recall=[0.0780, 0.1209], test-ndcg=[0.0589, 0.0730]
2025-12-28 13:48:12,271 - Epoch 90 [16.4s + 3.8s]: train==[10.37042=0.04400 + 0.06986 + 0.05733 + 10.19924], test-recall=[0.0780, 0.1205], test-ndcg=[0.0589, 0.0728]
2025-12-28 13:48:32,441 - Epoch 91 [16.2s + 4.0s]: train==[10.37049=0.04413 + 0.06989 + 0.05706 + 10.19940], test-recall=[0.0781, 0.1208], test-ndcg=[0.0588, 0.0728]
2025-12-28 13:48:52,329 - Epoch 92 [16.1s + 3.8s]: train==[10.37044=0.04428 + 0.07000 + 0.05679 + 10.19938], test-recall=[0.0778, 0.1207], test-ndcg=[0.0587, 0.0728]
2025-12-28 13:49:13,254 - Epoch 93 [16.4s + 4.5s]: train==[10.36968=0.04380 + 0.07004 + 0.05653 + 10.19930], test-recall=[0.0782, 0.1209], test-ndcg=[0.0590, 0.0730]
2025-12-28 13:49:33,437 - Epoch 94 [16.4s + 3.8s]: train==[10.37138=0.04453 + 0.07009 + 0.05628 + 10.20048], test-recall=[0.0785, 0.1213], test-ndcg=[0.0591, 0.0732]
2025-12-28 13:49:53,291 - Epoch 95 [16.1s + 3.7s]: train==[10.36859=0.04335 + 0.07011 + 0.05603 + 10.19909], test-recall=[0.0785, 0.1214], test-ndcg=[0.0592, 0.0732]
2025-12-28 13:50:13,168 - Epoch 96 [16.2s + 3.7s]: train==[10.36974=0.04405 + 0.07019 + 0.05579 + 10.19971], test-recall=[0.0787, 0.1214], test-ndcg=[0.0592, 0.0732]
2025-12-28 13:50:33,444 - Epoch 97 [16.3s + 4.0s]: train==[10.36889=0.04362 + 0.07023 + 0.05555 + 10.19948], test-recall=[0.0785, 0.1215], test-ndcg=[0.0592, 0.0733]
2025-12-28 13:50:53,380 - Epoch 98 [16.0s + 4.0s]: train==[10.36919=0.04351 + 0.07032 + 0.05531 + 10.20005], test-recall=[0.0784, 0.1216], test-ndcg=[0.0592, 0.0733]
2025-12-28 13:51:14,521 - Epoch 99 [16.2s + 5.0s]: train==[10.36888=0.04393 + 0.07037 + 0.05508 + 10.19949], test-recall=[0.0786, 0.1217], test-ndcg=[0.0593, 0.0734]
2025-12-28 13:51:18,515 - Final Test Set Result: test-recall=[0.0786, 0.1217], test-ndcg=[0.0593, 0.0734]
