2025-12-28 14:24:59,298 - n_users=78578, n_items=77801	n_interactions=2880201	n_train=2240156, n_test=640045, sparsity=0.00037
2025-12-28 14:24:59,298 - Namespace(Ks='[20, 40]', ablation='wo_ssl_disen', batch_size=10240, cen_reg=0.005, data_path='data/', dataset='amazon', emb_reg=2.5e-05, embed_size=32, epoch=100, lr=0.001, n_batch=40, n_intents=128, n_layers=2, output='amazon_wo_ssl_disen', sample_num=40, save_model=False, seed=2022, show_step=1, ssl_reg=0.1, temp=1, train_num=10000, verbose=1)
2025-12-28 14:25:32,752 - Epoch  0 [20.3s + 4.1s]: train==[4.21515=0.49378 + 0.00363 + 0.39352 + 3.32421], test-recall=[0.0376, 0.0603], test-ndcg=[0.0279, 0.0354]
2025-12-28 14:25:55,719 - Epoch  1 [19.2s + 3.8s]: train==[3.69608=0.16293 + 0.01389 + 0.22927 + 3.28999], test-recall=[0.0471, 0.0753], test-ndcg=[0.0352, 0.0445]
2025-12-28 14:26:18,729 - Epoch  2 [19.2s + 3.8s]: train==[3.54926=0.11758 + 0.01924 + 0.13083 + 3.28160], test-recall=[0.0532, 0.0845], test-ndcg=[0.0398, 0.0501]
2025-12-28 14:26:41,857 - Epoch  3 [19.4s + 3.7s]: train==[3.47520=0.10001 + 0.02227 + 0.07487 + 3.27805], test-recall=[0.0575, 0.0904], test-ndcg=[0.0431, 0.0539]
2025-12-28 14:27:04,662 - Epoch  4 [19.1s + 3.7s]: train==[3.43347=0.08980 + 0.02465 + 0.04296 + 3.27607], test-recall=[0.0601, 0.0942], test-ndcg=[0.0453, 0.0565]
2025-12-28 14:27:27,617 - Epoch  5 [19.1s + 3.9s]: train==[3.40685=0.08158 + 0.02658 + 0.02474 + 3.27396], test-recall=[0.0626, 0.0973], test-ndcg=[0.0471, 0.0584]
2025-12-28 14:27:50,903 - Epoch  6 [19.3s + 4.0s]: train==[3.39099=0.07553 + 0.02825 + 0.01430 + 3.27291], test-recall=[0.0641, 0.0996], test-ndcg=[0.0483, 0.0600]
2025-12-28 14:28:13,741 - Epoch  7 [19.1s + 3.8s]: train==[3.38068=0.07082 + 0.02968 + 0.00830 + 3.27188], test-recall=[0.0655, 0.1017], test-ndcg=[0.0495, 0.0614]
2025-12-28 14:28:36,781 - Epoch  8 [19.2s + 3.8s]: train==[3.37387=0.06715 + 0.03093 + 0.00486 + 3.27094], test-recall=[0.0666, 0.1030], test-ndcg=[0.0503, 0.0623]
2025-12-28 14:29:00,602 - Epoch  9 [20.0s + 3.8s]: train==[3.36947=0.06389 + 0.03203 + 0.00287 + 3.27068], test-recall=[0.0673, 0.1050], test-ndcg=[0.0511, 0.0634]
2025-12-28 14:29:23,392 - Epoch 10 [19.1s + 3.7s]: train==[3.36605=0.06162 + 0.03300 + 0.00171 + 3.26972], test-recall=[0.0687, 0.1061], test-ndcg=[0.0521, 0.0643]
2025-12-28 14:29:46,374 - Epoch 11 [19.2s + 3.8s]: train==[3.36408=0.05938 + 0.03385 + 0.00105 + 3.26980], test-recall=[0.0695, 0.1072], test-ndcg=[0.0525, 0.0649]
2025-12-28 14:30:09,826 - Epoch 12 [19.4s + 4.1s]: train==[3.36122=0.05676 + 0.03462 + 0.00066 + 3.26918], test-recall=[0.0701, 0.1080], test-ndcg=[0.0531, 0.0656]
2025-12-28 14:30:32,796 - Epoch 13 [19.0s + 4.0s]: train==[3.35992=0.05549 + 0.03532 + 0.00042 + 3.26868], test-recall=[0.0711, 0.1095], test-ndcg=[0.0538, 0.0664]
2025-12-28 14:30:55,850 - Epoch 14 [19.3s + 3.7s]: train==[3.35816=0.05362 + 0.03592 + 0.00029 + 3.26833], test-recall=[0.0720, 0.1106], test-ndcg=[0.0544, 0.0671]
2025-12-28 14:31:19,048 - Epoch 15 [19.2s + 4.0s]: train==[3.35685=0.05212 + 0.03646 + 0.00021 + 3.26805], test-recall=[0.0724, 0.1116], test-ndcg=[0.0547, 0.0676]
2025-12-28 14:31:42,097 - Epoch 16 [19.2s + 3.8s]: train==[3.35590=0.05106 + 0.03694 + 0.00017 + 3.26774], test-recall=[0.0727, 0.1125], test-ndcg=[0.0551, 0.0681]
2025-12-28 14:32:05,508 - Epoch 17 [19.3s + 4.1s]: train==[3.35475=0.04977 + 0.03741 + 0.00014 + 3.26743], test-recall=[0.0736, 0.1130], test-ndcg=[0.0554, 0.0684]
2025-12-28 14:32:28,523 - Epoch 18 [19.2s + 3.8s]: train==[3.35391=0.04855 + 0.03787 + 0.00011 + 3.26738], test-recall=[0.0743, 0.1136], test-ndcg=[0.0559, 0.0688]
2025-12-28 14:32:51,455 - Epoch 19 [19.2s + 3.8s]: train==[3.35358=0.04798 + 0.03824 + 0.00010 + 3.26726], test-recall=[0.0744, 0.1144], test-ndcg=[0.0562, 0.0693]
2025-12-28 14:33:14,756 - Epoch 20 [19.5s + 3.8s]: train==[3.35258=0.04687 + 0.03863 + 0.00010 + 3.26698], test-recall=[0.0749, 0.1151], test-ndcg=[0.0566, 0.0697]
2025-12-28 14:33:37,828 - Epoch 21 [19.2s + 3.9s]: train==[3.35147=0.04562 + 0.03903 + 0.00009 + 3.26673], test-recall=[0.0750, 0.1155], test-ndcg=[0.0568, 0.0701]
2025-12-28 14:34:01,041 - Epoch 22 [19.3s + 3.9s]: train==[3.35150=0.04573 + 0.03929 + 0.00008 + 3.26640], test-recall=[0.0754, 0.1164], test-ndcg=[0.0571, 0.0705]
2025-12-28 14:34:24,545 - Epoch 23 [19.4s + 4.1s]: train==[3.35055=0.04439 + 0.03956 + 0.00008 + 3.26652], test-recall=[0.0761, 0.1170], test-ndcg=[0.0574, 0.0708]
2025-12-28 14:34:47,556 - Epoch 24 [19.2s + 3.8s]: train==[3.35041=0.04426 + 0.03984 + 0.00007 + 3.26623], test-recall=[0.0766, 0.1171], test-ndcg=[0.0578, 0.0711]
2025-12-28 14:35:10,816 - Epoch 25 [19.2s + 4.1s]: train==[3.34946=0.04319 + 0.04009 + 0.00008 + 3.26611], test-recall=[0.0767, 0.1176], test-ndcg=[0.0579, 0.0713]
2025-12-28 14:35:34,158 - Epoch 26 [19.5s + 3.9s]: train==[3.34894=0.04252 + 0.04031 + 0.00007 + 3.26604], test-recall=[0.0769, 0.1177], test-ndcg=[0.0580, 0.0713]
2025-12-28 14:35:57,133 - Epoch 27 [19.2s + 3.8s]: train==[3.34891=0.04238 + 0.04048 + 0.00007 + 3.26598], test-recall=[0.0772, 0.1181], test-ndcg=[0.0584, 0.0718]
2025-12-28 14:36:20,186 - Epoch 28 [19.2s + 3.8s]: train==[3.34830=0.04151 + 0.04068 + 0.00006 + 3.26604], test-recall=[0.0774, 0.1188], test-ndcg=[0.0586, 0.0721]
2025-12-28 14:36:43,548 - Epoch 29 [19.3s + 4.0s]: train==[3.34797=0.04135 + 0.04087 + 0.00007 + 3.26568], test-recall=[0.0773, 0.1194], test-ndcg=[0.0587, 0.0724]
2025-12-28 14:37:06,734 - Epoch 30 [19.1s + 4.0s]: train==[3.34797=0.04131 + 0.04104 + 0.00007 + 3.26555], test-recall=[0.0775, 0.1198], test-ndcg=[0.0587, 0.0726]
2025-12-28 14:37:29,740 - Epoch 31 [19.2s + 3.8s]: train==[3.34748=0.04075 + 0.04122 + 0.00006 + 3.26545], test-recall=[0.0777, 0.1201], test-ndcg=[0.0590, 0.0729]
2025-12-28 14:37:52,989 - Epoch 32 [19.2s + 4.1s]: train==[3.34715=0.04039 + 0.04130 + 0.00006 + 3.26540], test-recall=[0.0782, 0.1204], test-ndcg=[0.0593, 0.0731]
2025-12-28 14:38:15,957 - Epoch 33 [19.2s + 3.8s]: train==[3.34701=0.03994 + 0.04145 + 0.00006 + 3.26556], test-recall=[0.0785, 0.1204], test-ndcg=[0.0593, 0.0730]
2025-12-28 14:38:40,355 - Epoch 34 [20.4s + 4.0s]: train==[3.34642=0.03953 + 0.04157 + 0.00006 + 3.26526], test-recall=[0.0784, 0.1208], test-ndcg=[0.0592, 0.0731]
2025-12-28 14:39:03,478 - Epoch 35 [19.3s + 3.8s]: train==[3.34665=0.03960 + 0.04173 + 0.00006 + 3.26526], test-recall=[0.0788, 0.1212], test-ndcg=[0.0595, 0.0734]
2025-12-28 14:39:26,653 - Epoch 36 [19.3s + 3.9s]: train==[3.34565=0.03878 + 0.04185 + 0.00005 + 3.26497], test-recall=[0.0787, 0.1210], test-ndcg=[0.0595, 0.0733]
2025-12-28 14:39:50,407 - Epoch 37 [19.9s + 3.8s]: train==[3.34562=0.03852 + 0.04199 + 0.00006 + 3.26505], test-recall=[0.0786, 0.1211], test-ndcg=[0.0595, 0.0734]
2025-12-28 14:40:13,722 - Epoch 38 [19.4s + 3.9s]: train==[3.34569=0.03826 + 0.04206 + 0.00006 + 3.26531], test-recall=[0.0788, 0.1215], test-ndcg=[0.0596, 0.0736]
2025-12-28 14:40:37,260 - Epoch 39 [19.7s + 3.9s]: train==[3.34506=0.03807 + 0.04217 + 0.00005 + 3.26477], test-recall=[0.0789, 0.1219], test-ndcg=[0.0596, 0.0737]
2025-12-28 14:41:00,857 - Epoch 40 [19.5s + 4.1s]: train==[3.34560=0.03818 + 0.04225 + 0.00005 + 3.26512], test-recall=[0.0793, 0.1220], test-ndcg=[0.0598, 0.0738]
2025-12-28 14:41:24,035 - Epoch 41 [19.3s + 3.8s]: train==[3.34450=0.03709 + 0.04237 + 0.00005 + 3.26498], test-recall=[0.0794, 0.1218], test-ndcg=[0.0599, 0.0738]
2025-12-28 14:41:47,409 - Epoch 42 [19.5s + 3.8s]: train==[3.34512=0.03785 + 0.04242 + 0.00005 + 3.26480], test-recall=[0.0795, 0.1222], test-ndcg=[0.0599, 0.0738]
2025-12-28 14:42:10,514 - Epoch 43 [19.3s + 3.8s]: train==[3.34479=0.03718 + 0.04257 + 0.00005 + 3.26500], test-recall=[0.0800, 0.1222], test-ndcg=[0.0602, 0.0741]
2025-12-28 14:42:33,684 - Epoch 44 [19.3s + 3.9s]: train==[3.34448=0.03729 + 0.04265 + 0.00005 + 3.26449], test-recall=[0.0797, 0.1225], test-ndcg=[0.0602, 0.0743]
2025-12-28 14:42:56,902 - Epoch 45 [19.5s + 3.8s]: train==[3.34444=0.03695 + 0.04270 + 0.00005 + 3.26474], test-recall=[0.0794, 0.1228], test-ndcg=[0.0601, 0.0743]
2025-12-28 14:43:20,080 - Epoch 46 [19.2s + 4.0s]: train==[3.34405=0.03661 + 0.04274 + 0.00005 + 3.26464], test-recall=[0.0797, 0.1231], test-ndcg=[0.0603, 0.0745]
2025-12-28 14:43:43,203 - Epoch 47 [19.0s + 4.2s]: train==[3.34442=0.03677 + 0.04285 + 0.00005 + 3.26474], test-recall=[0.0805, 0.1233], test-ndcg=[0.0606, 0.0747]
2025-12-28 14:44:06,018 - Epoch 48 [19.2s + 3.6s]: train==[3.34404=0.03646 + 0.04294 + 0.00005 + 3.26459], test-recall=[0.0803, 0.1234], test-ndcg=[0.0606, 0.0748]
2025-12-28 14:44:29,042 - Epoch 49 [19.0s + 4.0s]: train==[3.34349=0.03600 + 0.04302 + 0.00005 + 3.26442], test-recall=[0.0807, 0.1239], test-ndcg=[0.0610, 0.0752]
2025-12-28 14:44:52,207 - Epoch 50 [19.4s + 3.8s]: train==[3.34430=0.03651 + 0.04305 + 0.00005 + 3.26470], test-recall=[0.0808, 0.1237], test-ndcg=[0.0611, 0.0752]
2025-12-28 14:45:15,650 - Epoch 51 [19.5s + 3.9s]: train==[3.34395=0.03595 + 0.04312 + 0.00005 + 3.26483], test-recall=[0.0807, 0.1239], test-ndcg=[0.0612, 0.0754]
2025-12-28 14:45:38,840 - Epoch 52 [19.5s + 3.7s]: train==[3.34356=0.03574 + 0.04316 + 0.00005 + 3.26461], test-recall=[0.0807, 0.1241], test-ndcg=[0.0612, 0.0753]
2025-12-28 14:46:02,074 - Epoch 53 [19.3s + 3.9s]: train==[3.34360=0.03583 + 0.04324 + 0.00005 + 3.26447], test-recall=[0.0810, 0.1243], test-ndcg=[0.0614, 0.0756]
2025-12-28 14:46:25,538 - Epoch 54 [19.8s + 3.7s]: train==[3.34351=0.03575 + 0.04331 + 0.00005 + 3.26440], test-recall=[0.0811, 0.1247], test-ndcg=[0.0614, 0.0757]
2025-12-28 14:46:48,728 - Epoch 55 [19.3s + 3.9s]: train==[3.34341=0.03565 + 0.04336 + 0.00005 + 3.26435], test-recall=[0.0809, 0.1246], test-ndcg=[0.0614, 0.0758]
2025-12-28 14:47:12,030 - Epoch 56 [19.4s + 3.9s]: train==[3.34353=0.03561 + 0.04341 + 0.00005 + 3.26445], test-recall=[0.0810, 0.1247], test-ndcg=[0.0615, 0.0758]
2025-12-28 14:47:36,332 - Epoch 57 [19.2s + 5.1s]: train==[3.34319=0.03523 + 0.04343 + 0.00005 + 3.26448], test-recall=[0.0811, 0.1246], test-ndcg=[0.0615, 0.0758]
2025-12-28 14:47:59,336 - Epoch 58 [19.2s + 3.8s]: train==[3.34320=0.03532 + 0.04352 + 0.00004 + 3.26431], test-recall=[0.0812, 0.1247], test-ndcg=[0.0616, 0.0759]
2025-12-28 14:48:22,646 - Epoch 59 [19.5s + 3.8s]: train==[3.34324=0.03525 + 0.04356 + 0.00005 + 3.26438], test-recall=[0.0813, 0.1248], test-ndcg=[0.0616, 0.0758]
2025-12-28 14:48:45,519 - Epoch 60 [19.2s + 3.7s]: train==[3.34283=0.03487 + 0.04363 + 0.00004 + 3.26430], test-recall=[0.0813, 0.1250], test-ndcg=[0.0615, 0.0758]
2025-12-28 14:49:08,449 - Epoch 61 [19.1s + 3.8s]: train==[3.34327=0.03519 + 0.04364 + 0.00004 + 3.26439], test-recall=[0.0814, 0.1247], test-ndcg=[0.0617, 0.0759]
2025-12-28 14:49:31,589 - Epoch 62 [19.4s + 3.8s]: train==[3.34250=0.03426 + 0.04370 + 0.00004 + 3.26449], test-recall=[0.0815, 0.1249], test-ndcg=[0.0615, 0.0757]
2025-12-28 14:49:54,761 - Epoch 63 [19.1s + 4.0s]: train==[3.34273=0.03468 + 0.04371 + 0.00004 + 3.26429], test-recall=[0.0810, 0.1254], test-ndcg=[0.0615, 0.0760]
2025-12-28 14:50:17,959 - Epoch 64 [19.0s + 4.2s]: train==[3.34289=0.03457 + 0.04379 + 0.00005 + 3.26447], test-recall=[0.0816, 0.1255], test-ndcg=[0.0616, 0.0760]
2025-12-28 14:50:40,936 - Epoch 65 [19.2s + 3.8s]: train==[3.34235=0.03442 + 0.04380 + 0.00004 + 3.26409], test-recall=[0.0819, 0.1253], test-ndcg=[0.0618, 0.0761]
2025-12-28 14:51:04,134 - Epoch 66 [19.2s + 4.0s]: train==[3.34204=0.03409 + 0.04382 + 0.00005 + 3.26409], test-recall=[0.0819, 0.1250], test-ndcg=[0.0619, 0.0760]
2025-12-28 14:51:27,130 - Epoch 67 [19.2s + 3.8s]: train==[3.34258=0.03439 + 0.04386 + 0.00004 + 3.26429], test-recall=[0.0817, 0.1250], test-ndcg=[0.0618, 0.0760]
2025-12-28 14:51:50,489 - Epoch 68 [19.4s + 4.0s]: train==[3.34216=0.03428 + 0.04383 + 0.00004 + 3.26401], test-recall=[0.0816, 0.1248], test-ndcg=[0.0616, 0.0758]
2025-12-28 14:52:13,414 - Epoch 69 [19.2s + 3.8s]: train==[3.34255=0.03435 + 0.04383 + 0.00004 + 3.26433], test-recall=[0.0819, 0.1253], test-ndcg=[0.0620, 0.0762]
2025-12-28 14:52:36,563 - Epoch 70 [19.3s + 3.8s]: train==[3.34226=0.03427 + 0.04390 + 0.00004 + 3.26405], test-recall=[0.0816, 0.1255], test-ndcg=[0.0619, 0.0763]
2025-12-28 14:52:59,693 - Epoch 71 [19.3s + 3.8s]: train==[3.34268=0.03434 + 0.04396 + 0.00005 + 3.26432], test-recall=[0.0816, 0.1254], test-ndcg=[0.0620, 0.0763]
2025-12-28 14:53:22,758 - Epoch 72 [19.3s + 3.8s]: train==[3.34219=0.03402 + 0.04404 + 0.00004 + 3.26410], test-recall=[0.0820, 0.1254], test-ndcg=[0.0621, 0.0763]
2025-12-28 14:53:45,996 - Epoch 73 [19.4s + 3.8s]: train==[3.34244=0.03423 + 0.04405 + 0.00005 + 3.26412], test-recall=[0.0821, 0.1258], test-ndcg=[0.0622, 0.0765]
2025-12-28 14:54:09,172 - Epoch 74 [19.2s + 4.0s]: train==[3.34210=0.03389 + 0.04407 + 0.00005 + 3.26409], test-recall=[0.0824, 0.1259], test-ndcg=[0.0623, 0.0766]
2025-12-28 14:54:32,272 - Epoch 75 [19.3s + 3.8s]: train==[3.34210=0.03398 + 0.04408 + 0.00004 + 3.26400], test-recall=[0.0825, 0.1256], test-ndcg=[0.0623, 0.0765]
2025-12-28 14:54:55,515 - Epoch 76 [19.5s + 3.8s]: train==[3.34205=0.03388 + 0.04411 + 0.00005 + 3.26401], test-recall=[0.0825, 0.1260], test-ndcg=[0.0624, 0.0766]
2025-12-28 14:55:18,464 - Epoch 77 [19.2s + 3.8s]: train==[3.34234=0.03426 + 0.04415 + 0.00004 + 3.26388], test-recall=[0.0821, 0.1260], test-ndcg=[0.0621, 0.0765]
2025-12-28 14:55:41,581 - Epoch 78 [19.2s + 3.9s]: train==[3.34242=0.03414 + 0.04416 + 0.00005 + 3.26407], test-recall=[0.0823, 0.1259], test-ndcg=[0.0622, 0.0765]
2025-12-28 14:56:04,688 - Epoch 79 [19.4s + 3.7s]: train==[3.34186=0.03364 + 0.04420 + 0.00004 + 3.26398], test-recall=[0.0823, 0.1260], test-ndcg=[0.0624, 0.0767]
2025-12-28 14:56:27,921 - Epoch 80 [19.2s + 4.0s]: train==[3.34204=0.03354 + 0.04427 + 0.00004 + 3.26418], test-recall=[0.0823, 0.1263], test-ndcg=[0.0623, 0.0767]
2025-12-28 14:56:51,047 - Epoch 81 [19.1s + 4.1s]: train==[3.34146=0.03321 + 0.04427 + 0.00005 + 3.26394], test-recall=[0.0820, 0.1258], test-ndcg=[0.0623, 0.0767]
2025-12-28 14:57:13,924 - Epoch 82 [19.2s + 3.7s]: train==[3.34179=0.03342 + 0.04425 + 0.00004 + 3.26407], test-recall=[0.0823, 0.1264], test-ndcg=[0.0624, 0.0769]
2025-12-28 14:57:37,604 - Epoch 83 [19.6s + 4.1s]: train==[3.34193=0.03364 + 0.04426 + 0.00004 + 3.26399], test-recall=[0.0825, 0.1263], test-ndcg=[0.0625, 0.0768]
2025-12-28 14:58:00,642 - Epoch 84 [19.3s + 3.7s]: train==[3.34172=0.03371 + 0.04432 + 0.00004 + 3.26365], test-recall=[0.0824, 0.1264], test-ndcg=[0.0623, 0.0767]
2025-12-28 14:58:23,767 - Epoch 85 [19.1s + 4.0s]: train==[3.34206=0.03377 + 0.04435 + 0.00004 + 3.26389], test-recall=[0.0825, 0.1262], test-ndcg=[0.0624, 0.0767]
2025-12-28 14:58:46,745 - Epoch 86 [19.2s + 3.8s]: train==[3.34219=0.03391 + 0.04433 + 0.00004 + 3.26391], test-recall=[0.0826, 0.1267], test-ndcg=[0.0625, 0.0770]
2025-12-28 14:59:09,751 - Epoch 87 [19.2s + 3.8s]: train==[3.34168=0.03346 + 0.04438 + 0.00004 + 3.26380], test-recall=[0.0825, 0.1268], test-ndcg=[0.0626, 0.0771]
2025-12-28 14:59:32,718 - Epoch 88 [19.2s + 3.7s]: train==[3.34194=0.03368 + 0.04445 + 0.00005 + 3.26376], test-recall=[0.0822, 0.1266], test-ndcg=[0.0625, 0.0770]
2025-12-28 14:59:55,760 - Epoch 89 [19.2s + 3.9s]: train==[3.34208=0.03350 + 0.04445 + 0.00004 + 3.26409], test-recall=[0.0827, 0.1266], test-ndcg=[0.0626, 0.0770]
2025-12-28 15:00:19,095 - Epoch 90 [19.5s + 3.9s]: train==[3.34149=0.03306 + 0.04445 + 0.00005 + 3.26393], test-recall=[0.0829, 0.1267], test-ndcg=[0.0628, 0.0772]
2025-12-28 15:00:42,323 - Epoch 91 [19.2s + 4.0s]: train==[3.34171=0.03321 + 0.04447 + 0.00004 + 3.26398], test-recall=[0.0828, 0.1265], test-ndcg=[0.0627, 0.0770]
2025-12-28 15:01:05,408 - Epoch 92 [19.3s + 3.8s]: train==[3.34156=0.03315 + 0.04451 + 0.00004 + 3.26386], test-recall=[0.0823, 0.1265], test-ndcg=[0.0626, 0.0770]
2025-12-28 15:01:28,733 - Epoch 93 [19.4s + 4.0s]: train==[3.34129=0.03293 + 0.04450 + 0.00004 + 3.26381], test-recall=[0.0822, 0.1268], test-ndcg=[0.0624, 0.0770]
2025-12-28 15:01:51,595 - Epoch 94 [19.1s + 3.7s]: train==[3.34227=0.03346 + 0.04452 + 0.00004 + 3.26425], test-recall=[0.0824, 0.1268], test-ndcg=[0.0627, 0.0772]
2025-12-28 15:02:14,495 - Epoch 95 [19.1s + 3.8s]: train==[3.34071=0.03246 + 0.04451 + 0.00004 + 3.26369], test-recall=[0.0827, 0.1263], test-ndcg=[0.0627, 0.0771]
2025-12-28 15:02:37,710 - Epoch 96 [19.5s + 3.7s]: train==[3.34183=0.03319 + 0.04454 + 0.00004 + 3.26405], test-recall=[0.0824, 0.1267], test-ndcg=[0.0626, 0.0771]
2025-12-28 15:03:01,217 - Epoch 97 [19.1s + 4.4s]: train==[3.34121=0.03274 + 0.04453 + 0.00004 + 3.26389], test-recall=[0.0825, 0.1267], test-ndcg=[0.0626, 0.0771]
2025-12-28 15:03:24,253 - Epoch 98 [19.0s + 4.0s]: train==[3.34142=0.03275 + 0.04459 + 0.00004 + 3.26404], test-recall=[0.0823, 0.1268], test-ndcg=[0.0626, 0.0772]
2025-12-28 15:03:47,175 - Epoch 99 [19.1s + 3.8s]: train==[3.34172=0.03313 + 0.04463 + 0.00005 + 3.26392], test-recall=[0.0821, 0.1268], test-ndcg=[0.0626, 0.0773]
2025-12-28 15:03:51,958 - Final Test Set Result: test-recall=[0.0821, 0.1268], test-ndcg=[0.0626, 0.0773]
