2025-12-28 15:03:59,489 - n_users=78578, n_items=77801	n_interactions=2880201	n_train=2240156, n_test=640045, sparsity=0.00037
2025-12-28 15:03:59,489 - Namespace(Ks='[20, 40]', ablation='wo_all_ada', batch_size=10240, cen_reg=0.005, data_path='data/', dataset='amazon', emb_reg=2.5e-05, embed_size=32, epoch=100, lr=0.001, n_batch=40, n_intents=128, n_layers=2, output='amazon_wo_all_ada', sample_num=40, save_model=False, seed=2022, show_step=1, ssl_reg=0.1, temp=1, train_num=10000, verbose=1)
2025-12-28 15:04:32,796 - Epoch  0 [20.2s + 4.0s]: train==[4.49185=0.46165 + 0.00381 + 0.38278 + 3.64361], test-recall=[0.0217, 0.0352], test-ndcg=[0.0160, 0.0204]
2025-12-28 15:04:56,074 - Epoch  1 [19.5s + 3.7s]: train==[3.95769=0.22521 + 0.01090 + 0.24272 + 3.47885], test-recall=[0.0324, 0.0532], test-ndcg=[0.0239, 0.0308]
2025-12-28 15:05:19,227 - Epoch  2 [19.4s + 3.8s]: train==[3.75123=0.16244 + 0.01458 + 0.22438 + 3.34983], test-recall=[0.0410, 0.0659], test-ndcg=[0.0306, 0.0389]
2025-12-28 15:05:42,368 - Epoch  3 [19.4s + 3.8s]: train==[3.68656=0.13037 + 0.01718 + 0.21547 + 3.32355], test-recall=[0.0466, 0.0741], test-ndcg=[0.0350, 0.0441]
2025-12-28 15:06:05,701 - Epoch  4 [19.4s + 3.9s]: train==[3.65196=0.11335 + 0.01944 + 0.20693 + 3.31224], test-recall=[0.0502, 0.0798], test-ndcg=[0.0379, 0.0477]
2025-12-28 15:06:29,150 - Epoch  5 [19.7s + 3.8s]: train==[3.62683=0.10152 + 0.02132 + 0.19879 + 3.30520], test-recall=[0.0530, 0.0844], test-ndcg=[0.0400, 0.0503]
2025-12-28 15:06:52,499 - Epoch  6 [19.4s + 4.0s]: train==[3.60715=0.09183 + 0.02301 + 0.19112 + 3.30120], test-recall=[0.0553, 0.0879], test-ndcg=[0.0417, 0.0524]
2025-12-28 15:07:15,574 - Epoch  7 [19.3s + 3.8s]: train==[3.59253=0.08595 + 0.02445 + 0.18395 + 3.29817], test-recall=[0.0575, 0.0905], test-ndcg=[0.0431, 0.0539]
2025-12-28 15:07:38,893 - Epoch  8 [19.6s + 3.7s]: train==[3.57970=0.08099 + 0.02576 + 0.17727 + 3.29568], test-recall=[0.0589, 0.0928], test-ndcg=[0.0441, 0.0553]
2025-12-28 15:08:01,986 - Epoch  9 [19.4s + 3.7s]: train==[3.56952=0.07728 + 0.02692 + 0.17103 + 3.29430], test-recall=[0.0601, 0.0948], test-ndcg=[0.0453, 0.0566]
2025-12-28 15:08:25,112 - Epoch 10 [19.3s + 3.8s]: train==[3.55970=0.07394 + 0.02795 + 0.16518 + 3.29261], test-recall=[0.0617, 0.0968], test-ndcg=[0.0464, 0.0579]
2025-12-28 15:08:48,427 - Epoch 11 [19.5s + 3.8s]: train==[3.55175=0.07085 + 0.02892 + 0.15974 + 3.29225], test-recall=[0.0624, 0.0983], test-ndcg=[0.0471, 0.0588]
2025-12-28 15:09:11,943 - Epoch 12 [19.4s + 4.2s]: train==[3.54314=0.06744 + 0.02985 + 0.15467 + 3.29119], test-recall=[0.0635, 0.0996], test-ndcg=[0.0478, 0.0596]
2025-12-28 15:09:35,438 - Epoch 13 [19.2s + 4.3s]: train==[3.53673=0.06590 + 0.03069 + 0.14993 + 3.29020], test-recall=[0.0647, 0.1013], test-ndcg=[0.0487, 0.0606]
2025-12-28 15:09:58,542 - Epoch 14 [19.2s + 3.9s]: train==[3.53069=0.06338 + 0.03148 + 0.14552 + 3.29030], test-recall=[0.0655, 0.1021], test-ndcg=[0.0494, 0.0614]
2025-12-28 15:10:21,986 - Epoch 15 [19.4s + 4.0s]: train==[3.52434=0.06146 + 0.03219 + 0.14143 + 3.28925], test-recall=[0.0665, 0.1038], test-ndcg=[0.0500, 0.0622]
2025-12-28 15:10:45,151 - Epoch 16 [19.4s + 3.8s]: train==[3.51946=0.05975 + 0.03288 + 0.13759 + 3.28923], test-recall=[0.0666, 0.1042], test-ndcg=[0.0502, 0.0625]
2025-12-28 15:11:08,532 - Epoch 17 [19.4s + 4.0s]: train==[3.51431=0.05796 + 0.03353 + 0.13401 + 3.28880], test-recall=[0.0675, 0.1057], test-ndcg=[0.0508, 0.0633]
2025-12-28 15:11:32,068 - Epoch 18 [19.8s + 3.7s]: train==[3.50990=0.05636 + 0.03421 + 0.13066 + 3.28867], test-recall=[0.0685, 0.1066], test-ndcg=[0.0514, 0.0639]
2025-12-28 15:11:55,095 - Epoch 19 [19.3s + 3.7s]: train==[3.50628=0.05564 + 0.03478 + 0.12752 + 3.28834], test-recall=[0.0690, 0.1072], test-ndcg=[0.0518, 0.0644]
2025-12-28 15:12:18,941 - Epoch 20 [19.4s + 4.5s]: train==[3.50208=0.05423 + 0.03535 + 0.12455 + 3.28795], test-recall=[0.0696, 0.1081], test-ndcg=[0.0525, 0.0651]
2025-12-28 15:12:42,954 - Epoch 21 [20.3s + 3.7s]: train==[3.49828=0.05264 + 0.03590 + 0.12175 + 3.28798], test-recall=[0.0700, 0.1088], test-ndcg=[0.0527, 0.0654]
2025-12-28 15:13:05,940 - Epoch 22 [19.3s + 3.7s]: train==[3.49576=0.05258 + 0.03637 + 0.11912 + 3.28769], test-recall=[0.0709, 0.1100], test-ndcg=[0.0532, 0.0661]
2025-12-28 15:13:29,323 - Epoch 23 [19.5s + 3.9s]: train==[3.49177=0.05072 + 0.03683 + 0.11663 + 3.28759], test-recall=[0.0716, 0.1109], test-ndcg=[0.0538, 0.0667]
2025-12-28 15:13:52,704 - Epoch 24 [19.4s + 4.0s]: train==[3.48941=0.05047 + 0.03731 + 0.11428 + 3.28734], test-recall=[0.0722, 0.1116], test-ndcg=[0.0542, 0.0671]
2025-12-28 15:14:16,069 - Epoch 25 [19.6s + 3.7s]: train==[3.48635=0.04914 + 0.03773 + 0.11205 + 3.28744], test-recall=[0.0722, 0.1120], test-ndcg=[0.0544, 0.0675]
2025-12-28 15:14:38,934 - Epoch 26 [19.2s + 3.6s]: train==[3.48394=0.04830 + 0.03815 + 0.10994 + 3.28755], test-recall=[0.0725, 0.1125], test-ndcg=[0.0546, 0.0678]
2025-12-28 15:15:02,023 - Epoch 27 [19.4s + 3.7s]: train==[3.48184=0.04775 + 0.03852 + 0.10794 + 3.28763], test-recall=[0.0734, 0.1133], test-ndcg=[0.0553, 0.0684]
2025-12-28 15:15:24,857 - Epoch 28 [19.1s + 3.7s]: train==[3.47947=0.04694 + 0.03890 + 0.10605 + 3.28759], test-recall=[0.0739, 0.1139], test-ndcg=[0.0555, 0.0687]
2025-12-28 15:15:48,358 - Epoch 29 [19.5s + 4.0s]: train==[3.47704=0.04641 + 0.03924 + 0.10425 + 3.28714], test-recall=[0.0742, 0.1147], test-ndcg=[0.0558, 0.0691]
2025-12-28 15:16:11,303 - Epoch 30 [19.0s + 3.9s]: train==[3.47561=0.04623 + 0.03956 + 0.10252 + 3.28730], test-recall=[0.0745, 0.1153], test-ndcg=[0.0561, 0.0696]
2025-12-28 15:16:34,206 - Epoch 31 [19.2s + 3.7s]: train==[3.47311=0.04529 + 0.03992 + 0.10088 + 3.28702], test-recall=[0.0747, 0.1154], test-ndcg=[0.0564, 0.0698]
2025-12-28 15:16:57,630 - Epoch 32 [19.3s + 4.1s]: train==[3.47196=0.04516 + 0.04017 + 0.09931 + 3.28733], test-recall=[0.0750, 0.1158], test-ndcg=[0.0566, 0.0700]
2025-12-28 15:17:20,515 - Epoch 33 [19.3s + 3.6s]: train==[3.47000=0.04422 + 0.04049 + 0.09782 + 3.28747], test-recall=[0.0756, 0.1165], test-ndcg=[0.0569, 0.0704]
2025-12-28 15:17:43,637 - Epoch 34 [19.2s + 3.9s]: train==[3.46838=0.04404 + 0.04073 + 0.09639 + 3.28722], test-recall=[0.0756, 0.1169], test-ndcg=[0.0570, 0.0705]
2025-12-28 15:18:06,906 - Epoch 35 [19.3s + 3.9s]: train==[3.46705=0.04367 + 0.04103 + 0.09502 + 3.28732], test-recall=[0.0760, 0.1175], test-ndcg=[0.0572, 0.0709]
2025-12-28 15:18:29,678 - Epoch 36 [19.1s + 3.7s]: train==[3.46494=0.04261 + 0.04131 + 0.09371 + 3.28730], test-recall=[0.0762, 0.1177], test-ndcg=[0.0573, 0.0710]
2025-12-28 15:18:52,748 - Epoch 37 [19.3s + 3.7s]: train==[3.46365=0.04243 + 0.04158 + 0.09246 + 3.28719], test-recall=[0.0766, 0.1180], test-ndcg=[0.0576, 0.0712]
2025-12-28 15:19:16,098 - Epoch 38 [19.2s + 4.2s]: train==[3.46285=0.04218 + 0.04177 + 0.09125 + 3.28765], test-recall=[0.0770, 0.1182], test-ndcg=[0.0579, 0.0714]
2025-12-28 15:19:39,136 - Epoch 39 [19.4s + 3.6s]: train==[3.46109=0.04171 + 0.04201 + 0.09010 + 3.28727], test-recall=[0.0772, 0.1186], test-ndcg=[0.0581, 0.0717]
2025-12-28 15:20:02,208 - Epoch 40 [19.2s + 3.9s]: train==[3.46072=0.04190 + 0.04223 + 0.08899 + 3.28761], test-recall=[0.0772, 0.1190], test-ndcg=[0.0582, 0.0720]
2025-12-28 15:20:26,477 - Epoch 41 [19.6s + 4.7s]: train==[3.45843=0.04039 + 0.04248 + 0.08792 + 3.28764], test-recall=[0.0775, 0.1193], test-ndcg=[0.0583, 0.0721]
2025-12-28 15:20:49,602 - Epoch 42 [19.5s + 3.6s]: train==[3.45824=0.04136 + 0.04266 + 0.08688 + 3.28733], test-recall=[0.0773, 0.1195], test-ndcg=[0.0584, 0.0723]
2025-12-28 15:21:12,719 - Epoch 43 [19.2s + 3.9s]: train==[3.45665=0.04036 + 0.04289 + 0.08589 + 3.28751], test-recall=[0.0774, 0.1196], test-ndcg=[0.0585, 0.0724]
2025-12-28 15:21:35,407 - Epoch 44 [19.0s + 3.6s]: train==[3.45550=0.04046 + 0.04308 + 0.08492 + 3.28704], test-recall=[0.0777, 0.1202], test-ndcg=[0.0587, 0.0727]
2025-12-28 15:21:59,193 - Epoch 45 [19.1s + 4.6s]: train==[3.45442=0.03993 + 0.04323 + 0.08399 + 3.28727], test-recall=[0.0781, 0.1205], test-ndcg=[0.0589, 0.0729]
2025-12-28 15:22:22,208 - Epoch 46 [19.2s + 3.8s]: train==[3.45340=0.03940 + 0.04341 + 0.08309 + 3.28750], test-recall=[0.0787, 0.1204], test-ndcg=[0.0593, 0.0730]
2025-12-28 15:22:44,899 - Epoch 47 [18.8s + 3.9s]: train==[3.45283=0.03970 + 0.04356 + 0.08222 + 3.28735], test-recall=[0.0784, 0.1209], test-ndcg=[0.0592, 0.0732]
2025-12-28 15:23:07,798 - Epoch 48 [19.2s + 3.7s]: train==[3.45171=0.03907 + 0.04376 + 0.08138 + 3.28751], test-recall=[0.0786, 0.1211], test-ndcg=[0.0595, 0.0734]
2025-12-28 15:23:30,908 - Epoch 49 [19.1s + 4.0s]: train==[3.45068=0.03865 + 0.04394 + 0.08056 + 3.28752], test-recall=[0.0792, 0.1211], test-ndcg=[0.0598, 0.0735]
2025-12-28 15:23:53,746 - Epoch 50 [19.2s + 3.6s]: train==[3.45088=0.03912 + 0.04406 + 0.07978 + 3.28792], test-recall=[0.0795, 0.1215], test-ndcg=[0.0599, 0.0737]
2025-12-28 15:24:17,783 - Epoch 51 [19.2s + 4.8s]: train==[3.44939=0.03836 + 0.04424 + 0.07902 + 3.28778], test-recall=[0.0796, 0.1221], test-ndcg=[0.0599, 0.0739]
2025-12-28 15:24:41,620 - Epoch 52 [19.6s + 4.3s]: train==[3.44896=0.03828 + 0.04438 + 0.07828 + 3.28801], test-recall=[0.0793, 0.1220], test-ndcg=[0.0598, 0.0738]
2025-12-28 15:25:05,291 - Epoch 53 [19.6s + 4.0s]: train==[3.44796=0.03826 + 0.04452 + 0.07757 + 3.28760], test-recall=[0.0798, 0.1228], test-ndcg=[0.0601, 0.0743]
2025-12-28 15:25:29,197 - Epoch 54 [19.9s + 4.0s]: train==[3.44762=0.03820 + 0.04467 + 0.07688 + 3.28787], test-recall=[0.0795, 0.1225], test-ndcg=[0.0601, 0.0742]
2025-12-28 15:25:52,808 - Epoch 55 [19.8s + 3.8s]: train==[3.44685=0.03807 + 0.04480 + 0.07621 + 3.28777], test-recall=[0.0792, 0.1222], test-ndcg=[0.0601, 0.0742]
2025-12-28 15:26:16,312 - Epoch 56 [19.5s + 4.0s]: train==[3.44576=0.03761 + 0.04491 + 0.07555 + 3.28768], test-recall=[0.0795, 0.1226], test-ndcg=[0.0602, 0.0744]
2025-12-28 15:26:40,554 - Epoch 57 [19.8s + 4.4s]: train==[3.44510=0.03720 + 0.04500 + 0.07491 + 3.28799], test-recall=[0.0796, 0.1231], test-ndcg=[0.0603, 0.0746]
2025-12-28 15:27:04,183 - Epoch 58 [19.7s + 3.9s]: train==[3.44466=0.03723 + 0.04517 + 0.07430 + 3.28797], test-recall=[0.0796, 0.1231], test-ndcg=[0.0603, 0.0746]
2025-12-28 15:27:28,464 - Epoch 59 [20.2s + 4.1s]: train==[3.44434=0.03729 + 0.04527 + 0.07370 + 3.28808], test-recall=[0.0800, 0.1232], test-ndcg=[0.0605, 0.0747]
2025-12-28 15:27:53,049 - Epoch 60 [20.5s + 4.0s]: train==[3.44332=0.03705 + 0.04542 + 0.07312 + 3.28773], test-recall=[0.0801, 0.1237], test-ndcg=[0.0606, 0.0749]
2025-12-28 15:28:17,213 - Epoch 61 [20.2s + 4.0s]: train==[3.44324=0.03699 + 0.04547 + 0.07255 + 3.28823], test-recall=[0.0805, 0.1239], test-ndcg=[0.0608, 0.0750]
2025-12-28 15:28:41,218 - Epoch 62 [20.0s + 4.0s]: train==[3.44206=0.03606 + 0.04561 + 0.07200 + 3.28840], test-recall=[0.0806, 0.1238], test-ndcg=[0.0609, 0.0751]
2025-12-28 15:29:05,438 - Epoch 63 [20.0s + 4.3s]: train==[3.44144=0.03634 + 0.04571 + 0.07146 + 3.28793], test-recall=[0.0805, 0.1238], test-ndcg=[0.0610, 0.0752]
2025-12-28 15:29:29,727 - Epoch 64 [19.4s + 4.9s]: train==[3.44142=0.03636 + 0.04582 + 0.07093 + 3.28831], test-recall=[0.0810, 0.1241], test-ndcg=[0.0612, 0.0753]
2025-12-28 15:29:53,492 - Epoch 65 [19.8s + 3.9s]: train==[3.44030=0.03603 + 0.04592 + 0.07042 + 3.28794], test-recall=[0.0812, 0.1242], test-ndcg=[0.0614, 0.0755]
2025-12-28 15:30:17,410 - Epoch 66 [19.8s + 4.1s]: train==[3.43987=0.03564 + 0.04598 + 0.06992 + 3.28833], test-recall=[0.0812, 0.1240], test-ndcg=[0.0614, 0.0755]
2025-12-28 15:30:40,697 - Epoch 67 [19.4s + 3.9s]: train==[3.43997=0.03602 + 0.04611 + 0.06944 + 3.28841], test-recall=[0.0811, 0.1240], test-ndcg=[0.0614, 0.0756]
2025-12-28 15:31:04,819 - Epoch 68 [19.7s + 4.5s]: train==[3.43945=0.03600 + 0.04617 + 0.06897 + 3.28832], test-recall=[0.0812, 0.1241], test-ndcg=[0.0613, 0.0754]
2025-12-28 15:31:28,654 - Epoch 69 [20.0s + 3.9s]: train==[3.43932=0.03582 + 0.04622 + 0.06851 + 3.28877], test-recall=[0.0813, 0.1244], test-ndcg=[0.0614, 0.0756]
2025-12-28 15:31:52,153 - Epoch 70 [19.5s + 4.0s]: train==[3.43872=0.03594 + 0.04635 + 0.06806 + 3.28838], test-recall=[0.0815, 0.1245], test-ndcg=[0.0616, 0.0758]
2025-12-28 15:32:15,991 - Epoch 71 [19.9s + 4.0s]: train==[3.43862=0.03588 + 0.04643 + 0.06762 + 3.28869], test-recall=[0.0813, 0.1244], test-ndcg=[0.0615, 0.0757]
2025-12-28 15:32:39,598 - Epoch 72 [19.8s + 3.8s]: train==[3.43774=0.03552 + 0.04655 + 0.06719 + 3.28847], test-recall=[0.0814, 0.1245], test-ndcg=[0.0616, 0.0758]
2025-12-28 15:33:02,896 - Epoch 73 [19.4s + 3.9s]: train==[3.43766=0.03569 + 0.04662 + 0.06677 + 3.28858], test-recall=[0.0816, 0.1248], test-ndcg=[0.0617, 0.0760]
2025-12-28 15:33:27,004 - Epoch 74 [19.8s + 4.3s]: train==[3.43672=0.03516 + 0.04667 + 0.06636 + 3.28854], test-recall=[0.0817, 0.1247], test-ndcg=[0.0618, 0.0760]
2025-12-28 15:33:50,505 - Epoch 75 [19.7s + 3.8s]: train==[3.43625=0.03530 + 0.04674 + 0.06596 + 3.28826], test-recall=[0.0816, 0.1246], test-ndcg=[0.0618, 0.0759]
2025-12-28 15:34:13,926 - Epoch 76 [19.5s + 4.0s]: train==[3.43618=0.03534 + 0.04678 + 0.06556 + 3.28850], test-recall=[0.0815, 0.1248], test-ndcg=[0.0617, 0.0759]
2025-12-28 15:34:37,918 - Epoch 77 [20.0s + 4.0s]: train==[3.43593=0.03541 + 0.04687 + 0.06518 + 3.28847], test-recall=[0.0818, 0.1252], test-ndcg=[0.0618, 0.0761]
2025-12-28 15:35:01,408 - Epoch 78 [19.7s + 3.8s]: train==[3.43586=0.03531 + 0.04696 + 0.06480 + 3.28879], test-recall=[0.0818, 0.1250], test-ndcg=[0.0620, 0.0762]
2025-12-28 15:35:24,769 - Epoch 79 [19.5s + 3.9s]: train==[3.43478=0.03478 + 0.04703 + 0.06443 + 3.28854], test-recall=[0.0817, 0.1253], test-ndcg=[0.0619, 0.0762]
2025-12-28 15:35:48,970 - Epoch 80 [19.9s + 4.3s]: train==[3.43474=0.03464 + 0.04714 + 0.06407 + 3.28889], test-recall=[0.0818, 0.1255], test-ndcg=[0.0620, 0.0764]
2025-12-28 15:36:12,420 - Epoch 81 [19.4s + 4.1s]: train==[3.43371=0.03420 + 0.04721 + 0.06372 + 3.28859], test-recall=[0.0816, 0.1255], test-ndcg=[0.0620, 0.0764]
2025-12-28 15:36:35,779 - Epoch 82 [19.4s + 4.0s]: train==[3.43400=0.03470 + 0.04725 + 0.06337 + 3.28868], test-recall=[0.0821, 0.1257], test-ndcg=[0.0621, 0.0764]
2025-12-28 15:36:59,797 - Epoch 83 [19.8s + 4.2s]: train==[3.43369=0.03469 + 0.04725 + 0.06303 + 3.28872], test-recall=[0.0820, 0.1257], test-ndcg=[0.0621, 0.0765]
2025-12-28 15:37:23,291 - Epoch 84 [19.7s + 3.8s]: train==[3.43334=0.03484 + 0.04737 + 0.06270 + 3.28843], test-recall=[0.0822, 0.1257], test-ndcg=[0.0623, 0.0766]
2025-12-28 15:37:47,214 - Epoch 85 [19.6s + 4.4s]: train==[3.43322=0.03465 + 0.04743 + 0.06237 + 3.28877], test-recall=[0.0822, 0.1260], test-ndcg=[0.0623, 0.0767]
2025-12-28 15:38:11,048 - Epoch 86 [19.8s + 4.0s]: train==[3.43342=0.03485 + 0.04745 + 0.06205 + 3.28907], test-recall=[0.0824, 0.1263], test-ndcg=[0.0623, 0.0768]
2025-12-28 15:38:34,532 - Epoch 87 [19.7s + 3.8s]: train==[3.43261=0.03442 + 0.04756 + 0.06174 + 3.28889], test-recall=[0.0824, 0.1264], test-ndcg=[0.0625, 0.0770]
2025-12-28 15:38:57,882 - Epoch 88 [19.4s + 3.9s]: train==[3.43239=0.03456 + 0.04763 + 0.06143 + 3.28877], test-recall=[0.0825, 0.1263], test-ndcg=[0.0625, 0.0769]
2025-12-28 15:39:21,652 - Epoch 89 [19.9s + 3.9s]: train==[3.43248=0.03428 + 0.04768 + 0.06113 + 3.28939], test-recall=[0.0826, 0.1266], test-ndcg=[0.0625, 0.0770]
2025-12-28 15:39:44,994 - Epoch 90 [19.6s + 3.8s]: train==[3.43130=0.03372 + 0.04773 + 0.06084 + 3.28903], test-recall=[0.0826, 0.1263], test-ndcg=[0.0625, 0.0769]
2025-12-28 15:40:08,483 - Epoch 91 [19.2s + 4.3s]: train==[3.43124=0.03381 + 0.04776 + 0.06054 + 3.28913], test-recall=[0.0828, 0.1264], test-ndcg=[0.0626, 0.0769]
2025-12-28 15:40:32,110 - Epoch 92 [19.7s + 3.9s]: train==[3.43137=0.03413 + 0.04784 + 0.06026 + 3.28913], test-recall=[0.0825, 0.1262], test-ndcg=[0.0626, 0.0770]
2025-12-28 15:40:55,950 - Epoch 93 [20.2s + 3.6s]: train==[3.43050=0.03345 + 0.04788 + 0.05998 + 3.28919], test-recall=[0.0826, 0.1266], test-ndcg=[0.0625, 0.0770]
2025-12-28 15:41:19,061 - Epoch 94 [19.1s + 4.0s]: train==[3.43166=0.03426 + 0.04794 + 0.05971 + 3.28975], test-recall=[0.0826, 0.1269], test-ndcg=[0.0626, 0.0772]
2025-12-28 15:41:42,760 - Epoch 95 [19.8s + 3.9s]: train==[3.42965=0.03307 + 0.04799 + 0.05944 + 3.28916], test-recall=[0.0827, 0.1268], test-ndcg=[0.0627, 0.0773]
2025-12-28 15:42:05,982 - Epoch 96 [19.4s + 3.8s]: train==[3.43038=0.03378 + 0.04808 + 0.05918 + 3.28934], test-recall=[0.0826, 0.1265], test-ndcg=[0.0628, 0.0773]
2025-12-28 15:42:29,982 - Epoch 97 [19.8s + 4.2s]: train==[3.42970=0.03350 + 0.04813 + 0.05892 + 3.28915], test-recall=[0.0827, 0.1263], test-ndcg=[0.0629, 0.0773]
2025-12-28 15:42:53,410 - Epoch 98 [19.5s + 3.9s]: train==[3.42951=0.03329 + 0.04817 + 0.05866 + 3.28938], test-recall=[0.0829, 0.1265], test-ndcg=[0.0630, 0.0774]
2025-12-28 15:43:16,120 - Epoch 99 [19.1s + 3.6s]: train==[3.42945=0.03366 + 0.04820 + 0.05841 + 3.28918], test-recall=[0.0832, 0.1267], test-ndcg=[0.0631, 0.0775]
2025-12-28 15:43:19,973 - Final Test Set Result: test-recall=[0.0832, 0.1267], test-ndcg=[0.0631, 0.0775]
