2025-12-28 12:46:59,881 - n_users=78578, n_items=77801	n_interactions=2880201	n_train=2240156, n_test=640045, sparsity=0.00037
2025-12-28 12:46:59,881 - Namespace(Ks='[20, 40]', ablation='wo_disen', batch_size=10240, cen_reg=0.005, data_path='data/', dataset='amazon', emb_reg=2.5e-05, embed_size=32, epoch=100, lr=0.001, n_batch=40, n_intents=128, n_layers=2, output='amazon_wo_disen', sample_num=40, save_model=False, seed=2022, show_step=1, ssl_reg=0.1, temp=1, train_num=10000, verbose=1)
2025-12-28 12:47:27,411 - Epoch  0 [14.9s + 4.0s]: train==[3.96300=0.67466 + 0.00134 + 0.00000 + 3.28700], test-recall=[0.0238, 0.0376], test-ndcg=[0.0184, 0.0230]
2025-12-28 12:47:45,562 - Epoch  1 [14.6s + 3.5s]: train==[3.84909=0.57246 + 0.00406 + 0.00000 + 3.27257], test-recall=[0.0316, 0.0513], test-ndcg=[0.0240, 0.0305]
2025-12-28 12:48:02,794 - Epoch  2 [13.7s + 3.5s]: train==[3.65697=0.36678 + 0.01148 + 0.00000 + 3.27871], test-recall=[0.0416, 0.0658], test-ndcg=[0.0310, 0.0391]
2025-12-28 12:48:19,851 - Epoch  3 [13.6s + 3.5s]: train==[3.51882=0.21502 + 0.02116 + 0.00000 + 3.28264], test-recall=[0.0454, 0.0723], test-ndcg=[0.0338, 0.0427]
2025-12-28 12:48:37,181 - Epoch  4 [13.9s + 3.4s]: train==[3.47062=0.15984 + 0.02825 + 0.00000 + 3.28252], test-recall=[0.0481, 0.0768], test-ndcg=[0.0357, 0.0452]
2025-12-28 12:48:54,311 - Epoch  5 [13.7s + 3.4s]: train==[3.44850=0.13494 + 0.03303 + 0.00000 + 3.28053], test-recall=[0.0505, 0.0802], test-ndcg=[0.0375, 0.0473]
2025-12-28 12:49:11,630 - Epoch  6 [13.6s + 3.7s]: train==[3.43586=0.11996 + 0.03659 + 0.00000 + 3.27931], test-recall=[0.0523, 0.0827], test-ndcg=[0.0389, 0.0489]
2025-12-28 12:49:28,856 - Epoch  7 [13.8s + 3.4s]: train==[3.42757=0.11003 + 0.03937 + 0.00000 + 3.27816], test-recall=[0.0540, 0.0850], test-ndcg=[0.0400, 0.0503]
2025-12-28 12:49:46,206 - Epoch  8 [14.0s + 3.4s]: train==[3.42155=0.10285 + 0.04168 + 0.00000 + 3.27703], test-recall=[0.0549, 0.0869], test-ndcg=[0.0409, 0.0515]
2025-12-28 12:50:03,338 - Epoch  9 [13.7s + 3.4s]: train==[3.41740=0.09716 + 0.04360 + 0.00000 + 3.27664], test-recall=[0.0559, 0.0885], test-ndcg=[0.0417, 0.0525]
2025-12-28 12:50:20,547 - Epoch 10 [13.8s + 3.4s]: train==[3.41325=0.09248 + 0.04523 + 0.00000 + 3.27554], test-recall=[0.0569, 0.0903], test-ndcg=[0.0425, 0.0535]
2025-12-28 12:50:37,807 - Epoch 11 [13.8s + 3.4s]: train==[3.41064=0.08855 + 0.04666 + 0.00000 + 3.27543], test-recall=[0.0580, 0.0916], test-ndcg=[0.0433, 0.0543]
2025-12-28 12:50:55,408 - Epoch 12 [13.9s + 3.7s]: train==[3.40721=0.08457 + 0.04794 + 0.00000 + 3.27470], test-recall=[0.0589, 0.0928], test-ndcg=[0.0439, 0.0551]
2025-12-28 12:51:12,722 - Epoch 13 [13.6s + 3.7s]: train==[3.40497=0.08179 + 0.04909 + 0.00000 + 3.27410], test-recall=[0.0599, 0.0940], test-ndcg=[0.0446, 0.0558]
2025-12-28 12:51:29,898 - Epoch 14 [13.7s + 3.5s]: train==[3.40266=0.07897 + 0.05010 + 0.00000 + 3.27359], test-recall=[0.0606, 0.0953], test-ndcg=[0.0452, 0.0566]
2025-12-28 12:51:47,528 - Epoch 15 [13.9s + 3.7s]: train==[3.40074=0.07650 + 0.05100 + 0.00000 + 3.27324], test-recall=[0.0614, 0.0965], test-ndcg=[0.0458, 0.0573]
2025-12-28 12:52:05,002 - Epoch 16 [14.0s + 3.5s]: train==[3.39900=0.07441 + 0.05182 + 0.00000 + 3.27278], test-recall=[0.0620, 0.0970], test-ndcg=[0.0462, 0.0577]
2025-12-28 12:52:22,593 - Epoch 17 [14.0s + 3.6s]: train==[3.39762=0.07268 + 0.05259 + 0.00000 + 3.27235], test-recall=[0.0627, 0.0982], test-ndcg=[0.0467, 0.0583]
2025-12-28 12:52:39,993 - Epoch 18 [13.9s + 3.5s]: train==[3.39635=0.07081 + 0.05333 + 0.00000 + 3.27220], test-recall=[0.0632, 0.0990], test-ndcg=[0.0470, 0.0587]
2025-12-28 12:52:57,202 - Epoch 19 [13.8s + 3.4s]: train==[3.39541=0.06948 + 0.05397 + 0.00000 + 3.27196], test-recall=[0.0636, 0.0995], test-ndcg=[0.0474, 0.0592]
2025-12-28 12:53:14,771 - Epoch 20 [14.0s + 3.6s]: train==[3.39411=0.06792 + 0.05462 + 0.00000 + 3.27157], test-recall=[0.0641, 0.1004], test-ndcg=[0.0479, 0.0599]
2025-12-28 12:53:32,360 - Epoch 21 [14.0s + 3.6s]: train==[3.39243=0.06599 + 0.05522 + 0.00000 + 3.27123], test-recall=[0.0645, 0.1009], test-ndcg=[0.0483, 0.0602]
2025-12-28 12:53:49,785 - Epoch 22 [13.9s + 3.5s]: train==[3.39204=0.06552 + 0.05573 + 0.00000 + 3.27079], test-recall=[0.0651, 0.1018], test-ndcg=[0.0487, 0.0607]
2025-12-28 12:54:07,477 - Epoch 23 [13.9s + 3.8s]: train==[3.39094=0.06395 + 0.05619 + 0.00000 + 3.27080], test-recall=[0.0657, 0.1024], test-ndcg=[0.0491, 0.0611]
2025-12-28 12:54:25,034 - Epoch 24 [14.0s + 3.5s]: train==[3.39043=0.06330 + 0.05669 + 0.00000 + 3.27044], test-recall=[0.0660, 0.1030], test-ndcg=[0.0494, 0.0616]
2025-12-28 12:54:43,137 - Epoch 25 [14.0s + 4.1s]: train==[3.38911=0.06178 + 0.05710 + 0.00000 + 3.27023], test-recall=[0.0664, 0.1035], test-ndcg=[0.0496, 0.0618]
2025-12-28 12:55:00,673 - Epoch 26 [14.0s + 3.6s]: train==[3.38839=0.06079 + 0.05751 + 0.00000 + 3.27009], test-recall=[0.0667, 0.1042], test-ndcg=[0.0497, 0.0621]
2025-12-28 12:55:18,228 - Epoch 27 [14.0s + 3.6s]: train==[3.38804=0.06026 + 0.05786 + 0.00000 + 3.26992], test-recall=[0.0674, 0.1047], test-ndcg=[0.0503, 0.0625]
2025-12-28 12:55:35,661 - Epoch 28 [14.0s + 3.5s]: train==[3.38725=0.05914 + 0.05821 + 0.00000 + 3.26990], test-recall=[0.0675, 0.1055], test-ndcg=[0.0505, 0.0629]
2025-12-28 12:55:53,432 - Epoch 29 [14.1s + 3.7s]: train==[3.38654=0.05852 + 0.05856 + 0.00000 + 3.26946], test-recall=[0.0679, 0.1056], test-ndcg=[0.0508, 0.0632]
2025-12-28 12:56:10,704 - Epoch 30 [13.6s + 3.7s]: train==[3.38632=0.05819 + 0.05890 + 0.00000 + 3.26924], test-recall=[0.0686, 0.1065], test-ndcg=[0.0512, 0.0636]
2025-12-28 12:56:27,853 - Epoch 31 [13.6s + 3.5s]: train==[3.38572=0.05744 + 0.05922 + 0.00000 + 3.26906], test-recall=[0.0689, 0.1071], test-ndcg=[0.0514, 0.0639]
2025-12-28 12:56:45,525 - Epoch 32 [13.8s + 3.9s]: train==[3.38519=0.05685 + 0.05940 + 0.00000 + 3.26894], test-recall=[0.0688, 0.1076], test-ndcg=[0.0516, 0.0643]
2025-12-28 12:57:02,863 - Epoch 33 [13.9s + 3.5s]: train==[3.38474=0.05603 + 0.05968 + 0.00000 + 3.26903], test-recall=[0.0691, 0.1081], test-ndcg=[0.0518, 0.0646]
2025-12-28 12:57:20,338 - Epoch 34 [13.8s + 3.7s]: train==[3.38432=0.05578 + 0.05988 + 0.00000 + 3.26865], test-recall=[0.0693, 0.1087], test-ndcg=[0.0519, 0.0649]
2025-12-28 12:57:37,729 - Epoch 35 [13.8s + 3.6s]: train==[3.38428=0.05553 + 0.06017 + 0.00000 + 3.26858], test-recall=[0.0702, 0.1092], test-ndcg=[0.0525, 0.0653]
2025-12-28 12:57:55,000 - Epoch 36 [13.8s + 3.5s]: train==[3.38291=0.05431 + 0.06038 + 0.00000 + 3.26822], test-recall=[0.0704, 0.1096], test-ndcg=[0.0526, 0.0655]
2025-12-28 12:58:12,533 - Epoch 37 [14.0s + 3.6s]: train==[3.38287=0.05402 + 0.06061 + 0.00000 + 3.26824], test-recall=[0.0707, 0.1098], test-ndcg=[0.0528, 0.0657]
2025-12-28 12:58:30,694 - Epoch 38 [14.7s + 3.5s]: train==[3.38296=0.05374 + 0.06078 + 0.00000 + 3.26843], test-recall=[0.0707, 0.1101], test-ndcg=[0.0529, 0.0659]
2025-12-28 12:58:48,147 - Epoch 39 [13.9s + 3.5s]: train==[3.38202=0.05320 + 0.06097 + 0.00000 + 3.26785], test-recall=[0.0710, 0.1108], test-ndcg=[0.0531, 0.0662]
2025-12-28 12:59:05,920 - Epoch 40 [13.9s + 3.9s]: train==[3.38262=0.05334 + 0.06114 + 0.00000 + 3.26814], test-recall=[0.0712, 0.1113], test-ndcg=[0.0533, 0.0665]
2025-12-28 12:59:23,310 - Epoch 41 [14.0s + 3.4s]: train==[3.38129=0.05199 + 0.06136 + 0.00000 + 3.26794], test-recall=[0.0716, 0.1114], test-ndcg=[0.0535, 0.0665]
2025-12-28 12:59:40,540 - Epoch 42 [13.7s + 3.5s]: train==[3.38189=0.05268 + 0.06149 + 0.00000 + 3.26772], test-recall=[0.0715, 0.1116], test-ndcg=[0.0536, 0.0667]
2025-12-28 12:59:58,340 - Epoch 43 [14.4s + 3.4s]: train==[3.38125=0.05169 + 0.06170 + 0.00000 + 3.26787], test-recall=[0.0722, 0.1116], test-ndcg=[0.0539, 0.0668]
2025-12-28 13:00:15,614 - Epoch 44 [13.8s + 3.5s]: train==[3.38091=0.05175 + 0.06186 + 0.00000 + 3.26729], test-recall=[0.0723, 0.1122], test-ndcg=[0.0540, 0.0671]
2025-12-28 13:00:33,392 - Epoch 45 [14.3s + 3.4s]: train==[3.38074=0.05130 + 0.06197 + 0.00000 + 3.26747], test-recall=[0.0722, 0.1124], test-ndcg=[0.0540, 0.0673]
2025-12-28 13:00:50,968 - Epoch 46 [13.8s + 3.8s]: train==[3.38026=0.05083 + 0.06209 + 0.00000 + 3.26734], test-recall=[0.0724, 0.1124], test-ndcg=[0.0543, 0.0675]
2025-12-28 13:01:08,227 - Epoch 47 [13.6s + 3.7s]: train==[3.38062=0.05097 + 0.06224 + 0.00000 + 3.26740], test-recall=[0.0728, 0.1131], test-ndcg=[0.0546, 0.0678]
2025-12-28 13:01:25,530 - Epoch 48 [13.8s + 3.5s]: train==[3.37990=0.05027 + 0.06241 + 0.00000 + 3.26721], test-recall=[0.0730, 0.1136], test-ndcg=[0.0547, 0.0680]
2025-12-28 13:01:43,219 - Epoch 49 [14.0s + 3.7s]: train==[3.37961=0.05004 + 0.06257 + 0.00000 + 3.26699], test-recall=[0.0733, 0.1139], test-ndcg=[0.0547, 0.0681]
2025-12-28 13:02:00,589 - Epoch 50 [13.9s + 3.5s]: train==[3.38017=0.05029 + 0.06265 + 0.00000 + 3.26724], test-recall=[0.0732, 0.1143], test-ndcg=[0.0548, 0.0683]
2025-12-28 13:02:18,358 - Epoch 51 [14.0s + 3.8s]: train==[3.37980=0.04969 + 0.06278 + 0.00000 + 3.26733], test-recall=[0.0733, 0.1142], test-ndcg=[0.0549, 0.0684]
2025-12-28 13:02:35,869 - Epoch 52 [14.0s + 3.5s]: train==[3.37940=0.04947 + 0.06287 + 0.00000 + 3.26706], test-recall=[0.0736, 0.1144], test-ndcg=[0.0551, 0.0685]
2025-12-28 13:02:53,357 - Epoch 53 [14.0s + 3.5s]: train==[3.37935=0.04944 + 0.06300 + 0.00000 + 3.26691], test-recall=[0.0740, 0.1149], test-ndcg=[0.0554, 0.0689]
2025-12-28 13:03:10,676 - Epoch 54 [13.8s + 3.5s]: train==[3.37914=0.04924 + 0.06311 + 0.00000 + 3.26679], test-recall=[0.0736, 0.1150], test-ndcg=[0.0554, 0.0690]
2025-12-28 13:03:28,033 - Epoch 55 [13.8s + 3.5s]: train==[3.37894=0.04908 + 0.06317 + 0.00000 + 3.26669], test-recall=[0.0739, 0.1152], test-ndcg=[0.0555, 0.0691]
2025-12-28 13:03:46,635 - Epoch 56 [15.0s + 3.6s]: train==[3.37889=0.04886 + 0.06327 + 0.00000 + 3.26675], test-recall=[0.0743, 0.1156], test-ndcg=[0.0556, 0.0692]
2025-12-28 13:04:04,431 - Epoch 57 [14.1s + 3.7s]: train==[3.37865=0.04854 + 0.06335 + 0.00000 + 3.26676], test-recall=[0.0744, 0.1157], test-ndcg=[0.0558, 0.0693]
2025-12-28 13:04:21,750 - Epoch 58 [13.8s + 3.5s]: train==[3.37866=0.04861 + 0.06347 + 0.00000 + 3.26658], test-recall=[0.0747, 0.1158], test-ndcg=[0.0559, 0.0694]
2025-12-28 13:04:39,252 - Epoch 59 [13.9s + 3.6s]: train==[3.37871=0.04858 + 0.06354 + 0.00000 + 3.26659], test-recall=[0.0744, 0.1158], test-ndcg=[0.0557, 0.0693]
2025-12-28 13:04:59,294 - Epoch 60 [15.8s + 4.2s]: train==[3.37813=0.04800 + 0.06365 + 0.00000 + 3.26647], test-recall=[0.0747, 0.1162], test-ndcg=[0.0559, 0.0695]
2025-12-28 13:05:17,465 - Epoch 61 [14.3s + 3.9s]: train==[3.37837=0.04812 + 0.06370 + 0.00000 + 3.26654], test-recall=[0.0745, 0.1161], test-ndcg=[0.0560, 0.0696]
2025-12-28 13:05:35,685 - Epoch 62 [14.4s + 3.8s]: train==[3.37756=0.04714 + 0.06380 + 0.00000 + 3.26662], test-recall=[0.0745, 0.1164], test-ndcg=[0.0559, 0.0697]
2025-12-28 13:05:54,002 - Epoch 63 [14.3s + 4.0s]: train==[3.37776=0.04754 + 0.06383 + 0.00000 + 3.26638], test-recall=[0.0749, 0.1165], test-ndcg=[0.0561, 0.0698]
2025-12-28 13:06:12,171 - Epoch 64 [13.9s + 4.2s]: train==[3.37797=0.04742 + 0.06398 + 0.00000 + 3.26656], test-recall=[0.0752, 0.1164], test-ndcg=[0.0564, 0.0699]
2025-12-28 13:06:30,582 - Epoch 65 [14.1s + 4.3s]: train==[3.37727=0.04714 + 0.06399 + 0.00000 + 3.26615], test-recall=[0.0753, 0.1168], test-ndcg=[0.0564, 0.0700]
2025-12-28 13:06:48,626 - Epoch 66 [14.1s + 3.9s]: train==[3.37689=0.04674 + 0.06403 + 0.00000 + 3.26612], test-recall=[0.0755, 0.1169], test-ndcg=[0.0565, 0.0702]
2025-12-28 13:07:06,465 - Epoch 67 [14.2s + 3.7s]: train==[3.37756=0.04716 + 0.06412 + 0.00000 + 3.26628], test-recall=[0.0755, 0.1167], test-ndcg=[0.0567, 0.0702]
2025-12-28 13:07:24,583 - Epoch 68 [14.1s + 4.0s]: train==[3.37702=0.04694 + 0.06410 + 0.00000 + 3.26598], test-recall=[0.0754, 0.1169], test-ndcg=[0.0565, 0.0701]
2025-12-28 13:07:42,472 - Epoch 69 [14.2s + 3.7s]: train==[3.37744=0.04706 + 0.06410 + 0.00000 + 3.26628], test-recall=[0.0756, 0.1173], test-ndcg=[0.0566, 0.0703]
2025-12-28 13:08:01,327 - Epoch 70 [14.6s + 4.3s]: train==[3.37712=0.04691 + 0.06421 + 0.00000 + 3.26599], test-recall=[0.0759, 0.1176], test-ndcg=[0.0568, 0.0704]
2025-12-28 13:08:19,726 - Epoch 71 [14.3s + 4.1s]: train==[3.37761=0.04706 + 0.06430 + 0.00000 + 3.26625], test-recall=[0.0757, 0.1178], test-ndcg=[0.0568, 0.0706]
2025-12-28 13:08:38,717 - Epoch 72 [14.3s + 4.7s]: train==[3.37714=0.04675 + 0.06438 + 0.00000 + 3.26601], test-recall=[0.0756, 0.1178], test-ndcg=[0.0568, 0.0706]
2025-12-28 13:08:56,881 - Epoch 73 [14.4s + 3.7s]: train==[3.37733=0.04691 + 0.06440 + 0.00000 + 3.26602], test-recall=[0.0755, 0.1180], test-ndcg=[0.0568, 0.0708]
2025-12-28 13:09:15,076 - Epoch 74 [14.3s + 3.9s]: train==[3.37688=0.04648 + 0.06444 + 0.00000 + 3.26596], test-recall=[0.0758, 0.1183], test-ndcg=[0.0569, 0.0708]
2025-12-28 13:09:33,876 - Epoch 75 [14.2s + 4.6s]: train==[3.37665=0.04633 + 0.06445 + 0.00000 + 3.26586], test-recall=[0.0759, 0.1183], test-ndcg=[0.0569, 0.0708]
2025-12-28 13:09:52,368 - Epoch 76 [14.8s + 3.7s]: train==[3.37664=0.04626 + 0.06453 + 0.00000 + 3.26585], test-recall=[0.0758, 0.1183], test-ndcg=[0.0570, 0.0709]
2025-12-28 13:10:10,422 - Epoch 77 [14.3s + 3.8s]: train==[3.37695=0.04666 + 0.06457 + 0.00000 + 3.26571], test-recall=[0.0760, 0.1183], test-ndcg=[0.0571, 0.0710]
2025-12-28 13:10:28,380 - Epoch 78 [14.3s + 3.7s]: train==[3.37679=0.04633 + 0.06459 + 0.00000 + 3.26587], test-recall=[0.0760, 0.1182], test-ndcg=[0.0570, 0.0709]
2025-12-28 13:10:46,257 - Epoch 79 [14.2s + 3.7s]: train==[3.37653=0.04614 + 0.06463 + 0.00000 + 3.26576], test-recall=[0.0761, 0.1183], test-ndcg=[0.0571, 0.0710]
2025-12-28 13:11:04,411 - Epoch 80 [14.3s + 3.9s]: train==[3.37658=0.04591 + 0.06472 + 0.00000 + 3.26596], test-recall=[0.0760, 0.1187], test-ndcg=[0.0571, 0.0711]
2025-12-28 13:11:22,202 - Epoch 81 [13.9s + 3.9s]: train==[3.37612=0.04569 + 0.06473 + 0.00000 + 3.26570], test-recall=[0.0762, 0.1185], test-ndcg=[0.0573, 0.0712]
2025-12-28 13:11:40,175 - Epoch 82 [14.3s + 3.7s]: train==[3.37646=0.04591 + 0.06474 + 0.00000 + 3.26581], test-recall=[0.0758, 0.1189], test-ndcg=[0.0571, 0.0712]
2025-12-28 13:11:58,558 - Epoch 83 [14.2s + 4.2s]: train==[3.37649=0.04606 + 0.06472 + 0.00000 + 3.26572], test-recall=[0.0760, 0.1188], test-ndcg=[0.0572, 0.0712]
2025-12-28 13:12:17,864 - Epoch 84 [14.5s + 4.8s]: train==[3.37624=0.04608 + 0.06479 + 0.00000 + 3.26537], test-recall=[0.0764, 0.1187], test-ndcg=[0.0575, 0.0714]
2025-12-28 13:12:37,724 - Epoch 85 [15.6s + 4.3s]: train==[3.37646=0.04601 + 0.06486 + 0.00000 + 3.26559], test-recall=[0.0765, 0.1182], test-ndcg=[0.0574, 0.0711]
2025-12-28 13:12:57,502 - Epoch 86 [15.6s + 4.2s]: train==[3.37663=0.04616 + 0.06484 + 0.00000 + 3.26563], test-recall=[0.0766, 0.1190], test-ndcg=[0.0574, 0.0714]
2025-12-28 13:13:15,800 - Epoch 87 [14.5s + 3.8s]: train==[3.37619=0.04580 + 0.06488 + 0.00000 + 3.26550], test-recall=[0.0766, 0.1186], test-ndcg=[0.0575, 0.0714]
2025-12-28 13:13:35,322 - Epoch 88 [14.6s + 5.0s]: train==[3.37634=0.04591 + 0.06497 + 0.00000 + 3.26546], test-recall=[0.0765, 0.1187], test-ndcg=[0.0575, 0.0714]
2025-12-28 13:13:54,247 - Epoch 89 [15.2s + 3.8s]: train==[3.37648=0.04574 + 0.06497 + 0.00000 + 3.26577], test-recall=[0.0767, 0.1188], test-ndcg=[0.0575, 0.0714]
2025-12-28 13:14:12,269 - Epoch 90 [14.3s + 3.7s]: train==[3.37584=0.04526 + 0.06498 + 0.00000 + 3.26560], test-recall=[0.0766, 0.1189], test-ndcg=[0.0576, 0.0715]
2025-12-28 13:14:31,427 - Epoch 91 [14.6s + 4.6s]: train==[3.37599=0.04533 + 0.06502 + 0.00000 + 3.26564], test-recall=[0.0767, 0.1191], test-ndcg=[0.0577, 0.0716]
2025-12-28 13:14:50,946 - Epoch 92 [15.8s + 3.7s]: train==[3.37609=0.04547 + 0.06511 + 0.00000 + 3.26551], test-recall=[0.0765, 0.1188], test-ndcg=[0.0576, 0.0715]
2025-12-28 13:15:08,885 - Epoch 93 [14.3s + 3.6s]: train==[3.37560=0.04506 + 0.06508 + 0.00000 + 3.26546], test-recall=[0.0768, 0.1187], test-ndcg=[0.0578, 0.0716]
2025-12-28 13:15:27,018 - Epoch 94 [14.5s + 3.7s]: train==[3.37677=0.04578 + 0.06512 + 0.00000 + 3.26588], test-recall=[0.0769, 0.1190], test-ndcg=[0.0579, 0.0718]
2025-12-28 13:15:44,992 - Epoch 95 [14.4s + 3.6s]: train==[3.37501=0.04460 + 0.06510 + 0.00000 + 3.26531], test-recall=[0.0769, 0.1188], test-ndcg=[0.0580, 0.0717]
2025-12-28 13:16:02,784 - Epoch 96 [14.2s + 3.6s]: train==[3.37614=0.04535 + 0.06513 + 0.00000 + 3.26567], test-recall=[0.0769, 0.1191], test-ndcg=[0.0579, 0.0718]
2025-12-28 13:16:20,924 - Epoch 97 [14.2s + 3.9s]: train==[3.37557=0.04492 + 0.06514 + 0.00000 + 3.26551], test-recall=[0.0767, 0.1191], test-ndcg=[0.0579, 0.0718]
2025-12-28 13:16:39,055 - Epoch 98 [13.9s + 4.2s]: train==[3.37567=0.04482 + 0.06521 + 0.00000 + 3.26564], test-recall=[0.0768, 0.1195], test-ndcg=[0.0579, 0.0719]
2025-12-28 13:16:57,541 - Epoch 99 [14.7s + 3.8s]: train==[3.37598=0.04521 + 0.06527 + 0.00000 + 3.26550], test-recall=[0.0770, 0.1193], test-ndcg=[0.0579, 0.0718]
2025-12-28 13:17:01,495 - Final Test Set Result: test-recall=[0.0770, 0.1193], test-ndcg=[0.0579, 0.0718]
