2025-12-28 13:51:26,589 - n_users=78578, n_items=77801	n_interactions=2880201	n_train=2240156, n_test=640045, sparsity=0.00037
2025-12-28 13:51:26,589 - Namespace(Ks='[20, 40]', ablation='wo_disen_r', batch_size=10240, cen_reg=0.005, data_path='data/', dataset='amazon', emb_reg=2.5e-05, embed_size=32, epoch=100, lr=0.001, n_batch=40, n_intents=128, n_layers=2, output='amazon_wo_disen_r', sample_num=40, save_model=False, seed=2022, show_step=1, ssl_reg=0.1, temp=1, train_num=10000, verbose=1)
2025-12-28 13:51:56,429 - Epoch  0 [16.6s + 4.3s]: train==[7.92995=0.61861 + 0.00304 + 0.40198 + 6.90631], test-recall=[0.0407, 0.0644], test-ndcg=[0.0302, 0.0381]
2025-12-28 13:52:16,063 - Epoch  1 [15.6s + 4.0s]: train==[7.28891=0.31577 + 0.01511 + 0.34654 + 6.61149], test-recall=[0.0444, 0.0714], test-ndcg=[0.0332, 0.0421]
2025-12-28 13:52:35,713 - Epoch  2 [15.7s + 4.0s]: train==[7.12421=0.17411 + 0.02755 + 0.33563 + 6.58694], test-recall=[0.0490, 0.0779], test-ndcg=[0.0367, 0.0462]
2025-12-28 13:52:55,405 - Epoch  3 [15.7s + 4.0s]: train==[7.07063=0.13533 + 0.03475 + 0.32243 + 6.57812], test-recall=[0.0525, 0.0832], test-ndcg=[0.0392, 0.0494]
2025-12-28 13:53:15,159 - Epoch  4 [15.8s + 4.0s]: train==[7.03681=0.11747 + 0.03936 + 0.30784 + 6.57215], test-recall=[0.0553, 0.0868], test-ndcg=[0.0411, 0.0515]
2025-12-28 13:53:34,677 - Epoch  5 [15.6s + 3.9s]: train==[7.00663=0.10536 + 0.04268 + 0.29233 + 6.56626], test-recall=[0.0574, 0.0898], test-ndcg=[0.0428, 0.0535]
2025-12-28 13:53:54,529 - Epoch  6 [15.6s + 4.3s]: train==[6.98138=0.09687 + 0.04528 + 0.27633 + 6.56291], test-recall=[0.0593, 0.0923], test-ndcg=[0.0443, 0.0552]
2025-12-28 13:54:14,297 - Epoch  7 [15.7s + 4.0s]: train==[6.95801=0.09054 + 0.04735 + 0.26022 + 6.55991], test-recall=[0.0605, 0.0946], test-ndcg=[0.0453, 0.0565]
2025-12-28 13:54:34,645 - Epoch  8 [16.4s + 3.9s]: train==[6.93675=0.08597 + 0.04907 + 0.24434 + 6.55737], test-recall=[0.0616, 0.0962], test-ndcg=[0.0462, 0.0576]
2025-12-28 13:54:54,085 - Epoch  9 [15.5s + 3.9s]: train==[6.91809=0.08205 + 0.05054 + 0.22910 + 6.55640], test-recall=[0.0625, 0.0980], test-ndcg=[0.0469, 0.0585]
2025-12-28 13:55:13,612 - Epoch 10 [15.6s + 4.0s]: train==[6.90044=0.07917 + 0.05179 + 0.21477 + 6.55471], test-recall=[0.0638, 0.0993], test-ndcg=[0.0478, 0.0595]
2025-12-28 13:55:33,266 - Epoch 11 [15.7s + 3.9s]: train==[6.88512=0.07625 + 0.05290 + 0.20156 + 6.55441], test-recall=[0.0646, 0.1004], test-ndcg=[0.0484, 0.0602]
2025-12-28 13:55:53,241 - Epoch 12 [15.7s + 4.2s]: train==[6.87072=0.07330 + 0.05389 + 0.18954 + 6.55399], test-recall=[0.0651, 0.1011], test-ndcg=[0.0489, 0.0607]
2025-12-28 13:56:12,821 - Epoch 13 [15.3s + 4.2s]: train==[6.85818=0.07138 + 0.05485 + 0.17891 + 6.55305], test-recall=[0.0660, 0.1024], test-ndcg=[0.0496, 0.0615]
2025-12-28 13:56:32,462 - Epoch 14 [15.6s + 4.0s]: train==[6.84713=0.06931 + 0.05567 + 0.16953 + 6.55262], test-recall=[0.0666, 0.1036], test-ndcg=[0.0500, 0.0621]
2025-12-28 13:56:53,044 - Epoch 15 [15.7s + 4.9s]: train==[6.83753=0.06755 + 0.05642 + 0.16127 + 6.55229], test-recall=[0.0672, 0.1044], test-ndcg=[0.0503, 0.0625]
2025-12-28 13:57:12,577 - Epoch 16 [15.6s + 4.0s]: train==[6.82868=0.06621 + 0.05708 + 0.15398 + 6.55141], test-recall=[0.0675, 0.1049], test-ndcg=[0.0506, 0.0628]
2025-12-28 13:57:32,409 - Epoch 17 [15.6s + 4.2s]: train==[6.82118=0.06482 + 0.05770 + 0.14747 + 6.55119], test-recall=[0.0679, 0.1060], test-ndcg=[0.0509, 0.0634]
2025-12-28 13:57:51,995 - Epoch 18 [15.5s + 4.1s]: train==[6.81453=0.06360 + 0.05832 + 0.14165 + 6.55095], test-recall=[0.0684, 0.1065], test-ndcg=[0.0513, 0.0638]
2025-12-28 13:58:11,555 - Epoch 19 [15.7s + 3.9s]: train==[6.80849=0.06265 + 0.05883 + 0.13640 + 6.55061], test-recall=[0.0688, 0.1073], test-ndcg=[0.0516, 0.0642]
2025-12-28 13:58:31,015 - Epoch 20 [15.5s + 4.0s]: train==[6.80254=0.06145 + 0.05936 + 0.13161 + 6.55012], test-recall=[0.0691, 0.1077], test-ndcg=[0.0520, 0.0647]
2025-12-28 13:58:51,317 - Epoch 21 [15.5s + 4.8s]: train==[6.79725=0.06018 + 0.05988 + 0.12726 + 6.54993], test-recall=[0.0693, 0.1080], test-ndcg=[0.0521, 0.0648]
2025-12-28 13:59:11,164 - Epoch 22 [15.8s + 4.0s]: train==[6.79301=0.06002 + 0.06029 + 0.12330 + 6.54940], test-recall=[0.0698, 0.1090], test-ndcg=[0.0525, 0.0653]
2025-12-28 13:59:31,105 - Epoch 23 [15.7s + 4.2s]: train==[6.78864=0.05867 + 0.06068 + 0.11968 + 6.54960], test-recall=[0.0703, 0.1093], test-ndcg=[0.0528, 0.0656]
2025-12-28 13:59:51,007 - Epoch 24 [15.7s + 4.2s]: train==[6.78509=0.05851 + 0.06112 + 0.11635 + 6.54912], test-recall=[0.0703, 0.1099], test-ndcg=[0.0528, 0.0658]
2025-12-28 14:00:11,181 - Epoch 25 [15.7s + 4.5s]: train==[6.78104=0.05709 + 0.06146 + 0.11328 + 6.54920], test-recall=[0.0708, 0.1100], test-ndcg=[0.0532, 0.0660]
2025-12-28 14:00:31,074 - Epoch 26 [15.9s + 4.0s]: train==[6.77788=0.05630 + 0.06182 + 0.11045 + 6.54931], test-recall=[0.0710, 0.1106], test-ndcg=[0.0533, 0.0663]
2025-12-28 14:00:50,903 - Epoch 27 [15.6s + 4.3s]: train==[6.77484=0.05611 + 0.06212 + 0.10782 + 6.54879], test-recall=[0.0713, 0.1111], test-ndcg=[0.0536, 0.0666]
2025-12-28 14:01:10,542 - Epoch 28 [15.7s + 4.0s]: train==[6.77211=0.05535 + 0.06241 + 0.10535 + 6.54900], test-recall=[0.0715, 0.1114], test-ndcg=[0.0537, 0.0668]
2025-12-28 14:01:31,891 - Epoch 29 [16.1s + 5.2s]: train==[6.76923=0.05486 + 0.06270 + 0.10306 + 6.54860], test-recall=[0.0720, 0.1117], test-ndcg=[0.0540, 0.0670]
2025-12-28 14:01:51,536 - Epoch 30 [15.4s + 4.2s]: train==[6.76709=0.05471 + 0.06301 + 0.10091 + 6.54845], test-recall=[0.0721, 0.1119], test-ndcg=[0.0542, 0.0672]
2025-12-28 14:02:11,050 - Epoch 31 [15.6s + 3.9s]: train==[6.76488=0.05420 + 0.06331 + 0.09890 + 6.54847], test-recall=[0.0722, 0.1122], test-ndcg=[0.0544, 0.0675]
2025-12-28 14:02:30,843 - Epoch 32 [15.6s + 4.2s]: train==[6.76308=0.05392 + 0.06347 + 0.09701 + 6.54868], test-recall=[0.0725, 0.1125], test-ndcg=[0.0546, 0.0677]
2025-12-28 14:02:50,585 - Epoch 33 [15.8s + 3.9s]: train==[6.76095=0.05306 + 0.06375 + 0.09524 + 6.54890], test-recall=[0.0728, 0.1130], test-ndcg=[0.0547, 0.0679]
2025-12-28 14:03:10,438 - Epoch 34 [15.7s + 4.2s]: train==[6.75921=0.05307 + 0.06395 + 0.09356 + 6.54863], test-recall=[0.0729, 0.1131], test-ndcg=[0.0548, 0.0680]
2025-12-28 14:03:29,836 - Epoch 35 [15.5s + 3.9s]: train==[6.75792=0.05298 + 0.06422 + 0.09198 + 6.54873], test-recall=[0.0735, 0.1136], test-ndcg=[0.0551, 0.0683]
2025-12-28 14:03:49,422 - Epoch 36 [15.6s + 4.0s]: train==[6.75479=0.05183 + 0.06444 + 0.09048 + 6.54803], test-recall=[0.0735, 0.1139], test-ndcg=[0.0552, 0.0685]
2025-12-28 14:04:09,221 - Epoch 37 [15.9s + 3.9s]: train==[6.75365=0.05153 + 0.06468 + 0.08906 + 6.54839], test-recall=[0.0734, 0.1143], test-ndcg=[0.0552, 0.0686]
2025-12-28 14:04:29,062 - Epoch 38 [15.9s + 3.9s]: train==[6.75298=0.05141 + 0.06481 + 0.08771 + 6.54905], test-recall=[0.0734, 0.1144], test-ndcg=[0.0552, 0.0686]
2025-12-28 14:04:48,581 - Epoch 39 [15.6s + 3.9s]: train==[6.75044=0.05103 + 0.06501 + 0.08643 + 6.54797], test-recall=[0.0739, 0.1147], test-ndcg=[0.0554, 0.0689]
2025-12-28 14:05:08,460 - Epoch 40 [15.5s + 4.4s]: train==[6.75009=0.05112 + 0.06519 + 0.08519 + 6.54860], test-recall=[0.0744, 0.1149], test-ndcg=[0.0557, 0.0691]
2025-12-28 14:05:27,994 - Epoch 41 [15.6s + 4.0s]: train==[6.74811=0.04997 + 0.06540 + 0.08402 + 6.54872], test-recall=[0.0745, 0.1151], test-ndcg=[0.0558, 0.0692]
2025-12-28 14:05:47,448 - Epoch 42 [15.5s + 3.9s]: train==[6.74813=0.05081 + 0.06555 + 0.08291 + 6.54885], test-recall=[0.0746, 0.1150], test-ndcg=[0.0558, 0.0691]
2025-12-28 14:06:07,244 - Epoch 43 [15.4s + 4.4s]: train==[6.74614=0.04974 + 0.06579 + 0.08185 + 6.54875], test-recall=[0.0747, 0.1156], test-ndcg=[0.0560, 0.0694]
2025-12-28 14:06:26,981 - Epoch 44 [15.8s + 3.9s]: train==[6.74467=0.05001 + 0.06596 + 0.08082 + 6.54788], test-recall=[0.0749, 0.1159], test-ndcg=[0.0561, 0.0696]
2025-12-28 14:06:46,725 - Epoch 45 [15.7s + 4.1s]: train==[6.74380=0.04951 + 0.06608 + 0.07983 + 6.54837], test-recall=[0.0750, 0.1163], test-ndcg=[0.0561, 0.0697]
2025-12-28 14:07:06,564 - Epoch 46 [15.6s + 4.2s]: train==[6.74304=0.04926 + 0.06623 + 0.07889 + 6.54866], test-recall=[0.0749, 0.1161], test-ndcg=[0.0563, 0.0698]
2025-12-28 14:07:26,202 - Epoch 47 [15.3s + 4.3s]: train==[6.74237=0.04928 + 0.06638 + 0.07799 + 6.54872], test-recall=[0.0751, 0.1166], test-ndcg=[0.0565, 0.0701]
2025-12-28 14:07:45,856 - Epoch 48 [15.7s + 3.9s]: train==[6.74077=0.04889 + 0.06656 + 0.07712 + 6.54821], test-recall=[0.0752, 0.1168], test-ndcg=[0.0565, 0.0702]
2025-12-28 14:08:05,590 - Epoch 49 [15.6s + 4.2s]: train==[6.73973=0.04844 + 0.06671 + 0.07628 + 6.54830], test-recall=[0.0757, 0.1170], test-ndcg=[0.0568, 0.0704]
2025-12-28 14:08:25,115 - Epoch 50 [15.5s + 4.0s]: train==[6.74032=0.04883 + 0.06679 + 0.07547 + 6.54922], test-recall=[0.0756, 0.1170], test-ndcg=[0.0568, 0.0704]
2025-12-28 14:08:45,556 - Epoch 51 [15.6s + 4.9s]: train==[6.73925=0.04833 + 0.06697 + 0.07470 + 6.54925], test-recall=[0.0759, 0.1172], test-ndcg=[0.0570, 0.0705]
2025-12-28 14:09:05,146 - Epoch 52 [15.6s + 4.0s]: train==[6.73796=0.04812 + 0.06709 + 0.07395 + 6.54880], test-recall=[0.0756, 0.1174], test-ndcg=[0.0569, 0.0706]
2025-12-28 14:09:24,726 - Epoch 53 [15.6s + 4.0s]: train==[6.73746=0.04816 + 0.06722 + 0.07322 + 6.54886], test-recall=[0.0760, 0.1175], test-ndcg=[0.0572, 0.0709]
2025-12-28 14:09:44,317 - Epoch 54 [15.6s + 4.0s]: train==[6.73657=0.04798 + 0.06735 + 0.07253 + 6.54871], test-recall=[0.0758, 0.1176], test-ndcg=[0.0572, 0.0710]
2025-12-28 14:10:04,038 - Epoch 55 [15.7s + 4.0s]: train==[6.73587=0.04788 + 0.06745 + 0.07186 + 6.54868], test-recall=[0.0757, 0.1178], test-ndcg=[0.0572, 0.0710]
2025-12-28 14:10:23,690 - Epoch 56 [15.7s + 4.0s]: train==[6.73528=0.04768 + 0.06756 + 0.07120 + 6.54884], test-recall=[0.0761, 0.1185], test-ndcg=[0.0573, 0.0713]
2025-12-28 14:10:43,532 - Epoch 57 [15.6s + 4.2s]: train==[6.73440=0.04728 + 0.06760 + 0.07057 + 6.54896], test-recall=[0.0762, 0.1186], test-ndcg=[0.0574, 0.0714]
2025-12-28 14:11:03,649 - Epoch 58 [16.2s + 3.9s]: train==[6.73387=0.04737 + 0.06777 + 0.06996 + 6.54878], test-recall=[0.0765, 0.1185], test-ndcg=[0.0575, 0.0713]
2025-12-28 14:11:23,322 - Epoch 59 [15.8s + 3.9s]: train==[6.73374=0.04740 + 0.06785 + 0.06936 + 6.54913], test-recall=[0.0762, 0.1185], test-ndcg=[0.0574, 0.0713]
2025-12-28 14:11:42,900 - Epoch 60 [15.6s + 4.0s]: train==[6.73252=0.04693 + 0.06799 + 0.06879 + 6.54881], test-recall=[0.0767, 0.1189], test-ndcg=[0.0575, 0.0714]
2025-12-28 14:12:02,491 - Epoch 61 [15.6s + 4.0s]: train==[6.73243=0.04702 + 0.06806 + 0.06824 + 6.54911], test-recall=[0.0770, 0.1188], test-ndcg=[0.0577, 0.0715]
2025-12-28 14:12:22,259 - Epoch 62 [15.8s + 4.0s]: train==[6.73161=0.04613 + 0.06820 + 0.06770 + 6.54958], test-recall=[0.0768, 0.1191], test-ndcg=[0.0577, 0.0716]
2025-12-28 14:12:43,012 - Epoch 63 [16.6s + 4.2s]: train==[6.73069=0.04642 + 0.06827 + 0.06717 + 6.54882], test-recall=[0.0768, 0.1191], test-ndcg=[0.0577, 0.0717]
2025-12-28 14:13:03,362 - Epoch 64 [16.1s + 4.2s]: train==[6.73086=0.04647 + 0.06840 + 0.06666 + 6.54934], test-recall=[0.0773, 0.1190], test-ndcg=[0.0580, 0.0718]
2025-12-28 14:13:23,518 - Epoch 65 [15.9s + 4.2s]: train==[6.72940=0.04619 + 0.06842 + 0.06616 + 6.54862], test-recall=[0.0776, 0.1193], test-ndcg=[0.0582, 0.0719]
2025-12-28 14:13:45,233 - Epoch 66 [16.5s + 5.3s]: train==[6.72882=0.04583 + 0.06847 + 0.06567 + 6.54884], test-recall=[0.0773, 0.1194], test-ndcg=[0.0581, 0.0719]
2025-12-28 14:14:06,688 - Epoch 67 [16.9s + 4.6s]: train==[6.72929=0.04615 + 0.06858 + 0.06520 + 6.54935], test-recall=[0.0771, 0.1195], test-ndcg=[0.0581, 0.0720]
2025-12-28 14:14:27,076 - Epoch 68 [16.1s + 4.3s]: train==[6.72796=0.04590 + 0.06860 + 0.06475 + 6.54871], test-recall=[0.0773, 0.1199], test-ndcg=[0.0581, 0.0721]
2025-12-28 14:14:46,911 - Epoch 69 [15.7s + 4.1s]: train==[6.72862=0.04601 + 0.06862 + 0.06430 + 6.54969], test-recall=[0.0774, 0.1199], test-ndcg=[0.0582, 0.0722]
2025-12-28 14:15:07,079 - Epoch 70 [16.2s + 4.0s]: train==[6.72756=0.04578 + 0.06877 + 0.06388 + 6.54912], test-recall=[0.0775, 0.1202], test-ndcg=[0.0583, 0.0723]
2025-12-28 14:15:28,305 - Epoch 71 [16.3s + 4.9s]: train==[6.72800=0.04599 + 0.06888 + 0.06346 + 6.54966], test-recall=[0.0775, 0.1201], test-ndcg=[0.0583, 0.0723]
2025-12-28 14:15:48,031 - Epoch 72 [15.7s + 4.0s]: train==[6.72659=0.04571 + 0.06901 + 0.06305 + 6.54882], test-recall=[0.0773, 0.1201], test-ndcg=[0.0582, 0.0723]
2025-12-28 14:16:07,920 - Epoch 73 [15.9s + 4.0s]: train==[6.72677=0.04575 + 0.06902 + 0.06264 + 6.54937], test-recall=[0.0777, 0.1202], test-ndcg=[0.0584, 0.0724]
2025-12-28 14:16:27,696 - Epoch 74 [15.6s + 4.2s]: train==[6.72610=0.04547 + 0.06907 + 0.06225 + 6.54932], test-recall=[0.0778, 0.1203], test-ndcg=[0.0585, 0.0725]
2025-12-28 14:16:47,380 - Epoch 75 [15.7s + 4.0s]: train==[6.72565=0.04543 + 0.06913 + 0.06187 + 6.54922], test-recall=[0.0777, 0.1205], test-ndcg=[0.0585, 0.0725]
2025-12-28 14:17:07,031 - Epoch 76 [15.6s + 4.0s]: train==[6.72545=0.04542 + 0.06921 + 0.06150 + 6.54933], test-recall=[0.0777, 0.1209], test-ndcg=[0.0585, 0.0726]
2025-12-28 14:17:27,703 - Epoch 77 [16.7s + 4.0s]: train==[6.72528=0.04565 + 0.06930 + 0.06114 + 6.54918], test-recall=[0.0779, 0.1206], test-ndcg=[0.0585, 0.0726]
2025-12-28 14:17:48,037 - Epoch 78 [15.7s + 4.7s]: train==[6.72475=0.04532 + 0.06935 + 0.06078 + 6.54929], test-recall=[0.0780, 0.1206], test-ndcg=[0.0586, 0.0726]
2025-12-28 14:18:07,990 - Epoch 79 [16.0s + 4.0s]: train==[6.72407=0.04504 + 0.06938 + 0.06043 + 6.54922], test-recall=[0.0782, 0.1205], test-ndcg=[0.0587, 0.0726]
2025-12-28 14:18:28,277 - Epoch 80 [15.8s + 4.5s]: train==[6.72399=0.04484 + 0.06949 + 0.06009 + 6.54957], test-recall=[0.0782, 0.1205], test-ndcg=[0.0589, 0.0727]
2025-12-28 14:18:47,816 - Epoch 81 [15.3s + 4.2s]: train==[6.72315=0.04463 + 0.06953 + 0.05976 + 6.54924], test-recall=[0.0782, 0.1207], test-ndcg=[0.0588, 0.0728]
2025-12-28 14:19:07,604 - Epoch 82 [15.6s + 4.2s]: train==[6.72341=0.04484 + 0.06958 + 0.05943 + 6.54956], test-recall=[0.0781, 0.1209], test-ndcg=[0.0588, 0.0728]
2025-12-28 14:19:28,245 - Epoch 83 [16.3s + 4.3s]: train==[6.72343=0.04505 + 0.06956 + 0.05912 + 6.54970], test-recall=[0.0781, 0.1209], test-ndcg=[0.0589, 0.0729]
2025-12-28 14:19:48,489 - Epoch 84 [16.2s + 4.0s]: train==[6.72242=0.04506 + 0.06967 + 0.05881 + 6.54888], test-recall=[0.0782, 0.1211], test-ndcg=[0.0589, 0.0730]
2025-12-28 14:20:10,026 - Epoch 85 [17.3s + 4.2s]: train==[6.72254=0.04487 + 0.06973 + 0.05850 + 6.54943], test-recall=[0.0785, 0.1212], test-ndcg=[0.0591, 0.0731]
2025-12-28 14:20:30,117 - Epoch 86 [15.6s + 4.5s]: train==[6.72255=0.04504 + 0.06973 + 0.05821 + 6.54957], test-recall=[0.0785, 0.1212], test-ndcg=[0.0590, 0.0731]
2025-12-28 14:20:49,811 - Epoch 87 [15.8s + 3.9s]: train==[6.72183=0.04472 + 0.06982 + 0.05792 + 6.54937], test-recall=[0.0787, 0.1213], test-ndcg=[0.0592, 0.0732]
2025-12-28 14:21:09,418 - Epoch 88 [15.7s + 3.9s]: train==[6.72180=0.04500 + 0.06990 + 0.05763 + 6.54926], test-recall=[0.0786, 0.1212], test-ndcg=[0.0591, 0.0731]
2025-12-28 14:21:28,839 - Epoch 89 [15.5s + 3.9s]: train==[6.72229=0.04474 + 0.06993 + 0.05736 + 6.55027], test-recall=[0.0788, 0.1214], test-ndcg=[0.0593, 0.0733]
2025-12-28 14:21:48,502 - Epoch 90 [15.7s + 4.0s]: train==[6.72101=0.04414 + 0.06996 + 0.05708 + 6.54983], test-recall=[0.0783, 0.1214], test-ndcg=[0.0590, 0.0731]
2025-12-28 14:22:08,522 - Epoch 91 [15.8s + 4.2s]: train==[6.72082=0.04425 + 0.07000 + 0.05682 + 6.54975], test-recall=[0.0783, 0.1211], test-ndcg=[0.0590, 0.0730]
2025-12-28 14:22:28,543 - Epoch 92 [16.1s + 3.9s]: train==[6.72066=0.04427 + 0.07010 + 0.05655 + 6.54973], test-recall=[0.0786, 0.1213], test-ndcg=[0.0591, 0.0731]
2025-12-28 14:22:48,003 - Epoch 93 [15.6s + 3.9s]: train==[6.72021=0.04400 + 0.07012 + 0.05630 + 6.54979], test-recall=[0.0787, 0.1215], test-ndcg=[0.0592, 0.0733]
2025-12-28 14:23:07,469 - Epoch 94 [15.5s + 4.0s]: train==[6.72153=0.04466 + 0.07018 + 0.05605 + 6.55065], test-recall=[0.0790, 0.1218], test-ndcg=[0.0594, 0.0735]
2025-12-28 14:23:27,295 - Epoch 95 [15.8s + 4.0s]: train==[6.71896=0.04329 + 0.07020 + 0.05580 + 6.54966], test-recall=[0.0788, 0.1219], test-ndcg=[0.0594, 0.0735]
2025-12-28 14:23:47,154 - Epoch 96 [15.6s + 4.2s]: train==[6.72009=0.04415 + 0.07028 + 0.05556 + 6.55009], test-recall=[0.0789, 0.1220], test-ndcg=[0.0595, 0.0736]
2025-12-28 14:24:07,604 - Epoch 97 [16.3s + 4.2s]: train==[6.71917=0.04359 + 0.07032 + 0.05532 + 6.54994], test-recall=[0.0789, 0.1220], test-ndcg=[0.0594, 0.0736]
2025-12-28 14:24:27,438 - Epoch 98 [15.5s + 4.3s]: train==[6.71938=0.04364 + 0.07040 + 0.05509 + 6.55025], test-recall=[0.0790, 0.1218], test-ndcg=[0.0595, 0.0736]
2025-12-28 14:24:46,904 - Epoch 99 [15.5s + 4.0s]: train==[6.71940=0.04405 + 0.07043 + 0.05486 + 6.55006], test-recall=[0.0792, 0.1224], test-ndcg=[0.0596, 0.0737]
2025-12-28 14:24:51,105 - Final Test Set Result: test-recall=[0.0792, 0.1224], test-ndcg=[0.0596, 0.0737]
