2025-12-28 15:43:28,783 - n_users=78578, n_items=77801	n_interactions=2880201	n_train=2240156, n_test=640045, sparsity=0.00037
2025-12-28 15:43:28,783 - Namespace(Ks='[20, 40]', ablation='full', batch_size=10240, cen_reg=0.005, data_path='data/', dataset='amazon', emb_reg=2.5e-05, embed_size=32, epoch=100, lr=0.001, n_batch=40, n_intents=128, n_layers=2, output='amazon_full', sample_num=40, save_model=False, seed=2022, show_step=1, ssl_reg=0.1, temp=1, train_num=10000, verbose=1)
2025-12-28 15:44:06,438 - Epoch  0 [23.0s + 4.7s]: train==[11.13809=0.51938 + 0.00324 + 0.41572 + 10.19975], test-recall=[0.0410, 0.0647], test-ndcg=[0.0304, 0.0383]
2025-12-28 15:44:32,583 - Epoch  1 [21.8s + 4.4s]: train==[10.45161=0.18393 + 0.01265 + 0.36364 + 9.89139], test-recall=[0.0495, 0.0782], test-ndcg=[0.0371, 0.0466]
2025-12-28 15:44:59,120 - Epoch  2 [21.8s + 4.8s]: train==[10.34743=0.12391 + 0.01840 + 0.34982 + 9.85530], test-recall=[0.0557, 0.0874], test-ndcg=[0.0418, 0.0523]
2025-12-28 15:45:26,849 - Epoch  3 [23.7s + 4.0s]: train==[10.30381=0.10465 + 0.02166 + 0.33388 + 9.84362], test-recall=[0.0596, 0.0937], test-ndcg=[0.0449, 0.0561]
2025-12-28 15:45:52,394 - Epoch  4 [21.3s + 4.2s]: train==[10.27165=0.09330 + 0.02422 + 0.31698 + 9.83715], test-recall=[0.0628, 0.0977], test-ndcg=[0.0474, 0.0588]
2025-12-28 15:46:18,755 - Epoch  5 [22.1s + 4.2s]: train==[10.24114=0.08442 + 0.02633 + 0.29991 + 9.83047], test-recall=[0.0654, 0.1009], test-ndcg=[0.0493, 0.0609]
2025-12-28 15:46:45,696 - Epoch  6 [21.8s + 5.2s]: train==[10.21652=0.07803 + 0.02818 + 0.28344 + 9.82686], test-recall=[0.0672, 0.1034], test-ndcg=[0.0506, 0.0625]
2025-12-28 15:47:12,593 - Epoch  7 [22.7s + 4.2s]: train==[10.19404=0.07274 + 0.02980 + 0.26776 + 9.82373], test-recall=[0.0687, 0.1053], test-ndcg=[0.0519, 0.0639]
2025-12-28 15:47:38,746 - Epoch  8 [22.1s + 4.1s]: train==[10.17453=0.06910 + 0.03123 + 0.25312 + 9.82108], test-recall=[0.0700, 0.1071], test-ndcg=[0.0529, 0.0651]
2025-12-28 15:48:04,335 - Epoch  9 [21.6s + 4.0s]: train==[10.15814=0.06563 + 0.03253 + 0.23976 + 9.82022], test-recall=[0.0713, 0.1088], test-ndcg=[0.0538, 0.0661]
2025-12-28 15:48:29,839 - Epoch 10 [21.2s + 4.3s]: train==[10.14237=0.06329 + 0.03366 + 0.22761 + 9.81780], test-recall=[0.0724, 0.1104], test-ndcg=[0.0546, 0.0671]
2025-12-28 15:48:55,579 - Epoch 11 [21.7s + 4.0s]: train==[10.13020=0.06084 + 0.03469 + 0.21667 + 9.81800], test-recall=[0.0731, 0.1115], test-ndcg=[0.0553, 0.0679]
2025-12-28 15:49:22,553 - Epoch 12 [22.2s + 4.7s]: train==[10.11690=0.05800 + 0.03561 + 0.20678 + 9.81652], test-recall=[0.0736, 0.1125], test-ndcg=[0.0558, 0.0686]
2025-12-28 15:49:49,175 - Epoch 13 [22.0s + 4.7s]: train==[10.10603=0.05658 + 0.03647 + 0.19784 + 9.81515], test-recall=[0.0747, 0.1138], test-ndcg=[0.0565, 0.0694]
2025-12-28 15:50:14,853 - Epoch 14 [21.6s + 4.1s]: train==[10.09589=0.05469 + 0.03723 + 0.18975 + 9.81422], test-recall=[0.0757, 0.1157], test-ndcg=[0.0571, 0.0703]
2025-12-28 15:50:40,996 - Epoch 15 [21.4s + 4.7s]: train==[10.08704=0.05303 + 0.03793 + 0.18243 + 9.81364], test-recall=[0.0763, 0.1163], test-ndcg=[0.0575, 0.0707]
2025-12-28 15:51:06,892 - Epoch 16 [21.8s + 4.1s]: train==[10.07860=0.05196 + 0.03856 + 0.17575 + 9.81233], test-recall=[0.0765, 0.1170], test-ndcg=[0.0578, 0.0711]
2025-12-28 15:51:32,922 - Epoch 17 [21.6s + 4.5s]: train==[10.07166=0.05083 + 0.03915 + 0.16960 + 9.81208], test-recall=[0.0772, 0.1181], test-ndcg=[0.0583, 0.0717]
2025-12-28 15:51:58,796 - Epoch 18 [21.7s + 4.1s]: train==[10.06500=0.04939 + 0.03974 + 0.16398 + 9.81189], test-recall=[0.0777, 0.1188], test-ndcg=[0.0587, 0.0723]
2025-12-28 15:52:24,474 - Epoch 19 [21.6s + 4.1s]: train==[10.05931=0.04873 + 0.04027 + 0.15879 + 9.81151], test-recall=[0.0783, 0.1196], test-ndcg=[0.0593, 0.0729]
2025-12-28 15:52:50,576 - Epoch 20 [21.9s + 4.2s]: train==[10.05342=0.04747 + 0.04079 + 0.15400 + 9.81116], test-recall=[0.0787, 0.1200], test-ndcg=[0.0598, 0.0734]
2025-12-28 15:53:16,334 - Epoch 21 [21.6s + 4.1s]: train==[10.04798=0.04651 + 0.04131 + 0.14959 + 9.81057], test-recall=[0.0794, 0.1205], test-ndcg=[0.0601, 0.0736]
2025-12-28 15:53:41,892 - Epoch 22 [21.3s + 4.2s]: train==[10.04291=0.04623 + 0.04174 + 0.14550 + 9.80945], test-recall=[0.0796, 0.1214], test-ndcg=[0.0603, 0.0741]
2025-12-28 15:54:08,036 - Epoch 23 [21.7s + 4.5s]: train==[10.03872=0.04490 + 0.04213 + 0.14169 + 9.81000], test-recall=[0.0800, 0.1222], test-ndcg=[0.0607, 0.0745]
2025-12-28 15:54:33,783 - Epoch 24 [21.7s + 4.0s]: train==[10.03488=0.04481 + 0.04255 + 0.13814 + 9.80939], test-recall=[0.0803, 0.1223], test-ndcg=[0.0609, 0.0747]
2025-12-28 15:54:59,609 - Epoch 25 [21.5s + 4.3s]: train==[10.03078=0.04362 + 0.04293 + 0.13484 + 9.80939], test-recall=[0.0808, 0.1230], test-ndcg=[0.0612, 0.0751]
2025-12-28 15:55:26,521 - Epoch 26 [22.6s + 4.3s]: train==[10.02710=0.04285 + 0.04328 + 0.13175 + 9.80921], test-recall=[0.0808, 0.1231], test-ndcg=[0.0612, 0.0752]
2025-12-28 15:55:52,539 - Epoch 27 [21.9s + 4.1s]: train==[10.02411=0.04279 + 0.04356 + 0.12885 + 9.80891], test-recall=[0.0813, 0.1239], test-ndcg=[0.0616, 0.0756]
2025-12-28 15:56:18,541 - Epoch 28 [21.7s + 4.3s]: train==[10.02144=0.04195 + 0.04388 + 0.12612 + 9.80948], test-recall=[0.0814, 0.1241], test-ndcg=[0.0619, 0.0759]
2025-12-28 15:56:45,135 - Epoch 29 [21.8s + 4.8s]: train==[10.01805=0.04172 + 0.04418 + 0.12356 + 9.80859], test-recall=[0.0819, 0.1245], test-ndcg=[0.0621, 0.0761]
2025-12-28 15:57:10,819 - Epoch 30 [21.0s + 4.7s]: train==[10.01562=0.04159 + 0.04448 + 0.12115 + 9.80840], test-recall=[0.0820, 0.1252], test-ndcg=[0.0623, 0.0765]
2025-12-28 15:57:36,519 - Epoch 31 [21.5s + 4.2s]: train==[10.01252=0.04094 + 0.04479 + 0.11887 + 9.80793], test-recall=[0.0820, 0.1254], test-ndcg=[0.0625, 0.0767]
2025-12-28 15:58:02,560 - Epoch 32 [21.7s + 4.3s]: train==[10.01068=0.04068 + 0.04497 + 0.11671 + 9.80832], test-recall=[0.0828, 0.1257], test-ndcg=[0.0628, 0.0769]
2025-12-28 15:58:28,455 - Epoch 33 [21.7s + 4.2s]: train==[10.00861=0.04003 + 0.04524 + 0.11466 + 9.80867], test-recall=[0.0826, 0.1259], test-ndcg=[0.0626, 0.0769]
2025-12-28 15:58:54,618 - Epoch 34 [21.5s + 4.7s]: train==[10.00589=0.03975 + 0.04546 + 0.11272 + 9.80796], test-recall=[0.0827, 0.1263], test-ndcg=[0.0628, 0.0772]
2025-12-28 15:59:20,733 - Epoch 35 [21.5s + 4.6s]: train==[10.00500=0.04003 + 0.04571 + 0.11088 + 9.80840], test-recall=[0.0835, 0.1264], test-ndcg=[0.0632, 0.0773]
2025-12-28 15:59:46,459 - Epoch 36 [21.5s + 4.2s]: train==[10.00144=0.03890 + 0.04595 + 0.10913 + 9.80747], test-recall=[0.0834, 0.1268], test-ndcg=[0.0632, 0.0775]
2025-12-28 16:00:12,368 - Epoch 37 [21.7s + 4.2s]: train==[10.00032=0.03867 + 0.04618 + 0.10746 + 9.80801], test-recall=[0.0835, 0.1268], test-ndcg=[0.0633, 0.0776]
2025-12-28 16:00:38,667 - Epoch 38 [22.0s + 4.3s]: train==[9.99915=0.03832 + 0.04634 + 0.10587 + 9.80863], test-recall=[0.0837, 0.1270], test-ndcg=[0.0634, 0.0777]
2025-12-28 16:01:04,493 - Epoch 39 [21.7s + 4.1s]: train==[9.99631=0.03797 + 0.04655 + 0.10435 + 9.80744], test-recall=[0.0839, 0.1272], test-ndcg=[0.0636, 0.0779]
2025-12-28 16:01:30,333 - Epoch 40 [21.4s + 4.4s]: train==[9.99607=0.03799 + 0.04675 + 0.10289 + 9.80843], test-recall=[0.0843, 0.1277], test-ndcg=[0.0640, 0.0782]
2025-12-28 16:01:55,659 - Epoch 41 [21.1s + 4.2s]: train==[9.99376=0.03690 + 0.04697 + 0.10150 + 9.80839], test-recall=[0.0841, 0.1278], test-ndcg=[0.0638, 0.0782]
2025-12-28 16:02:21,311 - Epoch 42 [21.5s + 4.2s]: train==[9.99274=0.03780 + 0.04710 + 0.10017 + 9.80767], test-recall=[0.0845, 0.1279], test-ndcg=[0.0640, 0.0782]
2025-12-28 16:02:46,925 - Epoch 43 [21.7s + 3.9s]: train==[9.99138=0.03688 + 0.04733 + 0.09888 + 9.80829], test-recall=[0.0842, 0.1286], test-ndcg=[0.0640, 0.0786]
2025-12-28 16:03:12,482 - Epoch 44 [21.4s + 4.2s]: train==[9.98937=0.03714 + 0.04748 + 0.09765 + 9.80709], test-recall=[0.0841, 0.1285], test-ndcg=[0.0641, 0.0787]
2025-12-28 16:03:38,190 - Epoch 45 [21.7s + 4.0s]: train==[9.98865=0.03668 + 0.04762 + 0.09646 + 9.80788], test-recall=[0.0845, 0.1288], test-ndcg=[0.0643, 0.0789]
2025-12-28 16:04:04,033 - Epoch 46 [21.3s + 4.5s]: train==[9.98747=0.03644 + 0.04779 + 0.09533 + 9.80791], test-recall=[0.0845, 0.1289], test-ndcg=[0.0644, 0.0790]
2025-12-28 16:04:29,536 - Epoch 47 [21.0s + 4.5s]: train==[9.98696=0.03634 + 0.04794 + 0.09424 + 9.80844], test-recall=[0.0849, 0.1295], test-ndcg=[0.0647, 0.0793]
2025-12-28 16:04:54,851 - Epoch 48 [21.4s + 3.9s]: train==[9.98519=0.03626 + 0.04811 + 0.09319 + 9.80763], test-recall=[0.0851, 0.1295], test-ndcg=[0.0648, 0.0794]
2025-12-28 16:05:20,541 - Epoch 49 [21.1s + 4.6s]: train==[9.98350=0.03554 + 0.04826 + 0.09217 + 9.80753], test-recall=[0.0855, 0.1295], test-ndcg=[0.0651, 0.0796]
2025-12-28 16:05:46,234 - Epoch 50 [21.5s + 4.2s]: train==[9.98441=0.03614 + 0.04835 + 0.09119 + 9.80873], test-recall=[0.0855, 0.1298], test-ndcg=[0.0652, 0.0798]
2025-12-28 16:06:12,194 - Epoch 51 [21.4s + 4.5s]: train==[9.98329=0.03553 + 0.04850 + 0.09025 + 9.80902], test-recall=[0.0856, 0.1299], test-ndcg=[0.0653, 0.0798]
2025-12-28 16:06:38,273 - Epoch 52 [21.4s + 4.7s]: train==[9.98168=0.03527 + 0.04863 + 0.08933 + 9.80845], test-recall=[0.0858, 0.1300], test-ndcg=[0.0654, 0.0799]
2025-12-28 16:07:03,723 - Epoch 53 [21.4s + 4.1s]: train==[9.98040=0.03532 + 0.04875 + 0.08845 + 9.80788], test-recall=[0.0862, 0.1297], test-ndcg=[0.0656, 0.0799]
2025-12-28 16:07:29,215 - Epoch 54 [21.4s + 4.1s]: train==[9.98000=0.03543 + 0.04888 + 0.08759 + 9.80810], test-recall=[0.0862, 0.1302], test-ndcg=[0.0657, 0.0802]
2025-12-28 16:07:55,105 - Epoch 55 [21.5s + 4.3s]: train==[9.97926=0.03512 + 0.04900 + 0.08677 + 9.80837], test-recall=[0.0861, 0.1304], test-ndcg=[0.0657, 0.0803]
2025-12-28 16:08:20,800 - Epoch 56 [21.7s + 4.0s]: train==[9.97821=0.03487 + 0.04914 + 0.08597 + 9.80823], test-recall=[0.0863, 0.1304], test-ndcg=[0.0658, 0.0803]
2025-12-28 16:08:46,798 - Epoch 57 [21.4s + 4.6s]: train==[9.97731=0.03460 + 0.04919 + 0.08519 + 9.80833], test-recall=[0.0863, 0.1307], test-ndcg=[0.0657, 0.0803]
2025-12-28 16:09:13,359 - Epoch 58 [21.6s + 5.0s]: train==[9.97686=0.03473 + 0.04935 + 0.08444 + 9.80834], test-recall=[0.0865, 0.1310], test-ndcg=[0.0658, 0.0804]
2025-12-28 16:09:39,027 - Epoch 59 [21.6s + 4.1s]: train==[9.97620=0.03459 + 0.04942 + 0.08371 + 9.80848], test-recall=[0.0864, 0.1313], test-ndcg=[0.0658, 0.0805]
2025-12-28 16:10:04,466 - Epoch 60 [21.3s + 4.1s]: train==[9.97542=0.03435 + 0.04958 + 0.08300 + 9.80850], test-recall=[0.0866, 0.1314], test-ndcg=[0.0659, 0.0806]
2025-12-28 16:10:30,527 - Epoch 61 [21.9s + 4.2s]: train==[9.97513=0.03433 + 0.04964 + 0.08232 + 9.80884], test-recall=[0.0866, 0.1313], test-ndcg=[0.0661, 0.0807]
2025-12-28 16:10:57,184 - Epoch 62 [22.2s + 4.4s]: train==[9.97387=0.03349 + 0.04977 + 0.08165 + 9.80896], test-recall=[0.0868, 0.1316], test-ndcg=[0.0662, 0.0809]
2025-12-28 16:11:23,262 - Epoch 63 [21.7s + 4.4s]: train==[9.97334=0.03399 + 0.04985 + 0.08100 + 9.80850], test-recall=[0.0870, 0.1314], test-ndcg=[0.0663, 0.0809]
2025-12-28 16:11:48,928 - Epoch 64 [21.2s + 4.4s]: train==[9.97333=0.03379 + 0.04996 + 0.08037 + 9.80921], test-recall=[0.0872, 0.1318], test-ndcg=[0.0663, 0.0809]
2025-12-28 16:12:14,425 - Epoch 65 [21.4s + 4.1s]: train==[9.97159=0.03374 + 0.05003 + 0.07976 + 9.80806], test-recall=[0.0871, 0.1320], test-ndcg=[0.0664, 0.0811]
2025-12-28 16:12:40,154 - Epoch 66 [21.4s + 4.4s]: train==[9.97090=0.03334 + 0.05009 + 0.07916 + 9.80831], test-recall=[0.0873, 0.1317], test-ndcg=[0.0665, 0.0811]
2025-12-28 16:13:05,920 - Epoch 67 [21.4s + 4.4s]: train==[9.97114=0.03348 + 0.05016 + 0.07858 + 9.80891], test-recall=[0.0874, 0.1319], test-ndcg=[0.0665, 0.0811]
2025-12-28 16:13:31,859 - Epoch 68 [21.5s + 4.4s]: train==[9.96972=0.03336 + 0.05022 + 0.07801 + 9.80814], test-recall=[0.0874, 0.1319], test-ndcg=[0.0664, 0.0810]
2025-12-28 16:13:58,005 - Epoch 69 [21.4s + 4.7s]: train==[9.97075=0.03352 + 0.05028 + 0.07746 + 9.80949], test-recall=[0.0875, 0.1322], test-ndcg=[0.0666, 0.0813]
2025-12-28 16:14:23,617 - Epoch 70 [21.4s + 4.2s]: train==[9.96920=0.03335 + 0.05040 + 0.07693 + 9.80851], test-recall=[0.0877, 0.1321], test-ndcg=[0.0668, 0.0813]
2025-12-28 16:14:49,217 - Epoch 71 [21.4s + 4.2s]: train==[9.96937=0.03322 + 0.05049 + 0.07641 + 9.80925], test-recall=[0.0877, 0.1319], test-ndcg=[0.0667, 0.0812]
2025-12-28 16:15:14,932 - Epoch 72 [21.6s + 4.1s]: train==[9.96802=0.03311 + 0.05062 + 0.07590 + 9.80840], test-recall=[0.0877, 0.1316], test-ndcg=[0.0666, 0.0811]
2025-12-28 16:15:40,841 - Epoch 73 [21.7s + 4.2s]: train==[9.96804=0.03318 + 0.05065 + 0.07539 + 9.80883], test-recall=[0.0878, 0.1321], test-ndcg=[0.0668, 0.0813]
2025-12-28 16:16:06,670 - Epoch 74 [21.4s + 4.4s]: train==[9.96772=0.03299 + 0.05070 + 0.07491 + 9.80912], test-recall=[0.0878, 0.1320], test-ndcg=[0.0669, 0.0815]
2025-12-28 16:16:32,068 - Epoch 75 [21.2s + 4.2s]: train==[9.96667=0.03287 + 0.05079 + 0.07443 + 9.80858], test-recall=[0.0879, 0.1319], test-ndcg=[0.0670, 0.0814]
2025-12-28 16:16:57,704 - Epoch 76 [21.5s + 4.2s]: train==[9.96695=0.03308 + 0.05084 + 0.07397 + 9.80906], test-recall=[0.0880, 0.1323], test-ndcg=[0.0670, 0.0815]
2025-12-28 16:17:23,715 - Epoch 77 [21.5s + 4.5s]: train==[9.96601=0.03309 + 0.05095 + 0.07352 + 9.80845], test-recall=[0.0881, 0.1327], test-ndcg=[0.0669, 0.0815]
2025-12-28 16:17:49,696 - Epoch 78 [21.8s + 4.2s]: train==[9.96647=0.03302 + 0.05100 + 0.07308 + 9.80937], test-recall=[0.0879, 0.1330], test-ndcg=[0.0669, 0.0817]
2025-12-28 16:18:15,269 - Epoch 79 [21.5s + 4.1s]: train==[9.96515=0.03244 + 0.05109 + 0.07265 + 9.80897], test-recall=[0.0878, 0.1327], test-ndcg=[0.0669, 0.0817]
2025-12-28 16:18:41,014 - Epoch 80 [21.3s + 4.4s]: train==[9.96513=0.03245 + 0.05118 + 0.07222 + 9.80928], test-recall=[0.0882, 0.1329], test-ndcg=[0.0673, 0.0819]
2025-12-28 16:19:06,961 - Epoch 81 [21.1s + 4.9s]: train==[9.96399=0.03209 + 0.05120 + 0.07181 + 9.80889], test-recall=[0.0879, 0.1329], test-ndcg=[0.0671, 0.0819]
2025-12-28 16:19:32,493 - Epoch 82 [21.3s + 4.2s]: train==[9.96447=0.03230 + 0.05128 + 0.07140 + 9.80949], test-recall=[0.0881, 0.1333], test-ndcg=[0.0671, 0.0820]
2025-12-28 16:19:58,810 - Epoch 83 [21.6s + 4.7s]: train==[9.96419=0.03251 + 0.05129 + 0.07101 + 9.80938], test-recall=[0.0881, 0.1332], test-ndcg=[0.0672, 0.0820]
2025-12-28 16:20:24,362 - Epoch 84 [21.5s + 4.0s]: train==[9.96270=0.03252 + 0.05138 + 0.07062 + 9.80817], test-recall=[0.0882, 0.1336], test-ndcg=[0.0672, 0.0821]
2025-12-28 16:20:50,388 - Epoch 85 [21.5s + 4.6s]: train==[9.96307=0.03246 + 0.05144 + 0.07024 + 9.80892], test-recall=[0.0883, 0.1334], test-ndcg=[0.0674, 0.0822]
2025-12-28 16:21:15,995 - Epoch 86 [21.5s + 4.1s]: train==[9.96351=0.03267 + 0.05146 + 0.06987 + 9.80951], test-recall=[0.0884, 0.1336], test-ndcg=[0.0674, 0.0823]
2025-12-28 16:21:41,368 - Epoch 87 [21.2s + 4.2s]: train==[9.96212=0.03221 + 0.05157 + 0.06951 + 9.80882], test-recall=[0.0883, 0.1338], test-ndcg=[0.0675, 0.0824]
2025-12-28 16:22:07,621 - Epoch 88 [21.8s + 4.4s]: train==[9.96201=0.03240 + 0.05164 + 0.06915 + 9.80882], test-recall=[0.0885, 0.1336], test-ndcg=[0.0677, 0.0825]
2025-12-28 16:22:33,272 - Epoch 89 [21.6s + 4.0s]: train==[9.96268=0.03219 + 0.05168 + 0.06880 + 9.81000], test-recall=[0.0886, 0.1336], test-ndcg=[0.0677, 0.0824]
2025-12-28 16:22:59,063 - Epoch 90 [21.2s + 4.6s]: train==[9.96118=0.03170 + 0.05171 + 0.06846 + 9.80930], test-recall=[0.0887, 0.1339], test-ndcg=[0.0677, 0.0826]
2025-12-28 16:23:24,950 - Epoch 91 [21.4s + 4.5s]: train==[9.96117=0.03188 + 0.05176 + 0.06812 + 9.80941], test-recall=[0.0885, 0.1340], test-ndcg=[0.0675, 0.0825]
2025-12-28 16:23:50,567 - Epoch 92 [21.4s + 4.3s]: train==[9.96099=0.03180 + 0.05182 + 0.06779 + 9.80958], test-recall=[0.0883, 0.1334], test-ndcg=[0.0675, 0.0823]
2025-12-28 16:24:16,229 - Epoch 93 [21.5s + 4.1s]: train==[9.96034=0.03152 + 0.05188 + 0.06747 + 9.80948], test-recall=[0.0885, 0.1340], test-ndcg=[0.0676, 0.0825]
2025-12-28 16:24:41,666 - Epoch 94 [21.4s + 4.0s]: train==[9.96204=0.03203 + 0.05193 + 0.06716 + 9.81092], test-recall=[0.0890, 0.1343], test-ndcg=[0.0678, 0.0826]
2025-12-28 16:25:07,408 - Epoch 95 [21.5s + 4.3s]: train==[9.95941=0.03102 + 0.05199 + 0.06685 + 9.80955], test-recall=[0.0889, 0.1340], test-ndcg=[0.0679, 0.0826]
2025-12-28 16:25:33,569 - Epoch 96 [21.5s + 4.7s]: train==[9.96037=0.03172 + 0.05208 + 0.06655 + 9.81003], test-recall=[0.0889, 0.1338], test-ndcg=[0.0679, 0.0826]
2025-12-28 16:25:59,224 - Epoch 97 [21.2s + 4.4s]: train==[9.95930=0.03124 + 0.05213 + 0.06625 + 9.80969], test-recall=[0.0887, 0.1342], test-ndcg=[0.0678, 0.0827]
2025-12-28 16:26:24,875 - Epoch 98 [21.2s + 4.4s]: train==[9.95976=0.03124 + 0.05220 + 0.06595 + 9.81037], test-recall=[0.0886, 0.1342], test-ndcg=[0.0677, 0.0827]
2025-12-28 16:26:50,314 - Epoch 99 [21.6s + 3.8s]: train==[9.95950=0.03168 + 0.05223 + 0.06567 + 9.80993], test-recall=[0.0889, 0.1341], test-ndcg=[0.0680, 0.0828]
2025-12-28 16:26:54,406 - Final Test Set Result: test-recall=[0.0889, 0.1341], test-ndcg=[0.0680, 0.0828]
