2025-12-28 11:47:18,865 - n_users=50821, n_items=57440	n_interactions=1302695	n_train=1172425, n_test=130270, sparsity=0.00040
2025-12-28 11:47:18,865 - Namespace(Ks='[20, 40]', ablation='wo_ssl_disen', batch_size=10240, cen_reg=0.005, data_path='data/', dataset='gowalla', emb_reg=2.5e-05, embed_size=32, epoch=100, lr=0.001, n_batch=40, n_intents=128, n_layers=2, output='gowalla_wo_ssl_disen', sample_num=40, save_model=False, seed=2022, show_step=1, ssl_reg=0.1, temp=1, train_num=10000, verbose=1)
2025-12-28 11:47:40,464 - Epoch  0 [14.2s + 1.3s]: train==[4.04975=0.34453 + 0.00523 + 0.41834 + 3.28165], test-recall=[0.1258, 0.1834], test-ndcg=[0.0740, 0.0889]
2025-12-28 11:47:55,293 - Epoch  1 [13.4s + 1.4s]: train==[3.57136=0.05977 + 0.01481 + 0.24381 + 3.25296], test-recall=[0.1359, 0.1976], test-ndcg=[0.0800, 0.0960]
2025-12-28 11:48:09,767 - Epoch  2 [13.2s + 1.3s]: train==[3.45266=0.04504 + 0.01726 + 0.14061 + 3.24974], test-recall=[0.1424, 0.2062], test-ndcg=[0.0839, 0.1005]
2025-12-28 11:48:24,340 - Epoch  3 [13.3s + 1.2s]: train==[3.38831=0.04029 + 0.01841 + 0.08168 + 3.24793], test-recall=[0.1472, 0.2125], test-ndcg=[0.0868, 0.1038]
2025-12-28 11:48:38,886 - Epoch  4 [13.3s + 1.2s]: train==[3.34962=0.03608 + 0.01929 + 0.04771 + 3.24653], test-recall=[0.1510, 0.2172], test-ndcg=[0.0892, 0.1064]
2025-12-28 11:48:53,312 - Epoch  5 [13.2s + 1.3s]: train==[3.32727=0.03311 + 0.02002 + 0.02800 + 3.24614], test-recall=[0.1536, 0.2202], test-ndcg=[0.0907, 0.1080]
2025-12-28 11:49:07,984 - Epoch  6 [13.4s + 1.3s]: train==[3.31427=0.03154 + 0.02065 + 0.01648 + 3.24559], test-recall=[0.1552, 0.2238], test-ndcg=[0.0919, 0.1096]
2025-12-28 11:49:23,366 - Epoch  7 [14.0s + 1.4s]: train==[3.30547=0.02982 + 0.02113 + 0.00973 + 3.24478], test-recall=[0.1585, 0.2257], test-ndcg=[0.0936, 0.1110]
2025-12-28 11:49:37,699 - Epoch  8 [13.1s + 1.2s]: train==[3.30010=0.02825 + 0.02152 + 0.00575 + 3.24459], test-recall=[0.1599, 0.2261], test-ndcg=[0.0948, 0.1120]
2025-12-28 11:49:52,219 - Epoch  9 [13.3s + 1.2s]: train==[3.29701=0.02763 + 0.02190 + 0.00340 + 3.24408], test-recall=[0.1599, 0.2278], test-ndcg=[0.0952, 0.1128]
2025-12-28 11:50:06,573 - Epoch 10 [13.2s + 1.2s]: train==[3.29486=0.02679 + 0.02216 + 0.00202 + 3.24389], test-recall=[0.1609, 0.2287], test-ndcg=[0.0956, 0.1132]
2025-12-28 11:50:21,102 - Epoch 11 [13.2s + 1.4s]: train==[3.29294=0.02576 + 0.02244 + 0.00120 + 3.24354], test-recall=[0.1622, 0.2303], test-ndcg=[0.0960, 0.1138]
2025-12-28 11:50:35,390 - Epoch 12 [13.0s + 1.2s]: train==[3.29242=0.02566 + 0.02266 + 0.00072 + 3.24338], test-recall=[0.1621, 0.2315], test-ndcg=[0.0964, 0.1144]
2025-12-28 11:50:49,808 - Epoch 13 [13.2s + 1.3s]: train==[3.29073=0.02435 + 0.02286 + 0.00043 + 3.24309], test-recall=[0.1635, 0.2323], test-ndcg=[0.0972, 0.1150]
2025-12-28 11:51:04,467 - Epoch 14 [13.4s + 1.2s]: train==[3.29057=0.02406 + 0.02307 + 0.00026 + 3.24317], test-recall=[0.1646, 0.2330], test-ndcg=[0.0978, 0.1156]
2025-12-28 11:51:18,801 - Epoch 15 [13.1s + 1.2s]: train==[3.29032=0.02373 + 0.02324 + 0.00017 + 3.24318], test-recall=[0.1646, 0.2348], test-ndcg=[0.0980, 0.1162]
2025-12-28 11:51:33,897 - Epoch 16 [13.9s + 1.2s]: train==[3.28934=0.02296 + 0.02337 + 0.00010 + 3.24291], test-recall=[0.1652, 0.2353], test-ndcg=[0.0981, 0.1163]
2025-12-28 11:51:48,398 - Epoch 17 [13.2s + 1.3s]: train==[3.28905=0.02270 + 0.02351 + 0.00006 + 3.24279], test-recall=[0.1655, 0.2363], test-ndcg=[0.0983, 0.1167]
2025-12-28 11:52:02,950 - Epoch 18 [13.3s + 1.3s]: train==[3.28837=0.02199 + 0.02367 + 0.00004 + 3.24266], test-recall=[0.1655, 0.2378], test-ndcg=[0.0985, 0.1173]
2025-12-28 11:52:17,631 - Epoch 19 [13.4s + 1.2s]: train==[3.28881=0.02231 + 0.02378 + 0.00003 + 3.24269], test-recall=[0.1664, 0.2368], test-ndcg=[0.0991, 0.1174]
2025-12-28 11:52:32,039 - Epoch 20 [13.1s + 1.3s]: train==[3.28828=0.02172 + 0.02382 + 0.00002 + 3.24273], test-recall=[0.1654, 0.2359], test-ndcg=[0.0988, 0.1170]
2025-12-28 11:52:46,399 - Epoch 21 [13.2s + 1.2s]: train==[3.28821=0.02164 + 0.02398 + 0.00002 + 3.24258], test-recall=[0.1668, 0.2382], test-ndcg=[0.0997, 0.1182]
2025-12-28 11:53:00,794 - Epoch 22 [13.2s + 1.2s]: train==[3.28761=0.02116 + 0.02401 + 0.00001 + 3.24242], test-recall=[0.1671, 0.2382], test-ndcg=[0.0999, 0.1183]
2025-12-28 11:53:15,182 - Epoch 23 [13.1s + 1.3s]: train==[3.28732=0.02128 + 0.02408 + 0.00001 + 3.24195], test-recall=[0.1668, 0.2379], test-ndcg=[0.0998, 0.1183]
2025-12-28 11:53:29,684 - Epoch 24 [13.3s + 1.2s]: train==[3.28788=0.02119 + 0.02417 + 0.00001 + 3.24252], test-recall=[0.1672, 0.2385], test-ndcg=[0.1001, 0.1186]
2025-12-28 11:53:44,030 - Epoch 25 [13.1s + 1.2s]: train==[3.28701=0.02064 + 0.02422 + 0.00001 + 3.24214], test-recall=[0.1663, 0.2384], test-ndcg=[0.0999, 0.1186]
2025-12-28 11:53:58,403 - Epoch 26 [13.2s + 1.2s]: train==[3.28706=0.02062 + 0.02431 + 0.00001 + 3.24211], test-recall=[0.1670, 0.2387], test-ndcg=[0.0999, 0.1185]
2025-12-28 11:54:12,848 - Epoch 27 [13.2s + 1.2s]: train==[3.28754=0.02069 + 0.02439 + 0.00001 + 3.24245], test-recall=[0.1675, 0.2376], test-ndcg=[0.1001, 0.1183]
2025-12-28 11:54:27,243 - Epoch 28 [13.2s + 1.2s]: train==[3.28677=0.02035 + 0.02447 + 0.00001 + 3.24194], test-recall=[0.1683, 0.2380], test-ndcg=[0.1008, 0.1189]
2025-12-28 11:54:41,579 - Epoch 29 [13.1s + 1.2s]: train==[3.28667=0.01999 + 0.02452 + 0.00001 + 3.24215], test-recall=[0.1689, 0.2391], test-ndcg=[0.1008, 0.1190]
2025-12-28 11:54:55,861 - Epoch 30 [13.1s + 1.2s]: train==[3.28683=0.01998 + 0.02457 + 0.00001 + 3.24227], test-recall=[0.1685, 0.2393], test-ndcg=[0.1007, 0.1191]
2025-12-28 11:55:10,177 - Epoch 31 [13.1s + 1.2s]: train==[3.28685=0.02005 + 0.02461 + 0.00001 + 3.24218], test-recall=[0.1695, 0.2396], test-ndcg=[0.1010, 0.1193]
2025-12-28 11:55:24,510 - Epoch 32 [13.1s + 1.2s]: train==[3.28674=0.01982 + 0.02468 + 0.00001 + 3.24224], test-recall=[0.1701, 0.2395], test-ndcg=[0.1012, 0.1194]
2025-12-28 11:55:39,098 - Epoch 33 [13.4s + 1.2s]: train==[3.28652=0.01986 + 0.02475 + 0.00001 + 3.24190], test-recall=[0.1709, 0.2404], test-ndcg=[0.1015, 0.1197]
2025-12-28 11:55:53,480 - Epoch 34 [13.1s + 1.2s]: train==[3.28643=0.01978 + 0.02480 + 0.00001 + 3.24184], test-recall=[0.1699, 0.2412], test-ndcg=[0.1013, 0.1198]
2025-12-28 11:56:07,927 - Epoch 35 [13.2s + 1.2s]: train==[3.28630=0.01962 + 0.02486 + 0.00001 + 3.24181], test-recall=[0.1692, 0.2415], test-ndcg=[0.1012, 0.1200]
2025-12-28 11:56:22,416 - Epoch 36 [13.3s + 1.2s]: train==[3.28641=0.01987 + 0.02490 + 0.00001 + 3.24162], test-recall=[0.1685, 0.2426], test-ndcg=[0.1013, 0.1206]
2025-12-28 11:56:36,813 - Epoch 37 [13.1s + 1.2s]: train==[3.28608=0.01933 + 0.02491 + 0.00001 + 3.24184], test-recall=[0.1700, 0.2424], test-ndcg=[0.1021, 0.1210]
2025-12-28 11:56:51,442 - Epoch 38 [13.4s + 1.2s]: train==[3.28621=0.01925 + 0.02497 + 0.00001 + 3.24198], test-recall=[0.1696, 0.2421], test-ndcg=[0.1019, 0.1208]
2025-12-28 11:57:05,954 - Epoch 39 [13.3s + 1.2s]: train==[3.28586=0.01903 + 0.02498 + 0.00001 + 3.24183], test-recall=[0.1700, 0.2424], test-ndcg=[0.1020, 0.1208]
2025-12-28 11:57:20,316 - Epoch 40 [13.1s + 1.2s]: train==[3.28567=0.01882 + 0.02501 + 0.00001 + 3.24184], test-recall=[0.1704, 0.2430], test-ndcg=[0.1019, 0.1208]
2025-12-28 11:57:34,777 - Epoch 41 [13.2s + 1.3s]: train==[3.28613=0.01889 + 0.02508 + 0.00001 + 3.24216], test-recall=[0.1707, 0.2415], test-ndcg=[0.1017, 0.1202]
2025-12-28 11:57:49,380 - Epoch 42 [13.3s + 1.3s]: train==[3.28556=0.01865 + 0.02504 + 0.00001 + 3.24185], test-recall=[0.1703, 0.2422], test-ndcg=[0.1021, 0.1208]
2025-12-28 11:58:03,954 - Epoch 43 [13.3s + 1.2s]: train==[3.28606=0.01908 + 0.02506 + 0.00001 + 3.24191], test-recall=[0.1702, 0.2419], test-ndcg=[0.1019, 0.1207]
2025-12-28 11:58:18,391 - Epoch 44 [13.2s + 1.2s]: train==[3.28601=0.01885 + 0.02512 + 0.00001 + 3.24203], test-recall=[0.1702, 0.2414], test-ndcg=[0.1018, 0.1205]
2025-12-28 11:58:33,029 - Epoch 45 [13.4s + 1.2s]: train==[3.28538=0.01868 + 0.02513 + 0.00001 + 3.24156], test-recall=[0.1701, 0.2422], test-ndcg=[0.1018, 0.1205]
2025-12-28 11:58:47,438 - Epoch 46 [13.2s + 1.2s]: train==[3.28612=0.01881 + 0.02513 + 0.00001 + 3.24217], test-recall=[0.1694, 0.2430], test-ndcg=[0.1016, 0.1207]
2025-12-28 11:59:01,840 - Epoch 47 [13.2s + 1.2s]: train==[3.28636=0.01919 + 0.02517 + 0.00001 + 3.24199], test-recall=[0.1695, 0.2426], test-ndcg=[0.1016, 0.1206]
2025-12-28 11:59:16,298 - Epoch 48 [13.2s + 1.2s]: train==[3.28548=0.01837 + 0.02523 + 0.00001 + 3.24187], test-recall=[0.1694, 0.2431], test-ndcg=[0.1019, 0.1210]
2025-12-28 11:59:30,570 - Epoch 49 [13.1s + 1.2s]: train==[3.28616=0.01887 + 0.02526 + 0.00001 + 3.24202], test-recall=[0.1703, 0.2433], test-ndcg=[0.1020, 0.1210]
2025-12-28 11:59:44,843 - Epoch 50 [13.1s + 1.2s]: train==[3.28564=0.01859 + 0.02527 + 0.00001 + 3.24177], test-recall=[0.1705, 0.2433], test-ndcg=[0.1017, 0.1206]
2025-12-28 11:59:59,771 - Epoch 51 [13.7s + 1.2s]: train==[3.28571=0.01859 + 0.02534 + 0.00001 + 3.24176], test-recall=[0.1708, 0.2426], test-ndcg=[0.1020, 0.1207]
2025-12-28 12:00:14,088 - Epoch 52 [13.1s + 1.2s]: train==[3.28557=0.01860 + 0.02536 + 0.00001 + 3.24161], test-recall=[0.1707, 0.2434], test-ndcg=[0.1022, 0.1212]
2025-12-28 12:00:28,517 - Epoch 53 [13.2s + 1.2s]: train==[3.28615=0.01881 + 0.02537 + 0.00001 + 3.24196], test-recall=[0.1710, 0.2433], test-ndcg=[0.1020, 0.1209]
2025-12-28 12:00:42,872 - Epoch 54 [13.1s + 1.2s]: train==[3.28566=0.01839 + 0.02547 + 0.00001 + 3.24179], test-recall=[0.1710, 0.2435], test-ndcg=[0.1023, 0.1211]
2025-12-28 12:00:57,281 - Epoch 55 [13.2s + 1.2s]: train==[3.28573=0.01866 + 0.02544 + 0.00001 + 3.24162], test-recall=[0.1701, 0.2440], test-ndcg=[0.1024, 0.1216]
2025-12-28 12:01:11,684 - Epoch 56 [13.2s + 1.2s]: train==[3.28548=0.01845 + 0.02543 + 0.00001 + 3.24158], test-recall=[0.1715, 0.2447], test-ndcg=[0.1029, 0.1219]
2025-12-28 12:01:26,253 - Epoch 57 [13.3s + 1.2s]: train==[3.28572=0.01858 + 0.02550 + 0.00001 + 3.24163], test-recall=[0.1710, 0.2443], test-ndcg=[0.1026, 0.1218]
2025-12-28 12:01:40,756 - Epoch 58 [13.2s + 1.3s]: train==[3.28582=0.01844 + 0.02551 + 0.00001 + 3.24187], test-recall=[0.1719, 0.2447], test-ndcg=[0.1030, 0.1220]
2025-12-28 12:01:55,353 - Epoch 59 [13.3s + 1.2s]: train==[3.28566=0.01830 + 0.02559 + 0.00001 + 3.24176], test-recall=[0.1728, 0.2450], test-ndcg=[0.1033, 0.1221]
2025-12-28 12:02:09,852 - Epoch 60 [13.3s + 1.2s]: train==[3.28573=0.01830 + 0.02559 + 0.00001 + 3.24183], test-recall=[0.1730, 0.2444], test-ndcg=[0.1033, 0.1219]
2025-12-28 12:02:24,889 - Epoch 61 [13.4s + 1.7s]: train==[3.28587=0.01838 + 0.02557 + 0.00001 + 3.24190], test-recall=[0.1720, 0.2441], test-ndcg=[0.1031, 0.1219]
2025-12-28 12:02:39,398 - Epoch 62 [13.3s + 1.2s]: train==[3.28558=0.01847 + 0.02559 + 0.00001 + 3.24152], test-recall=[0.1724, 0.2450], test-ndcg=[0.1033, 0.1221]
2025-12-28 12:02:53,839 - Epoch 63 [13.2s + 1.2s]: train==[3.28590=0.01824 + 0.02564 + 0.00001 + 3.24202], test-recall=[0.1718, 0.2452], test-ndcg=[0.1031, 0.1222]
2025-12-28 12:03:08,382 - Epoch 64 [13.2s + 1.3s]: train==[3.28526=0.01811 + 0.02568 + 0.00001 + 3.24146], test-recall=[0.1728, 0.2441], test-ndcg=[0.1032, 0.1218]
2025-12-28 12:03:22,769 - Epoch 65 [13.2s + 1.2s]: train==[3.28608=0.01832 + 0.02570 + 0.00001 + 3.24205], test-recall=[0.1728, 0.2450], test-ndcg=[0.1030, 0.1218]
2025-12-28 12:03:37,112 - Epoch 66 [13.1s + 1.2s]: train==[3.28570=0.01819 + 0.02571 + 0.00001 + 3.24179], test-recall=[0.1724, 0.2451], test-ndcg=[0.1031, 0.1219]
2025-12-28 12:03:51,548 - Epoch 67 [13.2s + 1.3s]: train==[3.28503=0.01769 + 0.02568 + 0.00001 + 3.24165], test-recall=[0.1727, 0.2457], test-ndcg=[0.1031, 0.1221]
2025-12-28 12:04:06,105 - Epoch 68 [13.3s + 1.3s]: train==[3.28552=0.01813 + 0.02571 + 0.00001 + 3.24167], test-recall=[0.1726, 0.2459], test-ndcg=[0.1030, 0.1221]
2025-12-28 12:04:20,623 - Epoch 69 [13.3s + 1.2s]: train==[3.28550=0.01795 + 0.02572 + 0.00001 + 3.24182], test-recall=[0.1723, 0.2447], test-ndcg=[0.1035, 0.1223]
2025-12-28 12:04:35,145 - Epoch 70 [13.3s + 1.3s]: train==[3.28556=0.01824 + 0.02569 + 0.00001 + 3.24162], test-recall=[0.1723, 0.2460], test-ndcg=[0.1035, 0.1226]
2025-12-28 12:04:49,646 - Epoch 71 [13.3s + 1.2s]: train==[3.28554=0.01795 + 0.02568 + 0.00001 + 3.24189], test-recall=[0.1709, 0.2454], test-ndcg=[0.1031, 0.1224]
2025-12-28 12:05:04,111 - Epoch 72 [13.2s + 1.2s]: train==[3.28564=0.01834 + 0.02571 + 0.00001 + 3.24158], test-recall=[0.1711, 0.2462], test-ndcg=[0.1030, 0.1225]
2025-12-28 12:05:18,769 - Epoch 73 [13.3s + 1.4s]: train==[3.28541=0.01807 + 0.02567 + 0.00001 + 3.24166], test-recall=[0.1727, 0.2444], test-ndcg=[0.1031, 0.1218]
2025-12-28 12:05:33,634 - Epoch 74 [13.6s + 1.3s]: train==[3.28559=0.01817 + 0.02572 + 0.00001 + 3.24169], test-recall=[0.1718, 0.2444], test-ndcg=[0.1030, 0.1220]
2025-12-28 12:05:48,090 - Epoch 75 [13.2s + 1.2s]: train==[3.28505=0.01773 + 0.02573 + 0.00001 + 3.24158], test-recall=[0.1739, 0.2459], test-ndcg=[0.1038, 0.1226]
2025-12-28 12:06:02,605 - Epoch 76 [13.3s + 1.2s]: train==[3.28560=0.01816 + 0.02574 + 0.00001 + 3.24168], test-recall=[0.1728, 0.2461], test-ndcg=[0.1036, 0.1226]
2025-12-28 12:06:17,045 - Epoch 77 [13.2s + 1.2s]: train==[3.28544=0.01809 + 0.02574 + 0.00001 + 3.24160], test-recall=[0.1730, 0.2456], test-ndcg=[0.1037, 0.1226]
2025-12-28 12:06:31,572 - Epoch 78 [13.3s + 1.3s]: train==[3.28515=0.01812 + 0.02572 + 0.00001 + 3.24130], test-recall=[0.1730, 0.2471], test-ndcg=[0.1038, 0.1231]
2025-12-28 12:06:46,130 - Epoch 79 [13.3s + 1.2s]: train==[3.28522=0.01798 + 0.02573 + 0.00001 + 3.24150], test-recall=[0.1738, 0.2475], test-ndcg=[0.1039, 0.1231]
2025-12-28 12:07:00,547 - Epoch 80 [13.2s + 1.2s]: train==[3.28538=0.01774 + 0.02580 + 0.00001 + 3.24183], test-recall=[0.1730, 0.2474], test-ndcg=[0.1040, 0.1232]
2025-12-28 12:07:14,975 - Epoch 81 [13.2s + 1.2s]: train==[3.28522=0.01793 + 0.02577 + 0.00001 + 3.24151], test-recall=[0.1736, 0.2459], test-ndcg=[0.1041, 0.1230]
2025-12-28 12:07:29,364 - Epoch 82 [13.2s + 1.2s]: train==[3.28529=0.01775 + 0.02580 + 0.00001 + 3.24173], test-recall=[0.1724, 0.2459], test-ndcg=[0.1035, 0.1227]
2025-12-28 12:07:43,877 - Epoch 83 [13.3s + 1.3s]: train==[3.28536=0.01772 + 0.02582 + 0.00001 + 3.24181], test-recall=[0.1731, 0.2467], test-ndcg=[0.1041, 0.1232]
2025-12-28 12:07:58,413 - Epoch 84 [13.3s + 1.3s]: train==[3.28542=0.01777 + 0.02582 + 0.00001 + 3.24181], test-recall=[0.1723, 0.2455], test-ndcg=[0.1037, 0.1227]
2025-12-28 12:08:12,835 - Epoch 85 [13.2s + 1.2s]: train==[3.28524=0.01765 + 0.02587 + 0.00001 + 3.24171], test-recall=[0.1724, 0.2453], test-ndcg=[0.1042, 0.1232]
2025-12-28 12:08:27,200 - Epoch 86 [13.1s + 1.2s]: train==[3.28542=0.01791 + 0.02582 + 0.00001 + 3.24168], test-recall=[0.1730, 0.2464], test-ndcg=[0.1041, 0.1232]
2025-12-28 12:08:41,594 - Epoch 87 [13.2s + 1.2s]: train==[3.28541=0.01811 + 0.02579 + 0.00001 + 3.24150], test-recall=[0.1731, 0.2474], test-ndcg=[0.1040, 0.1234]
2025-12-28 12:08:56,019 - Epoch 88 [13.2s + 1.2s]: train==[3.28539=0.01787 + 0.02583 + 0.00001 + 3.24167], test-recall=[0.1728, 0.2470], test-ndcg=[0.1036, 0.1229]
2025-12-28 12:09:10,426 - Epoch 89 [13.2s + 1.2s]: train==[3.28545=0.01781 + 0.02582 + 0.00001 + 3.24180], test-recall=[0.1737, 0.2474], test-ndcg=[0.1042, 0.1233]
2025-12-28 12:09:24,845 - Epoch 90 [13.2s + 1.2s]: train==[3.28524=0.01763 + 0.02583 + 0.00001 + 3.24177], test-recall=[0.1736, 0.2473], test-ndcg=[0.1038, 0.1230]
2025-12-28 12:09:39,368 - Epoch 91 [13.3s + 1.2s]: train==[3.28568=0.01793 + 0.02590 + 0.00001 + 3.24184], test-recall=[0.1731, 0.2466], test-ndcg=[0.1038, 0.1229]
2025-12-28 12:09:53,571 - Epoch 92 [13.0s + 1.2s]: train==[3.28555=0.01802 + 0.02588 + 0.00001 + 3.24165], test-recall=[0.1731, 0.2466], test-ndcg=[0.1041, 0.1233]
2025-12-28 12:10:08,023 - Epoch 93 [13.2s + 1.2s]: train==[3.28555=0.01797 + 0.02590 + 0.00001 + 3.24167], test-recall=[0.1737, 0.2464], test-ndcg=[0.1040, 0.1230]
2025-12-28 12:10:22,668 - Epoch 94 [13.4s + 1.2s]: train==[3.28562=0.01785 + 0.02593 + 0.00001 + 3.24184], test-recall=[0.1749, 0.2480], test-ndcg=[0.1042, 0.1232]
2025-12-28 12:10:37,177 - Epoch 95 [13.3s + 1.2s]: train==[3.28498=0.01753 + 0.02591 + 0.00001 + 3.24154], test-recall=[0.1742, 0.2472], test-ndcg=[0.1041, 0.1232]
2025-12-28 12:10:51,414 - Epoch 96 [13.0s + 1.2s]: train==[3.28515=0.01757 + 0.02595 + 0.00001 + 3.24161], test-recall=[0.1743, 0.2474], test-ndcg=[0.1040, 0.1230]
2025-12-28 12:11:05,947 - Epoch 97 [13.2s + 1.3s]: train==[3.28543=0.01795 + 0.02594 + 0.00001 + 3.24153], test-recall=[0.1732, 0.2470], test-ndcg=[0.1036, 0.1228]
2025-12-28 12:11:20,413 - Epoch 98 [13.2s + 1.3s]: train==[3.28495=0.01760 + 0.02593 + 0.00001 + 3.24141], test-recall=[0.1732, 0.2463], test-ndcg=[0.1039, 0.1229]
2025-12-28 12:11:34,857 - Epoch 99 [13.2s + 1.3s]: train==[3.28501=0.01766 + 0.02594 + 0.00001 + 3.24141], test-recall=[0.1736, 0.2467], test-ndcg=[0.1038, 0.1229]
2025-12-28 12:11:36,080 - Final Test Set Result: test-recall=[0.1736, 0.2467], test-ndcg=[0.1038, 0.1229]
