2025-12-27 22:54:14,501 - n_users=50821, n_items=57440	n_interactions=1302695	n_train=1172425, n_test=130270, sparsity=0.00040
2025-12-27 22:54:14,502 - Namespace(Ks='[20, 40]', ablation='wo_all_ada', batch_size=10240, cen_reg=0.005, data_path='data/', dataset='gowalla', emb_reg=2.5e-05, embed_size=32, epoch=100, lr=0.001, n_batch=40, n_intents=128, n_layers=2, output='gowalla_wo_all_ada', sample_num=40, save_model=False, seed=2022, show_step=1, ssl_reg=0.1, temp=1, train_num=10000, verbose=1)
2025-12-27 22:54:35,127 - Epoch  0 [13.6s + 1.2s]: train==[4.40895=0.37369 + 0.00466 + 0.40876 + 3.62183], test-recall=[0.0940, 0.1382], test-ndcg=[0.0533, 0.0649]
2025-12-27 22:54:49,274 - Epoch  1 [12.8s + 1.4s]: train==[3.79807=0.08277 + 0.01399 + 0.26586 + 3.43545], test-recall=[0.1188, 0.1741], test-ndcg=[0.0693, 0.0837]
2025-12-27 22:55:03,140 - Epoch  2 [12.7s + 1.1s]: train==[3.62025=0.05332 + 0.01754 + 0.24654 + 3.30285], test-recall=[0.1314, 0.1921], test-ndcg=[0.0772, 0.0930]
2025-12-27 22:55:17,009 - Epoch  3 [12.7s + 1.2s]: train==[3.58426=0.04570 + 0.01836 + 0.23631 + 3.28389], test-recall=[0.1381, 0.2011], test-ndcg=[0.0812, 0.0976]
2025-12-27 22:55:31,053 - Epoch  4 [12.8s + 1.2s]: train==[3.56311=0.04050 + 0.01896 + 0.22695 + 3.27670], test-recall=[0.1432, 0.2068], test-ndcg=[0.0840, 0.1005]
2025-12-27 22:55:44,925 - Epoch  5 [12.7s + 1.1s]: train==[3.54764=0.03709 + 0.01955 + 0.21855 + 3.27246], test-recall=[0.1457, 0.2118], test-ndcg=[0.0857, 0.1028]
2025-12-27 22:55:59,026 - Epoch  6 [12.9s + 1.2s]: train==[3.53599=0.03504 + 0.02014 + 0.21087 + 3.26994], test-recall=[0.1485, 0.2156], test-ndcg=[0.0874, 0.1047]
2025-12-27 22:56:12,917 - Epoch  7 [12.6s + 1.3s]: train==[3.52484=0.03300 + 0.02068 + 0.20386 + 3.26730], test-recall=[0.1517, 0.2178], test-ndcg=[0.0892, 0.1064]
2025-12-27 22:56:26,800 - Epoch  8 [12.7s + 1.1s]: train==[3.51590=0.03129 + 0.02114 + 0.19739 + 3.26608], test-recall=[0.1540, 0.2196], test-ndcg=[0.0907, 0.1078]
2025-12-27 22:56:40,923 - Epoch  9 [12.9s + 1.2s]: train==[3.50856=0.03055 + 0.02162 + 0.19140 + 3.26499], test-recall=[0.1553, 0.2228], test-ndcg=[0.0915, 0.1090]
2025-12-27 22:56:54,990 - Epoch 10 [12.9s + 1.2s]: train==[3.50167=0.02961 + 0.02201 + 0.18585 + 3.26420], test-recall=[0.1568, 0.2243], test-ndcg=[0.0920, 0.1096]
2025-12-27 22:57:09,086 - Epoch 11 [12.8s + 1.3s]: train==[3.49497=0.02824 + 0.02241 + 0.18069 + 3.26362], test-recall=[0.1587, 0.2246], test-ndcg=[0.0930, 0.1102]
2025-12-27 22:57:22,920 - Epoch 12 [12.7s + 1.1s]: train==[3.48990=0.02827 + 0.02278 + 0.17588 + 3.26296], test-recall=[0.1590, 0.2276], test-ndcg=[0.0936, 0.1114]
2025-12-27 22:57:36,976 - Epoch 13 [12.9s + 1.2s]: train==[3.48347=0.02663 + 0.02310 + 0.17137 + 3.26236], test-recall=[0.1601, 0.2280], test-ndcg=[0.0943, 0.1120]
2025-12-27 22:57:50,886 - Epoch 14 [12.7s + 1.2s]: train==[3.47895=0.02624 + 0.02345 + 0.16715 + 3.26210], test-recall=[0.1603, 0.2292], test-ndcg=[0.0947, 0.1127]
2025-12-27 22:58:04,832 - Epoch 15 [12.8s + 1.1s]: train==[3.47497=0.02594 + 0.02373 + 0.16318 + 3.26212], test-recall=[0.1619, 0.2309], test-ndcg=[0.0951, 0.1131]
2025-12-27 22:58:18,746 - Epoch 16 [12.8s + 1.2s]: train==[3.47031=0.02498 + 0.02405 + 0.15945 + 3.26184], test-recall=[0.1633, 0.2328], test-ndcg=[0.0957, 0.1138]
2025-12-27 22:58:32,655 - Epoch 17 [12.7s + 1.2s]: train==[3.46647=0.02437 + 0.02433 + 0.15593 + 3.26182], test-recall=[0.1639, 0.2349], test-ndcg=[0.0961, 0.1146]
2025-12-27 22:58:46,773 - Epoch 18 [13.0s + 1.2s]: train==[3.46246=0.02357 + 0.02466 + 0.15263 + 3.26160], test-recall=[0.1647, 0.2357], test-ndcg=[0.0968, 0.1153]
2025-12-27 22:59:00,682 - Epoch 19 [12.8s + 1.1s]: train==[3.45945=0.02382 + 0.02490 + 0.14949 + 3.26124], test-recall=[0.1648, 0.2375], test-ndcg=[0.0973, 0.1161]
2025-12-27 22:59:14,429 - Epoch 20 [12.6s + 1.1s]: train==[3.45611=0.02308 + 0.02508 + 0.14651 + 3.26143], test-recall=[0.1646, 0.2370], test-ndcg=[0.0973, 0.1160]
2025-12-27 22:59:28,249 - Epoch 21 [12.7s + 1.1s]: train==[3.45323=0.02297 + 0.02534 + 0.14369 + 3.26123], test-recall=[0.1660, 0.2395], test-ndcg=[0.0980, 0.1170]
2025-12-27 22:59:42,083 - Epoch 22 [12.7s + 1.1s]: train==[3.45031=0.02244 + 0.02553 + 0.14101 + 3.26133], test-recall=[0.1669, 0.2400], test-ndcg=[0.0982, 0.1171]
2025-12-27 22:59:56,035 - Epoch 23 [12.8s + 1.2s]: train==[3.44735=0.02240 + 0.02574 + 0.13846 + 3.26075], test-recall=[0.1683, 0.2409], test-ndcg=[0.0991, 0.1179]
2025-12-27 23:00:10,105 - Epoch 24 [12.9s + 1.1s]: train==[3.44548=0.02208 + 0.02597 + 0.13603 + 3.26139], test-recall=[0.1690, 0.2416], test-ndcg=[0.0995, 0.1183]
2025-12-27 23:00:23,958 - Epoch 25 [12.7s + 1.1s]: train==[3.44246=0.02152 + 0.02616 + 0.13371 + 3.26106], test-recall=[0.1689, 0.2430], test-ndcg=[0.0994, 0.1186]
2025-12-27 23:00:37,859 - Epoch 26 [12.8s + 1.1s]: train==[3.44016=0.02158 + 0.02633 + 0.13149 + 3.26075], test-recall=[0.1693, 0.2427], test-ndcg=[0.0999, 0.1190]
2025-12-27 23:00:51,977 - Epoch 27 [13.0s + 1.2s]: train==[3.43902=0.02160 + 0.02650 + 0.12937 + 3.26155], test-recall=[0.1696, 0.2419], test-ndcg=[0.1000, 0.1188]
2025-12-27 23:01:06,056 - Epoch 28 [12.9s + 1.2s]: train==[3.43612=0.02111 + 0.02668 + 0.12734 + 3.26099], test-recall=[0.1692, 0.2432], test-ndcg=[0.0999, 0.1192]
2025-12-27 23:01:20,084 - Epoch 29 [12.9s + 1.1s]: train==[3.43411=0.02068 + 0.02684 + 0.12540 + 3.26119], test-recall=[0.1714, 0.2442], test-ndcg=[0.1008, 0.1197]
2025-12-27 23:01:33,993 - Epoch 30 [12.8s + 1.1s]: train==[3.43252=0.02051 + 0.02699 + 0.12353 + 3.26149], test-recall=[0.1720, 0.2448], test-ndcg=[0.1008, 0.1197]
2025-12-27 23:01:47,856 - Epoch 31 [12.7s + 1.1s]: train==[3.43076=0.02045 + 0.02713 + 0.12175 + 3.26143], test-recall=[0.1726, 0.2456], test-ndcg=[0.1010, 0.1201]
2025-12-27 23:02:01,755 - Epoch 32 [12.7s + 1.2s]: train==[3.42887=0.02016 + 0.02731 + 0.12003 + 3.26136], test-recall=[0.1729, 0.2471], test-ndcg=[0.1013, 0.1206]
2025-12-27 23:02:15,744 - Epoch 33 [12.8s + 1.2s]: train==[3.42725=0.02021 + 0.02746 + 0.11838 + 3.26120], test-recall=[0.1723, 0.2469], test-ndcg=[0.1014, 0.1207]
2025-12-27 23:02:29,794 - Epoch 34 [12.9s + 1.2s]: train==[3.42588=0.02017 + 0.02761 + 0.11679 + 3.26131], test-recall=[0.1725, 0.2467], test-ndcg=[0.1015, 0.1208]
2025-12-27 23:02:43,755 - Epoch 35 [12.8s + 1.2s]: train==[3.42425=0.01998 + 0.02774 + 0.11526 + 3.26128], test-recall=[0.1727, 0.2485], test-ndcg=[0.1016, 0.1212]
2025-12-27 23:02:57,662 - Epoch 36 [12.8s + 1.1s]: train==[3.42287=0.02003 + 0.02786 + 0.11378 + 3.26120], test-recall=[0.1738, 0.2478], test-ndcg=[0.1020, 0.1213]
2025-12-27 23:03:11,154 - Epoch 37 [12.3s + 1.2s]: train==[3.42112=0.01920 + 0.02798 + 0.11236 + 3.26158], test-recall=[0.1739, 0.2492], test-ndcg=[0.1020, 0.1216]
2025-12-27 23:03:25,094 - Epoch 38 [12.8s + 1.2s]: train==[3.42007=0.01945 + 0.02811 + 0.11098 + 3.26154], test-recall=[0.1727, 0.2494], test-ndcg=[0.1021, 0.1220]
2025-12-27 23:03:39,100 - Epoch 39 [12.9s + 1.1s]: train==[3.41842=0.01882 + 0.02822 + 0.10965 + 3.26172], test-recall=[0.1748, 0.2490], test-ndcg=[0.1027, 0.1220]
2025-12-27 23:03:53,015 - Epoch 40 [12.8s + 1.1s]: train==[3.41706=0.01885 + 0.02832 + 0.10837 + 3.26152], test-recall=[0.1756, 0.2490], test-ndcg=[0.1030, 0.1222]
2025-12-27 23:04:06,918 - Epoch 41 [12.8s + 1.1s]: train==[3.41637=0.01882 + 0.02842 + 0.10712 + 3.26201], test-recall=[0.1755, 0.2479], test-ndcg=[0.1030, 0.1220]
2025-12-27 23:04:20,774 - Epoch 42 [12.7s + 1.1s]: train==[3.41469=0.01856 + 0.02848 + 0.10592 + 3.26172], test-recall=[0.1756, 0.2488], test-ndcg=[0.1033, 0.1224]
2025-12-27 23:04:34,690 - Epoch 43 [12.8s + 1.1s]: train==[3.41437=0.01916 + 0.02858 + 0.10476 + 3.26187], test-recall=[0.1753, 0.2490], test-ndcg=[0.1037, 0.1229]
2025-12-27 23:04:48,745 - Epoch 44 [12.9s + 1.2s]: train==[3.41305=0.01859 + 0.02867 + 0.10363 + 3.26216], test-recall=[0.1754, 0.2509], test-ndcg=[0.1036, 0.1231]
2025-12-27 23:05:02,729 - Epoch 45 [12.8s + 1.2s]: train==[3.41161=0.01861 + 0.02878 + 0.10254 + 3.26168], test-recall=[0.1752, 0.2500], test-ndcg=[0.1035, 0.1230]
2025-12-27 23:05:16,654 - Epoch 46 [12.8s + 1.2s]: train==[3.41144=0.01865 + 0.02883 + 0.10148 + 3.26248], test-recall=[0.1758, 0.2509], test-ndcg=[0.1036, 0.1232]
2025-12-27 23:05:30,536 - Epoch 47 [12.7s + 1.2s]: train==[3.41059=0.01899 + 0.02892 + 0.10045 + 3.26223], test-recall=[0.1764, 0.2517], test-ndcg=[0.1037, 0.1233]
2025-12-27 23:05:44,454 - Epoch 48 [12.8s + 1.2s]: train==[3.40888=0.01810 + 0.02901 + 0.09945 + 3.26232], test-recall=[0.1764, 0.2521], test-ndcg=[0.1039, 0.1236]
2025-12-27 23:05:58,399 - Epoch 49 [12.8s + 1.2s]: train==[3.40854=0.01853 + 0.02915 + 0.09848 + 3.26238], test-recall=[0.1755, 0.2528], test-ndcg=[0.1034, 0.1234]
2025-12-27 23:06:12,422 - Epoch 50 [12.9s + 1.1s]: train==[3.40716=0.01810 + 0.02919 + 0.09753 + 3.26233], test-recall=[0.1763, 0.2529], test-ndcg=[0.1036, 0.1235]
2025-12-27 23:06:26,382 - Epoch 51 [12.8s + 1.2s]: train==[3.40636=0.01838 + 0.02930 + 0.09662 + 3.26206], test-recall=[0.1766, 0.2522], test-ndcg=[0.1039, 0.1236]
2025-12-27 23:06:40,381 - Epoch 52 [12.8s + 1.2s]: train==[3.40569=0.01818 + 0.02939 + 0.09572 + 3.26240], test-recall=[0.1773, 0.2530], test-ndcg=[0.1046, 0.1243]
2025-12-27 23:06:54,344 - Epoch 53 [12.8s + 1.2s]: train==[3.40503=0.01831 + 0.02945 + 0.09485 + 3.26241], test-recall=[0.1769, 0.2531], test-ndcg=[0.1045, 0.1243]
2025-12-27 23:07:08,392 - Epoch 54 [12.9s + 1.2s]: train==[3.40416=0.01791 + 0.02956 + 0.09400 + 3.26269], test-recall=[0.1767, 0.2535], test-ndcg=[0.1047, 0.1246]
2025-12-27 23:07:22,553 - Epoch 55 [13.0s + 1.1s]: train==[3.40369=0.01823 + 0.02965 + 0.09318 + 3.26263], test-recall=[0.1780, 0.2527], test-ndcg=[0.1053, 0.1247]
2025-12-27 23:07:36,553 - Epoch 56 [12.8s + 1.2s]: train==[3.40264=0.01793 + 0.02972 + 0.09238 + 3.26260], test-recall=[0.1799, 0.2532], test-ndcg=[0.1057, 0.1248]
2025-12-27 23:07:50,528 - Epoch 57 [12.8s + 1.2s]: train==[3.40194=0.01800 + 0.02979 + 0.09160 + 3.26255], test-recall=[0.1790, 0.2535], test-ndcg=[0.1055, 0.1249]
2025-12-27 23:08:04,418 - Epoch 58 [12.7s + 1.1s]: train==[3.40164=0.01795 + 0.02985 + 0.09084 + 3.26300], test-recall=[0.1794, 0.2545], test-ndcg=[0.1058, 0.1254]
2025-12-27 23:08:18,448 - Epoch 59 [12.9s + 1.2s]: train==[3.40082=0.01784 + 0.02996 + 0.09010 + 3.26293], test-recall=[0.1796, 0.2544], test-ndcg=[0.1058, 0.1253]
2025-12-27 23:08:32,536 - Epoch 60 [12.9s + 1.2s]: train==[3.40013=0.01740 + 0.03005 + 0.08938 + 3.26331], test-recall=[0.1795, 0.2554], test-ndcg=[0.1057, 0.1255]
2025-12-27 23:08:46,462 - Epoch 61 [12.8s + 1.2s]: train==[3.39939=0.01767 + 0.03010 + 0.08867 + 3.26295], test-recall=[0.1790, 0.2550], test-ndcg=[0.1058, 0.1256]
2025-12-27 23:09:00,346 - Epoch 62 [12.7s + 1.1s]: train==[3.39880=0.01782 + 0.03017 + 0.08798 + 3.26283], test-recall=[0.1792, 0.2555], test-ndcg=[0.1058, 0.1256]
2025-12-27 23:09:14,200 - Epoch 63 [12.7s + 1.1s]: train==[3.39844=0.01743 + 0.03023 + 0.08730 + 3.26347], test-recall=[0.1791, 0.2555], test-ndcg=[0.1059, 0.1257]
2025-12-27 23:09:27,994 - Epoch 64 [12.6s + 1.2s]: train==[3.39722=0.01729 + 0.03034 + 0.08665 + 3.26295], test-recall=[0.1790, 0.2552], test-ndcg=[0.1060, 0.1258]
2025-12-27 23:09:41,914 - Epoch 65 [12.8s + 1.1s]: train==[3.39765=0.01774 + 0.03039 + 0.08600 + 3.26352], test-recall=[0.1792, 0.2556], test-ndcg=[0.1060, 0.1258]
2025-12-27 23:09:55,835 - Epoch 66 [12.8s + 1.1s]: train==[3.39665=0.01744 + 0.03041 + 0.08537 + 3.26342], test-recall=[0.1798, 0.2559], test-ndcg=[0.1063, 0.1261]
2025-12-27 23:10:09,685 - Epoch 67 [12.7s + 1.1s]: train==[3.39573=0.01681 + 0.03046 + 0.08476 + 3.26370], test-recall=[0.1805, 0.2563], test-ndcg=[0.1063, 0.1261]
2025-12-27 23:10:23,614 - Epoch 68 [12.7s + 1.2s]: train==[3.39539=0.01742 + 0.03056 + 0.08417 + 3.26324], test-recall=[0.1802, 0.2561], test-ndcg=[0.1063, 0.1261]
2025-12-27 23:10:37,375 - Epoch 69 [12.6s + 1.1s]: train==[3.39499=0.01723 + 0.03058 + 0.08358 + 3.26361], test-recall=[0.1807, 0.2554], test-ndcg=[0.1068, 0.1263]
2025-12-27 23:10:51,196 - Epoch 70 [12.7s + 1.1s]: train==[3.39440=0.01739 + 0.03061 + 0.08300 + 3.26340], test-recall=[0.1803, 0.2560], test-ndcg=[0.1067, 0.1265]
2025-12-27 23:11:05,519 - Epoch 71 [13.2s + 1.2s]: train==[3.39392=0.01709 + 0.03063 + 0.08244 + 3.26376], test-recall=[0.1795, 0.2552], test-ndcg=[0.1066, 0.1264]
2025-12-27 23:11:19,464 - Epoch 72 [12.8s + 1.1s]: train==[3.39387=0.01746 + 0.03068 + 0.08189 + 3.26384], test-recall=[0.1794, 0.2550], test-ndcg=[0.1064, 0.1261]
2025-12-27 23:11:33,335 - Epoch 73 [12.7s + 1.1s]: train==[3.39310=0.01729 + 0.03073 + 0.08135 + 3.26374], test-recall=[0.1802, 0.2564], test-ndcg=[0.1064, 0.1263]
2025-12-27 23:11:47,155 - Epoch 74 [12.7s + 1.1s]: train==[3.39256=0.01716 + 0.03080 + 0.08083 + 3.26377], test-recall=[0.1811, 0.2569], test-ndcg=[0.1068, 0.1266]
2025-12-27 23:12:00,915 - Epoch 75 [12.6s + 1.1s]: train==[3.39155=0.01685 + 0.03082 + 0.08031 + 3.26357], test-recall=[0.1823, 0.2564], test-ndcg=[0.1073, 0.1267]
2025-12-27 23:12:14,806 - Epoch 76 [12.7s + 1.2s]: train==[3.39183=0.01717 + 0.03085 + 0.07980 + 3.26401], test-recall=[0.1815, 0.2570], test-ndcg=[0.1072, 0.1269]
2025-12-27 23:12:28,709 - Epoch 77 [12.8s + 1.1s]: train==[3.39129=0.01710 + 0.03091 + 0.07930 + 3.26397], test-recall=[0.1802, 0.2576], test-ndcg=[0.1068, 0.1269]
2025-12-27 23:12:42,543 - Epoch 78 [12.7s + 1.1s]: train==[3.39029=0.01700 + 0.03095 + 0.07882 + 3.26351], test-recall=[0.1814, 0.2571], test-ndcg=[0.1072, 0.1270]
2025-12-27 23:12:56,519 - Epoch 79 [12.8s + 1.2s]: train==[3.39036=0.01706 + 0.03096 + 0.07834 + 3.26400], test-recall=[0.1815, 0.2571], test-ndcg=[0.1073, 0.1270]
2025-12-27 23:13:10,462 - Epoch 80 [12.8s + 1.1s]: train==[3.38987=0.01671 + 0.03105 + 0.07788 + 3.26422], test-recall=[0.1815, 0.2583], test-ndcg=[0.1072, 0.1272]
2025-12-27 23:13:24,375 - Epoch 81 [12.7s + 1.2s]: train==[3.38948=0.01702 + 0.03108 + 0.07742 + 3.26395], test-recall=[0.1822, 0.2591], test-ndcg=[0.1071, 0.1271]
2025-12-27 23:13:38,311 - Epoch 82 [12.8s + 1.1s]: train==[3.38932=0.01670 + 0.03113 + 0.07697 + 3.26453], test-recall=[0.1817, 0.2586], test-ndcg=[0.1071, 0.1271]
2025-12-27 23:13:52,008 - Epoch 83 [12.6s + 1.1s]: train==[3.38884=0.01668 + 0.03123 + 0.07653 + 3.26440], test-recall=[0.1824, 0.2588], test-ndcg=[0.1076, 0.1275]
2025-12-27 23:14:05,889 - Epoch 84 [12.7s + 1.1s]: train==[3.38834=0.01667 + 0.03125 + 0.07610 + 3.26434], test-recall=[0.1823, 0.2581], test-ndcg=[0.1076, 0.1273]
2025-12-27 23:14:20,012 - Epoch 85 [13.0s + 1.2s]: train==[3.38768=0.01659 + 0.03127 + 0.07567 + 3.26414], test-recall=[0.1816, 0.2578], test-ndcg=[0.1074, 0.1272]
2025-12-27 23:14:33,946 - Epoch 86 [12.8s + 1.1s]: train==[3.38801=0.01698 + 0.03128 + 0.07525 + 3.26451], test-recall=[0.1826, 0.2576], test-ndcg=[0.1076, 0.1272]
2025-12-27 23:14:47,698 - Epoch 87 [12.6s + 1.1s]: train==[3.38764=0.01711 + 0.03132 + 0.07484 + 3.26437], test-recall=[0.1825, 0.2577], test-ndcg=[0.1076, 0.1272]
2025-12-27 23:15:01,619 - Epoch 88 [12.8s + 1.1s]: train==[3.38694=0.01667 + 0.03136 + 0.07444 + 3.26447], test-recall=[0.1827, 0.2580], test-ndcg=[0.1073, 0.1269]
2025-12-27 23:15:15,515 - Epoch 89 [12.8s + 1.1s]: train==[3.38674=0.01658 + 0.03138 + 0.07404 + 3.26474], test-recall=[0.1823, 0.2583], test-ndcg=[0.1074, 0.1272]
2025-12-27 23:15:29,372 - Epoch 90 [12.7s + 1.1s]: train==[3.38623=0.01646 + 0.03141 + 0.07365 + 3.26470], test-recall=[0.1820, 0.2579], test-ndcg=[0.1071, 0.1269]
2025-12-27 23:15:43,242 - Epoch 91 [12.7s + 1.1s]: train==[3.38641=0.01688 + 0.03148 + 0.07327 + 3.26478], test-recall=[0.1815, 0.2575], test-ndcg=[0.1070, 0.1267]
2025-12-27 23:15:57,074 - Epoch 92 [12.7s + 1.1s]: train==[3.38601=0.01681 + 0.03149 + 0.07290 + 3.26482], test-recall=[0.1815, 0.2577], test-ndcg=[0.1072, 0.1271]
2025-12-27 23:16:11,087 - Epoch 93 [12.9s + 1.1s]: train==[3.38574=0.01682 + 0.03156 + 0.07253 + 3.26483], test-recall=[0.1823, 0.2590], test-ndcg=[0.1075, 0.1275]
2025-12-27 23:16:25,171 - Epoch 94 [12.9s + 1.2s]: train==[3.38568=0.01680 + 0.03161 + 0.07216 + 3.26511], test-recall=[0.1833, 0.2587], test-ndcg=[0.1078, 0.1275]
2025-12-27 23:16:39,232 - Epoch 95 [12.9s + 1.1s]: train==[3.38424=0.01621 + 0.03162 + 0.07181 + 3.26460], test-recall=[0.1829, 0.2593], test-ndcg=[0.1079, 0.1278]
2025-12-27 23:16:53,161 - Epoch 96 [12.8s + 1.2s]: train==[3.38439=0.01643 + 0.03170 + 0.07146 + 3.26481], test-recall=[0.1826, 0.2597], test-ndcg=[0.1078, 0.1278]
2025-12-27 23:17:07,106 - Epoch 97 [12.8s + 1.1s]: train==[3.38475=0.01688 + 0.03175 + 0.07111 + 3.26501], test-recall=[0.1829, 0.2590], test-ndcg=[0.1079, 0.1277]
2025-12-27 23:17:21,064 - Epoch 98 [12.8s + 1.2s]: train==[3.38377=0.01643 + 0.03176 + 0.07077 + 3.26481], test-recall=[0.1827, 0.2589], test-ndcg=[0.1079, 0.1277]
2025-12-27 23:17:34,794 - Epoch 99 [12.6s + 1.1s]: train==[3.38352=0.01643 + 0.03178 + 0.07044 + 3.26487], test-recall=[0.1832, 0.2584], test-ndcg=[0.1077, 0.1274]
2025-12-27 23:17:35,907 - Final Test Set Result: test-recall=[0.1832, 0.2584], test-ndcg=[0.1077, 0.1274]
