2025-12-27 23:39:11,248 - n_users=50821, n_items=57440	n_interactions=1302695	n_train=1172425, n_test=130270, sparsity=0.00040
2025-12-27 23:39:11,248 - Namespace(Ks='[20, 40]', ablation='wo_local_r', batch_size=10240, cen_reg=0.005, data_path='data/', dataset='gowalla', emb_reg=2.5e-05, embed_size=32, epoch=100, lr=0.001, n_batch=40, n_intents=128, n_layers=2, output='gowalla_wo_local_r', sample_num=40, save_model=False, seed=2022, show_step=1, ssl_reg=0.1, temp=1, train_num=10000, verbose=1)
2025-12-27 23:39:30,227 - Epoch  0 [12.4s + 1.1s]: train==[11.36156=0.47128 + 0.00538 + 0.43044 + 10.45446], test-recall=[0.1240, 0.1810], test-ndcg=[0.0732, 0.0879]
2025-12-27 23:39:43,113 - Epoch  1 [11.5s + 1.4s]: train==[10.67726=0.10543 + 0.02170 + 0.37121 + 10.17893], test-recall=[0.1305, 0.1881], test-ndcg=[0.0766, 0.0916]
2025-12-27 23:39:55,829 - Epoch  2 [11.6s + 1.1s]: train==[10.60381=0.06364 + 0.02902 + 0.35300 + 10.15815], test-recall=[0.1358, 0.1939], test-ndcg=[0.0798, 0.0950]
2025-12-27 23:40:08,544 - Epoch  3 [11.6s + 1.1s]: train==[10.56912=0.05471 + 0.03171 + 0.33232 + 10.15038], test-recall=[0.1393, 0.2002], test-ndcg=[0.0819, 0.0978]
2025-12-27 23:40:21,271 - Epoch  4 [11.6s + 1.1s]: train==[10.53832=0.04880 + 0.03334 + 0.31102 + 10.14516], test-recall=[0.1423, 0.2046], test-ndcg=[0.0836, 0.0998]
2025-12-27 23:40:33,919 - Epoch  5 [11.5s + 1.1s]: train==[10.51290=0.04480 + 0.03450 + 0.29024 + 10.14336], test-recall=[0.1439, 0.2086], test-ndcg=[0.0848, 0.1016]
2025-12-27 23:40:46,684 - Epoch  6 [11.6s + 1.1s]: train==[10.49049=0.04250 + 0.03544 + 0.27092 + 10.14161], test-recall=[0.1459, 0.2105], test-ndcg=[0.0861, 0.1028]
2025-12-27 23:40:59,370 - Epoch  7 [11.4s + 1.3s]: train==[10.46901=0.04032 + 0.03620 + 0.25357 + 10.13892], test-recall=[0.1477, 0.2132], test-ndcg=[0.0872, 0.1042]
2025-12-27 23:41:12,035 - Epoch  8 [11.5s + 1.1s]: train==[10.45202=0.03857 + 0.03680 + 0.23824 + 10.13841], test-recall=[0.1492, 0.2145], test-ndcg=[0.0882, 0.1052]
2025-12-27 23:41:24,664 - Epoch  9 [11.5s + 1.1s]: train==[10.43625=0.03745 + 0.03736 + 0.22471 + 10.13674], test-recall=[0.1499, 0.2156], test-ndcg=[0.0886, 0.1057]
2025-12-27 23:41:37,305 - Epoch 10 [11.5s + 1.2s]: train==[10.42357=0.03651 + 0.03779 + 0.21278 + 10.13649], test-recall=[0.1504, 0.2172], test-ndcg=[0.0890, 0.1063]
2025-12-27 23:41:50,179 - Epoch 11 [11.6s + 1.3s]: train==[10.41130=0.03517 + 0.03831 + 0.20239 + 10.13543], test-recall=[0.1517, 0.2183], test-ndcg=[0.0897, 0.1069]
2025-12-27 23:42:02,862 - Epoch 12 [11.5s + 1.1s]: train==[10.40090=0.03483 + 0.03869 + 0.19325 + 10.13414], test-recall=[0.1525, 0.2198], test-ndcg=[0.0903, 0.1077]
2025-12-27 23:42:15,564 - Epoch 13 [11.6s + 1.1s]: train==[10.39123=0.03342 + 0.03898 + 0.18506 + 10.13377], test-recall=[0.1528, 0.2210], test-ndcg=[0.0906, 0.1084]
2025-12-27 23:42:28,213 - Epoch 14 [11.5s + 1.1s]: train==[10.38422=0.03291 + 0.03938 + 0.17778 + 10.13415], test-recall=[0.1543, 0.2218], test-ndcg=[0.0912, 0.1088]
2025-12-27 23:42:40,968 - Epoch 15 [11.6s + 1.1s]: train==[10.37734=0.03259 + 0.03970 + 0.17126 + 10.13380], test-recall=[0.1546, 0.2225], test-ndcg=[0.0915, 0.1091]
2025-12-27 23:42:53,635 - Epoch 16 [11.5s + 1.1s]: train==[10.36983=0.03152 + 0.03995 + 0.16537 + 10.13300], test-recall=[0.1558, 0.2233], test-ndcg=[0.0918, 0.1094]
2025-12-27 23:43:06,357 - Epoch 17 [11.5s + 1.2s]: train==[10.36436=0.03111 + 0.04022 + 0.16003 + 10.13300], test-recall=[0.1558, 0.2252], test-ndcg=[0.0922, 0.1102]
2025-12-27 23:43:19,078 - Epoch 18 [11.6s + 1.1s]: train==[10.35867=0.03036 + 0.04055 + 0.15518 + 10.13259], test-recall=[0.1569, 0.2265], test-ndcg=[0.0926, 0.1106]
2025-12-27 23:43:31,891 - Epoch 19 [11.6s + 1.2s]: train==[10.35440=0.03051 + 0.04080 + 0.15073 + 10.13236], test-recall=[0.1571, 0.2266], test-ndcg=[0.0929, 0.1109]
2025-12-27 23:43:44,712 - Epoch 20 [11.7s + 1.1s]: train==[10.35016=0.02965 + 0.04095 + 0.14664 + 10.13291], test-recall=[0.1570, 0.2271], test-ndcg=[0.0928, 0.1109]
2025-12-27 23:43:57,504 - Epoch 21 [11.6s + 1.2s]: train==[10.34601=0.02967 + 0.04125 + 0.14288 + 10.13222], test-recall=[0.1582, 0.2273], test-ndcg=[0.0935, 0.1114]
2025-12-27 23:44:10,294 - Epoch 22 [11.6s + 1.2s]: train==[10.34155=0.02891 + 0.04138 + 0.13938 + 10.13188], test-recall=[0.1586, 0.2275], test-ndcg=[0.0934, 0.1113]
2025-12-27 23:44:23,023 - Epoch 23 [11.6s + 1.1s]: train==[10.33721=0.02908 + 0.04155 + 0.13612 + 10.13045], test-recall=[0.1586, 0.2285], test-ndcg=[0.0938, 0.1119]
2025-12-27 23:44:35,781 - Epoch 24 [11.6s + 1.1s]: train==[10.33596=0.02884 + 0.04177 + 0.13309 + 10.13227], test-recall=[0.1583, 0.2285], test-ndcg=[0.0938, 0.1120]
2025-12-27 23:44:48,516 - Epoch 25 [11.6s + 1.2s]: train==[10.33164=0.02832 + 0.04190 + 0.13025 + 10.13117], test-recall=[0.1587, 0.2290], test-ndcg=[0.0941, 0.1123]
2025-12-27 23:45:01,323 - Epoch 26 [11.7s + 1.2s]: train==[10.32928=0.02824 + 0.04208 + 0.12759 + 10.13137], test-recall=[0.1588, 0.2287], test-ndcg=[0.0939, 0.1121]
2025-12-27 23:45:14,080 - Epoch 27 [11.6s + 1.1s]: train==[10.32779=0.02819 + 0.04228 + 0.12509 + 10.13224], test-recall=[0.1584, 0.2291], test-ndcg=[0.0939, 0.1123]
2025-12-27 23:45:26,777 - Epoch 28 [11.6s + 1.1s]: train==[10.32405=0.02790 + 0.04243 + 0.12272 + 10.13100], test-recall=[0.1597, 0.2293], test-ndcg=[0.0944, 0.1125]
2025-12-27 23:45:39,420 - Epoch 29 [11.5s + 1.1s]: train==[10.32212=0.02749 + 0.04258 + 0.12050 + 10.13155], test-recall=[0.1604, 0.2300], test-ndcg=[0.0947, 0.1128]
2025-12-27 23:45:52,097 - Epoch 30 [11.5s + 1.1s]: train==[10.32055=0.02732 + 0.04273 + 0.11840 + 10.13210], test-recall=[0.1609, 0.2311], test-ndcg=[0.0949, 0.1131]
2025-12-27 23:46:04,780 - Epoch 31 [11.5s + 1.1s]: train==[10.31820=0.02727 + 0.04283 + 0.11640 + 10.13170], test-recall=[0.1606, 0.2319], test-ndcg=[0.0947, 0.1132]
2025-12-27 23:46:17,597 - Epoch 32 [11.7s + 1.1s]: train==[10.31635=0.02710 + 0.04298 + 0.11450 + 10.13177], test-recall=[0.1607, 0.2318], test-ndcg=[0.0950, 0.1134]
2025-12-27 23:46:30,307 - Epoch 33 [11.6s + 1.1s]: train==[10.31402=0.02708 + 0.04314 + 0.11269 + 10.13111], test-recall=[0.1608, 0.2315], test-ndcg=[0.0953, 0.1137]
2025-12-27 23:46:43,016 - Epoch 34 [11.6s + 1.1s]: train==[10.31205=0.02691 + 0.04327 + 0.11097 + 10.13089], test-recall=[0.1619, 0.2312], test-ndcg=[0.0953, 0.1133]
2025-12-27 23:46:55,734 - Epoch 35 [11.6s + 1.1s]: train==[10.31043=0.02684 + 0.04339 + 0.10933 + 10.13088], test-recall=[0.1620, 0.2319], test-ndcg=[0.0955, 0.1137]
2025-12-27 23:47:08,372 - Epoch 36 [11.5s + 1.1s]: train==[10.30895=0.02687 + 0.04353 + 0.10777 + 10.13078], test-recall=[0.1623, 0.2319], test-ndcg=[0.0955, 0.1136]
2025-12-27 23:47:21,074 - Epoch 37 [11.5s + 1.2s]: train==[10.30743=0.02620 + 0.04364 + 0.10628 + 10.13132], test-recall=[0.1624, 0.2335], test-ndcg=[0.0956, 0.1141]
2025-12-27 23:47:33,895 - Epoch 38 [11.7s + 1.1s]: train==[10.30635=0.02631 + 0.04375 + 0.10485 + 10.13145], test-recall=[0.1621, 0.2340], test-ndcg=[0.0957, 0.1144]
2025-12-27 23:47:46,636 - Epoch 39 [11.6s + 1.1s]: train==[10.30431=0.02576 + 0.04382 + 0.10347 + 10.13126], test-recall=[0.1627, 0.2341], test-ndcg=[0.0961, 0.1147]
2025-12-27 23:47:59,352 - Epoch 40 [11.6s + 1.1s]: train==[10.30287=0.02554 + 0.04391 + 0.10215 + 10.13127], test-recall=[0.1631, 0.2347], test-ndcg=[0.0963, 0.1150]
2025-12-27 23:48:12,092 - Epoch 41 [11.6s + 1.1s]: train==[10.30278=0.02569 + 0.04404 + 0.10088 + 10.13218], test-recall=[0.1629, 0.2338], test-ndcg=[0.0962, 0.1147]
2025-12-27 23:48:24,773 - Epoch 42 [11.5s + 1.1s]: train==[10.30057=0.02552 + 0.04406 + 0.09966 + 10.13133], test-recall=[0.1631, 0.2339], test-ndcg=[0.0962, 0.1147]
2025-12-27 23:48:37,466 - Epoch 43 [11.6s + 1.1s]: train==[10.30034=0.02594 + 0.04413 + 0.09848 + 10.13180], test-recall=[0.1627, 0.2341], test-ndcg=[0.0964, 0.1149]
2025-12-27 23:48:50,293 - Epoch 44 [11.7s + 1.1s]: train==[10.29889=0.02544 + 0.04426 + 0.09735 + 10.13184], test-recall=[0.1631, 0.2344], test-ndcg=[0.0964, 0.1150]
2025-12-27 23:49:03,049 - Epoch 45 [11.6s + 1.1s]: train==[10.29711=0.02552 + 0.04433 + 0.09626 + 10.13100], test-recall=[0.1637, 0.2341], test-ndcg=[0.0965, 0.1149]
2025-12-27 23:49:15,740 - Epoch 46 [11.6s + 1.1s]: train==[10.29781=0.02543 + 0.04441 + 0.09521 + 10.13276], test-recall=[0.1636, 0.2352], test-ndcg=[0.0965, 0.1151]
2025-12-27 23:49:28,413 - Epoch 47 [11.5s + 1.1s]: train==[10.29662=0.02580 + 0.04450 + 0.09420 + 10.13212], test-recall=[0.1650, 0.2359], test-ndcg=[0.0968, 0.1153]
2025-12-27 23:49:41,043 - Epoch 48 [11.5s + 1.1s]: train==[10.29477=0.02490 + 0.04459 + 0.09322 + 10.13207], test-recall=[0.1641, 0.2357], test-ndcg=[0.0968, 0.1154]
2025-12-27 23:49:53,752 - Epoch 49 [11.6s + 1.1s]: train==[10.29497=0.02540 + 0.04472 + 0.09227 + 10.13258], test-recall=[0.1641, 0.2363], test-ndcg=[0.0967, 0.1155]
2025-12-27 23:50:06,562 - Epoch 50 [11.6s + 1.2s]: train==[10.29299=0.02506 + 0.04474 + 0.09135 + 10.13184], test-recall=[0.1640, 0.2363], test-ndcg=[0.0966, 0.1154]
2025-12-27 23:50:19,476 - Epoch 51 [11.8s + 1.1s]: train==[10.29232=0.02516 + 0.04485 + 0.09047 + 10.13184], test-recall=[0.1647, 0.2363], test-ndcg=[0.0971, 0.1157]
2025-12-27 23:50:32,250 - Epoch 52 [11.6s + 1.2s]: train==[10.29084=0.02504 + 0.04494 + 0.08961 + 10.13125], test-recall=[0.1639, 0.2361], test-ndcg=[0.0971, 0.1159]
2025-12-27 23:50:44,993 - Epoch 53 [11.6s + 1.1s]: train==[10.29166=0.02536 + 0.04498 + 0.08877 + 10.13255], test-recall=[0.1640, 0.2365], test-ndcg=[0.0972, 0.1160]
2025-12-27 23:50:57,712 - Epoch 54 [11.6s + 1.1s]: train==[10.29016=0.02493 + 0.04509 + 0.08796 + 10.13218], test-recall=[0.1648, 0.2367], test-ndcg=[0.0975, 0.1162]
2025-12-27 23:51:10,425 - Epoch 55 [11.6s + 1.2s]: train==[10.28916=0.02510 + 0.04517 + 0.08718 + 10.13172], test-recall=[0.1653, 0.2380], test-ndcg=[0.0976, 0.1165]
2025-12-27 23:51:23,175 - Epoch 56 [11.6s + 1.2s]: train==[10.28805=0.02482 + 0.04520 + 0.08642 + 10.13162], test-recall=[0.1658, 0.2372], test-ndcg=[0.0978, 0.1164]
2025-12-27 23:51:36,085 - Epoch 57 [11.8s + 1.1s]: train==[10.28794=0.02492 + 0.04528 + 0.08568 + 10.13206], test-recall=[0.1655, 0.2367], test-ndcg=[0.0978, 0.1164]
2025-12-27 23:51:48,850 - Epoch 58 [11.6s + 1.1s]: train==[10.28798=0.02488 + 0.04532 + 0.08496 + 10.13281], test-recall=[0.1661, 0.2370], test-ndcg=[0.0983, 0.1167]
2025-12-27 23:52:01,600 - Epoch 59 [11.6s + 1.1s]: train==[10.28682=0.02457 + 0.04546 + 0.08427 + 10.13252], test-recall=[0.1664, 0.2370], test-ndcg=[0.0982, 0.1166]
2025-12-27 23:52:14,329 - Epoch 60 [11.6s + 1.1s]: train==[10.28623=0.02445 + 0.04556 + 0.08359 + 10.13263], test-recall=[0.1656, 0.2373], test-ndcg=[0.0979, 0.1165]
2025-12-27 23:52:27,052 - Epoch 61 [11.6s + 1.1s]: train==[10.28578=0.02456 + 0.04554 + 0.08293 + 10.13275], test-recall=[0.1653, 0.2383], test-ndcg=[0.0979, 0.1169]
2025-12-27 23:52:39,725 - Epoch 62 [11.5s + 1.1s]: train==[10.28438=0.02475 + 0.04558 + 0.08228 + 10.13177], test-recall=[0.1661, 0.2384], test-ndcg=[0.0979, 0.1167]
2025-12-27 23:52:52,583 - Epoch 63 [11.7s + 1.1s]: train==[10.28520=0.02447 + 0.04567 + 0.08165 + 10.13341], test-recall=[0.1663, 0.2378], test-ndcg=[0.0983, 0.1169]
2025-12-27 23:53:05,379 - Epoch 64 [11.6s + 1.2s]: train==[10.28269=0.02440 + 0.04575 + 0.08104 + 10.13150], test-recall=[0.1667, 0.2384], test-ndcg=[0.0985, 0.1171]
2025-12-27 23:53:18,225 - Epoch 65 [11.7s + 1.1s]: train==[10.28456=0.02456 + 0.04577 + 0.08044 + 10.13378], test-recall=[0.1666, 0.2381], test-ndcg=[0.0983, 0.1169]
2025-12-27 23:53:30,968 - Epoch 66 [11.6s + 1.1s]: train==[10.28299=0.02433 + 0.04586 + 0.07986 + 10.13293], test-recall=[0.1669, 0.2382], test-ndcg=[0.0985, 0.1170]
2025-12-27 23:53:43,776 - Epoch 67 [11.6s + 1.2s]: train==[10.28149=0.02353 + 0.04591 + 0.07930 + 10.13275], test-recall=[0.1665, 0.2385], test-ndcg=[0.0983, 0.1170]
2025-12-27 23:53:56,587 - Epoch 68 [11.7s + 1.2s]: train==[10.28146=0.02439 + 0.04599 + 0.07874 + 10.13233], test-recall=[0.1661, 0.2384], test-ndcg=[0.0983, 0.1171]
2025-12-27 23:54:09,355 - Epoch 69 [11.7s + 1.1s]: train==[10.28142=0.02406 + 0.04598 + 0.07820 + 10.13318], test-recall=[0.1664, 0.2386], test-ndcg=[0.0986, 0.1173]
2025-12-27 23:54:21,918 - Epoch 70 [11.4s + 1.1s]: train==[10.28070=0.02434 + 0.04600 + 0.07767 + 10.13268], test-recall=[0.1672, 0.2381], test-ndcg=[0.0990, 0.1174]
2025-12-27 23:54:34,619 - Epoch 71 [11.6s + 1.1s]: train==[10.28049=0.02393 + 0.04604 + 0.07716 + 10.13337], test-recall=[0.1666, 0.2381], test-ndcg=[0.0986, 0.1172]
2025-12-27 23:54:47,387 - Epoch 72 [11.6s + 1.2s]: train==[10.27967=0.02423 + 0.04611 + 0.07665 + 10.13267], test-recall=[0.1668, 0.2387], test-ndcg=[0.0987, 0.1174]
2025-12-27 23:55:00,160 - Epoch 73 [11.6s + 1.2s]: train==[10.27947=0.02404 + 0.04613 + 0.07616 + 10.13314], test-recall=[0.1668, 0.2391], test-ndcg=[0.0986, 0.1174]
2025-12-27 23:55:12,885 - Epoch 74 [11.6s + 1.1s]: train==[10.27869=0.02407 + 0.04619 + 0.07568 + 10.13274], test-recall=[0.1671, 0.2386], test-ndcg=[0.0986, 0.1172]
2025-12-27 23:55:25,625 - Epoch 75 [11.6s + 1.2s]: train==[10.27746=0.02355 + 0.04621 + 0.07521 + 10.13249], test-recall=[0.1669, 0.2399], test-ndcg=[0.0987, 0.1177]
2025-12-27 23:55:38,358 - Epoch 76 [11.6s + 1.1s]: train==[10.27812=0.02411 + 0.04625 + 0.07474 + 10.13302], test-recall=[0.1679, 0.2396], test-ndcg=[0.0991, 0.1177]
2025-12-27 23:55:51,035 - Epoch 77 [11.5s + 1.1s]: train==[10.27761=0.02401 + 0.04626 + 0.07429 + 10.13305], test-recall=[0.1685, 0.2397], test-ndcg=[0.0992, 0.1178]
2025-12-27 23:56:03,746 - Epoch 78 [11.6s + 1.1s]: train==[10.27617=0.02403 + 0.04630 + 0.07385 + 10.13199], test-recall=[0.1681, 0.2404], test-ndcg=[0.0991, 0.1179]
2025-12-27 23:56:16,645 - Epoch 79 [11.8s + 1.1s]: train==[10.27650=0.02396 + 0.04630 + 0.07342 + 10.13282], test-recall=[0.1678, 0.2409], test-ndcg=[0.0990, 0.1180]
2025-12-27 23:56:29,311 - Epoch 80 [11.5s + 1.1s]: train==[10.27699=0.02368 + 0.04643 + 0.07300 + 10.13388], test-recall=[0.1676, 0.2410], test-ndcg=[0.0991, 0.1182]
2025-12-27 23:56:41,997 - Epoch 81 [11.5s + 1.2s]: train==[10.27593=0.02379 + 0.04646 + 0.07259 + 10.13309], test-recall=[0.1679, 0.2409], test-ndcg=[0.0992, 0.1182]
2025-12-27 23:56:54,773 - Epoch 82 [11.6s + 1.1s]: train==[10.27593=0.02363 + 0.04652 + 0.07218 + 10.13360], test-recall=[0.1681, 0.2403], test-ndcg=[0.0993, 0.1181]
2025-12-27 23:57:07,442 - Epoch 83 [11.5s + 1.1s]: train==[10.27589=0.02363 + 0.04658 + 0.07178 + 10.13390], test-recall=[0.1683, 0.2408], test-ndcg=[0.0993, 0.1182]
2025-12-27 23:57:20,067 - Epoch 84 [11.5s + 1.1s]: train==[10.27552=0.02352 + 0.04660 + 0.07140 + 10.13400], test-recall=[0.1680, 0.2403], test-ndcg=[0.0992, 0.1180]
2025-12-27 23:57:32,698 - Epoch 85 [11.5s + 1.1s]: train==[10.27486=0.02349 + 0.04665 + 0.07101 + 10.13370], test-recall=[0.1679, 0.2402], test-ndcg=[0.0994, 0.1182]
2025-12-27 23:57:45,379 - Epoch 86 [11.5s + 1.1s]: train==[10.27504=0.02372 + 0.04663 + 0.07064 + 10.13405], test-recall=[0.1683, 0.2402], test-ndcg=[0.0995, 0.1183]
2025-12-27 23:57:58,161 - Epoch 87 [11.6s + 1.2s]: train==[10.27432=0.02409 + 0.04667 + 0.07028 + 10.13328], test-recall=[0.1679, 0.2414], test-ndcg=[0.0994, 0.1185]
2025-12-27 23:58:10,972 - Epoch 88 [11.7s + 1.1s]: train==[10.27398=0.02352 + 0.04670 + 0.06992 + 10.13384], test-recall=[0.1686, 0.2413], test-ndcg=[0.0996, 0.1185]
2025-12-27 23:58:23,728 - Epoch 89 [11.6s + 1.1s]: train==[10.27386=0.02345 + 0.04673 + 0.06957 + 10.13411], test-recall=[0.1684, 0.2407], test-ndcg=[0.0995, 0.1183]
2025-12-27 23:58:36,241 - Epoch 90 [11.4s + 1.1s]: train==[10.27343=0.02337 + 0.04674 + 0.06922 + 10.13410], test-recall=[0.1685, 0.2404], test-ndcg=[0.0996, 0.1183]
2025-12-27 23:58:48,881 - Epoch 91 [11.5s + 1.1s]: train==[10.27415=0.02362 + 0.04686 + 0.06888 + 10.13479], test-recall=[0.1684, 0.2414], test-ndcg=[0.0995, 0.1184]
2025-12-27 23:59:01,565 - Epoch 92 [11.5s + 1.1s]: train==[10.27305=0.02367 + 0.04688 + 0.06855 + 10.13395], test-recall=[0.1682, 0.2402], test-ndcg=[0.0995, 0.1183]
2025-12-27 23:59:14,327 - Epoch 93 [11.6s + 1.1s]: train==[10.27312=0.02378 + 0.04692 + 0.06822 + 10.13420], test-recall=[0.1695, 0.2403], test-ndcg=[0.0999, 0.1183]
2025-12-27 23:59:27,095 - Epoch 94 [11.6s + 1.1s]: train==[10.27318=0.02364 + 0.04697 + 0.06790 + 10.13466], test-recall=[0.1687, 0.2414], test-ndcg=[0.0996, 0.1186]
2025-12-27 23:59:39,846 - Epoch 95 [11.6s + 1.1s]: train==[10.27156=0.02303 + 0.04699 + 0.06759 + 10.13394], test-recall=[0.1685, 0.2418], test-ndcg=[0.0997, 0.1187]
2025-12-27 23:59:52,562 - Epoch 96 [11.6s + 1.1s]: train==[10.27167=0.02311 + 0.04711 + 0.06728 + 10.13417], test-recall=[0.1693, 0.2417], test-ndcg=[0.0996, 0.1185]
2025-12-28 00:00:05,287 - Epoch 97 [11.6s + 1.2s]: train==[10.27171=0.02370 + 0.04712 + 0.06698 + 10.13392], test-recall=[0.1686, 0.2407], test-ndcg=[0.0993, 0.1181]
2025-12-28 00:00:18,038 - Epoch 98 [11.6s + 1.1s]: train==[10.27042=0.02310 + 0.04708 + 0.06668 + 10.13356], test-recall=[0.1690, 0.2416], test-ndcg=[0.0996, 0.1185]
2025-12-28 00:00:30,751 - Epoch 99 [11.6s + 1.1s]: train==[10.27025=0.02323 + 0.04708 + 0.06638 + 10.13355], test-recall=[0.1692, 0.2417], test-ndcg=[0.0996, 0.1185]
2025-12-28 00:00:31,866 - Final Test Set Result: test-recall=[0.1692, 0.2417], test-ndcg=[0.0996, 0.1185]
