2025-12-27 23:19:16,642 - n_users=50821, n_items=57440	n_interactions=1302695	n_train=1172425, n_test=130270, sparsity=0.00040
2025-12-27 23:19:16,643 - Namespace(Ks='[20, 40]', ablation='wo_disen', batch_size=10240, cen_reg=0.005, data_path='data/', dataset='gowalla', emb_reg=2.5e-05, embed_size=32, epoch=100, lr=0.001, n_batch=40, n_intents=128, n_layers=2, output='gowalla_wo_disen', sample_num=40, save_model=False, seed=2022, show_step=1, ssl_reg=0.1, temp=1, train_num=10000, verbose=1)
2025-12-27 23:19:34,146 - Epoch  0 [10.8s + 1.1s]: train==[3.90533=0.64587 + 0.00191 + 0.00000 + 3.25755], test-recall=[0.1066, 0.1558], test-ndcg=[0.0619, 0.0746]
2025-12-27 23:19:45,185 - Epoch  1 [9.8s + 1.2s]: train==[3.58007=0.31933 + 0.00948 + 0.00000 + 3.25126], test-recall=[0.1233, 0.1773], test-ndcg=[0.0725, 0.0865]
2025-12-27 23:19:56,358 - Epoch  2 [10.1s + 1.1s]: train==[3.38350=0.10906 + 0.02133 + 0.00000 + 3.25312], test-recall=[0.1290, 0.1861], test-ndcg=[0.0762, 0.0909]
2025-12-27 23:20:07,509 - Epoch  3 [10.0s + 1.1s]: train==[3.35255=0.07280 + 0.02732 + 0.00000 + 3.25244], test-recall=[0.1323, 0.1917], test-ndcg=[0.0781, 0.0934]
2025-12-27 23:20:18,656 - Epoch  4 [10.0s + 1.1s]: train==[3.34189=0.06019 + 0.03037 + 0.00000 + 3.25133], test-recall=[0.1351, 0.1965], test-ndcg=[0.0796, 0.0954]
2025-12-27 23:20:29,886 - Epoch  5 [10.1s + 1.1s]: train==[3.33641=0.05317 + 0.03228 + 0.00000 + 3.25096], test-recall=[0.1371, 0.1993], test-ndcg=[0.0807, 0.0967]
2025-12-27 23:20:41,206 - Epoch  6 [10.2s + 1.1s]: train==[3.33336=0.04936 + 0.03361 + 0.00000 + 3.25040], test-recall=[0.1390, 0.2026], test-ndcg=[0.0818, 0.0983]
2025-12-27 23:20:52,532 - Epoch  7 [10.0s + 1.3s]: train==[3.33007=0.04604 + 0.03456 + 0.00000 + 3.24946], test-recall=[0.1408, 0.2054], test-ndcg=[0.0831, 0.0997]
2025-12-27 23:21:03,732 - Epoch  8 [10.1s + 1.1s]: train==[3.32813=0.04373 + 0.03522 + 0.00000 + 3.24918], test-recall=[0.1424, 0.2074], test-ndcg=[0.0841, 0.1009]
2025-12-27 23:21:15,015 - Epoch  9 [10.2s + 1.1s]: train==[3.32630=0.04195 + 0.03580 + 0.00000 + 3.24854], test-recall=[0.1438, 0.2094], test-ndcg=[0.0848, 0.1017]
2025-12-27 23:21:26,128 - Epoch 10 [10.0s + 1.1s]: train==[3.32499=0.04061 + 0.03620 + 0.00000 + 3.24818], test-recall=[0.1454, 0.2112], test-ndcg=[0.0856, 0.1026]
2025-12-27 23:21:37,449 - Epoch 11 [10.0s + 1.3s]: train==[3.32319=0.03893 + 0.03658 + 0.00000 + 3.24768], test-recall=[0.1471, 0.2117], test-ndcg=[0.0865, 0.1033]
2025-12-27 23:21:48,736 - Epoch 12 [10.2s + 1.1s]: train==[3.32254=0.03831 + 0.03689 + 0.00000 + 3.24734], test-recall=[0.1483, 0.2133], test-ndcg=[0.0871, 0.1040]
2025-12-27 23:21:59,891 - Epoch 13 [10.0s + 1.1s]: train==[3.32095=0.03689 + 0.03714 + 0.00000 + 3.24692], test-recall=[0.1488, 0.2143], test-ndcg=[0.0876, 0.1046]
2025-12-27 23:22:10,953 - Epoch 14 [9.9s + 1.1s]: train==[3.32036=0.03608 + 0.03740 + 0.00000 + 3.24688], test-recall=[0.1491, 0.2154], test-ndcg=[0.0880, 0.1053]
2025-12-27 23:22:22,034 - Epoch 15 [10.0s + 1.1s]: train==[3.31974=0.03539 + 0.03762 + 0.00000 + 3.24673], test-recall=[0.1493, 0.2158], test-ndcg=[0.0883, 0.1056]
2025-12-27 23:22:33,250 - Epoch 16 [10.1s + 1.1s]: train==[3.31850=0.03441 + 0.03779 + 0.00000 + 3.24630], test-recall=[0.1504, 0.2173], test-ndcg=[0.0889, 0.1063]
2025-12-27 23:22:44,646 - Epoch 17 [10.3s + 1.1s]: train==[3.31781=0.03377 + 0.03797 + 0.00000 + 3.24607], test-recall=[0.1505, 0.2185], test-ndcg=[0.0893, 0.1069]
2025-12-27 23:22:55,815 - Epoch 18 [10.1s + 1.1s]: train==[3.31684=0.03286 + 0.03818 + 0.00000 + 3.24580], test-recall=[0.1517, 0.2192], test-ndcg=[0.0898, 0.1074]
2025-12-27 23:23:06,978 - Epoch 19 [10.0s + 1.1s]: train==[3.31698=0.03296 + 0.03834 + 0.00000 + 3.24568], test-recall=[0.1528, 0.2197], test-ndcg=[0.0905, 0.1079]
2025-12-27 23:23:18,160 - Epoch 20 [10.1s + 1.1s]: train==[3.31582=0.03179 + 0.03843 + 0.00000 + 3.24561], test-recall=[0.1535, 0.2200], test-ndcg=[0.0908, 0.1081]
2025-12-27 23:23:29,353 - Epoch 21 [10.1s + 1.1s]: train==[3.31592=0.03195 + 0.03862 + 0.00000 + 3.24535], test-recall=[0.1532, 0.2216], test-ndcg=[0.0910, 0.1087]
2025-12-27 23:23:40,546 - Epoch 22 [10.1s + 1.1s]: train==[3.31485=0.03111 + 0.03867 + 0.00000 + 3.24507], test-recall=[0.1537, 0.2211], test-ndcg=[0.0910, 0.1085]
2025-12-27 23:23:51,758 - Epoch 23 [10.1s + 1.1s]: train==[3.31439=0.03111 + 0.03878 + 0.00000 + 3.24449], test-recall=[0.1541, 0.2217], test-ndcg=[0.0915, 0.1091]
2025-12-27 23:24:02,962 - Epoch 24 [10.1s + 1.1s]: train==[3.31466=0.03080 + 0.03890 + 0.00000 + 3.24497], test-recall=[0.1550, 0.2224], test-ndcg=[0.0921, 0.1096]
2025-12-27 23:24:14,114 - Epoch 25 [10.0s + 1.1s]: train==[3.31380=0.03038 + 0.03896 + 0.00000 + 3.24446], test-recall=[0.1553, 0.2218], test-ndcg=[0.0923, 0.1096]
2025-12-27 23:24:25,325 - Epoch 26 [10.1s + 1.1s]: train==[3.31356=0.03013 + 0.03905 + 0.00000 + 3.24438], test-recall=[0.1556, 0.2229], test-ndcg=[0.0924, 0.1099]
2025-12-27 23:24:36,471 - Epoch 27 [10.0s + 1.1s]: train==[3.31379=0.02998 + 0.03918 + 0.00000 + 3.24463], test-recall=[0.1561, 0.2229], test-ndcg=[0.0928, 0.1102]
2025-12-27 23:24:47,698 - Epoch 28 [10.1s + 1.2s]: train==[3.31299=0.02969 + 0.03928 + 0.00000 + 3.24402], test-recall=[0.1563, 0.2226], test-ndcg=[0.0930, 0.1104]
2025-12-27 23:24:58,818 - Epoch 29 [10.0s + 1.1s]: train==[3.31266=0.02914 + 0.03936 + 0.00000 + 3.24415], test-recall=[0.1568, 0.2240], test-ndcg=[0.0934, 0.1109]
2025-12-27 23:25:10,459 - Epoch 30 [10.5s + 1.2s]: train==[3.31265=0.02900 + 0.03944 + 0.00000 + 3.24421], test-recall=[0.1563, 0.2254], test-ndcg=[0.0931, 0.1110]
2025-12-27 23:25:21,906 - Epoch 31 [10.3s + 1.2s]: train==[3.31260=0.02902 + 0.03950 + 0.00000 + 3.24407], test-recall=[0.1566, 0.2265], test-ndcg=[0.0933, 0.1114]
2025-12-27 23:25:33,462 - Epoch 32 [10.4s + 1.1s]: train==[3.31240=0.02877 + 0.03959 + 0.00000 + 3.24404], test-recall=[0.1571, 0.2267], test-ndcg=[0.0935, 0.1116]
2025-12-27 23:25:44,734 - Epoch 33 [10.1s + 1.1s]: train==[3.31194=0.02862 + 0.03969 + 0.00000 + 3.24363], test-recall=[0.1576, 0.2256], test-ndcg=[0.0937, 0.1114]
2025-12-27 23:25:56,017 - Epoch 34 [10.1s + 1.1s]: train==[3.31192=0.02861 + 0.03977 + 0.00000 + 3.24354], test-recall=[0.1581, 0.2260], test-ndcg=[0.0938, 0.1115]
2025-12-27 23:26:07,292 - Epoch 35 [10.2s + 1.1s]: train==[3.31168=0.02841 + 0.03984 + 0.00000 + 3.24344], test-recall=[0.1582, 0.2262], test-ndcg=[0.0938, 0.1115]
2025-12-27 23:26:18,572 - Epoch 36 [10.2s + 1.1s]: train==[3.31142=0.02833 + 0.03991 + 0.00000 + 3.24318], test-recall=[0.1577, 0.2271], test-ndcg=[0.0937, 0.1117]
2025-12-27 23:26:29,768 - Epoch 37 [10.1s + 1.1s]: train==[3.31114=0.02786 + 0.03994 + 0.00000 + 3.24334], test-recall=[0.1586, 0.2275], test-ndcg=[0.0942, 0.1122]
2025-12-27 23:26:41,016 - Epoch 38 [10.1s + 1.1s]: train==[3.31126=0.02780 + 0.04001 + 0.00000 + 3.24345], test-recall=[0.1577, 0.2280], test-ndcg=[0.0941, 0.1123]
2025-12-27 23:26:52,273 - Epoch 39 [10.1s + 1.1s]: train==[3.31074=0.02745 + 0.04004 + 0.00000 + 3.24325], test-recall=[0.1581, 0.2281], test-ndcg=[0.0943, 0.1125]
2025-12-27 23:27:03,548 - Epoch 40 [10.2s + 1.1s]: train==[3.31048=0.02718 + 0.04008 + 0.00000 + 3.24322], test-recall=[0.1579, 0.2291], test-ndcg=[0.0941, 0.1126]
2025-12-27 23:27:14,726 - Epoch 41 [10.0s + 1.1s]: train==[3.31098=0.02731 + 0.04018 + 0.00000 + 3.24349], test-recall=[0.1582, 0.2288], test-ndcg=[0.0942, 0.1126]
2025-12-27 23:27:25,989 - Epoch 42 [10.1s + 1.1s]: train==[3.31032=0.02701 + 0.04016 + 0.00000 + 3.24315], test-recall=[0.1583, 0.2287], test-ndcg=[0.0946, 0.1128]
2025-12-27 23:27:37,062 - Epoch 43 [9.9s + 1.1s]: train==[3.31078=0.02738 + 0.04022 + 0.00000 + 3.24317], test-recall=[0.1585, 0.2287], test-ndcg=[0.0947, 0.1130]
2025-12-27 23:27:48,418 - Epoch 44 [10.2s + 1.1s]: train==[3.31049=0.02693 + 0.04028 + 0.00000 + 3.24327], test-recall=[0.1578, 0.2289], test-ndcg=[0.0944, 0.1128]
2025-12-27 23:27:59,659 - Epoch 45 [10.1s + 1.2s]: train==[3.31000=0.02694 + 0.04030 + 0.00000 + 3.24276], test-recall=[0.1586, 0.2287], test-ndcg=[0.0945, 0.1127]
2025-12-27 23:28:10,810 - Epoch 46 [10.0s + 1.1s]: train==[3.31061=0.02693 + 0.04032 + 0.00000 + 3.24335], test-recall=[0.1589, 0.2288], test-ndcg=[0.0944, 0.1126]
2025-12-27 23:28:22,047 - Epoch 47 [10.1s + 1.1s]: train==[3.31089=0.02739 + 0.04036 + 0.00000 + 3.24314], test-recall=[0.1593, 0.2288], test-ndcg=[0.0946, 0.1128]
2025-12-27 23:28:33,367 - Epoch 48 [10.2s + 1.1s]: train==[3.30991=0.02649 + 0.04043 + 0.00000 + 3.24300], test-recall=[0.1594, 0.2292], test-ndcg=[0.0946, 0.1128]
2025-12-27 23:28:44,518 - Epoch 49 [10.0s + 1.1s]: train==[3.31060=0.02699 + 0.04048 + 0.00000 + 3.24314], test-recall=[0.1596, 0.2300], test-ndcg=[0.0947, 0.1131]
2025-12-27 23:28:55,663 - Epoch 50 [10.0s + 1.1s]: train==[3.31010=0.02674 + 0.04050 + 0.00000 + 3.24286], test-recall=[0.1592, 0.2301], test-ndcg=[0.0948, 0.1132]
2025-12-27 23:29:07,021 - Epoch 51 [10.2s + 1.1s]: train==[3.31018=0.02680 + 0.04056 + 0.00000 + 3.24283], test-recall=[0.1595, 0.2310], test-ndcg=[0.0949, 0.1134]
2025-12-27 23:29:18,175 - Epoch 52 [10.0s + 1.1s]: train==[3.30988=0.02666 + 0.04058 + 0.00000 + 3.24264], test-recall=[0.1602, 0.2300], test-ndcg=[0.0951, 0.1133]
2025-12-27 23:29:29,343 - Epoch 53 [10.0s + 1.1s]: train==[3.31058=0.02701 + 0.04058 + 0.00000 + 3.24299], test-recall=[0.1602, 0.2297], test-ndcg=[0.0953, 0.1134]
2025-12-27 23:29:40,596 - Epoch 54 [10.1s + 1.1s]: train==[3.31001=0.02652 + 0.04071 + 0.00000 + 3.24279], test-recall=[0.1604, 0.2294], test-ndcg=[0.0956, 0.1136]
2025-12-27 23:29:51,833 - Epoch 55 [10.1s + 1.1s]: train==[3.31004=0.02676 + 0.04067 + 0.00000 + 3.24260], test-recall=[0.1601, 0.2307], test-ndcg=[0.0954, 0.1137]
2025-12-27 23:30:03,114 - Epoch 56 [10.2s + 1.1s]: train==[3.30971=0.02649 + 0.04067 + 0.00000 + 3.24256], test-recall=[0.1608, 0.2309], test-ndcg=[0.0956, 0.1139]
2025-12-27 23:30:14,316 - Epoch 57 [10.1s + 1.1s]: train==[3.30994=0.02660 + 0.04075 + 0.00000 + 3.24259], test-recall=[0.1605, 0.2308], test-ndcg=[0.0956, 0.1139]
2025-12-27 23:30:25,518 - Epoch 58 [10.1s + 1.1s]: train==[3.31024=0.02669 + 0.04074 + 0.00000 + 3.24281], test-recall=[0.1611, 0.2309], test-ndcg=[0.0958, 0.1140]
2025-12-27 23:30:37,203 - Epoch 59 [10.4s + 1.3s]: train==[3.30984=0.02630 + 0.04085 + 0.00000 + 3.24269], test-recall=[0.1615, 0.2319], test-ndcg=[0.0960, 0.1143]
2025-12-27 23:30:49,176 - Epoch 60 [10.8s + 1.2s]: train==[3.30984=0.02620 + 0.04088 + 0.00000 + 3.24275], test-recall=[0.1610, 0.2307], test-ndcg=[0.0959, 0.1140]
2025-12-27 23:31:00,624 - Epoch 61 [10.3s + 1.1s]: train==[3.31012=0.02644 + 0.04086 + 0.00000 + 3.24282], test-recall=[0.1612, 0.2314], test-ndcg=[0.0960, 0.1142]
2025-12-27 23:31:11,995 - Epoch 62 [10.2s + 1.1s]: train==[3.30985=0.02660 + 0.04083 + 0.00000 + 3.24241], test-recall=[0.1612, 0.2315], test-ndcg=[0.0958, 0.1141]
2025-12-27 23:31:23,348 - Epoch 63 [10.2s + 1.1s]: train==[3.31002=0.02620 + 0.04090 + 0.00000 + 3.24292], test-recall=[0.1612, 0.2308], test-ndcg=[0.0958, 0.1139]
2025-12-27 23:31:34,678 - Epoch 64 [10.2s + 1.1s]: train==[3.30944=0.02612 + 0.04097 + 0.00000 + 3.24234], test-recall=[0.1611, 0.2316], test-ndcg=[0.0959, 0.1142]
2025-12-27 23:31:46,038 - Epoch 65 [10.2s + 1.2s]: train==[3.31026=0.02634 + 0.04100 + 0.00000 + 3.24292], test-recall=[0.1607, 0.2308], test-ndcg=[0.0958, 0.1140]
2025-12-27 23:31:57,292 - Epoch 66 [10.1s + 1.1s]: train==[3.30973=0.02606 + 0.04102 + 0.00000 + 3.24264], test-recall=[0.1610, 0.2304], test-ndcg=[0.0960, 0.1141]
2025-12-27 23:32:08,509 - Epoch 67 [10.1s + 1.1s]: train==[3.30893=0.02544 + 0.04100 + 0.00000 + 3.24249], test-recall=[0.1608, 0.2316], test-ndcg=[0.0960, 0.1144]
2025-12-27 23:32:19,668 - Epoch 68 [10.0s + 1.2s]: train==[3.30963=0.02609 + 0.04102 + 0.00000 + 3.24252], test-recall=[0.1613, 0.2308], test-ndcg=[0.0962, 0.1142]
2025-12-27 23:32:30,931 - Epoch 69 [10.1s + 1.2s]: train==[3.30967=0.02595 + 0.04106 + 0.00000 + 3.24266], test-recall=[0.1609, 0.2302], test-ndcg=[0.0960, 0.1141]
2025-12-27 23:32:42,119 - Epoch 70 [10.0s + 1.2s]: train==[3.30973=0.02626 + 0.04102 + 0.00000 + 3.24246], test-recall=[0.1608, 0.2309], test-ndcg=[0.0962, 0.1145]
2025-12-27 23:32:53,295 - Epoch 71 [10.1s + 1.1s]: train==[3.30969=0.02594 + 0.04102 + 0.00000 + 3.24273], test-recall=[0.1611, 0.2306], test-ndcg=[0.0962, 0.1143]
2025-12-27 23:33:04,417 - Epoch 72 [10.0s + 1.1s]: train==[3.30955=0.02611 + 0.04105 + 0.00000 + 3.24240], test-recall=[0.1612, 0.2309], test-ndcg=[0.0962, 0.1143]
2025-12-27 23:33:15,593 - Epoch 73 [10.0s + 1.1s]: train==[3.30954=0.02604 + 0.04102 + 0.00000 + 3.24247], test-recall=[0.1619, 0.2310], test-ndcg=[0.0963, 0.1143]
2025-12-27 23:33:26,849 - Epoch 74 [10.1s + 1.1s]: train==[3.30965=0.02607 + 0.04107 + 0.00000 + 3.24251], test-recall=[0.1611, 0.2310], test-ndcg=[0.0959, 0.1141]
2025-12-27 23:33:37,945 - Epoch 75 [10.0s + 1.1s]: train==[3.30910=0.02563 + 0.04109 + 0.00000 + 3.24238], test-recall=[0.1610, 0.2314], test-ndcg=[0.0959, 0.1143]
2025-12-27 23:33:49,052 - Epoch 76 [10.0s + 1.1s]: train==[3.30962=0.02604 + 0.04110 + 0.00000 + 3.24249], test-recall=[0.1609, 0.2311], test-ndcg=[0.0963, 0.1145]
2025-12-27 23:34:00,215 - Epoch 77 [10.1s + 1.1s]: train==[3.30946=0.02596 + 0.04109 + 0.00000 + 3.24241], test-recall=[0.1617, 0.2319], test-ndcg=[0.0963, 0.1145]
2025-12-27 23:34:11,307 - Epoch 78 [10.0s + 1.1s]: train==[3.30911=0.02598 + 0.04104 + 0.00000 + 3.24209], test-recall=[0.1617, 0.2323], test-ndcg=[0.0963, 0.1147]
2025-12-27 23:34:22,409 - Epoch 79 [10.0s + 1.1s]: train==[3.30929=0.02593 + 0.04106 + 0.00000 + 3.24230], test-recall=[0.1612, 0.2330], test-ndcg=[0.0962, 0.1148]
2025-12-27 23:34:33,889 - Epoch 80 [10.3s + 1.1s]: train==[3.30948=0.02571 + 0.04114 + 0.00000 + 3.24263], test-recall=[0.1608, 0.2329], test-ndcg=[0.0962, 0.1148]
2025-12-27 23:34:45,214 - Epoch 81 [10.2s + 1.1s]: train==[3.30935=0.02594 + 0.04111 + 0.00000 + 3.24231], test-recall=[0.1613, 0.2326], test-ndcg=[0.0961, 0.1146]
2025-12-27 23:34:56,653 - Epoch 82 [10.3s + 1.2s]: train==[3.30939=0.02571 + 0.04116 + 0.00000 + 3.24252], test-recall=[0.1608, 0.2319], test-ndcg=[0.0960, 0.1144]
2025-12-27 23:35:08,094 - Epoch 83 [10.3s + 1.2s]: train==[3.30939=0.02562 + 0.04118 + 0.00000 + 3.24259], test-recall=[0.1613, 0.2331], test-ndcg=[0.0962, 0.1148]
2025-12-27 23:35:19,339 - Epoch 84 [10.1s + 1.1s]: train==[3.30940=0.02563 + 0.04117 + 0.00000 + 3.24260], test-recall=[0.1609, 0.2317], test-ndcg=[0.0961, 0.1145]
2025-12-27 23:35:30,731 - Epoch 85 [10.2s + 1.2s]: train==[3.30930=0.02560 + 0.04122 + 0.00000 + 3.24248], test-recall=[0.1610, 0.2315], test-ndcg=[0.0961, 0.1144]
2025-12-27 23:35:42,153 - Epoch 86 [10.3s + 1.2s]: train==[3.30949=0.02589 + 0.04116 + 0.00000 + 3.24245], test-recall=[0.1606, 0.2318], test-ndcg=[0.0961, 0.1146]
2025-12-27 23:35:53,613 - Epoch 87 [10.3s + 1.1s]: train==[3.30951=0.02614 + 0.04111 + 0.00000 + 3.24226], test-recall=[0.1612, 0.2318], test-ndcg=[0.0965, 0.1149]
2025-12-27 23:36:04,856 - Epoch 88 [10.1s + 1.1s]: train==[3.30938=0.02578 + 0.04117 + 0.00000 + 3.24243], test-recall=[0.1614, 0.2324], test-ndcg=[0.0963, 0.1146]
2025-12-27 23:36:16,236 - Epoch 89 [10.2s + 1.1s]: train==[3.30938=0.02565 + 0.04117 + 0.00000 + 3.24256], test-recall=[0.1617, 0.2331], test-ndcg=[0.0962, 0.1147]
2025-12-27 23:36:27,590 - Epoch 90 [10.2s + 1.2s]: train==[3.30921=0.02551 + 0.04116 + 0.00000 + 3.24253], test-recall=[0.1617, 0.2326], test-ndcg=[0.0961, 0.1146]
2025-12-27 23:36:38,979 - Epoch 91 [10.3s + 1.1s]: train==[3.30973=0.02585 + 0.04127 + 0.00000 + 3.24261], test-recall=[0.1616, 0.2317], test-ndcg=[0.0960, 0.1143]
2025-12-27 23:36:50,478 - Epoch 92 [10.4s + 1.1s]: train==[3.30958=0.02595 + 0.04122 + 0.00000 + 3.24241], test-recall=[0.1623, 0.2317], test-ndcg=[0.0964, 0.1145]
2025-12-27 23:37:01,732 - Epoch 93 [10.1s + 1.1s]: train==[3.30974=0.02608 + 0.04123 + 0.00000 + 3.24242], test-recall=[0.1620, 0.2318], test-ndcg=[0.0964, 0.1147]
2025-12-27 23:37:12,977 - Epoch 94 [10.1s + 1.1s]: train==[3.30968=0.02581 + 0.04127 + 0.00000 + 3.24260], test-recall=[0.1623, 0.2320], test-ndcg=[0.0964, 0.1146]
2025-12-27 23:37:24,173 - Epoch 95 [10.0s + 1.2s]: train==[3.30900=0.02545 + 0.04126 + 0.00000 + 3.24229], test-recall=[0.1628, 0.2330], test-ndcg=[0.0964, 0.1147]
2025-12-27 23:37:35,550 - Epoch 96 [10.2s + 1.1s]: train==[3.30921=0.02552 + 0.04132 + 0.00000 + 3.24237], test-recall=[0.1625, 0.2326], test-ndcg=[0.0965, 0.1148]
2025-12-27 23:37:46,809 - Epoch 97 [10.1s + 1.1s]: train==[3.30951=0.02592 + 0.04132 + 0.00000 + 3.24227], test-recall=[0.1620, 0.2329], test-ndcg=[0.0962, 0.1147]
2025-12-27 23:37:57,950 - Epoch 98 [10.0s + 1.1s]: train==[3.30890=0.02545 + 0.04130 + 0.00000 + 3.24215], test-recall=[0.1619, 0.2318], test-ndcg=[0.0963, 0.1145]
2025-12-27 23:38:08,955 - Epoch 99 [9.9s + 1.1s]: train==[3.30898=0.02553 + 0.04131 + 0.00000 + 3.24215], test-recall=[0.1623, 0.2314], test-ndcg=[0.0964, 0.1145]
2025-12-27 23:38:10,051 - Final Test Set Result: test-recall=[0.1623, 0.2314], test-ndcg=[0.0964, 0.1145]
