2025-12-28 12:11:41,935 - n_users=50821, n_items=57440	n_interactions=1302695	n_train=1172425, n_test=130270, sparsity=0.00040
2025-12-28 12:11:41,935 - Namespace(Ks='[20, 40]', ablation='full', batch_size=10240, cen_reg=0.005, data_path='data/', dataset='gowalla', emb_reg=2.5e-05, embed_size=32, epoch=100, lr=0.001, n_batch=40, n_intents=128, n_layers=2, output='gowalla_full', sample_num=40, save_model=False, seed=2022, show_step=1, ssl_reg=0.1, temp=1, train_num=10000, verbose=1)
2025-12-28 12:12:04,875 - Epoch  0 [15.6s + 1.2s]: train==[10.87848=0.35423 + 0.00493 + 0.44775 + 10.07156], test-recall=[0.1265, 0.1838], test-ndcg=[0.0740, 0.0888]
2025-12-28 12:12:20,894 - Epoch  1 [14.7s + 1.3s]: train==[10.26958=0.06386 + 0.01441 + 0.39675 + 9.79455], test-recall=[0.1360, 0.1985], test-ndcg=[0.0799, 0.0961]
2025-12-28 12:12:36,683 - Epoch  2 [14.6s + 1.2s]: train==[10.21427=0.04780 + 0.01692 + 0.37774 + 9.77181], test-recall=[0.1436, 0.2076], test-ndcg=[0.0843, 0.1010]
2025-12-28 12:12:52,521 - Epoch  3 [14.6s + 1.2s]: train==[10.18138=0.04284 + 0.01803 + 0.35715 + 9.76335], test-recall=[0.1486, 0.2139], test-ndcg=[0.0874, 0.1044]
2025-12-28 12:13:08,383 - Epoch  4 [14.6s + 1.2s]: train==[10.15236=0.03819 + 0.01904 + 0.33692 + 9.75821], test-recall=[0.1522, 0.2186], test-ndcg=[0.0896, 0.1068]
2025-12-28 12:13:24,274 - Epoch  5 [14.7s + 1.2s]: train==[10.12950=0.03495 + 0.01995 + 0.31829 + 9.75631], test-recall=[0.1546, 0.2235], test-ndcg=[0.0911, 0.1089]
2025-12-28 12:13:40,271 - Epoch  6 [14.7s + 1.2s]: train==[10.10933=0.03323 + 0.02081 + 0.30149 + 9.75380], test-recall=[0.1574, 0.2267], test-ndcg=[0.0927, 0.1107]
2025-12-28 12:13:56,182 - Epoch  7 [14.5s + 1.4s]: train==[10.09032=0.03124 + 0.02152 + 0.28630 + 9.75127], test-recall=[0.1596, 0.2291], test-ndcg=[0.0943, 0.1123]
2025-12-28 12:14:11,878 - Epoch  8 [14.5s + 1.2s]: train==[10.07468=0.02953 + 0.02215 + 0.27269 + 9.75031], test-recall=[0.1618, 0.2301], test-ndcg=[0.0954, 0.1132]
2025-12-28 12:14:27,719 - Epoch  9 [14.6s + 1.2s]: train==[10.06059=0.02898 + 0.02275 + 0.26045 + 9.74841], test-recall=[0.1625, 0.2322], test-ndcg=[0.0962, 0.1143]
2025-12-28 12:14:43,569 - Epoch 10 [14.6s + 1.2s]: train==[10.04841=0.02807 + 0.02320 + 0.24937 + 9.74778], test-recall=[0.1644, 0.2328], test-ndcg=[0.0971, 0.1148]
2025-12-28 12:14:59,566 - Epoch 11 [14.6s + 1.4s]: train==[10.03668=0.02692 + 0.02366 + 0.23932 + 9.74679], test-recall=[0.1659, 0.2352], test-ndcg=[0.0978, 0.1157]
2025-12-28 12:15:15,265 - Epoch 12 [14.5s + 1.2s]: train==[10.02749=0.02684 + 0.02408 + 0.23023 + 9.74634], test-recall=[0.1665, 0.2358], test-ndcg=[0.0985, 0.1165]
2025-12-28 12:15:30,981 - Epoch 13 [14.5s + 1.2s]: train==[10.01675=0.02530 + 0.02445 + 0.22199 + 9.74502], test-recall=[0.1668, 0.2373], test-ndcg=[0.0989, 0.1172]
2025-12-28 12:15:46,709 - Epoch 14 [14.5s + 1.2s]: train==[10.00958=0.02494 + 0.02482 + 0.21445 + 9.74537], test-recall=[0.1684, 0.2383], test-ndcg=[0.0995, 0.1176]
2025-12-28 12:16:02,485 - Epoch 15 [14.6s + 1.2s]: train==[10.00280=0.02477 + 0.02514 + 0.20753 + 9.74536], test-recall=[0.1687, 0.2388], test-ndcg=[0.0998, 0.1180]
2025-12-28 12:16:18,210 - Epoch 16 [14.5s + 1.2s]: train==[9.99502=0.02383 + 0.02543 + 0.20118 + 9.74458], test-recall=[0.1695, 0.2403], test-ndcg=[0.1003, 0.1186]
2025-12-28 12:16:34,245 - Epoch 17 [14.7s + 1.3s]: train==[9.98845=0.02334 + 0.02573 + 0.19532 + 9.74406], test-recall=[0.1694, 0.2407], test-ndcg=[0.1005, 0.1190]
2025-12-28 12:16:50,517 - Epoch 18 [15.0s + 1.3s]: train==[9.98236=0.02283 + 0.02602 + 0.18988 + 9.74363], test-recall=[0.1707, 0.2423], test-ndcg=[0.1010, 0.1196]
2025-12-28 12:17:06,597 - Epoch 19 [14.8s + 1.2s]: train==[9.97797=0.02307 + 0.02625 + 0.18484 + 9.74381], test-recall=[0.1718, 0.2428], test-ndcg=[0.1016, 0.1200]
2025-12-28 12:17:22,751 - Epoch 20 [14.8s + 1.4s]: train==[9.97301=0.02231 + 0.02645 + 0.18015 + 9.74410], test-recall=[0.1713, 0.2429], test-ndcg=[0.1014, 0.1200]
2025-12-28 12:17:38,865 - Epoch 21 [14.8s + 1.3s]: train==[9.96841=0.02229 + 0.02674 + 0.17577 + 9.74361], test-recall=[0.1724, 0.2434], test-ndcg=[0.1025, 0.1209]
2025-12-28 12:17:55,047 - Epoch 22 [14.9s + 1.3s]: train==[9.96335=0.02158 + 0.02693 + 0.17167 + 9.74316], test-recall=[0.1726, 0.2448], test-ndcg=[0.1023, 0.1210]
2025-12-28 12:18:11,157 - Epoch 23 [14.9s + 1.3s]: train==[9.95839=0.02170 + 0.02711 + 0.16783 + 9.74176], test-recall=[0.1732, 0.2446], test-ndcg=[0.1030, 0.1215]
2025-12-28 12:18:27,339 - Epoch 24 [14.9s + 1.3s]: train==[9.95647=0.02170 + 0.02733 + 0.16421 + 9.74323], test-recall=[0.1739, 0.2464], test-ndcg=[0.1032, 0.1220]
2025-12-28 12:18:43,617 - Epoch 25 [14.9s + 1.3s]: train==[9.95159=0.02096 + 0.02748 + 0.16079 + 9.74237], test-recall=[0.1739, 0.2469], test-ndcg=[0.1034, 0.1224]
2025-12-28 12:18:59,713 - Epoch 26 [14.8s + 1.3s]: train==[9.94859=0.02102 + 0.02768 + 0.15756 + 9.74234], test-recall=[0.1743, 0.2475], test-ndcg=[0.1037, 0.1228]
2025-12-28 12:19:16,131 - Epoch 27 [15.1s + 1.3s]: train==[9.94686=0.02107 + 0.02786 + 0.15451 + 9.74342], test-recall=[0.1744, 0.2469], test-ndcg=[0.1035, 0.1224]
2025-12-28 12:19:32,429 - Epoch 28 [15.0s + 1.3s]: train==[9.94223=0.02063 + 0.02802 + 0.15162 + 9.74196], test-recall=[0.1759, 0.2474], test-ndcg=[0.1039, 0.1227]
2025-12-28 12:19:48,415 - Epoch 29 [14.8s + 1.2s]: train==[9.93998=0.02031 + 0.02818 + 0.14888 + 9.74261], test-recall=[0.1767, 0.2478], test-ndcg=[0.1044, 0.1230]
2025-12-28 12:20:04,232 - Epoch 30 [14.6s + 1.2s]: train==[9.93773=0.02010 + 0.02834 + 0.14627 + 9.74302], test-recall=[0.1763, 0.2477], test-ndcg=[0.1043, 0.1229]
2025-12-28 12:20:20,298 - Epoch 31 [14.9s + 1.2s]: train==[9.93499=0.02007 + 0.02848 + 0.14380 + 9.74264], test-recall=[0.1761, 0.2491], test-ndcg=[0.1043, 0.1233]
2025-12-28 12:20:36,210 - Epoch 32 [14.7s + 1.3s]: train==[9.93275=0.01976 + 0.02865 + 0.14143 + 9.74291], test-recall=[0.1762, 0.2500], test-ndcg=[0.1045, 0.1237]
2025-12-28 12:20:52,106 - Epoch 33 [14.7s + 1.2s]: train==[9.92999=0.01990 + 0.02881 + 0.13918 + 9.74209], test-recall=[0.1769, 0.2499], test-ndcg=[0.1050, 0.1240]
2025-12-28 12:21:07,931 - Epoch 34 [14.6s + 1.3s]: train==[9.92764=0.01968 + 0.02897 + 0.13703 + 9.74197], test-recall=[0.1773, 0.2496], test-ndcg=[0.1052, 0.1240]
2025-12-28 12:21:24,001 - Epoch 35 [14.8s + 1.3s]: train==[9.92595=0.01959 + 0.02911 + 0.13497 + 9.74228], test-recall=[0.1776, 0.2509], test-ndcg=[0.1053, 0.1243]
2025-12-28 12:21:39,858 - Epoch 36 [14.6s + 1.2s]: train==[9.92334=0.01983 + 0.02926 + 0.13300 + 9.74125], test-recall=[0.1771, 0.2515], test-ndcg=[0.1054, 0.1248]
2025-12-28 12:21:55,806 - Epoch 37 [14.7s + 1.2s]: train==[9.92152=0.01907 + 0.02932 + 0.13111 + 9.74202], test-recall=[0.1777, 0.2513], test-ndcg=[0.1056, 0.1247]
2025-12-28 12:22:11,923 - Epoch 38 [14.9s + 1.2s]: train==[9.92041=0.01920 + 0.02946 + 0.12929 + 9.74245], test-recall=[0.1784, 0.2507], test-ndcg=[0.1059, 0.1248]
2025-12-28 12:22:27,803 - Epoch 39 [14.6s + 1.3s]: train==[9.91807=0.01868 + 0.02956 + 0.12755 + 9.74229], test-recall=[0.1785, 0.2510], test-ndcg=[0.1061, 0.1251]
2025-12-28 12:22:43,763 - Epoch 40 [14.7s + 1.2s]: train==[9.91648=0.01854 + 0.02969 + 0.12587 + 9.74237], test-recall=[0.1803, 0.2511], test-ndcg=[0.1067, 0.1252]
2025-12-28 12:22:59,764 - Epoch 41 [14.7s + 1.3s]: train==[9.91555=0.01855 + 0.02982 + 0.12426 + 9.74292], test-recall=[0.1790, 0.2522], test-ndcg=[0.1063, 0.1253]
2025-12-28 12:23:15,749 - Epoch 42 [14.8s + 1.2s]: train==[9.91292=0.01842 + 0.02986 + 0.12270 + 9.74194], test-recall=[0.1789, 0.2522], test-ndcg=[0.1064, 0.1255]
2025-12-28 12:23:31,615 - Epoch 43 [14.6s + 1.2s]: train==[9.91290=0.01886 + 0.02993 + 0.12119 + 9.74291], test-recall=[0.1792, 0.2516], test-ndcg=[0.1067, 0.1256]
2025-12-28 12:23:47,578 - Epoch 44 [14.6s + 1.3s]: train==[9.91115=0.01852 + 0.03007 + 0.11975 + 9.74281], test-recall=[0.1780, 0.2522], test-ndcg=[0.1064, 0.1257]
2025-12-28 12:24:03,475 - Epoch 45 [14.6s + 1.3s]: train==[9.90868=0.01838 + 0.03017 + 0.11836 + 9.74177], test-recall=[0.1788, 0.2532], test-ndcg=[0.1065, 0.1259]
2025-12-28 12:24:19,425 - Epoch 46 [14.7s + 1.3s]: train==[9.90909=0.01837 + 0.03022 + 0.11701 + 9.74349], test-recall=[0.1790, 0.2534], test-ndcg=[0.1066, 0.1260]
2025-12-28 12:24:35,511 - Epoch 47 [14.8s + 1.2s]: train==[9.90813=0.01880 + 0.03033 + 0.11571 + 9.74330], test-recall=[0.1788, 0.2536], test-ndcg=[0.1065, 0.1260]
2025-12-28 12:24:51,405 - Epoch 48 [14.7s + 1.2s]: train==[9.90586=0.01784 + 0.03046 + 0.11445 + 9.74311], test-recall=[0.1794, 0.2540], test-ndcg=[0.1067, 0.1260]
2025-12-28 12:25:07,325 - Epoch 49 [14.7s + 1.2s]: train==[9.90538=0.01830 + 0.03062 + 0.11324 + 9.74322], test-recall=[0.1795, 0.2536], test-ndcg=[0.1069, 0.1261]
2025-12-28 12:25:23,151 - Epoch 50 [14.6s + 1.2s]: train==[9.90312=0.01785 + 0.03064 + 0.11205 + 9.74258], test-recall=[0.1791, 0.2544], test-ndcg=[0.1064, 0.1260]
2025-12-28 12:25:39,095 - Epoch 51 [14.7s + 1.2s]: train==[9.90219=0.01805 + 0.03076 + 0.11090 + 9.74248], test-recall=[0.1795, 0.2544], test-ndcg=[0.1068, 0.1263]
2025-12-28 12:25:55,874 - Epoch 52 [15.5s + 1.3s]: train==[9.90067=0.01803 + 0.03085 + 0.10979 + 9.74200], test-recall=[0.1800, 0.2548], test-ndcg=[0.1071, 0.1267]
2025-12-28 12:26:11,839 - Epoch 53 [14.7s + 1.2s]: train==[9.90128=0.01815 + 0.03093 + 0.10871 + 9.74349], test-recall=[0.1799, 0.2548], test-ndcg=[0.1073, 0.1267]
2025-12-28 12:26:28,436 - Epoch 54 [15.3s + 1.2s]: train==[9.89955=0.01774 + 0.03105 + 0.10767 + 9.74309], test-recall=[0.1798, 0.2547], test-ndcg=[0.1073, 0.1268]
2025-12-28 12:26:44,447 - Epoch 55 [14.8s + 1.3s]: train==[9.89815=0.01811 + 0.03115 + 0.10665 + 9.74224], test-recall=[0.1805, 0.2544], test-ndcg=[0.1078, 0.1271]
2025-12-28 12:27:00,358 - Epoch 56 [14.7s + 1.2s]: train==[9.89721=0.01767 + 0.03120 + 0.10567 + 9.74267], test-recall=[0.1810, 0.2553], test-ndcg=[0.1079, 0.1273]
2025-12-28 12:27:16,164 - Epoch 57 [14.6s + 1.2s]: train==[9.89642=0.01776 + 0.03130 + 0.10471 + 9.74265], test-recall=[0.1810, 0.2557], test-ndcg=[0.1079, 0.1273]
2025-12-28 12:27:32,022 - Epoch 58 [14.6s + 1.3s]: train==[9.89642=0.01774 + 0.03136 + 0.10378 + 9.74354], test-recall=[0.1818, 0.2559], test-ndcg=[0.1084, 0.1278]
2025-12-28 12:27:47,930 - Epoch 59 [14.7s + 1.2s]: train==[9.89502=0.01744 + 0.03148 + 0.10288 + 9.74322], test-recall=[0.1827, 0.2568], test-ndcg=[0.1085, 0.1277]
2025-12-28 12:28:03,736 - Epoch 60 [14.6s + 1.2s]: train==[9.89437=0.01739 + 0.03156 + 0.10199 + 9.74343], test-recall=[0.1823, 0.2572], test-ndcg=[0.1083, 0.1278]
2025-12-28 12:28:19,850 - Epoch 61 [14.9s + 1.3s]: train==[9.89387=0.01767 + 0.03159 + 0.10113 + 9.74347], test-recall=[0.1814, 0.2563], test-ndcg=[0.1081, 0.1276]
2025-12-28 12:28:35,784 - Epoch 62 [14.7s + 1.2s]: train==[9.89241=0.01757 + 0.03166 + 0.10030 + 9.74287], test-recall=[0.1820, 0.2577], test-ndcg=[0.1083, 0.1279]
2025-12-28 12:28:51,708 - Epoch 63 [14.6s + 1.3s]: train==[9.89272=0.01746 + 0.03178 + 0.09949 + 9.74400], test-recall=[0.1825, 0.2570], test-ndcg=[0.1087, 0.1281]
2025-12-28 12:29:07,645 - Epoch 64 [14.7s + 1.3s]: train==[9.89030=0.01726 + 0.03185 + 0.09869 + 9.74250], test-recall=[0.1831, 0.2576], test-ndcg=[0.1089, 0.1283]
2025-12-28 12:29:23,629 - Epoch 65 [14.7s + 1.3s]: train==[9.89172=0.01747 + 0.03189 + 0.09791 + 9.74445], test-recall=[0.1827, 0.2577], test-ndcg=[0.1088, 0.1283]
2025-12-28 12:29:39,612 - Epoch 66 [14.8s + 1.2s]: train==[9.88997=0.01722 + 0.03198 + 0.09715 + 9.74363], test-recall=[0.1821, 0.2590], test-ndcg=[0.1086, 0.1286]
2025-12-28 12:29:55,379 - Epoch 67 [14.6s + 1.2s]: train==[9.88851=0.01671 + 0.03202 + 0.09642 + 9.74336], test-recall=[0.1832, 0.2584], test-ndcg=[0.1087, 0.1283]
2025-12-28 12:30:11,100 - Epoch 68 [14.5s + 1.2s]: train==[9.88854=0.01732 + 0.03209 + 0.09569 + 9.74344], test-recall=[0.1828, 0.2581], test-ndcg=[0.1088, 0.1284]
2025-12-28 12:30:26,853 - Epoch 69 [14.5s + 1.2s]: train==[9.88814=0.01699 + 0.03213 + 0.09499 + 9.74403], test-recall=[0.1835, 0.2578], test-ndcg=[0.1094, 0.1288]
2025-12-28 12:30:42,771 - Epoch 70 [14.7s + 1.2s]: train==[9.88694=0.01722 + 0.03217 + 0.09430 + 9.74325], test-recall=[0.1834, 0.2581], test-ndcg=[0.1093, 0.1287]
2025-12-28 12:30:58,955 - Epoch 71 [14.6s + 1.6s]: train==[9.88731=0.01683 + 0.03221 + 0.09363 + 9.74463], test-recall=[0.1830, 0.2571], test-ndcg=[0.1090, 0.1283]
2025-12-28 12:31:14,693 - Epoch 72 [14.5s + 1.2s]: train==[9.88596=0.01722 + 0.03231 + 0.09298 + 9.74346], test-recall=[0.1826, 0.2575], test-ndcg=[0.1087, 0.1283]
2025-12-28 12:31:30,482 - Epoch 73 [14.6s + 1.2s]: train==[9.88572=0.01702 + 0.03234 + 0.09234 + 9.74401], test-recall=[0.1828, 0.2590], test-ndcg=[0.1089, 0.1287]
2025-12-28 12:31:46,361 - Epoch 74 [14.6s + 1.3s]: train==[9.88514=0.01711 + 0.03244 + 0.09172 + 9.74387], test-recall=[0.1827, 0.2582], test-ndcg=[0.1089, 0.1286]
2025-12-28 12:32:02,227 - Epoch 75 [14.6s + 1.2s]: train==[9.88399=0.01650 + 0.03249 + 0.09111 + 9.74389], test-recall=[0.1841, 0.2585], test-ndcg=[0.1096, 0.1290]
2025-12-28 12:32:18,154 - Epoch 76 [14.7s + 1.2s]: train==[9.88412=0.01711 + 0.03254 + 0.09051 + 9.74396], test-recall=[0.1831, 0.2578], test-ndcg=[0.1097, 0.1292]
2025-12-28 12:32:34,030 - Epoch 77 [14.6s + 1.2s]: train==[9.88317=0.01692 + 0.03258 + 0.08992 + 9.74374], test-recall=[0.1840, 0.2586], test-ndcg=[0.1098, 0.1292]
2025-12-28 12:32:49,865 - Epoch 78 [14.6s + 1.2s]: train==[9.88183=0.01698 + 0.03259 + 0.08935 + 9.74292], test-recall=[0.1836, 0.2595], test-ndcg=[0.1096, 0.1294]
2025-12-28 12:33:05,824 - Epoch 79 [14.7s + 1.3s]: train==[9.88209=0.01692 + 0.03263 + 0.08879 + 9.74375], test-recall=[0.1844, 0.2594], test-ndcg=[0.1098, 0.1293]
2025-12-28 12:33:21,720 - Epoch 80 [14.7s + 1.2s]: train==[9.88211=0.01661 + 0.03274 + 0.08824 + 9.74452], test-recall=[0.1850, 0.2594], test-ndcg=[0.1102, 0.1296]
2025-12-28 12:33:37,564 - Epoch 81 [14.6s + 1.3s]: train==[9.88083=0.01668 + 0.03277 + 0.08769 + 9.74370], test-recall=[0.1850, 0.2592], test-ndcg=[0.1100, 0.1294]
2025-12-28 12:33:53,599 - Epoch 82 [14.8s + 1.3s]: train==[9.88116=0.01656 + 0.03282 + 0.08716 + 9.74463], test-recall=[0.1840, 0.2591], test-ndcg=[0.1097, 0.1293]
2025-12-28 12:34:09,561 - Epoch 83 [14.7s + 1.3s]: train==[9.88081=0.01657 + 0.03290 + 0.08665 + 9.74469], test-recall=[0.1842, 0.2605], test-ndcg=[0.1097, 0.1296]
2025-12-28 12:34:25,592 - Epoch 84 [14.7s + 1.3s]: train==[9.88074=0.01673 + 0.03293 + 0.08614 + 9.74494], test-recall=[0.1843, 0.2599], test-ndcg=[0.1097, 0.1294]
2025-12-28 12:34:41,687 - Epoch 85 [14.8s + 1.3s]: train==[9.87975=0.01655 + 0.03300 + 0.08564 + 9.74455], test-recall=[0.1846, 0.2600], test-ndcg=[0.1102, 0.1298]
2025-12-28 12:34:57,719 - Epoch 86 [14.8s + 1.3s]: train==[9.87978=0.01670 + 0.03301 + 0.08515 + 9.74492], test-recall=[0.1848, 0.2600], test-ndcg=[0.1105, 0.1301]
2025-12-28 12:35:13,610 - Epoch 87 [14.7s + 1.2s]: train==[9.87891=0.01697 + 0.03308 + 0.08468 + 9.74418], test-recall=[0.1849, 0.2607], test-ndcg=[0.1107, 0.1304]
2025-12-28 12:35:29,541 - Epoch 88 [14.7s + 1.2s]: train==[9.87878=0.01658 + 0.03311 + 0.08421 + 9.74488], test-recall=[0.1842, 0.2606], test-ndcg=[0.1102, 0.1300]
2025-12-28 12:35:45,355 - Epoch 89 [14.6s + 1.2s]: train==[9.87836=0.01637 + 0.03317 + 0.08375 + 9.74507], test-recall=[0.1847, 0.2615], test-ndcg=[0.1101, 0.1300]
2025-12-28 12:36:01,202 - Epoch 90 [14.6s + 1.2s]: train==[9.87787=0.01636 + 0.03318 + 0.08330 + 9.74503], test-recall=[0.1847, 0.2607], test-ndcg=[0.1102, 0.1299]
2025-12-28 12:36:18,149 - Epoch 91 [15.7s + 1.3s]: train==[9.87815=0.01660 + 0.03328 + 0.08285 + 9.74541], test-recall=[0.1852, 0.2603], test-ndcg=[0.1100, 0.1295]
2025-12-28 12:36:33,942 - Epoch 92 [14.6s + 1.2s]: train==[9.87724=0.01660 + 0.03329 + 0.08242 + 9.74493], test-recall=[0.1844, 0.2603], test-ndcg=[0.1100, 0.1298]
2025-12-28 12:36:49,780 - Epoch 93 [14.6s + 1.2s]: train==[9.87701=0.01657 + 0.03336 + 0.08199 + 9.74510], test-recall=[0.1853, 0.2616], test-ndcg=[0.1103, 0.1301]
2025-12-28 12:37:05,849 - Epoch 94 [14.8s + 1.3s]: train==[9.87726=0.01664 + 0.03344 + 0.08157 + 9.74561], test-recall=[0.1851, 0.2606], test-ndcg=[0.1104, 0.1300]
2025-12-28 12:37:21,824 - Epoch 95 [14.7s + 1.2s]: train==[9.87530=0.01597 + 0.03345 + 0.08116 + 9.74472], test-recall=[0.1845, 0.2609], test-ndcg=[0.1100, 0.1299]
2025-12-28 12:37:38,293 - Epoch 96 [15.2s + 1.3s]: train==[9.87532=0.01604 + 0.03355 + 0.08075 + 9.74498], test-recall=[0.1856, 0.2618], test-ndcg=[0.1104, 0.1302]
2025-12-28 12:37:54,198 - Epoch 97 [14.6s + 1.3s]: train==[9.87591=0.01671 + 0.03359 + 0.08036 + 9.74525], test-recall=[0.1846, 0.2597], test-ndcg=[0.1098, 0.1295]
2025-12-28 12:38:10,162 - Epoch 98 [14.7s + 1.2s]: train==[9.87434=0.01612 + 0.03361 + 0.07997 + 9.74464], test-recall=[0.1841, 0.2596], test-ndcg=[0.1102, 0.1299]
2025-12-28 12:38:26,158 - Epoch 99 [14.8s + 1.2s]: train==[9.87404=0.01622 + 0.03363 + 0.07959 + 9.74460], test-recall=[0.1841, 0.2599], test-ndcg=[0.1100, 0.1298]
2025-12-28 12:38:27,360 - Final Test Set Result: test-recall=[0.1841, 0.2599], test-ndcg=[0.1100, 0.1298]
