2025-12-28 00:00:36,636 - n_users=50821, n_items=57440	n_interactions=1302695	n_train=1172425, n_test=130270, sparsity=0.00040
2025-12-28 00:00:36,636 - Namespace(Ks='[20, 40]', ablation='wo_disen_r', batch_size=10240, cen_reg=0.005, data_path='data/', dataset='gowalla', emb_reg=2.5e-05, embed_size=32, epoch=100, lr=0.001, n_batch=40, n_intents=128, n_layers=2, output='gowalla_wo_disen_r', sample_num=40, save_model=False, seed=2022, show_step=1, ssl_reg=0.1, temp=1, train_num=10000, verbose=1)
2025-12-28 00:00:55,067 - Epoch  0 [11.7s + 1.2s]: train==[7.76419=0.50180 + 0.00492 + 0.43073 + 6.82674], test-recall=[0.1284, 0.1862], test-ndcg=[0.0752, 0.0902]
2025-12-28 00:01:07,368 - Epoch  1 [10.9s + 1.4s]: train==[7.05929=0.11671 + 0.02111 + 0.37355 + 6.54792], test-recall=[0.1340, 0.1923], test-ndcg=[0.0785, 0.0937]
2025-12-28 00:01:19,245 - Epoch  2 [10.8s + 1.1s]: train==[6.97915=0.06499 + 0.02917 + 0.35701 + 6.52798], test-recall=[0.1386, 0.1982], test-ndcg=[0.0813, 0.0968]
2025-12-28 00:01:31,110 - Epoch  3 [10.7s + 1.1s]: train==[6.94542=0.05502 + 0.03202 + 0.33770 + 6.52069], test-recall=[0.1415, 0.2039], test-ndcg=[0.0832, 0.0994]
2025-12-28 00:01:43,175 - Epoch  4 [10.9s + 1.1s]: train==[6.91528=0.04876 + 0.03366 + 0.31716 + 6.51569], test-recall=[0.1446, 0.2074], test-ndcg=[0.0849, 0.1012]
2025-12-28 00:01:55,079 - Epoch  5 [10.8s + 1.1s]: train==[6.88954=0.04479 + 0.03478 + 0.29659 + 6.51337], test-recall=[0.1461, 0.2111], test-ndcg=[0.0860, 0.1029]
2025-12-28 00:02:07,176 - Epoch  6 [10.9s + 1.2s]: train==[6.86653=0.04249 + 0.03569 + 0.27695 + 6.51140], test-recall=[0.1474, 0.2129], test-ndcg=[0.0870, 0.1040]
2025-12-28 00:02:19,190 - Epoch  7 [10.7s + 1.3s]: train==[6.84497=0.04024 + 0.03641 + 0.25900 + 6.50932], test-recall=[0.1490, 0.2149], test-ndcg=[0.0880, 0.1051]
2025-12-28 00:02:31,097 - Epoch  8 [10.8s + 1.1s]: train==[6.82706=0.03844 + 0.03700 + 0.24307 + 6.50855], test-recall=[0.1507, 0.2163], test-ndcg=[0.0890, 0.1061]
2025-12-28 00:02:43,040 - Epoch  9 [10.8s + 1.1s]: train==[6.81073=0.03741 + 0.03755 + 0.22906 + 6.50670], test-recall=[0.1514, 0.2181], test-ndcg=[0.0894, 0.1067]
2025-12-28 00:02:54,943 - Epoch 10 [10.8s + 1.1s]: train==[6.79739=0.03636 + 0.03796 + 0.21664 + 6.50643], test-recall=[0.1515, 0.2194], test-ndcg=[0.0897, 0.1073]
2025-12-28 00:03:07,104 - Epoch 11 [10.9s + 1.3s]: train==[6.78467=0.03513 + 0.03845 + 0.20580 + 6.50530], test-recall=[0.1532, 0.2196], test-ndcg=[0.0903, 0.1076]
2025-12-28 00:03:19,057 - Epoch 12 [10.8s + 1.1s]: train==[6.77443=0.03481 + 0.03881 + 0.19624 + 6.50457], test-recall=[0.1537, 0.2207], test-ndcg=[0.0908, 0.1082]
2025-12-28 00:03:31,046 - Epoch 13 [10.9s + 1.1s]: train==[6.76414=0.03338 + 0.03915 + 0.18774 + 6.50387], test-recall=[0.1544, 0.2226], test-ndcg=[0.0912, 0.1089]
2025-12-28 00:03:42,997 - Epoch 14 [10.8s + 1.1s]: train==[6.75627=0.03286 + 0.03951 + 0.18017 + 6.50374], test-recall=[0.1549, 0.2236], test-ndcg=[0.0917, 0.1095]
2025-12-28 00:03:55,032 - Epoch 15 [10.9s + 1.1s]: train==[6.74934=0.03251 + 0.03980 + 0.17336 + 6.50367], test-recall=[0.1561, 0.2241], test-ndcg=[0.0920, 0.1097]
2025-12-28 00:04:06,951 - Epoch 16 [10.8s + 1.1s]: train==[6.74173=0.03147 + 0.04007 + 0.16723 + 6.50296], test-recall=[0.1569, 0.2251], test-ndcg=[0.0925, 0.1103]
2025-12-28 00:04:18,879 - Epoch 17 [10.8s + 1.1s]: train==[6.73574=0.03109 + 0.04035 + 0.16169 + 6.50260], test-recall=[0.1572, 0.2268], test-ndcg=[0.0928, 0.1108]
2025-12-28 00:04:30,773 - Epoch 18 [10.8s + 1.1s]: train==[6.72986=0.03037 + 0.04064 + 0.15665 + 6.50220], test-recall=[0.1577, 0.2277], test-ndcg=[0.0931, 0.1112]
2025-12-28 00:04:42,707 - Epoch 19 [10.8s + 1.1s]: train==[6.72565=0.03051 + 0.04088 + 0.15204 + 6.50222], test-recall=[0.1582, 0.2279], test-ndcg=[0.0935, 0.1116]
2025-12-28 00:04:54,747 - Epoch 20 [10.9s + 1.1s]: train==[6.72126=0.02962 + 0.04105 + 0.14782 + 6.50277], test-recall=[0.1588, 0.2281], test-ndcg=[0.0935, 0.1115]
2025-12-28 00:05:06,773 - Epoch 21 [10.9s + 1.1s]: train==[6.71685=0.02971 + 0.04133 + 0.14393 + 6.50188], test-recall=[0.1596, 0.2287], test-ndcg=[0.0940, 0.1119]
2025-12-28 00:05:18,731 - Epoch 22 [10.8s + 1.1s]: train==[6.71243=0.02896 + 0.04147 + 0.14032 + 6.50168], test-recall=[0.1587, 0.2288], test-ndcg=[0.0936, 0.1117]
2025-12-28 00:05:30,630 - Epoch 23 [10.7s + 1.2s]: train==[6.70865=0.02906 + 0.04164 + 0.13698 + 6.50096], test-recall=[0.1594, 0.2290], test-ndcg=[0.0940, 0.1121]
2025-12-28 00:05:42,620 - Epoch 24 [10.8s + 1.1s]: train==[6.70646=0.02887 + 0.04185 + 0.13386 + 6.50188], test-recall=[0.1594, 0.2301], test-ndcg=[0.0944, 0.1128]
2025-12-28 00:05:54,549 - Epoch 25 [10.8s + 1.1s]: train==[6.70240=0.02833 + 0.04197 + 0.13094 + 6.50115], test-recall=[0.1608, 0.2299], test-ndcg=[0.0948, 0.1128]
2025-12-28 00:06:06,539 - Epoch 26 [10.9s + 1.1s]: train==[6.69972=0.02823 + 0.04213 + 0.12820 + 6.50116], test-recall=[0.1607, 0.2298], test-ndcg=[0.0948, 0.1128]
2025-12-28 00:06:18,616 - Epoch 27 [10.9s + 1.1s]: train==[6.69797=0.02826 + 0.04231 + 0.12563 + 6.50176], test-recall=[0.1600, 0.2299], test-ndcg=[0.0947, 0.1128]
2025-12-28 00:06:30,569 - Epoch 28 [10.8s + 1.1s]: train==[6.69438=0.02795 + 0.04245 + 0.12321 + 6.50076], test-recall=[0.1607, 0.2301], test-ndcg=[0.0949, 0.1130]
2025-12-28 00:06:42,445 - Epoch 29 [10.8s + 1.1s]: train==[6.69255=0.02762 + 0.04258 + 0.12092 + 6.50143], test-recall=[0.1614, 0.2305], test-ndcg=[0.0952, 0.1132]
2025-12-28 00:06:54,391 - Epoch 30 [10.8s + 1.1s]: train==[6.69102=0.02743 + 0.04275 + 0.11877 + 6.50206], test-recall=[0.1616, 0.2308], test-ndcg=[0.0953, 0.1133]
2025-12-28 00:07:06,320 - Epoch 31 [10.8s + 1.1s]: train==[6.68855=0.02739 + 0.04288 + 0.11674 + 6.50153], test-recall=[0.1614, 0.2316], test-ndcg=[0.0953, 0.1135]
2025-12-28 00:07:18,302 - Epoch 32 [10.8s + 1.2s]: train==[6.68664=0.02711 + 0.04303 + 0.11481 + 6.50168], test-recall=[0.1621, 0.2321], test-ndcg=[0.0955, 0.1138]
2025-12-28 00:07:30,354 - Epoch 33 [10.9s + 1.1s]: train==[6.68433=0.02718 + 0.04317 + 0.11297 + 6.50101], test-recall=[0.1623, 0.2320], test-ndcg=[0.0958, 0.1139]
2025-12-28 00:07:42,340 - Epoch 34 [10.9s + 1.1s]: train==[6.68255=0.02700 + 0.04329 + 0.11121 + 6.50105], test-recall=[0.1623, 0.2315], test-ndcg=[0.0957, 0.1137]
2025-12-28 00:07:54,232 - Epoch 35 [10.8s + 1.1s]: train==[6.68110=0.02694 + 0.04341 + 0.10954 + 6.50120], test-recall=[0.1626, 0.2325], test-ndcg=[0.0957, 0.1139]
2025-12-28 00:08:06,152 - Epoch 36 [10.8s + 1.1s]: train==[6.67904=0.02696 + 0.04354 + 0.10795 + 6.50060], test-recall=[0.1631, 0.2329], test-ndcg=[0.0958, 0.1140]
2025-12-28 00:08:18,096 - Epoch 37 [10.8s + 1.1s]: train==[6.67754=0.02634 + 0.04360 + 0.10642 + 6.50118], test-recall=[0.1630, 0.2344], test-ndcg=[0.0960, 0.1145]
2025-12-28 00:08:30,035 - Epoch 38 [10.8s + 1.1s]: train==[6.67677=0.02641 + 0.04370 + 0.10496 + 6.50170], test-recall=[0.1620, 0.2350], test-ndcg=[0.0958, 0.1148]
2025-12-28 00:08:42,072 - Epoch 39 [10.9s + 1.1s]: train==[6.67450=0.02591 + 0.04381 + 0.10357 + 6.50120], test-recall=[0.1629, 0.2347], test-ndcg=[0.0962, 0.1149]
2025-12-28 00:08:54,004 - Epoch 40 [10.8s + 1.1s]: train==[6.67334=0.02571 + 0.04388 + 0.10223 + 6.50152], test-recall=[0.1635, 0.2353], test-ndcg=[0.0964, 0.1151]
2025-12-28 00:09:05,904 - Epoch 41 [10.8s + 1.1s]: train==[6.67285=0.02582 + 0.04403 + 0.10095 + 6.50205], test-recall=[0.1632, 0.2349], test-ndcg=[0.0963, 0.1149]
2025-12-28 00:09:17,806 - Epoch 42 [10.8s + 1.1s]: train==[6.67088=0.02565 + 0.04406 + 0.09971 + 6.50145], test-recall=[0.1636, 0.2346], test-ndcg=[0.0965, 0.1150]
2025-12-28 00:09:29,694 - Epoch 43 [10.8s + 1.1s]: train==[6.67037=0.02603 + 0.04413 + 0.09852 + 6.50170], test-recall=[0.1631, 0.2350], test-ndcg=[0.0968, 0.1154]
2025-12-28 00:09:41,622 - Epoch 44 [10.8s + 1.1s]: train==[6.66890=0.02563 + 0.04422 + 0.09737 + 6.50169], test-recall=[0.1639, 0.2352], test-ndcg=[0.0967, 0.1152]
2025-12-28 00:09:53,625 - Epoch 45 [10.9s + 1.1s]: train==[6.66727=0.02557 + 0.04428 + 0.09626 + 6.50116], test-recall=[0.1637, 0.2349], test-ndcg=[0.0966, 0.1151]
2025-12-28 00:10:05,596 - Epoch 46 [10.8s + 1.1s]: train==[6.66746=0.02563 + 0.04435 + 0.09520 + 6.50228], test-recall=[0.1643, 0.2356], test-ndcg=[0.0968, 0.1154]
2025-12-28 00:10:17,503 - Epoch 47 [10.8s + 1.1s]: train==[6.66656=0.02599 + 0.04442 + 0.09417 + 6.50197], test-recall=[0.1647, 0.2362], test-ndcg=[0.0969, 0.1156]
2025-12-28 00:10:29,369 - Epoch 48 [10.8s + 1.1s]: train==[6.66512=0.02503 + 0.04455 + 0.09318 + 6.50237], test-recall=[0.1642, 0.2358], test-ndcg=[0.0969, 0.1156]
2025-12-28 00:10:41,234 - Epoch 49 [10.7s + 1.1s]: train==[6.66448=0.02547 + 0.04469 + 0.09222 + 6.50210], test-recall=[0.1649, 0.2364], test-ndcg=[0.0971, 0.1157]
2025-12-28 00:10:53,182 - Epoch 50 [10.8s + 1.1s]: train==[6.66312=0.02521 + 0.04468 + 0.09129 + 6.50194], test-recall=[0.1644, 0.2362], test-ndcg=[0.0967, 0.1154]
2025-12-28 00:11:05,145 - Epoch 51 [10.8s + 1.1s]: train==[6.66228=0.02528 + 0.04479 + 0.09039 + 6.50182], test-recall=[0.1650, 0.2362], test-ndcg=[0.0972, 0.1158]
2025-12-28 00:11:17,141 - Epoch 52 [10.9s + 1.1s]: train==[6.66135=0.02520 + 0.04489 + 0.08952 + 6.50173], test-recall=[0.1649, 0.2370], test-ndcg=[0.0973, 0.1161]
2025-12-28 00:11:29,040 - Epoch 53 [10.8s + 1.1s]: train==[6.66183=0.02551 + 0.04495 + 0.08868 + 6.50269], test-recall=[0.1645, 0.2371], test-ndcg=[0.0973, 0.1162]
2025-12-28 00:11:40,931 - Epoch 54 [10.8s + 1.1s]: train==[6.66003=0.02504 + 0.04508 + 0.08786 + 6.50205], test-recall=[0.1649, 0.2368], test-ndcg=[0.0975, 0.1161]
2025-12-28 00:11:52,792 - Epoch 55 [10.8s + 1.1s]: train==[6.65937=0.02532 + 0.04509 + 0.08707 + 6.50189], test-recall=[0.1652, 0.2379], test-ndcg=[0.0977, 0.1166]
2025-12-28 00:12:04,703 - Epoch 56 [10.8s + 1.1s]: train==[6.65837=0.02492 + 0.04515 + 0.08630 + 6.50200], test-recall=[0.1661, 0.2376], test-ndcg=[0.0980, 0.1166]
2025-12-28 00:12:16,601 - Epoch 57 [10.8s + 1.1s]: train==[6.65813=0.02507 + 0.04523 + 0.08555 + 6.50227], test-recall=[0.1656, 0.2375], test-ndcg=[0.0980, 0.1167]
2025-12-28 00:12:28,585 - Epoch 58 [10.9s + 1.1s]: train==[6.65782=0.02510 + 0.04526 + 0.08483 + 6.50262], test-recall=[0.1668, 0.2375], test-ndcg=[0.0985, 0.1170]
2025-12-28 00:12:40,475 - Epoch 59 [10.8s + 1.1s]: train==[6.65674=0.02479 + 0.04539 + 0.08413 + 6.50243], test-recall=[0.1666, 0.2374], test-ndcg=[0.0983, 0.1168]
2025-12-28 00:12:52,355 - Epoch 60 [10.7s + 1.1s]: train==[6.65602=0.02465 + 0.04546 + 0.08344 + 6.50248], test-recall=[0.1662, 0.2381], test-ndcg=[0.0981, 0.1168]
2025-12-28 00:13:04,214 - Epoch 61 [10.7s + 1.1s]: train==[6.65568=0.02474 + 0.04545 + 0.08277 + 6.50272], test-recall=[0.1663, 0.2388], test-ndcg=[0.0981, 0.1169]
2025-12-28 00:13:16,079 - Epoch 62 [10.7s + 1.1s]: train==[6.65459=0.02502 + 0.04548 + 0.08211 + 6.50198], test-recall=[0.1662, 0.2381], test-ndcg=[0.0981, 0.1168]
2025-12-28 00:13:27,977 - Epoch 63 [10.8s + 1.1s]: train==[6.65497=0.02460 + 0.04557 + 0.08148 + 6.50332], test-recall=[0.1666, 0.2395], test-ndcg=[0.0985, 0.1174]
2025-12-28 00:13:39,986 - Epoch 64 [10.9s + 1.1s]: train==[6.65285=0.02454 + 0.04569 + 0.08086 + 6.50176], test-recall=[0.1672, 0.2395], test-ndcg=[0.0987, 0.1174]
2025-12-28 00:13:51,918 - Epoch 65 [10.8s + 1.1s]: train==[6.65441=0.02477 + 0.04572 + 0.08026 + 6.50368], test-recall=[0.1672, 0.2385], test-ndcg=[0.0987, 0.1172]
2025-12-28 00:14:03,811 - Epoch 66 [10.8s + 1.1s]: train==[6.65299=0.02453 + 0.04580 + 0.07967 + 6.50298], test-recall=[0.1668, 0.2391], test-ndcg=[0.0986, 0.1173]
2025-12-28 00:14:15,669 - Epoch 67 [10.7s + 1.1s]: train==[6.65111=0.02372 + 0.04582 + 0.07910 + 6.50247], test-recall=[0.1675, 0.2393], test-ndcg=[0.0987, 0.1173]
2025-12-28 00:14:27,546 - Epoch 68 [10.8s + 1.1s]: train==[6.65157=0.02447 + 0.04587 + 0.07854 + 6.50269], test-recall=[0.1670, 0.2397], test-ndcg=[0.0987, 0.1176]
2025-12-28 00:14:39,416 - Epoch 69 [10.8s + 1.1s]: train==[6.65123=0.02423 + 0.04589 + 0.07799 + 6.50312], test-recall=[0.1671, 0.2394], test-ndcg=[0.0989, 0.1176]
2025-12-28 00:14:51,339 - Epoch 70 [10.8s + 1.1s]: train==[6.65072=0.02457 + 0.04591 + 0.07746 + 6.50279], test-recall=[0.1675, 0.2392], test-ndcg=[0.0990, 0.1176]
2025-12-28 00:15:03,375 - Epoch 71 [10.9s + 1.2s]: train==[6.65058=0.02406 + 0.04596 + 0.07694 + 6.50362], test-recall=[0.1670, 0.2394], test-ndcg=[0.0986, 0.1174]
2025-12-28 00:15:15,352 - Epoch 72 [10.8s + 1.1s]: train==[6.64972=0.02441 + 0.04604 + 0.07643 + 6.50283], test-recall=[0.1674, 0.2393], test-ndcg=[0.0988, 0.1174]
2025-12-28 00:15:27,347 - Epoch 73 [10.9s + 1.1s]: train==[6.64920=0.02423 + 0.04604 + 0.07594 + 6.50299], test-recall=[0.1670, 0.2396], test-ndcg=[0.0988, 0.1176]
2025-12-28 00:15:39,330 - Epoch 74 [10.9s + 1.1s]: train==[6.64909=0.02430 + 0.04609 + 0.07545 + 6.50325], test-recall=[0.1675, 0.2396], test-ndcg=[0.0989, 0.1177]
2025-12-28 00:15:51,238 - Epoch 75 [10.8s + 1.1s]: train==[6.64781=0.02374 + 0.04614 + 0.07498 + 6.50295], test-recall=[0.1677, 0.2400], test-ndcg=[0.0991, 0.1180]
2025-12-28 00:16:03,222 - Epoch 76 [10.8s + 1.1s]: train==[6.64838=0.02428 + 0.04620 + 0.07452 + 6.50338], test-recall=[0.1684, 0.2401], test-ndcg=[0.0995, 0.1181]
2025-12-28 00:16:15,257 - Epoch 77 [10.9s + 1.1s]: train==[6.64758=0.02413 + 0.04623 + 0.07406 + 6.50316], test-recall=[0.1683, 0.2407], test-ndcg=[0.0994, 0.1182]
2025-12-28 00:16:27,174 - Epoch 78 [10.8s + 1.1s]: train==[6.64657=0.02414 + 0.04622 + 0.07362 + 6.50259], test-recall=[0.1688, 0.2413], test-ndcg=[0.0994, 0.1183]
2025-12-28 00:16:39,143 - Epoch 79 [10.8s + 1.1s]: train==[6.64656=0.02408 + 0.04622 + 0.07319 + 6.50307], test-recall=[0.1684, 0.2417], test-ndcg=[0.0992, 0.1183]
2025-12-28 00:16:51,112 - Epoch 80 [10.8s + 1.2s]: train==[6.64669=0.02387 + 0.04632 + 0.07276 + 6.50373], test-recall=[0.1685, 0.2416], test-ndcg=[0.0994, 0.1185]
2025-12-28 00:17:03,145 - Epoch 81 [10.9s + 1.1s]: train==[6.64595=0.02401 + 0.04636 + 0.07234 + 6.50324], test-recall=[0.1684, 0.2418], test-ndcg=[0.0992, 0.1183]
2025-12-28 00:17:15,083 - Epoch 82 [10.8s + 1.1s]: train==[6.64604=0.02378 + 0.04642 + 0.07194 + 6.50390], test-recall=[0.1683, 0.2416], test-ndcg=[0.0994, 0.1184]
2025-12-28 00:17:27,059 - Epoch 83 [10.9s + 1.1s]: train==[6.64563=0.02380 + 0.04650 + 0.07154 + 6.50380], test-recall=[0.1681, 0.2416], test-ndcg=[0.0993, 0.1184]
2025-12-28 00:17:39,065 - Epoch 84 [10.9s + 1.1s]: train==[6.64531=0.02373 + 0.04651 + 0.07115 + 6.50393], test-recall=[0.1685, 0.2407], test-ndcg=[0.0996, 0.1184]
2025-12-28 00:17:51,050 - Epoch 85 [10.8s + 1.1s]: train==[6.64476=0.02369 + 0.04654 + 0.07076 + 6.50376], test-recall=[0.1682, 0.2409], test-ndcg=[0.0995, 0.1185]
2025-12-28 00:18:03,004 - Epoch 86 [10.8s + 1.1s]: train==[6.64483=0.02397 + 0.04652 + 0.07038 + 6.50396], test-recall=[0.1686, 0.2416], test-ndcg=[0.0996, 0.1186]
2025-12-28 00:18:14,921 - Epoch 87 [10.8s + 1.1s]: train==[6.64457=0.02421 + 0.04656 + 0.07002 + 6.50378], test-recall=[0.1684, 0.2423], test-ndcg=[0.0995, 0.1188]
2025-12-28 00:18:26,925 - Epoch 88 [10.8s + 1.2s]: train==[6.64395=0.02372 + 0.04662 + 0.06966 + 6.50395], test-recall=[0.1686, 0.2406], test-ndcg=[0.0996, 0.1183]
2025-12-28 00:18:39,137 - Epoch 89 [11.1s + 1.1s]: train==[6.64378=0.02367 + 0.04663 + 0.06930 + 6.50417], test-recall=[0.1687, 0.2414], test-ndcg=[0.0996, 0.1185]
2025-12-28 00:18:51,224 - Epoch 90 [11.0s + 1.1s]: train==[6.64329=0.02356 + 0.04663 + 0.06896 + 6.50415], test-recall=[0.1684, 0.2411], test-ndcg=[0.0996, 0.1185]
2025-12-28 00:19:03,172 - Epoch 91 [10.8s + 1.1s]: train==[6.64373=0.02388 + 0.04675 + 0.06861 + 6.50448], test-recall=[0.1681, 0.2416], test-ndcg=[0.0995, 0.1186]
2025-12-28 00:19:15,084 - Epoch 92 [10.8s + 1.1s]: train==[6.64326=0.02388 + 0.04675 + 0.06828 + 6.50436], test-recall=[0.1688, 0.2419], test-ndcg=[0.0996, 0.1186]
2025-12-28 00:19:26,940 - Epoch 93 [10.7s + 1.1s]: train==[6.64291=0.02402 + 0.04680 + 0.06795 + 6.50414], test-recall=[0.1696, 0.2415], test-ndcg=[0.0998, 0.1186]
2025-12-28 00:19:38,841 - Epoch 94 [10.8s + 1.1s]: train==[6.64297=0.02384 + 0.04685 + 0.06763 + 6.50465], test-recall=[0.1698, 0.2417], test-ndcg=[0.0997, 0.1185]
2025-12-28 00:19:50,881 - Epoch 95 [10.9s + 1.1s]: train==[6.64140=0.02325 + 0.04687 + 0.06731 + 6.50397], test-recall=[0.1691, 0.2417], test-ndcg=[0.0999, 0.1188]
2025-12-28 00:20:02,857 - Epoch 96 [10.9s + 1.1s]: train==[6.64164=0.02339 + 0.04696 + 0.06700 + 6.50429], test-recall=[0.1691, 0.2426], test-ndcg=[0.0997, 0.1187]
2025-12-28 00:20:14,740 - Epoch 97 [10.8s + 1.1s]: train==[6.64177=0.02388 + 0.04699 + 0.06669 + 6.50421], test-recall=[0.1690, 0.2413], test-ndcg=[0.0995, 0.1183]
2025-12-28 00:20:26,558 - Epoch 98 [10.7s + 1.1s]: train==[6.64069=0.02334 + 0.04698 + 0.06639 + 6.50399], test-recall=[0.1690, 0.2410], test-ndcg=[0.0996, 0.1184]
2025-12-28 00:20:38,369 - Epoch 99 [10.7s + 1.1s]: train==[6.64063=0.02346 + 0.04700 + 0.06610 + 6.50407], test-recall=[0.1688, 0.2414], test-ndcg=[0.0995, 0.1185]
2025-12-28 00:20:39,461 - Final Test Set Result: test-recall=[0.1688, 0.2414], test-ndcg=[0.0995, 0.1185]
