2025-12-16 19:16:51,586 - n_users=78578, n_items=77801	n_interactions=2880201	n_train=2240156, n_test=640045, sparsity=0.00037
2025-12-16 19:16:51,586 - Namespace(Ks='[20, 40]', batch_size=10240, cen_reg=0.005, data_path='data/', dataset='amazon', emb_reg=2.5e-05, embed_size=32, epoch=100, lr=0.001, n_batch=40, n_intents=32, n_layers=2, output='amazon_32_', sample_num=40, save_model=False, seed=2022, show_step=1, ssl_reg=0.1, temp=1, train_num=10000, verbose=1)
2025-12-16 19:17:23,805 - Epoch  0 [20.7s + 3.4s]: train==[11.29889=0.53290 + 0.00222 + 0.27048 + 10.49329], test-recall=[0.0251, 0.0411], test-ndcg=[0.0184, 0.0237]
2025-12-16 19:17:46,834 - Epoch  1 [19.9s + 3.2s]: train==[10.59751=0.20517 + 0.01138 + 0.20520 + 10.17576], test-recall=[0.0439, 0.0702], test-ndcg=[0.0326, 0.0414]
2025-12-16 19:18:09,900 - Epoch  2 [19.9s + 3.1s]: train==[10.37543=0.12876 + 0.01883 + 0.16816 + 10.05967], test-recall=[0.0508, 0.0811], test-ndcg=[0.0382, 0.0483]
2025-12-16 19:18:32,888 - Epoch  3 [19.8s + 3.2s]: train==[10.22954=0.10971 + 0.02247 + 0.14707 + 9.95029], test-recall=[0.0554, 0.0879], test-ndcg=[0.0417, 0.0525]
2025-12-16 19:18:55,990 - Epoch  4 [19.9s + 3.2s]: train==[10.14758=0.09638 + 0.02484 + 0.13645 + 9.88991], test-recall=[0.0590, 0.0929], test-ndcg=[0.0444, 0.0556]
2025-12-16 19:19:19,113 - Epoch  5 [20.0s + 3.2s]: train==[10.11174=0.08758 + 0.02644 + 0.12654 + 9.87117], test-recall=[0.0617, 0.0968], test-ndcg=[0.0466, 0.0582]
2025-12-16 19:19:42,421 - Epoch  6 [20.0s + 3.4s]: train==[10.08727=0.08113 + 0.02794 + 0.11775 + 9.86045], test-recall=[0.0636, 0.0991], test-ndcg=[0.0480, 0.0596]
2025-12-16 19:20:05,492 - Epoch  7 [19.9s + 3.2s]: train==[10.06815=0.07643 + 0.02927 + 0.11015 + 9.85230], test-recall=[0.0652, 0.1013], test-ndcg=[0.0491, 0.0609]
2025-12-16 19:20:28,584 - Epoch  8 [20.1s + 3.0s]: train==[10.05230=0.07271 + 0.03045 + 0.10355 + 9.84558], test-recall=[0.0663, 0.1025], test-ndcg=[0.0499, 0.0618]
2025-12-16 19:20:51,562 - Epoch  9 [20.0s + 3.0s]: train==[10.04099=0.06992 + 0.03151 + 0.09774 + 9.84181], test-recall=[0.0671, 0.1042], test-ndcg=[0.0506, 0.0628]
2025-12-16 19:21:14,555 - Epoch 10 [19.9s + 3.1s]: train==[10.02956=0.06772 + 0.03243 + 0.09250 + 9.83691], test-recall=[0.0684, 0.1056], test-ndcg=[0.0515, 0.0637]
2025-12-16 19:21:37,859 - Epoch 11 [20.1s + 3.2s]: train==[10.02175=0.06545 + 0.03323 + 0.08780 + 9.83526], test-recall=[0.0688, 0.1064], test-ndcg=[0.0519, 0.0643]
2025-12-16 19:22:01,145 - Epoch 12 [19.9s + 3.4s]: train==[10.01221=0.06257 + 0.03396 + 0.08355 + 9.83213], test-recall=[0.0692, 0.1071], test-ndcg=[0.0523, 0.0648]
2025-12-16 19:22:24,362 - Epoch 13 [19.6s + 3.6s]: train==[10.00529=0.06138 + 0.03464 + 0.07973 + 9.82954], test-recall=[0.0698, 0.1078], test-ndcg=[0.0527, 0.0652]
2025-12-16 19:22:47,343 - Epoch 14 [19.9s + 3.1s]: train==[9.99884=0.05990 + 0.03525 + 0.07634 + 9.82736], test-recall=[0.0709, 0.1093], test-ndcg=[0.0535, 0.0661]
2025-12-16 19:23:10,674 - Epoch 15 [19.8s + 3.5s]: train==[9.99288=0.05813 + 0.03575 + 0.07329 + 9.82571], test-recall=[0.0712, 0.1096], test-ndcg=[0.0537, 0.0664]
2025-12-16 19:23:33,723 - Epoch 16 [19.9s + 3.1s]: train==[9.98797=0.05725 + 0.03624 + 0.07053 + 9.82395], test-recall=[0.0715, 0.1103], test-ndcg=[0.0539, 0.0667]
2025-12-16 19:23:56,904 - Epoch 17 [19.8s + 3.4s]: train==[9.98360=0.05653 + 0.03667 + 0.06804 + 9.82235], test-recall=[0.0720, 0.1109], test-ndcg=[0.0542, 0.0670]
2025-12-16 19:24:20,000 - Epoch 18 [19.9s + 3.2s]: train==[9.97963=0.05504 + 0.03712 + 0.06579 + 9.82167], test-recall=[0.0725, 0.1115], test-ndcg=[0.0545, 0.0674]
2025-12-16 19:24:43,310 - Epoch 19 [20.1s + 3.2s]: train==[9.97634=0.05452 + 0.03751 + 0.06374 + 9.82057], test-recall=[0.0724, 0.1118], test-ndcg=[0.0547, 0.0676]
2025-12-16 19:25:06,406 - Epoch 20 [19.9s + 3.2s]: train==[9.97274=0.05352 + 0.03791 + 0.06184 + 9.81948], test-recall=[0.0727, 0.1123], test-ndcg=[0.0551, 0.0681]
2025-12-16 19:25:29,492 - Epoch 21 [19.9s + 3.2s]: train==[9.96890=0.05225 + 0.03829 + 0.06009 + 9.81827], test-recall=[0.0730, 0.1127], test-ndcg=[0.0554, 0.0684]
2025-12-16 19:25:52,800 - Epoch 22 [20.2s + 3.2s]: train==[9.96614=0.05225 + 0.03858 + 0.05848 + 9.81683], test-recall=[0.0733, 0.1134], test-ndcg=[0.0556, 0.0687]
2025-12-16 19:26:16,191 - Epoch 23 [20.0s + 3.4s]: train==[9.96384=0.05121 + 0.03883 + 0.05698 + 9.81681], test-recall=[0.0741, 0.1140], test-ndcg=[0.0561, 0.0692]
2025-12-16 19:26:39,223 - Epoch 24 [19.9s + 3.2s]: train==[9.96141=0.05091 + 0.03913 + 0.05559 + 9.81579], test-recall=[0.0744, 0.1145], test-ndcg=[0.0563, 0.0694]
2025-12-16 19:27:01,889 - Epoch 25 [19.6s + 3.1s]: train==[9.95910=0.05020 + 0.03941 + 0.05429 + 9.81521], test-recall=[0.0748, 0.1148], test-ndcg=[0.0565, 0.0697]
2025-12-16 19:27:24,888 - Epoch 26 [19.9s + 3.1s]: train==[9.95678=0.04925 + 0.03965 + 0.05307 + 9.81481], test-recall=[0.0747, 0.1150], test-ndcg=[0.0564, 0.0696]
2025-12-16 19:27:47,893 - Epoch 27 [19.8s + 3.2s]: train==[9.95536=0.04908 + 0.03984 + 0.05193 + 9.81451], test-recall=[0.0750, 0.1155], test-ndcg=[0.0566, 0.0699]
2025-12-16 19:28:11,346 - Epoch 28 [20.2s + 3.2s]: train==[9.95349=0.04802 + 0.04008 + 0.05087 + 9.81452], test-recall=[0.0753, 0.1159], test-ndcg=[0.0570, 0.0703]
2025-12-16 19:28:34,520 - Epoch 29 [19.8s + 3.3s]: train==[9.95142=0.04801 + 0.04029 + 0.04988 + 9.81324], test-recall=[0.0754, 0.1163], test-ndcg=[0.0571, 0.0705]
2025-12-16 19:28:57,459 - Epoch 30 [19.5s + 3.4s]: train==[9.95007=0.04810 + 0.04049 + 0.04894 + 9.81253], test-recall=[0.0756, 0.1170], test-ndcg=[0.0572, 0.0708]
2025-12-16 19:29:20,479 - Epoch 31 [19.9s + 3.1s]: train==[9.94829=0.04745 + 0.04071 + 0.04805 + 9.81207], test-recall=[0.0754, 0.1167], test-ndcg=[0.0573, 0.0709]
2025-12-16 19:29:43,634 - Epoch 32 [19.8s + 3.4s]: train==[9.94750=0.04724 + 0.04080 + 0.04721 + 9.81225], test-recall=[0.0757, 0.1171], test-ndcg=[0.0574, 0.0710]
2025-12-16 19:30:06,526 - Epoch 33 [19.9s + 3.0s]: train==[9.94638=0.04645 + 0.04100 + 0.04643 + 9.81251], test-recall=[0.0762, 0.1175], test-ndcg=[0.0576, 0.0711]
2025-12-16 19:30:29,936 - Epoch 34 [20.0s + 3.4s]: train==[9.94480=0.04645 + 0.04114 + 0.04569 + 9.81152], test-recall=[0.0761, 0.1178], test-ndcg=[0.0576, 0.0712]
2025-12-16 19:30:52,886 - Epoch 35 [19.8s + 3.1s]: train==[9.94420=0.04658 + 0.04130 + 0.04498 + 9.81134], test-recall=[0.0768, 0.1181], test-ndcg=[0.0580, 0.0716]
2025-12-16 19:31:15,821 - Epoch 36 [19.8s + 3.1s]: train==[9.94162=0.04548 + 0.04146 + 0.04431 + 9.81038], test-recall=[0.0766, 0.1181], test-ndcg=[0.0579, 0.0716]
2025-12-16 19:31:38,942 - Epoch 37 [20.0s + 3.1s]: train==[9.94090=0.04543 + 0.04160 + 0.04367 + 9.81020], test-recall=[0.0768, 0.1185], test-ndcg=[0.0581, 0.0717]
2025-12-16 19:32:01,865 - Epoch 38 [19.8s + 3.1s]: train==[9.94116=0.04536 + 0.04166 + 0.04304 + 9.81110], test-recall=[0.0772, 0.1184], test-ndcg=[0.0583, 0.0719]
2025-12-16 19:32:24,806 - Epoch 39 [19.8s + 3.1s]: train==[9.93842=0.04469 + 0.04180 + 0.04245 + 9.80948], test-recall=[0.0778, 0.1188], test-ndcg=[0.0586, 0.0721]
2025-12-16 19:32:48,243 - Epoch 40 [19.9s + 3.5s]: train==[9.93938=0.04501 + 0.04193 + 0.04188 + 9.81056], test-recall=[0.0780, 0.1188], test-ndcg=[0.0588, 0.0722]
2025-12-16 19:33:11,304 - Epoch 41 [19.9s + 3.1s]: train==[9.93755=0.04362 + 0.04211 + 0.04135 + 9.81047], test-recall=[0.0778, 0.1193], test-ndcg=[0.0587, 0.0724]
2025-12-16 19:33:33,908 - Epoch 42 [19.5s + 3.1s]: train==[9.93726=0.04489 + 0.04218 + 0.04084 + 9.80936], test-recall=[0.0778, 0.1192], test-ndcg=[0.0588, 0.0724]
2025-12-16 19:33:56,920 - Epoch 43 [19.8s + 3.2s]: train==[9.93656=0.04392 + 0.04232 + 0.04034 + 9.80998], test-recall=[0.0776, 0.1196], test-ndcg=[0.0588, 0.0726]
2025-12-16 19:34:20,113 - Epoch 44 [20.1s + 3.1s]: train==[9.93459=0.04387 + 0.04244 + 0.03987 + 9.80841], test-recall=[0.0775, 0.1199], test-ndcg=[0.0588, 0.0727]
2025-12-16 19:34:43,111 - Epoch 45 [19.9s + 3.1s]: train==[9.93457=0.04346 + 0.04252 + 0.03941 + 9.80918], test-recall=[0.0777, 0.1199], test-ndcg=[0.0589, 0.0727]
2025-12-16 19:35:06,433 - Epoch 46 [19.8s + 3.5s]: train==[9.93367=0.04335 + 0.04263 + 0.03897 + 9.80872], test-recall=[0.0779, 0.1200], test-ndcg=[0.0590, 0.0728]
2025-12-16 19:35:29,457 - Epoch 47 [19.6s + 3.4s]: train==[9.93381=0.04338 + 0.04272 + 0.03854 + 9.80917], test-recall=[0.0780, 0.1208], test-ndcg=[0.0590, 0.0730]
2025-12-16 19:35:52,352 - Epoch 48 [19.9s + 3.0s]: train==[9.93270=0.04292 + 0.04285 + 0.03814 + 9.80880], test-recall=[0.0778, 0.1206], test-ndcg=[0.0591, 0.0731]
2025-12-16 19:36:15,499 - Epoch 49 [19.9s + 3.3s]: train==[9.93140=0.04260 + 0.04297 + 0.03775 + 9.80808], test-recall=[0.0784, 0.1208], test-ndcg=[0.0594, 0.0733]
2025-12-16 19:36:38,617 - Epoch 50 [20.0s + 3.2s]: train==[9.93263=0.04323 + 0.04300 + 0.03737 + 9.80903], test-recall=[0.0786, 0.1207], test-ndcg=[0.0596, 0.0735]
2025-12-16 19:37:01,816 - Epoch 51 [19.8s + 3.4s]: train==[9.93158=0.04240 + 0.04309 + 0.03701 + 9.80908], test-recall=[0.0788, 0.1208], test-ndcg=[0.0597, 0.0735]
2025-12-16 19:37:24,854 - Epoch 52 [19.9s + 3.1s]: train==[9.93090=0.04226 + 0.04316 + 0.03665 + 9.80883], test-recall=[0.0787, 0.1207], test-ndcg=[0.0596, 0.0734]
2025-12-16 19:37:47,832 - Epoch 53 [19.9s + 3.0s]: train==[9.92983=0.04247 + 0.04325 + 0.03631 + 9.80780], test-recall=[0.0790, 0.1212], test-ndcg=[0.0598, 0.0736]
2025-12-16 19:38:10,862 - Epoch 54 [19.9s + 3.1s]: train==[9.92941=0.04223 + 0.04331 + 0.03597 + 9.80790], test-recall=[0.0788, 0.1212], test-ndcg=[0.0599, 0.0738]
2025-12-16 19:38:33,931 - Epoch 55 [19.9s + 3.1s]: train==[9.92909=0.04224 + 0.04337 + 0.03565 + 9.80783], test-recall=[0.0787, 0.1213], test-ndcg=[0.0597, 0.0737]
2025-12-16 19:38:56,939 - Epoch 56 [19.9s + 3.1s]: train==[9.92858=0.04175 + 0.04346 + 0.03533 + 9.80803], test-recall=[0.0788, 0.1216], test-ndcg=[0.0598, 0.0739]
2025-12-16 19:39:20,162 - Epoch 57 [19.9s + 3.3s]: train==[9.92811=0.04162 + 0.04351 + 0.03503 + 9.80795], test-recall=[0.0788, 0.1215], test-ndcg=[0.0598, 0.0738]
2025-12-16 19:39:43,155 - Epoch 58 [19.9s + 3.1s]: train==[9.92780=0.04173 + 0.04362 + 0.03473 + 9.80772], test-recall=[0.0790, 0.1213], test-ndcg=[0.0599, 0.0738]
2025-12-16 19:40:06,311 - Epoch 59 [20.0s + 3.2s]: train==[9.92788=0.04178 + 0.04366 + 0.03445 + 9.80799], test-recall=[0.0788, 0.1214], test-ndcg=[0.0598, 0.0738]
2025-12-16 19:40:29,517 - Epoch 60 [20.1s + 3.1s]: train==[9.92669=0.04147 + 0.04377 + 0.03418 + 9.80728], test-recall=[0.0793, 0.1217], test-ndcg=[0.0600, 0.0739]
2025-12-16 19:40:52,526 - Epoch 61 [19.9s + 3.1s]: train==[9.92712=0.04162 + 0.04376 + 0.03390 + 9.80784], test-recall=[0.0797, 0.1216], test-ndcg=[0.0601, 0.0739]
2025-12-16 19:41:15,495 - Epoch 62 [19.8s + 3.1s]: train==[9.92609=0.04062 + 0.04383 + 0.03364 + 9.80799], test-recall=[0.0799, 0.1221], test-ndcg=[0.0602, 0.0742]
2025-12-16 19:41:38,856 - Epoch 63 [20.0s + 3.4s]: train==[9.92591=0.04116 + 0.04390 + 0.03339 + 9.80746], test-recall=[0.0795, 0.1222], test-ndcg=[0.0601, 0.0741]
2025-12-16 19:42:01,780 - Epoch 64 [19.6s + 3.3s]: train==[9.92578=0.04069 + 0.04401 + 0.03314 + 9.80793], test-recall=[0.0793, 0.1224], test-ndcg=[0.0603, 0.0744]
2025-12-16 19:42:24,690 - Epoch 65 [19.8s + 3.1s]: train==[9.92425=0.04082 + 0.04405 + 0.03290 + 9.80649], test-recall=[0.0799, 0.1223], test-ndcg=[0.0604, 0.0743]
2025-12-16 19:42:48,119 - Epoch 66 [20.0s + 3.4s]: train==[9.92380=0.04030 + 0.04408 + 0.03266 + 9.80676], test-recall=[0.0800, 0.1221], test-ndcg=[0.0606, 0.0744]
2025-12-16 19:43:11,096 - Epoch 67 [19.9s + 3.1s]: train==[9.92474=0.04073 + 0.04411 + 0.03243 + 9.80747], test-recall=[0.0802, 0.1224], test-ndcg=[0.0606, 0.0744]
2025-12-16 19:43:34,346 - Epoch 68 [19.9s + 3.4s]: train==[9.92350=0.04066 + 0.04414 + 0.03221 + 9.80650], test-recall=[0.0800, 0.1224], test-ndcg=[0.0604, 0.0744]
2025-12-16 19:43:57,453 - Epoch 69 [20.0s + 3.1s]: train==[9.92438=0.04061 + 0.04416 + 0.03199 + 9.80762], test-recall=[0.0802, 0.1231], test-ndcg=[0.0606, 0.0747]
2025-12-16 19:44:20,596 - Epoch 70 [20.0s + 3.1s]: train==[9.92314=0.04057 + 0.04424 + 0.03178 + 9.80654], test-recall=[0.0802, 0.1231], test-ndcg=[0.0606, 0.0747]
2025-12-16 19:44:43,507 - Epoch 71 [19.9s + 3.0s]: train==[9.92373=0.04055 + 0.04429 + 0.03158 + 9.80732], test-recall=[0.0801, 0.1229], test-ndcg=[0.0606, 0.0746]
2025-12-16 19:45:06,476 - Epoch 72 [19.9s + 3.0s]: train==[9.92279=0.04041 + 0.04438 + 0.03137 + 9.80663], test-recall=[0.0799, 0.1229], test-ndcg=[0.0605, 0.0746]
2025-12-16 19:45:29,523 - Epoch 73 [20.0s + 3.0s]: train==[9.92324=0.04061 + 0.04442 + 0.03118 + 9.80704], test-recall=[0.0797, 0.1229], test-ndcg=[0.0605, 0.0746]
2025-12-16 19:45:52,754 - Epoch 74 [19.9s + 3.4s]: train==[9.92223=0.04018 + 0.04442 + 0.03099 + 9.80664], test-recall=[0.0802, 0.1233], test-ndcg=[0.0607, 0.0748]
2025-12-16 19:46:15,650 - Epoch 75 [19.9s + 3.0s]: train==[9.92148=0.04011 + 0.04446 + 0.03080 + 9.80612], test-recall=[0.0803, 0.1228], test-ndcg=[0.0608, 0.0748]
2025-12-16 19:46:38,679 - Epoch 76 [20.0s + 3.0s]: train==[9.92161=0.04010 + 0.04447 + 0.03061 + 9.80643], test-recall=[0.0804, 0.1230], test-ndcg=[0.0609, 0.0748]
2025-12-16 19:47:01,531 - Epoch 77 [19.9s + 3.0s]: train==[9.92118=0.04037 + 0.04454 + 0.03043 + 9.80584], test-recall=[0.0803, 0.1228], test-ndcg=[0.0609, 0.0748]
2025-12-16 19:47:24,527 - Epoch 78 [19.9s + 3.1s]: train==[9.92175=0.04031 + 0.04457 + 0.03025 + 9.80661], test-recall=[0.0804, 0.1228], test-ndcg=[0.0610, 0.0749]
2025-12-16 19:47:47,599 - Epoch 79 [20.1s + 3.0s]: train==[9.92054=0.03985 + 0.04463 + 0.03008 + 9.80599], test-recall=[0.0804, 0.1229], test-ndcg=[0.0610, 0.0750]
2025-12-16 19:48:10,836 - Epoch 80 [19.9s + 3.4s]: train==[9.92094=0.03955 + 0.04470 + 0.02991 + 9.80678], test-recall=[0.0803, 0.1232], test-ndcg=[0.0610, 0.0751]
2025-12-16 19:48:33,715 - Epoch 81 [19.6s + 3.3s]: train==[9.92002=0.03930 + 0.04473 + 0.02974 + 9.80626], test-recall=[0.0804, 0.1234], test-ndcg=[0.0611, 0.0753]
2025-12-16 19:48:56,723 - Epoch 82 [20.0s + 3.0s]: train==[9.92056=0.03970 + 0.04478 + 0.02958 + 9.80650], test-recall=[0.0805, 0.1237], test-ndcg=[0.0612, 0.0754]
2025-12-16 19:49:19,804 - Epoch 83 [19.9s + 3.2s]: train==[9.92033=0.03984 + 0.04474 + 0.02942 + 9.80632], test-recall=[0.0806, 0.1238], test-ndcg=[0.0611, 0.0753]
2025-12-16 19:49:42,638 - Epoch 84 [19.8s + 3.0s]: train==[9.91910=0.03998 + 0.04482 + 0.02927 + 9.80503], test-recall=[0.0807, 0.1238], test-ndcg=[0.0612, 0.0754]
2025-12-16 19:50:06,051 - Epoch 85 [20.0s + 3.5s]: train==[9.91996=0.04004 + 0.04485 + 0.02912 + 9.80595], test-recall=[0.0809, 0.1237], test-ndcg=[0.0613, 0.0754]
2025-12-16 19:50:29,037 - Epoch 86 [19.9s + 3.1s]: train==[9.92006=0.03992 + 0.04484 + 0.02897 + 9.80633], test-recall=[0.0808, 0.1240], test-ndcg=[0.0613, 0.0755]
2025-12-16 19:50:52,037 - Epoch 87 [19.9s + 3.1s]: train==[9.91855=0.03945 + 0.04493 + 0.02882 + 9.80535], test-recall=[0.0810, 0.1240], test-ndcg=[0.0616, 0.0757]
2025-12-16 19:51:15,070 - Epoch 88 [20.0s + 3.0s]: train==[9.91882=0.03969 + 0.04498 + 0.02868 + 9.80547], test-recall=[0.0811, 0.1242], test-ndcg=[0.0617, 0.0759]
2025-12-16 19:51:37,950 - Epoch 89 [20.0s + 2.9s]: train==[9.91935=0.03949 + 0.04499 + 0.02854 + 9.80633], test-recall=[0.0811, 0.1245], test-ndcg=[0.0615, 0.0758]
2025-12-16 19:52:00,940 - Epoch 90 [19.8s + 3.1s]: train==[9.91848=0.03898 + 0.04500 + 0.02840 + 9.80612], test-recall=[0.0816, 0.1243], test-ndcg=[0.0618, 0.0758]
2025-12-16 19:52:24,266 - Epoch 91 [19.9s + 3.5s]: train==[9.91844=0.03905 + 0.04503 + 0.02826 + 9.80609], test-recall=[0.0811, 0.1245], test-ndcg=[0.0615, 0.0757]
2025-12-16 19:52:47,305 - Epoch 92 [19.9s + 3.1s]: train==[9.91821=0.03921 + 0.04508 + 0.02813 + 9.80579], test-recall=[0.0812, 0.1236], test-ndcg=[0.0615, 0.0754]
2025-12-16 19:53:10,126 - Epoch 93 [19.8s + 3.0s]: train==[9.91793=0.03884 + 0.04511 + 0.02800 + 9.80598], test-recall=[0.0812, 0.1240], test-ndcg=[0.0616, 0.0757]
2025-12-16 19:53:33,127 - Epoch 94 [19.9s + 3.1s]: train==[9.91948=0.03941 + 0.04516 + 0.02788 + 9.80703], test-recall=[0.0814, 0.1244], test-ndcg=[0.0618, 0.0758]
2025-12-16 19:53:56,275 - Epoch 95 [20.0s + 3.1s]: train==[9.91703=0.03845 + 0.04516 + 0.02775 + 9.80567], test-recall=[0.0811, 0.1238], test-ndcg=[0.0617, 0.0757]
2025-12-16 19:54:19,067 - Epoch 96 [19.9s + 2.9s]: train==[9.91772=0.03893 + 0.04524 + 0.02763 + 9.80592], test-recall=[0.0810, 0.1242], test-ndcg=[0.0615, 0.0758]
2025-12-16 19:54:42,372 - Epoch 97 [19.9s + 3.4s]: train==[9.91673=0.03845 + 0.04523 + 0.02751 + 9.80554], test-recall=[0.0813, 0.1240], test-ndcg=[0.0616, 0.0757]
2025-12-16 19:55:05,684 - Epoch 98 [19.9s + 3.4s]: train==[9.91706=0.03829 + 0.04530 + 0.02739 + 9.80608], test-recall=[0.0812, 0.1240], test-ndcg=[0.0616, 0.0757]
2025-12-16 19:55:28,538 - Epoch 99 [19.9s + 3.0s]: train==[9.91698=0.03895 + 0.04529 + 0.02726 + 9.80547], test-recall=[0.0812, 0.1244], test-ndcg=[0.0617, 0.0760]
2025-12-16 19:55:31,687 - Final Test Set Result: test-recall=[0.0812, 0.1244], test-ndcg=[0.0617, 0.0760]
