2025-12-16 19:55:36,186 - n_users=78578, n_items=77801	n_interactions=2880201	n_train=2240156, n_test=640045, sparsity=0.00037
2025-12-16 19:55:36,186 - Namespace(Ks='[20, 40]', batch_size=10240, cen_reg=0.005, data_path='data/', dataset='amazon', emb_reg=2.5e-05, embed_size=32, epoch=100, lr=0.001, n_batch=40, n_intents=64, n_layers=2, output='amazon_64_', sample_num=40, save_model=False, seed=2022, show_step=1, ssl_reg=0.1, temp=1, train_num=10000, verbose=1)
2025-12-16 19:56:08,406 - Epoch  0 [20.7s + 3.3s]: train==[11.24617=0.52807 + 0.00299 + 0.34583 + 10.36927], test-recall=[0.0347, 0.0555], test-ndcg=[0.0257, 0.0327]
2025-12-16 19:56:31,262 - Epoch  1 [19.8s + 3.0s]: train==[10.48912=0.18964 + 0.01280 + 0.25834 + 10.02833], test-recall=[0.0469, 0.0745], test-ndcg=[0.0350, 0.0441]
2025-12-16 19:56:54,059 - Epoch  2 [19.9s + 2.9s]: train==[10.27577=0.12731 + 0.01879 + 0.23665 + 9.89302], test-recall=[0.0538, 0.0851], test-ndcg=[0.0402, 0.0506]
2025-12-16 19:57:17,014 - Epoch  3 [19.9s + 3.0s]: train==[10.21886=0.10762 + 0.02183 + 0.22050 + 9.86890], test-recall=[0.0586, 0.0918], test-ndcg=[0.0439, 0.0549]
2025-12-16 19:57:39,974 - Epoch  4 [19.9s + 3.0s]: train==[10.18143=0.09575 + 0.02424 + 0.20475 + 9.85669], test-recall=[0.0617, 0.0958], test-ndcg=[0.0464, 0.0576]
2025-12-16 19:58:02,922 - Epoch  5 [19.9s + 3.0s]: train==[10.14933=0.08672 + 0.02626 + 0.19023 + 9.84612], test-recall=[0.0639, 0.0998], test-ndcg=[0.0483, 0.0601]
2025-12-16 19:58:26,379 - Epoch  6 [20.0s + 3.4s]: train==[10.12525=0.07968 + 0.02806 + 0.17743 + 9.84009], test-recall=[0.0662, 0.1023], test-ndcg=[0.0499, 0.0618]
2025-12-16 19:58:49,319 - Epoch  7 [20.0s + 3.0s]: train==[10.10557=0.07458 + 0.02962 + 0.16624 + 9.83514], test-recall=[0.0676, 0.1042], test-ndcg=[0.0509, 0.0630]
2025-12-16 19:59:12,469 - Epoch  8 [19.9s + 3.2s]: train==[10.08906=0.07068 + 0.03099 + 0.15649 + 9.83089], test-recall=[0.0691, 0.1061], test-ndcg=[0.0519, 0.0641]
2025-12-16 19:59:35,512 - Epoch  9 [20.0s + 3.0s]: train==[10.07639=0.06754 + 0.03220 + 0.14803 + 9.82862], test-recall=[0.0700, 0.1075], test-ndcg=[0.0527, 0.0651]
2025-12-16 19:59:58,471 - Epoch 10 [20.0s + 3.0s]: train==[10.06387=0.06499 + 0.03325 + 0.14052 + 9.82511], test-recall=[0.0708, 0.1093], test-ndcg=[0.0535, 0.0661]
2025-12-16 20:00:20,783 - Epoch 11 [19.3s + 3.0s]: train==[10.05556=0.06301 + 0.03417 + 0.13387 + 9.82451], test-recall=[0.0718, 0.1102], test-ndcg=[0.0542, 0.0669]
2025-12-16 20:00:44,074 - Epoch 12 [20.1s + 3.2s]: train==[10.04505=0.05999 + 0.03501 + 0.12789 + 9.82216], test-recall=[0.0726, 0.1114], test-ndcg=[0.0547, 0.0675]
2025-12-16 20:01:06,940 - Epoch 13 [19.5s + 3.3s]: train==[10.03696=0.05857 + 0.03576 + 0.12252 + 9.82012], test-recall=[0.0733, 0.1125], test-ndcg=[0.0554, 0.0683]
2025-12-16 20:01:29,906 - Epoch 14 [19.9s + 3.0s]: train==[10.02980=0.05687 + 0.03645 + 0.11767 + 9.81882], test-recall=[0.0741, 0.1137], test-ndcg=[0.0559, 0.0690]
2025-12-16 20:01:53,263 - Epoch 15 [20.1s + 3.2s]: train==[10.02293=0.05510 + 0.03705 + 0.11328 + 9.81750], test-recall=[0.0746, 0.1149], test-ndcg=[0.0563, 0.0696]
2025-12-16 20:02:16,197 - Epoch 16 [19.9s + 3.0s]: train==[10.01706=0.05398 + 0.03762 + 0.10927 + 9.81619], test-recall=[0.0751, 0.1154], test-ndcg=[0.0567, 0.0699]
2025-12-16 20:02:39,349 - Epoch 17 [19.7s + 3.4s]: train==[10.01197=0.05296 + 0.03816 + 0.10562 + 9.81523], test-recall=[0.0760, 0.1161], test-ndcg=[0.0571, 0.0703]
2025-12-16 20:03:02,469 - Epoch 18 [20.0s + 3.1s]: train==[10.00746=0.05167 + 0.03869 + 0.10230 + 9.81481], test-recall=[0.0763, 0.1169], test-ndcg=[0.0574, 0.0708]
2025-12-16 20:03:25,421 - Epoch 19 [19.8s + 3.2s]: train==[10.00329=0.05093 + 0.03914 + 0.09925 + 9.81398], test-recall=[0.0765, 0.1174], test-ndcg=[0.0577, 0.0711]
2025-12-16 20:03:48,313 - Epoch 20 [19.9s + 3.0s]: train==[9.99916=0.05001 + 0.03957 + 0.09644 + 9.81314], test-recall=[0.0768, 0.1181], test-ndcg=[0.0581, 0.0716]
2025-12-16 20:04:11,319 - Epoch 21 [20.0s + 3.0s]: train==[9.99460=0.04859 + 0.04001 + 0.09384 + 9.81216], test-recall=[0.0772, 0.1188], test-ndcg=[0.0583, 0.0719]
2025-12-16 20:04:34,101 - Epoch 22 [19.8s + 3.0s]: train==[9.99149=0.04859 + 0.04035 + 0.09143 + 9.81111], test-recall=[0.0776, 0.1192], test-ndcg=[0.0587, 0.0723]
2025-12-16 20:04:57,334 - Epoch 23 [19.8s + 3.4s]: train==[9.98855=0.04733 + 0.04067 + 0.08920 + 9.81135], test-recall=[0.0783, 0.1199], test-ndcg=[0.0591, 0.0728]
2025-12-16 20:05:20,339 - Epoch 24 [19.9s + 3.1s]: train==[9.98516=0.04687 + 0.04101 + 0.08710 + 9.81017], test-recall=[0.0785, 0.1201], test-ndcg=[0.0594, 0.0730]
2025-12-16 20:05:43,182 - Epoch 25 [19.9s + 3.0s]: train==[9.98275=0.04595 + 0.04135 + 0.08516 + 9.81030], test-recall=[0.0789, 0.1204], test-ndcg=[0.0596, 0.0733]
2025-12-16 20:06:06,010 - Epoch 26 [19.8s + 3.0s]: train==[9.98017=0.04548 + 0.04163 + 0.08335 + 9.80971], test-recall=[0.0786, 0.1206], test-ndcg=[0.0595, 0.0733]
2025-12-16 20:06:29,232 - Epoch 27 [20.2s + 3.0s]: train==[9.97815=0.04517 + 0.04185 + 0.08164 + 9.80949], test-recall=[0.0789, 0.1211], test-ndcg=[0.0599, 0.0737]
2025-12-16 20:06:52,231 - Epoch 28 [19.9s + 3.1s]: train==[9.97616=0.04440 + 0.04212 + 0.08003 + 9.80961], test-recall=[0.0795, 0.1214], test-ndcg=[0.0603, 0.0741]
2025-12-16 20:07:15,401 - Epoch 29 [19.9s + 3.3s]: train==[9.97350=0.04417 + 0.04235 + 0.07852 + 9.80845], test-recall=[0.0795, 0.1215], test-ndcg=[0.0604, 0.0742]
2025-12-16 20:07:38,500 - Epoch 30 [19.6s + 3.5s]: train==[9.97192=0.04417 + 0.04259 + 0.07709 + 9.80806], test-recall=[0.0796, 0.1222], test-ndcg=[0.0605, 0.0745]
2025-12-16 20:08:01,463 - Epoch 31 [19.8s + 3.1s]: train==[9.96975=0.04340 + 0.04283 + 0.07574 + 9.80779], test-recall=[0.0798, 0.1226], test-ndcg=[0.0606, 0.0747]
2025-12-16 20:08:24,609 - Epoch 32 [19.8s + 3.3s]: train==[9.96879=0.04329 + 0.04296 + 0.07447 + 9.80807], test-recall=[0.0803, 0.1226], test-ndcg=[0.0609, 0.0749]
2025-12-16 20:08:47,448 - Epoch 33 [19.8s + 3.0s]: train==[9.96753=0.04257 + 0.04320 + 0.07327 + 9.80849], test-recall=[0.0803, 0.1230], test-ndcg=[0.0609, 0.0750]
2025-12-16 20:09:10,706 - Epoch 34 [20.0s + 3.2s]: train==[9.96520=0.04244 + 0.04337 + 0.07213 + 9.80725], test-recall=[0.0803, 0.1234], test-ndcg=[0.0609, 0.0751]
2025-12-16 20:09:33,611 - Epoch 35 [19.8s + 3.1s]: train==[9.96434=0.04239 + 0.04356 + 0.07104 + 9.80736], test-recall=[0.0806, 0.1234], test-ndcg=[0.0610, 0.0751]
2025-12-16 20:09:56,528 - Epoch 36 [19.9s + 3.0s]: train==[9.96194=0.04147 + 0.04375 + 0.07001 + 9.80671], test-recall=[0.0807, 0.1237], test-ndcg=[0.0611, 0.0752]
2025-12-16 20:10:19,508 - Epoch 37 [20.0s + 3.0s]: train==[9.96087=0.04153 + 0.04391 + 0.06902 + 9.80641], test-recall=[0.0812, 0.1239], test-ndcg=[0.0613, 0.0753]
2025-12-16 20:10:42,409 - Epoch 38 [19.8s + 3.1s]: train==[9.96061=0.04116 + 0.04400 + 0.06807 + 9.80739], test-recall=[0.0812, 0.1240], test-ndcg=[0.0613, 0.0754]
2025-12-16 20:11:05,360 - Epoch 39 [19.8s + 3.1s]: train==[9.95804=0.04067 + 0.04416 + 0.06716 + 9.80605], test-recall=[0.0814, 0.1248], test-ndcg=[0.0615, 0.0758]
2025-12-16 20:11:28,627 - Epoch 40 [19.9s + 3.3s]: train==[9.95869=0.04100 + 0.04431 + 0.06629 + 9.80709], test-recall=[0.0817, 0.1246], test-ndcg=[0.0617, 0.0758]
2025-12-16 20:11:51,566 - Epoch 41 [19.8s + 3.1s]: train==[9.95650=0.03983 + 0.04448 + 0.06546 + 9.80673], test-recall=[0.0817, 0.1247], test-ndcg=[0.0617, 0.0759]
2025-12-16 20:12:14,525 - Epoch 42 [19.8s + 3.1s]: train==[9.95626=0.04077 + 0.04457 + 0.06467 + 9.80626], test-recall=[0.0817, 0.1246], test-ndcg=[0.0617, 0.0758]
2025-12-16 20:12:37,668 - Epoch 43 [20.0s + 3.1s]: train==[9.95505=0.03988 + 0.04473 + 0.06390 + 9.80654], test-recall=[0.0818, 0.1249], test-ndcg=[0.0620, 0.0761]
2025-12-16 20:13:00,607 - Epoch 44 [19.8s + 3.1s]: train==[9.95305=0.03990 + 0.04484 + 0.06316 + 9.80515], test-recall=[0.0822, 0.1249], test-ndcg=[0.0621, 0.0761]
2025-12-16 20:13:23,443 - Epoch 45 [19.8s + 3.0s]: train==[9.95288=0.03967 + 0.04493 + 0.06245 + 9.80583], test-recall=[0.0819, 0.1253], test-ndcg=[0.0621, 0.0763]
2025-12-16 20:13:46,787 - Epoch 46 [20.0s + 3.4s]: train==[9.95164=0.03927 + 0.04505 + 0.06176 + 9.80555], test-recall=[0.0821, 0.1261], test-ndcg=[0.0622, 0.0766]
2025-12-16 20:14:09,626 - Epoch 47 [19.6s + 3.2s]: train==[9.95200=0.03960 + 0.04515 + 0.06110 + 9.80615], test-recall=[0.0820, 0.1260], test-ndcg=[0.0624, 0.0768]
2025-12-16 20:14:32,478 - Epoch 48 [19.9s + 3.0s]: train==[9.95040=0.03910 + 0.04529 + 0.06046 + 9.80554], test-recall=[0.0822, 0.1258], test-ndcg=[0.0625, 0.0768]
2025-12-16 20:14:55,852 - Epoch 49 [19.8s + 3.5s]: train==[9.94922=0.03879 + 0.04541 + 0.05985 + 9.80517], test-recall=[0.0828, 0.1259], test-ndcg=[0.0630, 0.0771]
2025-12-16 20:15:18,748 - Epoch 50 [19.8s + 3.1s]: train==[9.94995=0.03901 + 0.04546 + 0.05926 + 9.80622], test-recall=[0.0826, 0.1260], test-ndcg=[0.0629, 0.0771]
2025-12-16 20:15:41,957 - Epoch 51 [19.9s + 3.4s]: train==[9.94941=0.03871 + 0.04559 + 0.05868 + 9.80642], test-recall=[0.0827, 0.1264], test-ndcg=[0.0629, 0.0772]
2025-12-16 20:16:04,937 - Epoch 52 [19.8s + 3.1s]: train==[9.94798=0.03840 + 0.04567 + 0.05812 + 9.80578], test-recall=[0.0829, 0.1261], test-ndcg=[0.0630, 0.0772]
2025-12-16 20:16:28,082 - Epoch 53 [20.0s + 3.1s]: train==[9.94688=0.03840 + 0.04575 + 0.05758 + 9.80514], test-recall=[0.0830, 0.1262], test-ndcg=[0.0632, 0.0773]
2025-12-16 20:16:51,026 - Epoch 54 [19.8s + 3.1s]: train==[9.94680=0.03856 + 0.04584 + 0.05706 + 9.80535], test-recall=[0.0830, 0.1258], test-ndcg=[0.0631, 0.0772]
2025-12-16 20:17:13,896 - Epoch 55 [19.8s + 3.0s]: train==[9.94567=0.03807 + 0.04593 + 0.05655 + 9.80512], test-recall=[0.0828, 0.1262], test-ndcg=[0.0630, 0.0773]
2025-12-16 20:17:36,949 - Epoch 56 [20.0s + 3.0s]: train==[9.94554=0.03803 + 0.04601 + 0.05606 + 9.80544], test-recall=[0.0827, 0.1262], test-ndcg=[0.0629, 0.0773]
2025-12-16 20:18:00,106 - Epoch 57 [19.8s + 3.4s]: train==[9.94482=0.03766 + 0.04607 + 0.05558 + 9.80551], test-recall=[0.0826, 0.1263], test-ndcg=[0.0629, 0.0774]
2025-12-16 20:18:23,186 - Epoch 58 [19.9s + 3.2s]: train==[9.94440=0.03798 + 0.04619 + 0.05512 + 9.80511], test-recall=[0.0827, 0.1269], test-ndcg=[0.0629, 0.0774]
2025-12-16 20:18:46,322 - Epoch 59 [20.0s + 3.1s]: train==[9.94448=0.03796 + 0.04623 + 0.05467 + 9.80562], test-recall=[0.0830, 0.1268], test-ndcg=[0.0629, 0.0773]
2025-12-16 20:19:09,277 - Epoch 60 [19.9s + 3.1s]: train==[9.94345=0.03768 + 0.04636 + 0.05423 + 9.80517], test-recall=[0.0833, 0.1271], test-ndcg=[0.0632, 0.0776]
2025-12-16 20:19:32,243 - Epoch 61 [19.9s + 3.1s]: train==[9.94351=0.03758 + 0.04638 + 0.05381 + 9.80573], test-recall=[0.0832, 0.1270], test-ndcg=[0.0632, 0.0776]
2025-12-16 20:19:55,364 - Epoch 62 [20.0s + 3.1s]: train==[9.94268=0.03681 + 0.04648 + 0.05340 + 9.80598], test-recall=[0.0831, 0.1274], test-ndcg=[0.0632, 0.0777]
2025-12-16 20:20:18,604 - Epoch 63 [19.9s + 3.4s]: train==[9.94206=0.03729 + 0.04655 + 0.05300 + 9.80522], test-recall=[0.0829, 0.1271], test-ndcg=[0.0631, 0.0776]
2025-12-16 20:20:41,509 - Epoch 64 [19.5s + 3.4s]: train==[9.94248=0.03714 + 0.04664 + 0.05261 + 9.80610], test-recall=[0.0834, 0.1274], test-ndcg=[0.0634, 0.0779]
2025-12-16 20:21:04,601 - Epoch 65 [20.0s + 3.1s]: train==[9.94034=0.03697 + 0.04668 + 0.05223 + 9.80445], test-recall=[0.0840, 0.1276], test-ndcg=[0.0637, 0.0780]
2025-12-16 20:21:27,993 - Epoch 66 [20.0s + 3.4s]: train==[9.93960=0.03642 + 0.04671 + 0.05186 + 9.80461], test-recall=[0.0840, 0.1274], test-ndcg=[0.0638, 0.0780]
2025-12-16 20:21:50,982 - Epoch 67 [19.9s + 3.1s]: train==[9.94088=0.03709 + 0.04676 + 0.05149 + 9.80553], test-recall=[0.0841, 0.1274], test-ndcg=[0.0637, 0.0780]
2025-12-16 20:22:14,383 - Epoch 68 [19.9s + 3.5s]: train==[9.93925=0.03667 + 0.04680 + 0.05114 + 9.80464], test-recall=[0.0840, 0.1277], test-ndcg=[0.0637, 0.0781]
2025-12-16 20:22:37,347 - Epoch 69 [19.9s + 3.1s]: train==[9.94000=0.03684 + 0.04683 + 0.05080 + 9.80553], test-recall=[0.0839, 0.1278], test-ndcg=[0.0639, 0.0783]
2025-12-16 20:23:00,341 - Epoch 70 [19.9s + 3.1s]: train==[9.93887=0.03673 + 0.04692 + 0.05046 + 9.80475], test-recall=[0.0840, 0.1280], test-ndcg=[0.0639, 0.0784]
2025-12-16 20:23:23,420 - Epoch 71 [20.0s + 3.1s]: train==[9.93957=0.03683 + 0.04699 + 0.05013 + 9.80562], test-recall=[0.0839, 0.1280], test-ndcg=[0.0638, 0.0782]
2025-12-16 20:23:46,642 - Epoch 72 [20.1s + 3.1s]: train==[9.93830=0.03647 + 0.04710 + 0.04981 + 9.80492], test-recall=[0.0841, 0.1280], test-ndcg=[0.0638, 0.0782]
2025-12-16 20:24:09,643 - Epoch 73 [19.9s + 3.1s]: train==[9.93861=0.03663 + 0.04711 + 0.04950 + 9.80537], test-recall=[0.0840, 0.1282], test-ndcg=[0.0639, 0.0784]
2025-12-16 20:24:32,885 - Epoch 74 [19.8s + 3.4s]: train==[9.93815=0.03649 + 0.04715 + 0.04920 + 9.80531], test-recall=[0.0845, 0.1285], test-ndcg=[0.0642, 0.0786]
2025-12-16 20:24:55,902 - Epoch 75 [19.9s + 3.1s]: train==[9.93694=0.03617 + 0.04720 + 0.04890 + 9.80467], test-recall=[0.0845, 0.1280], test-ndcg=[0.0642, 0.0785]
2025-12-16 20:25:18,809 - Epoch 76 [19.8s + 3.1s]: train==[9.93691=0.03623 + 0.04724 + 0.04861 + 9.80483], test-recall=[0.0846, 0.1282], test-ndcg=[0.0642, 0.0785]
2025-12-16 20:25:41,726 - Epoch 77 [19.8s + 3.1s]: train==[9.93661=0.03653 + 0.04730 + 0.04832 + 9.80445], test-recall=[0.0847, 0.1280], test-ndcg=[0.0644, 0.0786]
2025-12-16 20:26:04,811 - Epoch 78 [20.0s + 3.1s]: train==[9.93695=0.03640 + 0.04734 + 0.04804 + 9.80517], test-recall=[0.0842, 0.1281], test-ndcg=[0.0642, 0.0785]
2025-12-16 20:26:27,852 - Epoch 79 [19.9s + 3.1s]: train==[9.93577=0.03584 + 0.04738 + 0.04777 + 9.80479], test-recall=[0.0843, 0.1281], test-ndcg=[0.0642, 0.0786]
2025-12-16 20:26:51,056 - Epoch 80 [19.9s + 3.4s]: train==[9.93598=0.03572 + 0.04748 + 0.04750 + 9.80529], test-recall=[0.0843, 0.1282], test-ndcg=[0.0643, 0.0788]
2025-12-16 20:27:14,122 - Epoch 81 [19.6s + 3.5s]: train==[9.93492=0.03554 + 0.04749 + 0.04723 + 9.80465], test-recall=[0.0844, 0.1284], test-ndcg=[0.0642, 0.0787]
2025-12-16 20:27:36,939 - Epoch 82 [19.8s + 3.0s]: train==[9.93553=0.03591 + 0.04752 + 0.04697 + 9.80512], test-recall=[0.0849, 0.1289], test-ndcg=[0.0646, 0.0791]
2025-12-16 20:28:00,077 - Epoch 83 [19.8s + 3.3s]: train==[9.93528=0.03601 + 0.04750 + 0.04672 + 9.80504], test-recall=[0.0849, 0.1291], test-ndcg=[0.0646, 0.0791]
2025-12-16 20:28:22,911 - Epoch 84 [19.8s + 3.0s]: train==[9.93422=0.03601 + 0.04760 + 0.04648 + 9.80413], test-recall=[0.0846, 0.1290], test-ndcg=[0.0646, 0.0791]
2025-12-16 20:28:46,202 - Epoch 85 [19.9s + 3.4s]: train==[9.93469=0.03601 + 0.04766 + 0.04624 + 9.80479], test-recall=[0.0847, 0.1285], test-ndcg=[0.0645, 0.0789]
2025-12-16 20:29:09,088 - Epoch 86 [19.9s + 3.0s]: train==[9.93501=0.03607 + 0.04767 + 0.04600 + 9.80526], test-recall=[0.0845, 0.1286], test-ndcg=[0.0644, 0.0789]
2025-12-16 20:29:31,982 - Epoch 87 [19.9s + 3.0s]: train==[9.93365=0.03573 + 0.04776 + 0.04577 + 9.80438], test-recall=[0.0849, 0.1286], test-ndcg=[0.0646, 0.0790]
2025-12-16 20:29:55,137 - Epoch 88 [20.0s + 3.1s]: train==[9.93377=0.03598 + 0.04782 + 0.04554 + 9.80443], test-recall=[0.0853, 0.1289], test-ndcg=[0.0648, 0.0791]
2025-12-16 20:30:18,032 - Epoch 89 [19.9s + 3.0s]: train==[9.93416=0.03555 + 0.04784 + 0.04532 + 9.80546], test-recall=[0.0853, 0.1290], test-ndcg=[0.0648, 0.0792]
2025-12-16 20:30:41,091 - Epoch 90 [19.9s + 3.1s]: train==[9.93323=0.03530 + 0.04783 + 0.04510 + 9.80500], test-recall=[0.0852, 0.1292], test-ndcg=[0.0649, 0.0794]
2025-12-16 20:31:04,497 - Epoch 91 [20.1s + 3.3s]: train==[9.93289=0.03519 + 0.04787 + 0.04488 + 9.80496], test-recall=[0.0852, 0.1294], test-ndcg=[0.0647, 0.0792]
2025-12-16 20:31:27,417 - Epoch 92 [19.8s + 3.1s]: train==[9.93293=0.03561 + 0.04792 + 0.04467 + 9.80472], test-recall=[0.0851, 0.1291], test-ndcg=[0.0646, 0.0791]
2025-12-16 20:31:50,356 - Epoch 93 [19.9s + 3.0s]: train==[9.93202=0.03477 + 0.04794 + 0.04446 + 9.80486], test-recall=[0.0850, 0.1294], test-ndcg=[0.0645, 0.0792]
2025-12-16 20:32:13,482 - Epoch 94 [20.0s + 3.1s]: train==[9.93409=0.03572 + 0.04797 + 0.04426 + 9.80615], test-recall=[0.0851, 0.1297], test-ndcg=[0.0647, 0.0794]
2025-12-16 20:32:36,429 - Epoch 95 [19.8s + 3.1s]: train==[9.93118=0.03461 + 0.04799 + 0.04406 + 9.80452], test-recall=[0.0851, 0.1292], test-ndcg=[0.0647, 0.0793]
2025-12-16 20:32:59,397 - Epoch 96 [19.9s + 3.0s]: train==[9.93270=0.03549 + 0.04806 + 0.04386 + 9.80529], test-recall=[0.0851, 0.1291], test-ndcg=[0.0647, 0.0793]
2025-12-16 20:33:22,817 - Epoch 97 [20.0s + 3.4s]: train==[9.93158=0.03477 + 0.04808 + 0.04367 + 9.80506], test-recall=[0.0852, 0.1291], test-ndcg=[0.0647, 0.0792]
2025-12-16 20:33:45,656 - Epoch 98 [19.6s + 3.2s]: train==[9.93224=0.03481 + 0.04816 + 0.04348 + 9.80579], test-recall=[0.0851, 0.1292], test-ndcg=[0.0648, 0.0794]
2025-12-16 20:34:08,600 - Epoch 99 [19.8s + 3.1s]: train==[9.93183=0.03529 + 0.04816 + 0.04329 + 9.80508], test-recall=[0.0851, 0.1292], test-ndcg=[0.0649, 0.0794]
2025-12-16 20:34:11,707 - Final Test Set Result: test-recall=[0.0851, 0.1292], test-ndcg=[0.0649, 0.0794]
