2025-12-16 20:34:16,154 - n_users=78578, n_items=77801	n_interactions=2880201	n_train=2240156, n_test=640045, sparsity=0.00037
2025-12-16 20:34:16,154 - Namespace(Ks='[20, 40]', batch_size=10240, cen_reg=0.005, data_path='data/', dataset='amazon', emb_reg=2.5e-05, embed_size=32, epoch=100, lr=0.001, n_batch=40, n_intents=128, n_layers=2, output='amazon_128_', sample_num=40, save_model=False, seed=2022, show_step=1, ssl_reg=0.1, temp=1, train_num=10000, verbose=1)
2025-12-16 20:34:48,341 - Epoch  0 [20.8s + 3.4s]: train==[11.13810=0.51938 + 0.00324 + 0.41572 + 10.19976], test-recall=[0.0410, 0.0647], test-ndcg=[0.0304, 0.0382]
2025-12-16 20:35:11,313 - Epoch  1 [20.0s + 3.0s]: train==[10.45168=0.18391 + 0.01265 + 0.36364 + 9.89147], test-recall=[0.0495, 0.0781], test-ndcg=[0.0371, 0.0466]
2025-12-16 20:35:34,453 - Epoch  2 [20.0s + 3.2s]: train==[10.34735=0.12391 + 0.01840 + 0.34982 + 9.85522], test-recall=[0.0557, 0.0874], test-ndcg=[0.0418, 0.0523]
2025-12-16 20:35:57,512 - Epoch  3 [20.0s + 3.0s]: train==[10.30375=0.10466 + 0.02166 + 0.33383 + 9.84361], test-recall=[0.0596, 0.0937], test-ndcg=[0.0449, 0.0561]
2025-12-16 20:36:20,687 - Epoch  4 [20.0s + 3.1s]: train==[10.27153=0.09331 + 0.02422 + 0.31691 + 9.83710], test-recall=[0.0628, 0.0977], test-ndcg=[0.0474, 0.0588]
2025-12-16 20:36:43,690 - Epoch  5 [19.9s + 3.1s]: train==[10.24096=0.08443 + 0.02633 + 0.29981 + 9.83039], test-recall=[0.0654, 0.1009], test-ndcg=[0.0493, 0.0609]
2025-12-16 20:37:07,223 - Epoch  6 [20.0s + 3.5s]: train==[10.21638=0.07804 + 0.02818 + 0.28326 + 9.82691], test-recall=[0.0672, 0.1034], test-ndcg=[0.0507, 0.0626]
2025-12-16 20:37:30,368 - Epoch  7 [20.0s + 3.1s]: train==[10.19392=0.07274 + 0.02981 + 0.26757 + 9.82380], test-recall=[0.0687, 0.1053], test-ndcg=[0.0519, 0.0639]
2025-12-16 20:37:53,480 - Epoch  8 [20.0s + 3.1s]: train==[10.17448=0.06909 + 0.03124 + 0.25302 + 9.82114], test-recall=[0.0700, 0.1071], test-ndcg=[0.0529, 0.0651]
2025-12-16 20:38:16,598 - Epoch  9 [20.0s + 3.2s]: train==[10.15811=0.06562 + 0.03254 + 0.23975 + 9.82020], test-recall=[0.0713, 0.1088], test-ndcg=[0.0538, 0.0661]
2025-12-16 20:38:39,900 - Epoch 10 [20.2s + 3.1s]: train==[10.14225=0.06329 + 0.03366 + 0.22766 + 9.81764], test-recall=[0.0724, 0.1105], test-ndcg=[0.0546, 0.0671]
2025-12-16 20:39:02,965 - Epoch 11 [20.0s + 3.1s]: train==[10.12995=0.06085 + 0.03467 + 0.21668 + 9.81775], test-recall=[0.0731, 0.1114], test-ndcg=[0.0554, 0.0679]
2025-12-16 20:39:26,487 - Epoch 12 [20.0s + 3.6s]: train==[10.11699=0.05800 + 0.03560 + 0.20673 + 9.81666], test-recall=[0.0737, 0.1124], test-ndcg=[0.0559, 0.0686]
2025-12-16 20:39:49,494 - Epoch 13 [19.8s + 3.2s]: train==[10.10590=0.05659 + 0.03646 + 0.19778 + 9.81507], test-recall=[0.0748, 0.1139], test-ndcg=[0.0566, 0.0694]
2025-12-16 20:40:12,551 - Epoch 14 [19.9s + 3.1s]: train==[10.09585=0.05468 + 0.03723 + 0.18969 + 9.81424], test-recall=[0.0756, 0.1156], test-ndcg=[0.0571, 0.0702]
2025-12-16 20:40:35,974 - Epoch 15 [20.0s + 3.4s]: train==[10.08705=0.05304 + 0.03792 + 0.18236 + 9.81373], test-recall=[0.0762, 0.1162], test-ndcg=[0.0575, 0.0707]
2025-12-16 20:40:59,141 - Epoch 16 [20.0s + 3.1s]: train==[10.07864=0.05196 + 0.03857 + 0.17568 + 9.81244], test-recall=[0.0765, 0.1171], test-ndcg=[0.0578, 0.0712]
2025-12-16 20:41:22,583 - Epoch 17 [20.0s + 3.5s]: train==[10.07149=0.05083 + 0.03916 + 0.16955 + 9.81196], test-recall=[0.0773, 0.1182], test-ndcg=[0.0583, 0.0718]
2025-12-16 20:41:45,761 - Epoch 18 [20.1s + 3.1s]: train==[10.06496=0.04939 + 0.03975 + 0.16394 + 9.81189], test-recall=[0.0776, 0.1188], test-ndcg=[0.0587, 0.0722]
2025-12-16 20:42:08,886 - Epoch 19 [20.0s + 3.1s]: train==[10.05938=0.04874 + 0.04027 + 0.15875 + 9.81162], test-recall=[0.0783, 0.1197], test-ndcg=[0.0593, 0.0729]
2025-12-16 20:42:32,044 - Epoch 20 [20.0s + 3.1s]: train==[10.05319=0.04747 + 0.04079 + 0.15396 + 9.81096], test-recall=[0.0787, 0.1201], test-ndcg=[0.0598, 0.0734]
2025-12-16 20:42:55,351 - Epoch 21 [20.2s + 3.1s]: train==[10.04787=0.04652 + 0.04131 + 0.14954 + 9.81051], test-recall=[0.0793, 0.1206], test-ndcg=[0.0601, 0.0736]
2025-12-16 20:43:18,351 - Epoch 22 [19.9s + 3.1s]: train==[10.04288=0.04623 + 0.04172 + 0.14544 + 9.80948], test-recall=[0.0795, 0.1215], test-ndcg=[0.0603, 0.0741]
2025-12-16 20:43:41,719 - Epoch 23 [20.0s + 3.4s]: train==[10.03880=0.04489 + 0.04213 + 0.14164 + 9.81014], test-recall=[0.0800, 0.1221], test-ndcg=[0.0606, 0.0744]
2025-12-16 20:44:04,936 - Epoch 24 [20.1s + 3.1s]: train==[10.03467=0.04480 + 0.04255 + 0.13810 + 9.80922], test-recall=[0.0803, 0.1224], test-ndcg=[0.0609, 0.0747]
2025-12-16 20:44:27,949 - Epoch 25 [19.9s + 3.1s]: train==[10.03076=0.04362 + 0.04293 + 0.13479 + 9.80943], test-recall=[0.0808, 0.1229], test-ndcg=[0.0612, 0.0750]
2025-12-16 20:44:51,065 - Epoch 26 [19.9s + 3.2s]: train==[10.02718=0.04285 + 0.04329 + 0.13171 + 9.80934], test-recall=[0.0808, 0.1233], test-ndcg=[0.0612, 0.0752]
2025-12-16 20:45:14,328 - Epoch 27 [20.1s + 3.1s]: train==[10.02447=0.04278 + 0.04358 + 0.12882 + 9.80929], test-recall=[0.0813, 0.1239], test-ndcg=[0.0616, 0.0756]
2025-12-16 20:45:37,379 - Epoch 28 [19.9s + 3.1s]: train==[10.02115=0.04193 + 0.04391 + 0.12611 + 9.80920], test-recall=[0.0815, 0.1241], test-ndcg=[0.0619, 0.0759]
2025-12-16 20:46:00,734 - Epoch 29 [19.9s + 3.5s]: train==[10.01801=0.04172 + 0.04418 + 0.12354 + 9.80856], test-recall=[0.0819, 0.1246], test-ndcg=[0.0621, 0.0761]
2025-12-16 20:46:23,967 - Epoch 30 [19.8s + 3.4s]: train==[10.01548=0.04159 + 0.04448 + 0.12113 + 9.80828], test-recall=[0.0821, 0.1253], test-ndcg=[0.0623, 0.0765]
2025-12-16 20:46:47,075 - Epoch 31 [20.0s + 3.1s]: train==[10.01233=0.04095 + 0.04478 + 0.11885 + 9.80775], test-recall=[0.0822, 0.1253], test-ndcg=[0.0626, 0.0767]
2025-12-16 20:47:10,373 - Epoch 32 [20.0s + 3.3s]: train==[10.01078=0.04068 + 0.04497 + 0.11669 + 9.80845], test-recall=[0.0829, 0.1257], test-ndcg=[0.0629, 0.0770]
2025-12-16 20:47:33,501 - Epoch 33 [20.1s + 3.0s]: train==[10.00885=0.04002 + 0.04525 + 0.11465 + 9.80893], test-recall=[0.0828, 0.1259], test-ndcg=[0.0627, 0.0769]
2025-12-16 20:47:56,897 - Epoch 34 [20.0s + 3.4s]: train==[10.00613=0.03974 + 0.04549 + 0.11273 + 9.80817], test-recall=[0.0827, 0.1263], test-ndcg=[0.0628, 0.0771]
2025-12-16 20:48:19,937 - Epoch 35 [20.0s + 3.1s]: train==[10.00480=0.04001 + 0.04573 + 0.11089 + 9.80818], test-recall=[0.0835, 0.1265], test-ndcg=[0.0631, 0.0773]
2025-12-16 20:48:42,941 - Epoch 36 [20.0s + 3.0s]: train==[10.00138=0.03889 + 0.04596 + 0.10914 + 9.80740], test-recall=[0.0834, 0.1268], test-ndcg=[0.0632, 0.0775]
2025-12-16 20:49:06,183 - Epoch 37 [20.1s + 3.1s]: train==[10.00004=0.03867 + 0.04617 + 0.10747 + 9.80772], test-recall=[0.0837, 0.1270], test-ndcg=[0.0634, 0.0777]
2025-12-16 20:49:29,267 - Epoch 38 [20.0s + 3.1s]: train==[9.99920=0.03832 + 0.04632 + 0.10587 + 9.80870], test-recall=[0.0836, 0.1271], test-ndcg=[0.0634, 0.0777]
2025-12-16 20:49:52,408 - Epoch 39 [20.0s + 3.2s]: train==[9.99612=0.03797 + 0.04654 + 0.10435 + 9.80726], test-recall=[0.0840, 0.1274], test-ndcg=[0.0636, 0.0779]
2025-12-16 20:50:15,932 - Epoch 40 [20.2s + 3.3s]: train==[9.99606=0.03800 + 0.04674 + 0.10289 + 9.80842], test-recall=[0.0843, 0.1277], test-ndcg=[0.0640, 0.0782]
2025-12-16 20:50:39,120 - Epoch 41 [20.0s + 3.2s]: train==[9.99348=0.03691 + 0.04695 + 0.10149 + 9.80812], test-recall=[0.0841, 0.1278], test-ndcg=[0.0639, 0.0782]
2025-12-16 20:51:02,362 - Epoch 42 [20.1s + 3.1s]: train==[9.99294=0.03781 + 0.04708 + 0.10016 + 9.80789], test-recall=[0.0845, 0.1280], test-ndcg=[0.0639, 0.0782]
2025-12-16 20:51:25,698 - Epoch 43 [20.2s + 3.1s]: train==[9.99167=0.03687 + 0.04732 + 0.09888 + 9.80859], test-recall=[0.0842, 0.1284], test-ndcg=[0.0640, 0.0786]
2025-12-16 20:51:48,882 - Epoch 44 [20.1s + 3.1s]: train==[9.98940=0.03713 + 0.04749 + 0.09765 + 9.80712], test-recall=[0.0841, 0.1285], test-ndcg=[0.0641, 0.0787]
2025-12-16 20:52:12,056 - Epoch 45 [20.0s + 3.1s]: train==[9.98847=0.03668 + 0.04763 + 0.09647 + 9.80768], test-recall=[0.0844, 0.1289], test-ndcg=[0.0643, 0.0789]
2025-12-16 20:52:35,577 - Epoch 46 [20.2s + 3.4s]: train==[9.98736=0.03645 + 0.04778 + 0.09533 + 9.80780], test-recall=[0.0846, 0.1290], test-ndcg=[0.0645, 0.0791]
2025-12-16 20:52:58,599 - Epoch 47 [19.8s + 3.3s]: train==[9.98690=0.03636 + 0.04794 + 0.09424 + 9.80837], test-recall=[0.0850, 0.1295], test-ndcg=[0.0647, 0.0793]
2025-12-16 20:53:21,726 - Epoch 48 [20.0s + 3.1s]: train==[9.98528=0.03626 + 0.04811 + 0.09319 + 9.80772], test-recall=[0.0852, 0.1294], test-ndcg=[0.0648, 0.0793]
2025-12-16 20:53:45,271 - Epoch 49 [20.2s + 3.4s]: train==[9.98336=0.03554 + 0.04826 + 0.09217 + 9.80740], test-recall=[0.0855, 0.1296], test-ndcg=[0.0651, 0.0797]
2025-12-16 20:54:08,430 - Epoch 50 [20.0s + 3.1s]: train==[9.98435=0.03615 + 0.04834 + 0.09119 + 9.80867], test-recall=[0.0855, 0.1298], test-ndcg=[0.0652, 0.0798]
2025-12-16 20:54:31,908 - Epoch 51 [20.0s + 3.5s]: train==[9.98309=0.03555 + 0.04848 + 0.09025 + 9.80882], test-recall=[0.0857, 0.1298], test-ndcg=[0.0652, 0.0798]
2025-12-16 20:54:55,341 - Epoch 52 [20.3s + 3.1s]: train==[9.98163=0.03527 + 0.04860 + 0.08933 + 9.80842], test-recall=[0.0860, 0.1299], test-ndcg=[0.0655, 0.0800]
2025-12-16 20:55:18,540 - Epoch 53 [20.0s + 3.2s]: train==[9.98080=0.03532 + 0.04875 + 0.08845 + 9.80829], test-recall=[0.0863, 0.1297], test-ndcg=[0.0656, 0.0799]
2025-12-16 20:55:41,666 - Epoch 54 [20.0s + 3.1s]: train==[9.97980=0.03542 + 0.04888 + 0.08760 + 9.80790], test-recall=[0.0862, 0.1302], test-ndcg=[0.0656, 0.0802]
2025-12-16 20:56:04,990 - Epoch 55 [20.2s + 3.1s]: train==[9.97887=0.03512 + 0.04899 + 0.08677 + 9.80799], test-recall=[0.0860, 0.1304], test-ndcg=[0.0656, 0.0802]
2025-12-16 20:56:28,194 - Epoch 56 [20.1s + 3.1s]: train==[9.97812=0.03487 + 0.04911 + 0.08597 + 9.80816], test-recall=[0.0863, 0.1304], test-ndcg=[0.0659, 0.0803]
2025-12-16 20:56:51,576 - Epoch 57 [20.0s + 3.4s]: train==[9.97756=0.03461 + 0.04918 + 0.08519 + 9.80858], test-recall=[0.0862, 0.1306], test-ndcg=[0.0657, 0.0803]
2025-12-16 20:57:14,763 - Epoch 58 [20.1s + 3.1s]: train==[9.97684=0.03473 + 0.04935 + 0.08444 + 9.80833], test-recall=[0.0864, 0.1309], test-ndcg=[0.0657, 0.0804]
2025-12-16 20:57:37,862 - Epoch 59 [20.0s + 3.1s]: train==[9.97630=0.03458 + 0.04943 + 0.08371 + 9.80857], test-recall=[0.0864, 0.1312], test-ndcg=[0.0657, 0.0804]
2025-12-16 20:58:00,944 - Epoch 60 [20.0s + 3.1s]: train==[9.97511=0.03434 + 0.04958 + 0.08301 + 9.80817], test-recall=[0.0865, 0.1314], test-ndcg=[0.0659, 0.0806]
2025-12-16 20:58:24,127 - Epoch 61 [20.0s + 3.2s]: train==[9.97500=0.03434 + 0.04962 + 0.08232 + 9.80872], test-recall=[0.0867, 0.1311], test-ndcg=[0.0661, 0.0807]
2025-12-16 20:58:47,438 - Epoch 62 [20.1s + 3.2s]: train==[9.97408=0.03349 + 0.04976 + 0.08165 + 9.80919], test-recall=[0.0868, 0.1315], test-ndcg=[0.0662, 0.0808]
2025-12-16 20:59:10,767 - Epoch 63 [20.0s + 3.4s]: train==[9.97332=0.03400 + 0.04985 + 0.08100 + 9.80847], test-recall=[0.0871, 0.1314], test-ndcg=[0.0663, 0.0809]
2025-12-16 20:59:34,023 - Epoch 64 [19.7s + 3.5s]: train==[9.97334=0.03378 + 0.04996 + 0.08037 + 9.80923], test-recall=[0.0871, 0.1319], test-ndcg=[0.0663, 0.0810]
2025-12-16 20:59:57,082 - Epoch 65 [20.0s + 3.1s]: train==[9.97146=0.03374 + 0.05002 + 0.07976 + 9.80794], test-recall=[0.0873, 0.1319], test-ndcg=[0.0664, 0.0810]
2025-12-16 21:00:20,355 - Epoch 66 [19.9s + 3.4s]: train==[9.97077=0.03335 + 0.05008 + 0.07916 + 9.80819], test-recall=[0.0874, 0.1316], test-ndcg=[0.0666, 0.0811]
2025-12-16 21:00:43,700 - Epoch 67 [20.1s + 3.3s]: train==[9.97141=0.03349 + 0.05015 + 0.07858 + 9.80920], test-recall=[0.0875, 0.1319], test-ndcg=[0.0665, 0.0811]
2025-12-16 21:01:07,168 - Epoch 68 [20.1s + 3.3s]: train==[9.96994=0.03336 + 0.05023 + 0.07802 + 9.80833], test-recall=[0.0873, 0.1319], test-ndcg=[0.0664, 0.0810]
2025-12-16 21:01:30,282 - Epoch 69 [20.0s + 3.1s]: train==[9.97054=0.03350 + 0.05029 + 0.07747 + 9.80928], test-recall=[0.0874, 0.1320], test-ndcg=[0.0666, 0.0812]
2025-12-16 21:01:53,449 - Epoch 70 [20.0s + 3.2s]: train==[9.96911=0.03336 + 0.05041 + 0.07693 + 9.80841], test-recall=[0.0877, 0.1320], test-ndcg=[0.0667, 0.0812]
2025-12-16 21:02:16,734 - Epoch 71 [20.2s + 3.1s]: train==[9.96925=0.03322 + 0.05049 + 0.07641 + 9.80913], test-recall=[0.0876, 0.1318], test-ndcg=[0.0666, 0.0812]
2025-12-16 21:02:39,780 - Epoch 72 [19.9s + 3.1s]: train==[9.96857=0.03311 + 0.05062 + 0.07590 + 9.80894], test-recall=[0.0876, 0.1317], test-ndcg=[0.0666, 0.0811]
2025-12-16 21:03:02,850 - Epoch 73 [20.0s + 3.1s]: train==[9.96830=0.03315 + 0.05068 + 0.07540 + 9.80907], test-recall=[0.0877, 0.1321], test-ndcg=[0.0668, 0.0813]
2025-12-16 21:03:26,418 - Epoch 74 [20.2s + 3.4s]: train==[9.96766=0.03298 + 0.05074 + 0.07492 + 9.80903], test-recall=[0.0878, 0.1320], test-ndcg=[0.0670, 0.0815]
2025-12-16 21:03:49,508 - Epoch 75 [20.0s + 3.1s]: train==[9.96675=0.03286 + 0.05081 + 0.07444 + 9.80864], test-recall=[0.0879, 0.1317], test-ndcg=[0.0670, 0.0814]
2025-12-16 21:04:12,653 - Epoch 76 [20.0s + 3.1s]: train==[9.96681=0.03307 + 0.05086 + 0.07398 + 9.80890], test-recall=[0.0880, 0.1323], test-ndcg=[0.0669, 0.0815]
2025-12-16 21:04:35,879 - Epoch 77 [20.1s + 3.1s]: train==[9.96589=0.03308 + 0.05095 + 0.07353 + 9.80833], test-recall=[0.0881, 0.1327], test-ndcg=[0.0669, 0.0815]
2025-12-16 21:04:59,010 - Epoch 78 [20.0s + 3.1s]: train==[9.96636=0.03301 + 0.05100 + 0.07309 + 9.80927], test-recall=[0.0880, 0.1330], test-ndcg=[0.0669, 0.0816]
2025-12-16 21:05:22,137 - Epoch 79 [20.0s + 3.1s]: train==[9.96491=0.03247 + 0.05107 + 0.07265 + 9.80872], test-recall=[0.0879, 0.1327], test-ndcg=[0.0670, 0.0817]
2025-12-16 21:05:45,714 - Epoch 80 [20.1s + 3.5s]: train==[9.96554=0.03245 + 0.05117 + 0.07223 + 9.80970], test-recall=[0.0881, 0.1329], test-ndcg=[0.0673, 0.0819]
2025-12-16 21:06:08,761 - Epoch 81 [19.7s + 3.3s]: train==[9.96392=0.03209 + 0.05122 + 0.07182 + 9.80879], test-recall=[0.0879, 0.1328], test-ndcg=[0.0671, 0.0818]
2025-12-16 21:06:31,782 - Epoch 82 [19.9s + 3.1s]: train==[9.96453=0.03230 + 0.05129 + 0.07141 + 9.80953], test-recall=[0.0881, 0.1334], test-ndcg=[0.0671, 0.0820]
2025-12-16 21:06:55,425 - Epoch 83 [20.0s + 3.6s]: train==[9.96403=0.03252 + 0.05129 + 0.07102 + 9.80920], test-recall=[0.0881, 0.1332], test-ndcg=[0.0671, 0.0819]
2025-12-16 21:07:18,635 - Epoch 84 [20.1s + 3.1s]: train==[9.96268=0.03253 + 0.05138 + 0.07063 + 9.80813], test-recall=[0.0881, 0.1337], test-ndcg=[0.0672, 0.0821]
2025-12-16 21:07:42,045 - Epoch 85 [20.0s + 3.4s]: train==[9.96333=0.03247 + 0.05145 + 0.07025 + 9.80916], test-recall=[0.0883, 0.1334], test-ndcg=[0.0674, 0.0822]
2025-12-16 21:08:05,256 - Epoch 86 [20.0s + 3.2s]: train==[9.96351=0.03267 + 0.05148 + 0.06988 + 9.80948], test-recall=[0.0884, 0.1337], test-ndcg=[0.0674, 0.0823]
2025-12-16 21:08:28,517 - Epoch 87 [20.2s + 3.1s]: train==[9.96226=0.03222 + 0.05158 + 0.06952 + 9.80894], test-recall=[0.0883, 0.1338], test-ndcg=[0.0675, 0.0824]
2025-12-16 21:08:51,597 - Epoch 88 [20.0s + 3.1s]: train==[9.96220=0.03239 + 0.05167 + 0.06916 + 9.80897], test-recall=[0.0885, 0.1337], test-ndcg=[0.0677, 0.0825]
2025-12-16 21:09:14,748 - Epoch 89 [20.1s + 3.0s]: train==[9.96253=0.03217 + 0.05171 + 0.06881 + 9.80983], test-recall=[0.0886, 0.1336], test-ndcg=[0.0677, 0.0825]
2025-12-16 21:09:37,981 - Epoch 90 [20.2s + 3.1s]: train==[9.96121=0.03170 + 0.05172 + 0.06847 + 9.80931], test-recall=[0.0885, 0.1337], test-ndcg=[0.0677, 0.0825]
2025-12-16 21:10:01,213 - Epoch 91 [19.9s + 3.3s]: train==[9.96153=0.03188 + 0.05177 + 0.06813 + 9.80974], test-recall=[0.0885, 0.1339], test-ndcg=[0.0676, 0.0826]
2025-12-16 21:10:24,525 - Epoch 92 [20.2s + 3.1s]: train==[9.96081=0.03179 + 0.05184 + 0.06780 + 9.80938], test-recall=[0.0882, 0.1337], test-ndcg=[0.0674, 0.0824]
2025-12-16 21:10:47,620 - Epoch 93 [20.0s + 3.1s]: train==[9.96039=0.03151 + 0.05189 + 0.06748 + 9.80950], test-recall=[0.0885, 0.1339], test-ndcg=[0.0676, 0.0825]
2025-12-16 21:11:10,734 - Epoch 94 [20.0s + 3.1s]: train==[9.96204=0.03203 + 0.05194 + 0.06717 + 9.81091], test-recall=[0.0889, 0.1342], test-ndcg=[0.0677, 0.0826]
2025-12-16 21:11:33,948 - Epoch 95 [20.1s + 3.1s]: train==[9.95923=0.03102 + 0.05199 + 0.06686 + 9.80936], test-recall=[0.0887, 0.1338], test-ndcg=[0.0678, 0.0826]
2025-12-16 21:11:57,223 - Epoch 96 [20.1s + 3.2s]: train==[9.96039=0.03171 + 0.05207 + 0.06656 + 9.81005], test-recall=[0.0888, 0.1340], test-ndcg=[0.0678, 0.0826]
2025-12-16 21:12:20,705 - Epoch 97 [20.1s + 3.3s]: train==[9.95923=0.03125 + 0.05211 + 0.06626 + 9.80960], test-recall=[0.0888, 0.1343], test-ndcg=[0.0678, 0.0827]
2025-12-16 21:12:43,861 - Epoch 98 [19.8s + 3.4s]: train==[9.95998=0.03122 + 0.05220 + 0.06597 + 9.81059], test-recall=[0.0888, 0.1343], test-ndcg=[0.0678, 0.0828]
2025-12-16 21:13:07,055 - Epoch 99 [20.1s + 3.1s]: train==[9.95934=0.03167 + 0.05224 + 0.06568 + 9.80975], test-recall=[0.0887, 0.1343], test-ndcg=[0.0680, 0.0829]
2025-12-16 21:13:10,353 - Final Test Set Result: test-recall=[0.0887, 0.1343], test-ndcg=[0.0680, 0.0829]
