2025-12-16 21:13:15,311 - n_users=78578, n_items=77801	n_interactions=2880201	n_train=2240156, n_test=640045, sparsity=0.00037
2025-12-16 21:13:15,312 - Namespace(Ks='[20, 40]', batch_size=10240, cen_reg=0.005, data_path='data/', dataset='amazon', emb_reg=2.5e-05, embed_size=32, epoch=100, lr=0.001, n_batch=40, n_intents=256, n_layers=2, output='amazon_256_', sample_num=40, save_model=False, seed=2022, show_step=1, ssl_reg=0.1, temp=1, train_num=10000, verbose=1)
2025-12-16 21:13:48,544 - Epoch  0 [21.5s + 3.4s]: train==[11.21848=0.58767 + 0.00230 + 0.50019 + 10.12831], test-recall=[0.0405, 0.0641], test-ndcg=[0.0302, 0.0380]
2025-12-16 21:14:12,059 - Epoch  1 [20.4s + 3.1s]: train==[10.60750=0.25752 + 0.00947 + 0.46073 + 9.87978], test-recall=[0.0488, 0.0770], test-ndcg=[0.0363, 0.0457]
2025-12-16 21:14:35,642 - Epoch  2 [20.4s + 3.2s]: train==[10.44607=0.13886 + 0.01619 + 0.44758 + 9.84343], test-recall=[0.0544, 0.0861], test-ndcg=[0.0407, 0.0512]
2025-12-16 21:14:59,407 - Epoch  3 [20.6s + 3.2s]: train==[10.39888=0.11207 + 0.01992 + 0.43197 + 9.83492], test-recall=[0.0591, 0.0922], test-ndcg=[0.0442, 0.0552]
2025-12-16 21:15:23,118 - Epoch  4 [20.5s + 3.2s]: train==[10.36625=0.09855 + 0.02263 + 0.41486 + 9.83021], test-recall=[0.0624, 0.0969], test-ndcg=[0.0469, 0.0583]
2025-12-16 21:15:46,691 - Epoch  5 [20.4s + 3.2s]: train==[10.33432=0.08824 + 0.02486 + 0.39689 + 9.82433], test-recall=[0.0652, 0.1006], test-ndcg=[0.0491, 0.0607]
2025-12-16 21:16:10,508 - Epoch  6 [20.4s + 3.4s]: train==[10.30840=0.08082 + 0.02682 + 0.37854 + 9.82222], test-recall=[0.0671, 0.1032], test-ndcg=[0.0505, 0.0624]
2025-12-16 21:16:34,072 - Epoch  7 [20.4s + 3.1s]: train==[10.28409=0.07494 + 0.02859 + 0.36049 + 9.82007], test-recall=[0.0688, 0.1057], test-ndcg=[0.0518, 0.0639]
2025-12-16 21:16:57,655 - Epoch  8 [20.4s + 3.1s]: train==[10.26193=0.07052 + 0.03019 + 0.34316 + 9.81806], test-recall=[0.0704, 0.1076], test-ndcg=[0.0529, 0.0652]
2025-12-16 21:17:21,319 - Epoch  9 [20.5s + 3.2s]: train==[10.24328=0.06686 + 0.03165 + 0.32681 + 9.81796], test-recall=[0.0718, 0.1093], test-ndcg=[0.0539, 0.0663]
2025-12-16 21:17:44,850 - Epoch 10 [20.4s + 3.1s]: train==[10.22452=0.06398 + 0.03296 + 0.31149 + 9.81610], test-recall=[0.0729, 0.1112], test-ndcg=[0.0548, 0.0674]
2025-12-16 21:18:08,348 - Epoch 11 [20.3s + 3.2s]: train==[10.21024=0.06149 + 0.03417 + 0.29734 + 9.81724], test-recall=[0.0738, 0.1122], test-ndcg=[0.0556, 0.0682]
2025-12-16 21:18:32,463 - Epoch 12 [20.6s + 3.5s]: train==[10.19437=0.05840 + 0.03530 + 0.28435 + 9.81633], test-recall=[0.0744, 0.1137], test-ndcg=[0.0561, 0.0691]
2025-12-16 21:18:55,929 - Epoch 13 [20.1s + 3.4s]: train==[10.18107=0.05686 + 0.03634 + 0.27246 + 9.81541], test-recall=[0.0754, 0.1147], test-ndcg=[0.0569, 0.0698]
2025-12-16 21:19:19,358 - Epoch 14 [20.3s + 3.1s]: train==[10.16790=0.05438 + 0.03728 + 0.26156 + 9.81468], test-recall=[0.0762, 0.1164], test-ndcg=[0.0577, 0.0709]
2025-12-16 21:19:43,092 - Epoch 15 [20.4s + 3.4s]: train==[10.15704=0.05267 + 0.03816 + 0.25157 + 9.81464], test-recall=[0.0767, 0.1176], test-ndcg=[0.0581, 0.0716]
2025-12-16 21:20:06,589 - Epoch 16 [20.3s + 3.2s]: train==[10.14673=0.05134 + 0.03898 + 0.24238 + 9.81402], test-recall=[0.0773, 0.1184], test-ndcg=[0.0585, 0.0720]
2025-12-16 21:20:30,437 - Epoch 17 [20.3s + 3.5s]: train==[10.13790=0.05018 + 0.03975 + 0.23391 + 9.81406], test-recall=[0.0780, 0.1194], test-ndcg=[0.0591, 0.0727]
2025-12-16 21:20:53,988 - Epoch 18 [20.4s + 3.1s]: train==[10.12943=0.04857 + 0.04050 + 0.22614 + 9.81422], test-recall=[0.0783, 0.1203], test-ndcg=[0.0594, 0.0732]
2025-12-16 21:21:17,474 - Epoch 19 [20.4s + 3.1s]: train==[10.12226=0.04775 + 0.04119 + 0.21897 + 9.81435], test-recall=[0.0793, 0.1206], test-ndcg=[0.0599, 0.0736]
2025-12-16 21:21:40,997 - Epoch 20 [20.4s + 3.1s]: train==[10.11403=0.04659 + 0.04185 + 0.21231 + 9.81328], test-recall=[0.0798, 0.1212], test-ndcg=[0.0604, 0.0741]
2025-12-16 21:22:04,630 - Epoch 21 [20.5s + 3.1s]: train==[10.10734=0.04512 + 0.04249 + 0.20612 + 9.81362], test-recall=[0.0801, 0.1219], test-ndcg=[0.0607, 0.0744]
2025-12-16 21:22:28,146 - Epoch 22 [20.4s + 3.1s]: train==[10.10146=0.04504 + 0.04304 + 0.20038 + 9.81300], test-recall=[0.0806, 0.1227], test-ndcg=[0.0610, 0.0749]
2025-12-16 21:22:51,829 - Epoch 23 [20.3s + 3.4s]: train==[10.09607=0.04370 + 0.04357 + 0.19504 + 9.81376], test-recall=[0.0813, 0.1237], test-ndcg=[0.0616, 0.0756]
2025-12-16 21:23:15,420 - Epoch 24 [20.4s + 3.2s]: train==[10.09050=0.04322 + 0.04413 + 0.19006 + 9.81309], test-recall=[0.0819, 0.1240], test-ndcg=[0.0619, 0.0758]
2025-12-16 21:23:38,953 - Epoch 25 [20.4s + 3.1s]: train==[10.08589=0.04245 + 0.04461 + 0.18539 + 9.81344], test-recall=[0.0820, 0.1243], test-ndcg=[0.0621, 0.0760]
2025-12-16 21:24:02,454 - Epoch 26 [20.4s + 3.1s]: train==[10.08139=0.04146 + 0.04508 + 0.18102 + 9.81383], test-recall=[0.0817, 0.1247], test-ndcg=[0.0620, 0.0762]
2025-12-16 21:24:26,011 - Epoch 27 [20.4s + 3.1s]: train==[10.07749=0.04105 + 0.04549 + 0.17693 + 9.81402], test-recall=[0.0822, 0.1252], test-ndcg=[0.0625, 0.0766]
2025-12-16 21:24:49,376 - Epoch 28 [20.3s + 3.1s]: train==[10.07380=0.04019 + 0.04594 + 0.17309 + 9.81458], test-recall=[0.0824, 0.1258], test-ndcg=[0.0627, 0.0769]
2025-12-16 21:25:12,939 - Epoch 29 [20.2s + 3.4s]: train==[10.06965=0.04005 + 0.04634 + 0.16947 + 9.81380], test-recall=[0.0830, 0.1261], test-ndcg=[0.0631, 0.0772]
2025-12-16 21:25:36,480 - Epoch 30 [20.0s + 3.5s]: train==[10.06647=0.04007 + 0.04673 + 0.16605 + 9.81362], test-recall=[0.0832, 0.1268], test-ndcg=[0.0633, 0.0776]
2025-12-16 21:25:59,938 - Epoch 31 [20.3s + 3.1s]: train==[10.06308=0.03935 + 0.04712 + 0.16281 + 9.81379], test-recall=[0.0835, 0.1265], test-ndcg=[0.0634, 0.0776]
2025-12-16 21:26:23,594 - Epoch 32 [20.3s + 3.3s]: train==[10.06036=0.03891 + 0.04738 + 0.15976 + 9.81431], test-recall=[0.0838, 0.1273], test-ndcg=[0.0637, 0.0780]
2025-12-16 21:26:47,088 - Epoch 33 [20.3s + 3.2s]: train==[10.05796=0.03846 + 0.04775 + 0.15686 + 9.81488], test-recall=[0.0838, 0.1273], test-ndcg=[0.0637, 0.0780]
2025-12-16 21:27:10,882 - Epoch 34 [20.4s + 3.4s]: train==[10.05459=0.03815 + 0.04805 + 0.15411 + 9.81427], test-recall=[0.0843, 0.1277], test-ndcg=[0.0639, 0.0782]
2025-12-16 21:27:34,328 - Epoch 35 [20.3s + 3.1s]: train==[10.05268=0.03805 + 0.04838 + 0.15149 + 9.81476], test-recall=[0.0845, 0.1284], test-ndcg=[0.0641, 0.0785]
2025-12-16 21:27:57,766 - Epoch 36 [20.3s + 3.1s]: train==[10.04880=0.03682 + 0.04869 + 0.14901 + 9.81429], test-recall=[0.0843, 0.1283], test-ndcg=[0.0641, 0.0785]
2025-12-16 21:28:21,348 - Epoch 37 [20.4s + 3.1s]: train==[10.04693=0.03676 + 0.04898 + 0.14663 + 9.81455], test-recall=[0.0847, 0.1286], test-ndcg=[0.0643, 0.0787]
2025-12-16 21:28:44,797 - Epoch 38 [20.3s + 3.1s]: train==[10.04580=0.03648 + 0.04921 + 0.14437 + 9.81574], test-recall=[0.0848, 0.1289], test-ndcg=[0.0643, 0.0788]
2025-12-16 21:29:08,286 - Epoch 39 [20.4s + 3.1s]: train==[10.04246=0.03614 + 0.04949 + 0.14221 + 9.81462], test-recall=[0.0849, 0.1288], test-ndcg=[0.0645, 0.0790]
2025-12-16 21:29:32,097 - Epoch 40 [20.4s + 3.4s]: train==[10.04208=0.03648 + 0.04973 + 0.14015 + 9.81572], test-recall=[0.0848, 0.1295], test-ndcg=[0.0646, 0.0793]
2025-12-16 21:29:55,584 - Epoch 41 [20.4s + 3.1s]: train==[10.03875=0.03503 + 0.05000 + 0.13817 + 9.81555], test-recall=[0.0851, 0.1296], test-ndcg=[0.0647, 0.0793]
2025-12-16 21:30:19,144 - Epoch 42 [20.4s + 3.2s]: train==[10.03775=0.03584 + 0.05019 + 0.13627 + 9.81545], test-recall=[0.0853, 0.1290], test-ndcg=[0.0647, 0.0791]
2025-12-16 21:30:42,813 - Epoch 43 [20.5s + 3.1s]: train==[10.03616=0.03491 + 0.05046 + 0.13445 + 9.81633], test-recall=[0.0854, 0.1294], test-ndcg=[0.0649, 0.0794]
2025-12-16 21:31:06,287 - Epoch 44 [20.4s + 3.1s]: train==[10.03333=0.03506 + 0.05070 + 0.13271 + 9.81486], test-recall=[0.0854, 0.1298], test-ndcg=[0.0649, 0.0795]
2025-12-16 21:31:29,819 - Epoch 45 [20.4s + 3.2s]: train==[10.03253=0.03466 + 0.05088 + 0.13104 + 9.81595], test-recall=[0.0856, 0.1302], test-ndcg=[0.0650, 0.0797]
2025-12-16 21:31:53,753 - Epoch 46 [20.6s + 3.4s]: train==[10.03093=0.03433 + 0.05110 + 0.12943 + 9.81607], test-recall=[0.0856, 0.1305], test-ndcg=[0.0652, 0.0800]
2025-12-16 21:32:17,170 - Epoch 47 [20.1s + 3.3s]: train==[10.03043=0.03450 + 0.05130 + 0.12788 + 9.81675], test-recall=[0.0863, 0.1310], test-ndcg=[0.0656, 0.0802]
2025-12-16 21:32:40,676 - Epoch 48 [20.3s + 3.2s]: train==[10.02869=0.03443 + 0.05151 + 0.12640 + 9.81636], test-recall=[0.0862, 0.1306], test-ndcg=[0.0655, 0.0801]
2025-12-16 21:33:04,526 - Epoch 49 [20.5s + 3.4s]: train==[10.02629=0.03351 + 0.05172 + 0.12496 + 9.81610], test-recall=[0.0865, 0.1310], test-ndcg=[0.0657, 0.0804]
2025-12-16 21:33:27,922 - Epoch 50 [20.3s + 3.1s]: train==[10.02687=0.03402 + 0.05184 + 0.12358 + 9.81744], test-recall=[0.0863, 0.1309], test-ndcg=[0.0658, 0.0805]
2025-12-16 21:33:51,672 - Epoch 51 [20.3s + 3.4s]: train==[10.02568=0.03336 + 0.05205 + 0.12225 + 9.81801], test-recall=[0.0863, 0.1312], test-ndcg=[0.0658, 0.0805]
2025-12-16 21:34:15,327 - Epoch 52 [20.5s + 3.1s]: train==[10.02403=0.03330 + 0.05223 + 0.12097 + 9.81754], test-recall=[0.0866, 0.1313], test-ndcg=[0.0660, 0.0807]
2025-12-16 21:34:38,799 - Epoch 53 [20.3s + 3.1s]: train==[10.02283=0.03340 + 0.05239 + 0.11973 + 9.81732], test-recall=[0.0869, 0.1314], test-ndcg=[0.0662, 0.0808]
2025-12-16 21:35:02,225 - Epoch 54 [20.3s + 3.1s]: train==[10.02174=0.03326 + 0.05258 + 0.11853 + 9.81738], test-recall=[0.0869, 0.1316], test-ndcg=[0.0662, 0.0809]
2025-12-16 21:35:25,913 - Epoch 55 [20.5s + 3.1s]: train==[10.02035=0.03289 + 0.05272 + 0.11737 + 9.81737], test-recall=[0.0868, 0.1319], test-ndcg=[0.0663, 0.0810]
2025-12-16 21:35:49,448 - Epoch 56 [20.4s + 3.1s]: train==[10.01982=0.03279 + 0.05288 + 0.11625 + 9.81791], test-recall=[0.0869, 0.1321], test-ndcg=[0.0663, 0.0811]
2025-12-16 21:36:13,207 - Epoch 57 [20.4s + 3.4s]: train==[10.01864=0.03246 + 0.05298 + 0.11516 + 9.81804], test-recall=[0.0870, 0.1322], test-ndcg=[0.0664, 0.0812]
2025-12-16 21:36:36,760 - Epoch 58 [20.4s + 3.1s]: train==[10.01772=0.03260 + 0.05317 + 0.11410 + 9.81785], test-recall=[0.0872, 0.1320], test-ndcg=[0.0664, 0.0811]
2025-12-16 21:37:00,374 - Epoch 59 [20.5s + 3.2s]: train==[10.01736=0.03255 + 0.05328 + 0.11308 + 9.81844], test-recall=[0.0874, 0.1324], test-ndcg=[0.0665, 0.0812]
2025-12-16 21:37:23,984 - Epoch 60 [20.4s + 3.2s]: train==[10.01593=0.03207 + 0.05346 + 0.11209 + 9.81830], test-recall=[0.0880, 0.1329], test-ndcg=[0.0669, 0.0816]
2025-12-16 21:37:47,709 - Epoch 61 [20.5s + 3.2s]: train==[10.01593=0.03238 + 0.05354 + 0.11114 + 9.81888], test-recall=[0.0877, 0.1327], test-ndcg=[0.0668, 0.0816]
2025-12-16 21:38:11,261 - Epoch 62 [20.4s + 3.1s]: train==[10.01458=0.03158 + 0.05369 + 0.11021 + 9.81910], test-recall=[0.0876, 0.1329], test-ndcg=[0.0668, 0.0816]
2025-12-16 21:38:34,839 - Epoch 63 [20.2s + 3.4s]: train==[10.01377=0.03195 + 0.05380 + 0.10930 + 9.81872], test-recall=[0.0876, 0.1324], test-ndcg=[0.0667, 0.0815]
2025-12-16 21:38:58,460 - Epoch 64 [20.1s + 3.6s]: train==[10.01358=0.03158 + 0.05397 + 0.10842 + 9.81961], test-recall=[0.0881, 0.1326], test-ndcg=[0.0670, 0.0816]
2025-12-16 21:39:21,953 - Epoch 65 [20.4s + 3.1s]: train==[10.01154=0.03133 + 0.05408 + 0.10757 + 9.81856], test-recall=[0.0882, 0.1326], test-ndcg=[0.0671, 0.0817]
2025-12-16 21:39:45,511 - Epoch 66 [20.2s + 3.3s]: train==[10.01073=0.03117 + 0.05418 + 0.10674 + 9.81863], test-recall=[0.0883, 0.1327], test-ndcg=[0.0672, 0.0818]
2025-12-16 21:40:08,955 - Epoch 67 [20.3s + 3.2s]: train==[10.01125=0.03151 + 0.05428 + 0.10594 + 9.81952], test-recall=[0.0883, 0.1330], test-ndcg=[0.0673, 0.0819]
2025-12-16 21:40:32,933 - Epoch 68 [20.6s + 3.4s]: train==[10.00954=0.03131 + 0.05436 + 0.10515 + 9.81871], test-recall=[0.0881, 0.1328], test-ndcg=[0.0672, 0.0818]
2025-12-16 21:40:56,468 - Epoch 69 [20.5s + 3.1s]: train==[10.01027=0.03133 + 0.05444 + 0.10439 + 9.82011], test-recall=[0.0884, 0.1331], test-ndcg=[0.0674, 0.0821]
2025-12-16 21:41:19,965 - Epoch 70 [20.4s + 3.1s]: train==[10.00890=0.03136 + 0.05458 + 0.10365 + 9.81930], test-recall=[0.0883, 0.1331], test-ndcg=[0.0675, 0.0821]
2025-12-16 21:41:43,429 - Epoch 71 [20.3s + 3.1s]: train==[10.00909=0.03127 + 0.05469 + 0.10293 + 9.82020], test-recall=[0.0885, 0.1328], test-ndcg=[0.0674, 0.0819]
2025-12-16 21:42:06,982 - Epoch 72 [20.5s + 3.1s]: train==[10.00766=0.03103 + 0.05483 + 0.10222 + 9.81959], test-recall=[0.0887, 0.1328], test-ndcg=[0.0673, 0.0818]
2025-12-16 21:42:30,367 - Epoch 73 [20.3s + 3.1s]: train==[10.00734=0.03119 + 0.05488 + 0.10153 + 9.81975], test-recall=[0.0884, 0.1330], test-ndcg=[0.0674, 0.0820]
2025-12-16 21:42:54,171 - Epoch 74 [20.4s + 3.4s]: train==[10.02000=0.03085 + 0.05510 + 0.10089 + 9.83317], test-recall=[0.0885, 0.1333], test-ndcg=[0.0675, 0.0822]
2025-12-16 21:43:17,745 - Epoch 75 [20.5s + 3.1s]: train==[10.07162=0.03037 + 0.05561 + 0.10035 + 9.88529], test-recall=[0.0880, 0.1327], test-ndcg=[0.0672, 0.0819]
2025-12-16 21:43:41,005 - Epoch 76 [20.1s + 3.1s]: train==[10.04823=0.03020 + 0.05628 + 0.09992 + 9.86184], test-recall=[0.0879, 0.1331], test-ndcg=[0.0672, 0.0820]
2025-12-16 21:44:04,549 - Epoch 77 [20.4s + 3.2s]: train==[10.03499=0.03006 + 0.05679 + 0.09944 + 9.84871], test-recall=[0.0881, 0.1332], test-ndcg=[0.0673, 0.0820]
2025-12-16 21:44:28,086 - Epoch 78 [20.4s + 3.1s]: train==[10.05516=0.02982 + 0.05741 + 0.09903 + 9.86890], test-recall=[0.0882, 0.1331], test-ndcg=[0.0673, 0.0820]
2025-12-16 21:44:51,525 - Epoch 79 [20.3s + 3.1s]: train==[10.02954=0.02919 + 0.05797 + 0.09864 + 9.84374], test-recall=[0.0883, 0.1330], test-ndcg=[0.0675, 0.0821]
2025-12-16 21:45:15,437 - Epoch 80 [20.4s + 3.5s]: train==[10.01649=0.02928 + 0.05813 + 0.09816 + 9.83092], test-recall=[0.0882, 0.1331], test-ndcg=[0.0675, 0.0822]
2025-12-16 21:45:38,897 - Epoch 81 [20.1s + 3.3s]: train==[10.02542=0.02906 + 0.05818 + 0.09767 + 9.84051], test-recall=[0.0887, 0.1335], test-ndcg=[0.0677, 0.0824]
2025-12-16 21:46:02,317 - Epoch 82 [20.3s + 3.1s]: train==[10.02538=0.02923 + 0.05851 + 0.09725 + 9.84039], test-recall=[0.0887, 0.1336], test-ndcg=[0.0677, 0.0825]
2025-12-16 21:46:26,322 - Epoch 83 [20.5s + 3.5s]: train==[10.02755=0.02916 + 0.05867 + 0.09682 + 9.84290], test-recall=[0.0885, 0.1335], test-ndcg=[0.0676, 0.0824]
2025-12-16 21:46:49,806 - Epoch 84 [20.4s + 3.1s]: train==[10.01135=0.02925 + 0.05883 + 0.09638 + 9.82688], test-recall=[0.0889, 0.1338], test-ndcg=[0.0677, 0.0825]
2025-12-16 21:47:13,565 - Epoch 85 [20.4s + 3.3s]: train==[10.00939=0.02931 + 0.05856 + 0.09586 + 9.82566], test-recall=[0.0889, 0.1334], test-ndcg=[0.0678, 0.0825]
2025-12-16 21:47:36,985 - Epoch 86 [20.3s + 3.2s]: train==[10.02808=0.02969 + 0.05848 + 0.09537 + 9.84454], test-recall=[0.0886, 0.1337], test-ndcg=[0.0677, 0.0825]
2025-12-16 21:48:00,612 - Epoch 87 [20.5s + 3.1s]: train==[10.01478=0.02886 + 0.05889 + 0.09500 + 9.83202], test-recall=[0.0889, 0.1335], test-ndcg=[0.0679, 0.0826]
2025-12-16 21:48:23,942 - Epoch 88 [20.3s + 3.0s]: train==[10.01808=0.02944 + 0.05880 + 0.09454 + 9.83530], test-recall=[0.0890, 0.1338], test-ndcg=[0.0681, 0.0829]
2025-12-16 21:48:47,070 - Epoch 89 [20.1s + 3.0s]: train==[10.02514=0.02913 + 0.05904 + 0.09416 + 9.84282], test-recall=[0.0889, 0.1338], test-ndcg=[0.0680, 0.0828]
2025-12-16 21:49:10,600 - Epoch 90 [20.4s + 3.1s]: train==[10.02121=0.02823 + 0.05932 + 0.09381 + 9.83985], test-recall=[0.0891, 0.1344], test-ndcg=[0.0682, 0.0831]
2025-12-16 21:49:34,309 - Epoch 91 [20.3s + 3.4s]: train==[10.00892=0.02872 + 0.05932 + 0.09341 + 9.82748], test-recall=[0.0890, 0.1340], test-ndcg=[0.0681, 0.0829]
2025-12-16 21:49:57,866 - Epoch 92 [20.4s + 3.2s]: train==[10.00832=0.02889 + 0.05907 + 0.09295 + 9.82740], test-recall=[0.0891, 0.1343], test-ndcg=[0.0681, 0.0829]
2025-12-16 21:50:21,392 - Epoch 93 [20.4s + 3.1s]: train==[10.00817=0.02860 + 0.05884 + 0.09251 + 9.82822], test-recall=[0.0896, 0.1344], test-ndcg=[0.0683, 0.0830]
2025-12-16 21:50:44,814 - Epoch 94 [20.3s + 3.1s]: train==[10.01802=0.02912 + 0.05885 + 0.09210 + 9.83796], test-recall=[0.0894, 0.1348], test-ndcg=[0.0685, 0.0834]
2025-12-16 21:51:08,276 - Epoch 95 [20.3s + 3.1s]: train==[10.02710=0.02811 + 0.05919 + 0.09178 + 9.84802], test-recall=[0.0893, 0.1348], test-ndcg=[0.0683, 0.0832]
2025-12-16 21:51:31,845 - Epoch 96 [20.6s + 3.0s]: train==[10.04265=0.02835 + 0.05975 + 0.09154 + 9.86301], test-recall=[0.0892, 0.1347], test-ndcg=[0.0683, 0.0832]
2025-12-16 21:51:55,710 - Epoch 97 [20.5s + 3.4s]: train==[10.03527=0.02772 + 0.06020 + 0.09130 + 9.85605], test-recall=[0.0890, 0.1348], test-ndcg=[0.0680, 0.0831]
2025-12-16 21:52:18,875 - Epoch 98 [20.0s + 3.2s]: train==[10.02484=0.02773 + 0.06054 + 0.09106 + 9.84551], test-recall=[0.0889, 0.1344], test-ndcg=[0.0681, 0.0831]
2025-12-16 21:52:42,247 - Epoch 99 [20.2s + 3.1s]: train==[10.03712=0.02821 + 0.06067 + 0.09080 + 9.85745], test-recall=[0.0892, 0.1345], test-ndcg=[0.0683, 0.0832]
2025-12-16 21:52:45,508 - Final Test Set Result: test-recall=[0.0892, 0.1345], test-ndcg=[0.0683, 0.0832]
