2025-12-15 21:16:10,796 - n_users=50821, n_items=57440	n_interactions=1302695	n_train=1172425, n_test=130270, sparsity=0.00040
2025-12-15 21:16:10,796 - Namespace(Ks='[20, 40]', batch_size=10240, cen_reg=0.005, data_path='data/', dataset='gowalla', emb_reg=2.5e-05, embed_size=32, epoch=100, lr=0.001, n_batch=40, n_intents=32, n_layers=2, output='gowalla_32_', sample_num=40, save_model=False, seed=2022, show_step=1, ssl_reg=0.1, temp=1, train_num=10000, verbose=1)
2025-12-15 21:16:37,896 - Epoch  0 [17.7s + 1.5s]: train==[11.02184=0.39511 + 0.00403 + 0.28572 + 10.33699], test-recall=[0.1233, 0.1789], test-ndcg=[0.0722, 0.0865]
2025-12-15 21:16:54,660 - Epoch  1 [15.1s + 1.7s]: train==[10.35291=0.06653 + 0.01507 + 0.22080 + 10.05051], test-recall=[0.1353, 0.1966], test-ndcg=[0.0791, 0.0950]
2025-12-15 21:17:12,371 - Epoch  2 [16.1s + 1.6s]: train==[10.16846=0.04711 + 0.01917 + 0.18176 + 9.92042], test-recall=[0.1428, 0.2060], test-ndcg=[0.0839, 0.1004]
2025-12-15 21:17:30,786 - Epoch  3 [16.9s + 1.5s]: train==[10.04318=0.04204 + 0.02050 + 0.16221 + 9.81844], test-recall=[0.1473, 0.2120], test-ndcg=[0.0868, 0.1037]
2025-12-15 21:17:48,101 - Epoch  4 [15.7s + 1.6s]: train==[10.00271=0.03824 + 0.02087 + 0.14858 + 9.79502], test-recall=[0.1508, 0.2161], test-ndcg=[0.0888, 0.1058]
2025-12-15 21:18:06,825 - Epoch  5 [17.5s + 1.2s]: train==[9.97969=0.03610 + 0.02115 + 0.13767 + 9.78477], test-recall=[0.1535, 0.2206], test-ndcg=[0.0904, 0.1078]
2025-12-15 21:18:23,934 - Epoch  6 [15.5s + 1.6s]: train==[9.96270=0.03457 + 0.02149 + 0.12903 + 9.77760], test-recall=[0.1546, 0.2214], test-ndcg=[0.0912, 0.1086]
2025-12-15 21:18:40,258 - Epoch  7 [15.0s + 1.4s]: train==[9.94828=0.03319 + 0.02180 + 0.12192 + 9.77137], test-recall=[0.1558, 0.2229], test-ndcg=[0.0921, 0.1095]
2025-12-15 21:18:56,875 - Epoch  8 [15.0s + 1.6s]: train==[9.93785=0.03177 + 0.02206 + 0.11584 + 9.76818], test-recall=[0.1566, 0.2242], test-ndcg=[0.0929, 0.1105]
2025-12-15 21:19:13,661 - Epoch  9 [15.2s + 1.6s]: train==[9.92893=0.03145 + 0.02237 + 0.11055 + 9.76456], test-recall=[0.1569, 0.2247], test-ndcg=[0.0932, 0.1108]
2025-12-15 21:19:30,180 - Epoch 10 [15.3s + 1.2s]: train==[9.92114=0.03037 + 0.02257 + 0.10587 + 9.76232], test-recall=[0.1577, 0.2253], test-ndcg=[0.0938, 0.1113]
2025-12-15 21:19:47,751 - Epoch 11 [16.1s + 1.5s]: train==[9.91390=0.02948 + 0.02283 + 0.10168 + 9.75992], test-recall=[0.1579, 0.2257], test-ndcg=[0.0941, 0.1116]
2025-12-15 21:20:05,516 - Epoch 12 [16.2s + 1.6s]: train==[9.90878=0.02973 + 0.02303 + 0.09790 + 9.75811], test-recall=[0.1585, 0.2270], test-ndcg=[0.0944, 0.1122]
2025-12-15 21:20:22,186 - Epoch 13 [15.2s + 1.4s]: train==[9.90221=0.02826 + 0.02322 + 0.09447 + 9.75627], test-recall=[0.1596, 0.2269], test-ndcg=[0.0949, 0.1124]
2025-12-15 21:20:38,733 - Epoch 14 [15.2s + 1.3s]: train==[9.89834=0.02783 + 0.02344 + 0.09133 + 9.75574], test-recall=[0.1602, 0.2282], test-ndcg=[0.0952, 0.1130]
2025-12-15 21:20:57,035 - Epoch 15 [16.6s + 1.7s]: train==[9.89477=0.02779 + 0.02362 + 0.08845 + 9.75491], test-recall=[0.1606, 0.2291], test-ndcg=[0.0954, 0.1133]
2025-12-15 21:21:16,591 - Epoch 16 [18.0s + 1.5s]: train==[9.88977=0.02689 + 0.02374 + 0.08579 + 9.75336], test-recall=[0.1600, 0.2289], test-ndcg=[0.0953, 0.1132]
2025-12-15 21:21:35,991 - Epoch 17 [17.8s + 1.6s]: train==[9.88627=0.02667 + 0.02388 + 0.08332 + 9.75240], test-recall=[0.1610, 0.2295], test-ndcg=[0.0957, 0.1135]
2025-12-15 21:21:53,501 - Epoch 18 [16.4s + 1.1s]: train==[9.88243=0.02586 + 0.02404 + 0.08102 + 9.75151], test-recall=[0.1613, 0.2321], test-ndcg=[0.0959, 0.1142]
2025-12-15 21:22:10,062 - Epoch 19 [15.3s + 1.2s]: train==[9.88047=0.02638 + 0.02416 + 0.07889 + 9.75104], test-recall=[0.1629, 0.2315], test-ndcg=[0.0966, 0.1144]
2025-12-15 21:22:26,500 - Epoch 20 [15.3s + 1.2s]: train==[9.87747=0.02545 + 0.02422 + 0.07690 + 9.75090], test-recall=[0.1619, 0.2312], test-ndcg=[0.0961, 0.1141]
2025-12-15 21:22:45,275 - Epoch 21 [17.2s + 1.6s]: train==[9.87486=0.02564 + 0.02438 + 0.07505 + 9.74978], test-recall=[0.1627, 0.2326], test-ndcg=[0.0968, 0.1149]
2025-12-15 21:23:03,197 - Epoch 22 [16.8s + 1.1s]: train==[9.87199=0.02510 + 0.02443 + 0.07331 + 9.74915], test-recall=[0.1626, 0.2321], test-ndcg=[0.0965, 0.1146]
2025-12-15 21:23:20,362 - Epoch 23 [16.0s + 1.2s]: train==[9.86887=0.02532 + 0.02450 + 0.07168 + 9.74737], test-recall=[0.1628, 0.2324], test-ndcg=[0.0967, 0.1148]
2025-12-15 21:23:37,137 - Epoch 24 [15.4s + 1.4s]: train==[9.86888=0.02521 + 0.02462 + 0.07014 + 9.74890], test-recall=[0.1639, 0.2348], test-ndcg=[0.0975, 0.1159]
2025-12-15 21:23:54,722 - Epoch 25 [16.1s + 1.4s]: train==[9.86511=0.02437 + 0.02467 + 0.06870 + 9.74737], test-recall=[0.1625, 0.2339], test-ndcg=[0.0970, 0.1155]
2025-12-15 21:24:11,184 - Epoch 26 [15.3s + 1.2s]: train==[9.86394=0.02448 + 0.02477 + 0.06733 + 9.74735], test-recall=[0.1637, 0.2342], test-ndcg=[0.0975, 0.1158]
2025-12-15 21:24:28,495 - Epoch 27 [15.9s + 1.5s]: train==[9.86322=0.02452 + 0.02486 + 0.06605 + 9.74779], test-recall=[0.1632, 0.2336], test-ndcg=[0.0973, 0.1156]
2025-12-15 21:24:46,195 - Epoch 28 [16.1s + 1.6s]: train==[9.86024=0.02404 + 0.02492 + 0.06482 + 9.74647], test-recall=[0.1639, 0.2346], test-ndcg=[0.0978, 0.1162]
2025-12-15 21:25:04,459 - Epoch 29 [16.7s + 1.5s]: train==[9.85904=0.02371 + 0.02502 + 0.06366 + 9.74665], test-recall=[0.1649, 0.2347], test-ndcg=[0.0980, 0.1162]
2025-12-15 21:25:22,193 - Epoch 30 [16.3s + 1.5s]: train==[9.85822=0.02378 + 0.02507 + 0.06257 + 9.74680], test-recall=[0.1653, 0.2351], test-ndcg=[0.0980, 0.1161]
2025-12-15 21:25:40,022 - Epoch 31 [16.6s + 1.2s]: train==[9.85664=0.02351 + 0.02512 + 0.06152 + 9.74649], test-recall=[0.1654, 0.2356], test-ndcg=[0.0981, 0.1164]
2025-12-15 21:25:57,938 - Epoch 32 [16.5s + 1.5s]: train==[9.85556=0.02351 + 0.02521 + 0.06052 + 9.74632], test-recall=[0.1660, 0.2365], test-ndcg=[0.0983, 0.1166]
2025-12-15 21:26:14,715 - Epoch 33 [15.6s + 1.1s]: train==[9.85398=0.02368 + 0.02530 + 0.05957 + 9.74543], test-recall=[0.1671, 0.2366], test-ndcg=[0.0987, 0.1168]
2025-12-15 21:26:31,052 - Epoch 34 [15.2s + 1.1s]: train==[9.85237=0.02342 + 0.02535 + 0.05866 + 9.74494], test-recall=[0.1665, 0.2365], test-ndcg=[0.0986, 0.1168]
2025-12-15 21:26:47,334 - Epoch 35 [15.2s + 1.1s]: train==[9.85144=0.02344 + 0.02541 + 0.05779 + 9.74480], test-recall=[0.1667, 0.2369], test-ndcg=[0.0986, 0.1169]
2025-12-15 21:27:03,418 - Epoch 36 [15.0s + 1.1s]: train==[9.84991=0.02333 + 0.02547 + 0.05696 + 9.74415], test-recall=[0.1674, 0.2364], test-ndcg=[0.0990, 0.1170]
2025-12-15 21:27:20,041 - Epoch 37 [15.1s + 1.6s]: train==[9.84917=0.02269 + 0.02551 + 0.05616 + 9.74480], test-recall=[0.1675, 0.2383], test-ndcg=[0.0992, 0.1176]
2025-12-15 21:27:37,808 - Epoch 38 [16.3s + 1.5s]: train==[9.84894=0.02297 + 0.02560 + 0.05540 + 9.74497], test-recall=[0.1678, 0.2381], test-ndcg=[0.0995, 0.1178]
2025-12-15 21:27:55,136 - Epoch 39 [15.7s + 1.6s]: train==[9.84699=0.02235 + 0.02561 + 0.05467 + 9.74436], test-recall=[0.1669, 0.2390], test-ndcg=[0.0995, 0.1182]
2025-12-15 21:28:12,918 - Epoch 40 [16.3s + 1.5s]: train==[9.84623=0.02232 + 0.02566 + 0.05396 + 9.74429], test-recall=[0.1686, 0.2397], test-ndcg=[0.1000, 0.1184]
2025-12-15 21:28:30,480 - Epoch 41 [15.9s + 1.7s]: train==[9.84634=0.02234 + 0.02571 + 0.05328 + 9.74501], test-recall=[0.1685, 0.2389], test-ndcg=[0.1001, 0.1183]
2025-12-15 21:28:48,468 - Epoch 42 [16.8s + 1.2s]: train==[9.84441=0.02210 + 0.02572 + 0.05262 + 9.74397], test-recall=[0.1684, 0.2393], test-ndcg=[0.1000, 0.1185]
2025-12-15 21:29:06,632 - Epoch 43 [16.7s + 1.5s]: train==[9.84456=0.02257 + 0.02575 + 0.05198 + 9.74426], test-recall=[0.1681, 0.2389], test-ndcg=[0.1002, 0.1186]
2025-12-15 21:29:25,033 - Epoch 44 [16.8s + 1.6s]: train==[9.84390=0.02226 + 0.02582 + 0.05137 + 9.74445], test-recall=[0.1685, 0.2397], test-ndcg=[0.1001, 0.1187]
2025-12-15 21:29:43,795 - Epoch 45 [17.1s + 1.6s]: train==[9.84193=0.02217 + 0.02588 + 0.05078 + 9.74310], test-recall=[0.1683, 0.2390], test-ndcg=[0.1000, 0.1185]
2025-12-15 21:30:00,824 - Epoch 46 [15.9s + 1.1s]: train==[9.84317=0.02202 + 0.02589 + 0.05021 + 9.74505], test-recall=[0.1687, 0.2404], test-ndcg=[0.1000, 0.1186]
2025-12-15 21:30:18,655 - Epoch 47 [16.2s + 1.6s]: train==[9.84260=0.02263 + 0.02597 + 0.04967 + 9.74434], test-recall=[0.1677, 0.2403], test-ndcg=[0.0998, 0.1187]
2025-12-15 21:30:36,519 - Epoch 48 [16.4s + 1.5s]: train==[9.84069=0.02160 + 0.02603 + 0.04914 + 9.74393], test-recall=[0.1682, 0.2390], test-ndcg=[0.1000, 0.1185]
2025-12-15 21:30:55,143 - Epoch 49 [17.0s + 1.6s]: train==[9.84098=0.02213 + 0.02612 + 0.04863 + 9.74411], test-recall=[0.1688, 0.2398], test-ndcg=[0.1000, 0.1185]
2025-12-15 21:31:13,623 - Epoch 50 [17.0s + 1.5s]: train==[9.83924=0.02170 + 0.02609 + 0.04813 + 9.74331], test-recall=[0.1680, 0.2406], test-ndcg=[0.1000, 0.1188]
2025-12-15 21:31:31,421 - Epoch 51 [16.6s + 1.2s]: train==[9.83896=0.02204 + 0.02617 + 0.04765 + 9.74310], test-recall=[0.1695, 0.2396], test-ndcg=[0.1004, 0.1188]
2025-12-15 21:31:49,001 - Epoch 52 [16.5s + 1.1s]: train==[9.83760=0.02179 + 0.02619 + 0.04718 + 9.74244], test-recall=[0.1696, 0.2399], test-ndcg=[0.1009, 0.1193]
2025-12-15 21:32:05,252 - Epoch 53 [15.1s + 1.1s]: train==[9.83853=0.02194 + 0.02621 + 0.04672 + 9.74366], test-recall=[0.1692, 0.2408], test-ndcg=[0.1006, 0.1193]
2025-12-15 21:32:22,027 - Epoch 54 [15.6s + 1.2s]: train==[9.83728=0.02155 + 0.02628 + 0.04628 + 9.74318], test-recall=[0.1702, 0.2408], test-ndcg=[0.1009, 0.1192]
2025-12-15 21:32:39,672 - Epoch 55 [16.1s + 1.5s]: train==[9.83652=0.02195 + 0.02632 + 0.04585 + 9.74240], test-recall=[0.1711, 0.2426], test-ndcg=[0.1013, 0.1199]
2025-12-15 21:32:58,463 - Epoch 56 [17.3s + 1.5s]: train==[9.83603=0.02155 + 0.02636 + 0.04543 + 9.74268], test-recall=[0.1710, 0.2431], test-ndcg=[0.1016, 0.1203]
2025-12-15 21:33:15,201 - Epoch 57 [15.2s + 1.5s]: train==[9.83557=0.02178 + 0.02641 + 0.04503 + 9.74235], test-recall=[0.1701, 0.2425], test-ndcg=[0.1014, 0.1202]
2025-12-15 21:33:32,112 - Epoch 58 [15.3s + 1.6s]: train==[9.83569=0.02154 + 0.02643 + 0.04464 + 9.74308], test-recall=[0.1721, 0.2432], test-ndcg=[0.1021, 0.1207]
2025-12-15 21:33:49,580 - Epoch 59 [16.2s + 1.3s]: train==[9.83494=0.02129 + 0.02652 + 0.04425 + 9.74287], test-recall=[0.1722, 0.2442], test-ndcg=[0.1021, 0.1208]
2025-12-15 21:34:07,327 - Epoch 60 [16.6s + 1.2s]: train==[9.83434=0.02125 + 0.02655 + 0.04388 + 9.74266], test-recall=[0.1713, 0.2442], test-ndcg=[0.1020, 0.1209]
2025-12-15 21:34:24,951 - Epoch 61 [16.2s + 1.4s]: train==[9.83454=0.02153 + 0.02653 + 0.04352 + 9.74297], test-recall=[0.1711, 0.2449], test-ndcg=[0.1018, 0.1210]
2025-12-15 21:34:42,175 - Epoch 62 [16.0s + 1.2s]: train==[9.83336=0.02170 + 0.02656 + 0.04316 + 9.74194], test-recall=[0.1717, 0.2435], test-ndcg=[0.1019, 0.1206]
2025-12-15 21:34:59,404 - Epoch 63 [15.8s + 1.4s]: train==[9.83369=0.02109 + 0.02663 + 0.04282 + 9.74315], test-recall=[0.1716, 0.2447], test-ndcg=[0.1021, 0.1211]
2025-12-15 21:35:16,233 - Epoch 64 [15.3s + 1.5s]: train==[9.83180=0.02107 + 0.02670 + 0.04248 + 9.74155], test-recall=[0.1720, 0.2441], test-ndcg=[0.1023, 0.1209]
2025-12-15 21:35:34,055 - Epoch 65 [16.3s + 1.5s]: train==[9.83359=0.02138 + 0.02672 + 0.04215 + 9.74333], test-recall=[0.1718, 0.2438], test-ndcg=[0.1023, 0.1210]
2025-12-15 21:35:51,906 - Epoch 66 [16.3s + 1.5s]: train==[9.83218=0.02110 + 0.02676 + 0.04183 + 9.74248], test-recall=[0.1731, 0.2452], test-ndcg=[0.1027, 0.1215]
2025-12-15 21:36:11,325 - Epoch 67 [17.9s + 1.5s]: train==[9.83067=0.02059 + 0.02676 + 0.04152 + 9.74180], test-recall=[0.1718, 0.2461], test-ndcg=[0.1024, 0.1217]
2025-12-15 21:36:29,865 - Epoch 68 [17.4s + 1.2s]: train==[9.83134=0.02114 + 0.02681 + 0.04122 + 9.74218], test-recall=[0.1717, 0.2445], test-ndcg=[0.1020, 0.1209]
2025-12-15 21:36:46,537 - Epoch 69 [15.3s + 1.4s]: train==[9.83125=0.02101 + 0.02684 + 0.04092 + 9.74248], test-recall=[0.1713, 0.2444], test-ndcg=[0.1022, 0.1212]
2025-12-15 21:37:02,831 - Epoch 70 [15.1s + 1.2s]: train==[9.83039=0.02115 + 0.02683 + 0.04063 + 9.74178], test-recall=[0.1725, 0.2445], test-ndcg=[0.1027, 0.1214]
2025-12-15 21:37:19,495 - Epoch 71 [15.1s + 1.5s]: train==[9.83049=0.02068 + 0.02684 + 0.04035 + 9.74262], test-recall=[0.1728, 0.2450], test-ndcg=[0.1028, 0.1216]
2025-12-15 21:37:37,397 - Epoch 72 [16.4s + 1.5s]: train==[9.82969=0.02124 + 0.02690 + 0.04008 + 9.74148], test-recall=[0.1722, 0.2458], test-ndcg=[0.1025, 0.1216]
2025-12-15 21:37:55,196 - Epoch 73 [16.3s + 1.5s]: train==[9.82948=0.02098 + 0.02686 + 0.03980 + 9.74183], test-recall=[0.1726, 0.2457], test-ndcg=[0.1024, 0.1214]
2025-12-15 21:38:12,496 - Epoch 74 [16.0s + 1.3s]: train==[9.82948=0.02112 + 0.02695 + 0.03954 + 9.74187], test-recall=[0.1733, 0.2452], test-ndcg=[0.1025, 0.1212]
2025-12-15 21:38:29,249 - Epoch 75 [15.2s + 1.5s]: train==[9.82792=0.02038 + 0.02694 + 0.03928 + 9.74133], test-recall=[0.1730, 0.2458], test-ndcg=[0.1027, 0.1216]
2025-12-15 21:38:46,966 - Epoch 76 [16.2s + 1.6s]: train==[9.82872=0.02105 + 0.02698 + 0.03903 + 9.74166], test-recall=[0.1730, 0.2460], test-ndcg=[0.1027, 0.1217]
2025-12-15 21:39:03,395 - Epoch 77 [15.2s + 1.2s]: train==[9.82794=0.02082 + 0.02697 + 0.03878 + 9.74137], test-recall=[0.1727, 0.2462], test-ndcg=[0.1027, 0.1218]
2025-12-15 21:39:20,689 - Epoch 78 [16.1s + 1.2s]: train==[9.82686=0.02101 + 0.02697 + 0.03853 + 9.74034], test-recall=[0.1741, 0.2476], test-ndcg=[0.1031, 0.1222]
2025-12-15 21:39:37,443 - Epoch 79 [15.2s + 1.6s]: train==[9.82700=0.02075 + 0.02697 + 0.03830 + 9.74098], test-recall=[0.1739, 0.2477], test-ndcg=[0.1032, 0.1223]
2025-12-15 21:39:55,080 - Epoch 80 [16.1s + 1.6s]: train==[9.82747=0.02048 + 0.02706 + 0.03806 + 9.74187], test-recall=[0.1738, 0.2482], test-ndcg=[0.1032, 0.1225]
2025-12-15 21:40:12,958 - Epoch 81 [16.4s + 1.4s]: train==[9.82653=0.02060 + 0.02709 + 0.03783 + 9.74100], test-recall=[0.1733, 0.2478], test-ndcg=[0.1031, 0.1224]
2025-12-15 21:40:31,680 - Epoch 82 [17.2s + 1.5s]: train==[9.82699=0.02058 + 0.02711 + 0.03761 + 9.74169], test-recall=[0.1726, 0.2475], test-ndcg=[0.1027, 0.1221]
2025-12-15 21:40:48,834 - Epoch 83 [16.0s + 1.2s]: train==[9.82676=0.02055 + 0.02715 + 0.03739 + 9.74166], test-recall=[0.1743, 0.2471], test-ndcg=[0.1034, 0.1223]
2025-12-15 21:41:05,614 - Epoch 84 [15.3s + 1.5s]: train==[9.82673=0.02065 + 0.02715 + 0.03717 + 9.74175], test-recall=[0.1735, 0.2462], test-ndcg=[0.1032, 0.1220]
2025-12-15 21:41:23,570 - Epoch 85 [16.7s + 1.2s]: train==[9.82586=0.02036 + 0.02719 + 0.03696 + 9.74135], test-recall=[0.1734, 0.2462], test-ndcg=[0.1038, 0.1227]
2025-12-15 21:41:40,055 - Epoch 86 [15.3s + 1.2s]: train==[9.82608=0.02066 + 0.02717 + 0.03675 + 9.74150], test-recall=[0.1737, 0.2470], test-ndcg=[0.1038, 0.1228]
2025-12-15 21:41:56,434 - Epoch 87 [15.2s + 1.2s]: train==[9.82532=0.02092 + 0.02720 + 0.03655 + 9.74065], test-recall=[0.1741, 0.2477], test-ndcg=[0.1038, 0.1229]
2025-12-15 21:42:13,228 - Epoch 88 [15.2s + 1.6s]: train==[9.82542=0.02054 + 0.02721 + 0.03635 + 9.74133], test-recall=[0.1757, 0.2472], test-ndcg=[0.1042, 0.1228]
2025-12-15 21:42:31,046 - Epoch 89 [16.5s + 1.3s]: train==[9.82520=0.02025 + 0.02724 + 0.03616 + 9.74156], test-recall=[0.1752, 0.2477], test-ndcg=[0.1042, 0.1230]
2025-12-15 21:42:47,973 - Epoch 90 [15.4s + 1.6s]: train==[9.82462=0.02020 + 0.02724 + 0.03597 + 9.74122], test-recall=[0.1748, 0.2468], test-ndcg=[0.1039, 0.1227]
2025-12-15 21:43:04,732 - Epoch 91 [15.3s + 1.5s]: train==[9.82525=0.02067 + 0.02729 + 0.03577 + 9.74152], test-recall=[0.1751, 0.2464], test-ndcg=[0.1037, 0.1223]
2025-12-15 21:43:22,948 - Epoch 92 [16.7s + 1.5s]: train==[9.82459=0.02054 + 0.02729 + 0.03559 + 9.74116], test-recall=[0.1748, 0.2462], test-ndcg=[0.1038, 0.1225]
2025-12-15 21:43:41,197 - Epoch 93 [17.1s + 1.2s]: train==[9.82435=0.02067 + 0.02732 + 0.03541 + 9.74096], test-recall=[0.1741, 0.2469], test-ndcg=[0.1038, 0.1228]
2025-12-15 21:43:57,672 - Epoch 94 [15.3s + 1.2s]: train==[9.82474=0.02070 + 0.02735 + 0.03523 + 9.74147], test-recall=[0.1749, 0.2474], test-ndcg=[0.1036, 0.1226]
2025-12-15 21:44:14,593 - Epoch 95 [15.8s + 1.1s]: train==[9.82317=0.02009 + 0.02735 + 0.03505 + 9.74068], test-recall=[0.1744, 0.2480], test-ndcg=[0.1038, 0.1229]
2025-12-15 21:44:31,361 - Epoch 96 [15.2s + 1.6s]: train==[9.82317=0.02014 + 0.02743 + 0.03488 + 9.74072], test-recall=[0.1749, 0.2486], test-ndcg=[0.1040, 0.1231]
2025-12-15 21:44:49,533 - Epoch 97 [16.6s + 1.6s]: train==[9.82321=0.02044 + 0.02746 + 0.03471 + 9.74060], test-recall=[0.1742, 0.2472], test-ndcg=[0.1035, 0.1225]
2025-12-15 21:45:08,907 - Epoch 98 [18.1s + 1.2s]: train==[9.82246=0.02020 + 0.02744 + 0.03454 + 9.74029], test-recall=[0.1750, 0.2474], test-ndcg=[0.1040, 0.1229]
2025-12-15 21:45:26,511 - Epoch 99 [16.1s + 1.5s]: train==[9.82225=0.02024 + 0.02747 + 0.03438 + 9.74017], test-recall=[0.1744, 0.2484], test-ndcg=[0.1036, 0.1229]
2025-12-15 21:45:28,092 - Final Test Set Result: test-recall=[0.1744, 0.2484], test-ndcg=[0.1036, 0.1229]
