2025-12-15 21:45:32,011 - n_users=50821, n_items=57440	n_interactions=1302695	n_train=1172425, n_test=130270, sparsity=0.00040
2025-12-15 21:45:32,011 - Namespace(Ks='[20, 40]', batch_size=10240, cen_reg=0.005, data_path='data/', dataset='gowalla', emb_reg=2.5e-05, embed_size=32, epoch=100, lr=0.001, n_batch=40, n_intents=64, n_layers=2, output='gowalla_64_', sample_num=40, save_model=False, seed=2022, show_step=1, ssl_reg=0.1, temp=1, train_num=10000, verbose=1)
2025-12-15 21:45:59,903 - Epoch  0 [18.0s + 1.5s]: train==[10.96296=0.36355 + 0.00494 + 0.36523 + 10.22925], test-recall=[0.1266, 0.1829], test-ndcg=[0.0737, 0.0883]
2025-12-15 21:46:18,246 - Epoch  1 [17.0s + 1.3s]: train==[10.25315=0.06329 + 0.01532 + 0.28190 + 9.89263], test-recall=[0.1368, 0.2000], test-ndcg=[0.0800, 0.0964]
2025-12-15 21:46:34,763 - Epoch  2 [15.4s + 1.1s]: train==[10.11994=0.04643 + 0.01842 + 0.26048 + 9.79461], test-recall=[0.1446, 0.2097], test-ndcg=[0.0848, 0.1017]
2025-12-15 21:46:51,431 - Epoch  3 [15.2s + 1.5s]: train==[10.08211=0.04213 + 0.01920 + 0.24263 + 9.77814], test-recall=[0.1502, 0.2156], test-ndcg=[0.0884, 0.1054]
2025-12-15 21:47:10,310 - Epoch  4 [17.4s + 1.5s]: train==[10.05381=0.03795 + 0.01987 + 0.22667 + 9.76932], test-recall=[0.1539, 0.2193], test-ndcg=[0.0907, 0.1077]
2025-12-15 21:47:29,748 - Epoch  5 [18.3s + 1.1s]: train==[10.03375=0.03538 + 0.02051 + 0.21279 + 9.76508], test-recall=[0.1561, 0.2242], test-ndcg=[0.0923, 0.1099]
2025-12-15 21:47:47,364 - Epoch  6 [16.1s + 1.5s]: train==[10.01704=0.03383 + 0.02111 + 0.20060 + 9.76150], test-recall=[0.1584, 0.2256], test-ndcg=[0.0935, 0.1110]
2025-12-15 21:48:03,828 - Epoch  7 [15.2s + 1.2s]: train==[10.00156=0.03216 + 0.02163 + 0.18994 + 9.75782], test-recall=[0.1596, 0.2278], test-ndcg=[0.0945, 0.1122]
2025-12-15 21:48:21,840 - Epoch  8 [16.4s + 1.6s]: train==[9.98929=0.03040 + 0.02209 + 0.18063 + 9.75617], test-recall=[0.1614, 0.2291], test-ndcg=[0.0956, 0.1132]
2025-12-15 21:48:38,856 - Epoch  9 [15.5s + 1.5s]: train==[9.97886=0.02999 + 0.02254 + 0.17237 + 9.75396], test-recall=[0.1623, 0.2300], test-ndcg=[0.0960, 0.1136]
2025-12-15 21:48:56,285 - Epoch 10 [15.9s + 1.5s]: train==[9.96950=0.02900 + 0.02285 + 0.16504 + 9.75261], test-recall=[0.1629, 0.2304], test-ndcg=[0.0964, 0.1140]
2025-12-15 21:49:13,468 - Epoch 11 [15.5s + 1.7s]: train==[9.96072=0.02805 + 0.02319 + 0.15848 + 9.75101], test-recall=[0.1640, 0.2318], test-ndcg=[0.0970, 0.1147]
2025-12-15 21:49:30,319 - Epoch 12 [15.6s + 1.2s]: train==[9.95403=0.02811 + 0.02349 + 0.15256 + 9.74987], test-recall=[0.1641, 0.2333], test-ndcg=[0.0974, 0.1154]
2025-12-15 21:49:46,944 - Epoch 13 [15.4s + 1.2s]: train==[9.94593=0.02664 + 0.02375 + 0.14717 + 9.74837], test-recall=[0.1647, 0.2347], test-ndcg=[0.0977, 0.1159]
2025-12-15 21:50:03,552 - Epoch 14 [15.5s + 1.1s]: train==[9.94101=0.02628 + 0.02403 + 0.14223 + 9.74847], test-recall=[0.1653, 0.2354], test-ndcg=[0.0982, 0.1164]
2025-12-15 21:50:20,069 - Epoch 15 [15.4s + 1.1s]: train==[9.93605=0.02609 + 0.02427 + 0.13771 + 9.74799], test-recall=[0.1668, 0.2359], test-ndcg=[0.0987, 0.1167]
2025-12-15 21:50:37,875 - Epoch 16 [16.2s + 1.6s]: train==[9.93018=0.02514 + 0.02448 + 0.13356 + 9.74700], test-recall=[0.1669, 0.2364], test-ndcg=[0.0988, 0.1169]
2025-12-15 21:50:55,560 - Epoch 17 [16.2s + 1.5s]: train==[9.92559=0.02488 + 0.02471 + 0.12975 + 9.74625], test-recall=[0.1681, 0.2377], test-ndcg=[0.0993, 0.1173]
2025-12-15 21:51:13,522 - Epoch 18 [16.8s + 1.1s]: train==[9.92084=0.02408 + 0.02493 + 0.12623 + 9.74561], test-recall=[0.1688, 0.2384], test-ndcg=[0.0997, 0.1178]
2025-12-15 21:51:30,341 - Epoch 19 [15.3s + 1.5s]: train==[9.91791=0.02446 + 0.02510 + 0.12296 + 9.74539], test-recall=[0.1689, 0.2388], test-ndcg=[0.0999, 0.1180]
2025-12-15 21:51:48,882 - Epoch 20 [17.2s + 1.3s]: train==[9.91400=0.02365 + 0.02522 + 0.11992 + 9.74521], test-recall=[0.1691, 0.2393], test-ndcg=[0.1001, 0.1183]
2025-12-15 21:52:05,675 - Epoch 21 [15.3s + 1.5s]: train==[9.91062=0.02353 + 0.02543 + 0.11709 + 9.74457], test-recall=[0.1692, 0.2399], test-ndcg=[0.1006, 0.1189]
2025-12-15 21:52:22,869 - Epoch 22 [15.6s + 1.6s]: train==[9.90700=0.02307 + 0.02555 + 0.11444 + 9.74394], test-recall=[0.1703, 0.2403], test-ndcg=[0.1008, 0.1190]
2025-12-15 21:52:41,088 - Epoch 23 [17.1s + 1.1s]: train==[9.90317=0.02321 + 0.02567 + 0.11196 + 9.74234], test-recall=[0.1706, 0.2409], test-ndcg=[0.1013, 0.1196]
2025-12-15 21:52:57,931 - Epoch 24 [15.3s + 1.6s]: train==[9.90246=0.02323 + 0.02582 + 0.10962 + 9.74379], test-recall=[0.1710, 0.2414], test-ndcg=[0.1016, 0.1198]
2025-12-15 21:53:17,604 - Epoch 25 [18.2s + 1.4s]: train==[9.89818=0.02237 + 0.02589 + 0.10741 + 9.74251], test-recall=[0.1701, 0.2419], test-ndcg=[0.1011, 0.1197]
2025-12-15 21:53:35,781 - Epoch 26 [16.7s + 1.5s]: train==[9.89638=0.02244 + 0.02605 + 0.10534 + 9.74255], test-recall=[0.1705, 0.2426], test-ndcg=[0.1015, 0.1202]
2025-12-15 21:53:54,524 - Epoch 27 [17.5s + 1.2s]: train==[9.89545=0.02259 + 0.02619 + 0.10337 + 9.74331], test-recall=[0.1713, 0.2433], test-ndcg=[0.1018, 0.1205]
2025-12-15 21:54:12,600 - Epoch 28 [16.6s + 1.5s]: train==[9.89190=0.02228 + 0.02629 + 0.10151 + 9.74182], test-recall=[0.1718, 0.2431], test-ndcg=[0.1020, 0.1206]
2025-12-15 21:54:31,558 - Epoch 29 [17.8s + 1.2s]: train==[9.89005=0.02180 + 0.02639 + 0.09974 + 9.74213], test-recall=[0.1720, 0.2431], test-ndcg=[0.1023, 0.1208]
2025-12-15 21:54:49,017 - Epoch 30 [16.3s + 1.1s]: train==[9.88884=0.02161 + 0.02650 + 0.09806 + 9.74267], test-recall=[0.1723, 0.2441], test-ndcg=[0.1022, 0.1209]
2025-12-15 21:55:06,144 - Epoch 31 [16.0s + 1.1s]: train==[9.88651=0.02151 + 0.02660 + 0.09646 + 9.74194], test-recall=[0.1727, 0.2452], test-ndcg=[0.1024, 0.1212]
2025-12-15 21:55:22,807 - Epoch 32 [15.1s + 1.6s]: train==[9.88528=0.02150 + 0.02670 + 0.09493 + 9.74214], test-recall=[0.1735, 0.2461], test-ndcg=[0.1026, 0.1214]
2025-12-15 21:55:40,359 - Epoch 33 [16.1s + 1.5s]: train==[9.88301=0.02156 + 0.02682 + 0.09348 + 9.74115], test-recall=[0.1738, 0.2465], test-ndcg=[0.1028, 0.1218]
2025-12-15 21:55:59,071 - Epoch 34 [17.1s + 1.6s]: train==[9.88127=0.02141 + 0.02691 + 0.09209 + 9.74086], test-recall=[0.1735, 0.2459], test-ndcg=[0.1030, 0.1218]
2025-12-15 21:56:17,915 - Epoch 35 [17.3s + 1.5s]: train==[9.87978=0.02132 + 0.02699 + 0.09076 + 9.74071], test-recall=[0.1742, 0.2451], test-ndcg=[0.1032, 0.1217]
2025-12-15 21:56:34,582 - Epoch 36 [15.5s + 1.1s]: train==[9.87796=0.02142 + 0.02706 + 0.08948 + 9.74001], test-recall=[0.1746, 0.2461], test-ndcg=[0.1034, 0.1221]
2025-12-15 21:56:51,656 - Epoch 37 [15.5s + 1.6s]: train==[9.87720=0.02070 + 0.02712 + 0.08826 + 9.74111], test-recall=[0.1743, 0.2472], test-ndcg=[0.1035, 0.1225]
2025-12-15 21:57:07,820 - Epoch 38 [15.1s + 1.1s]: train==[9.87631=0.02096 + 0.02725 + 0.08710 + 9.74100], test-recall=[0.1745, 0.2465], test-ndcg=[0.1038, 0.1225]
2025-12-15 21:57:23,978 - Epoch 39 [15.1s + 1.1s]: train==[9.87402=0.02031 + 0.02731 + 0.08597 + 9.74043], test-recall=[0.1745, 0.2469], test-ndcg=[0.1039, 0.1227]
2025-12-15 21:57:40,087 - Epoch 40 [15.0s + 1.1s]: train==[9.87290=0.02028 + 0.02735 + 0.08488 + 9.74039], test-recall=[0.1750, 0.2471], test-ndcg=[0.1041, 0.1229]
2025-12-15 21:57:56,448 - Epoch 41 [14.9s + 1.5s]: train==[9.87267=0.02011 + 0.02743 + 0.08384 + 9.74129], test-recall=[0.1753, 0.2463], test-ndcg=[0.1041, 0.1226]
2025-12-15 21:58:12,708 - Epoch 42 [15.1s + 1.1s]: train==[9.87077=0.02017 + 0.02747 + 0.08283 + 9.74031], test-recall=[0.1751, 0.2466], test-ndcg=[0.1041, 0.1228]
2025-12-15 21:58:29,187 - Epoch 43 [15.4s + 1.1s]: train==[9.87068=0.02063 + 0.02749 + 0.08185 + 9.74072], test-recall=[0.1748, 0.2476], test-ndcg=[0.1044, 0.1233]
2025-12-15 21:58:45,960 - Epoch 44 [15.3s + 1.5s]: train==[9.86951=0.02023 + 0.02756 + 0.08092 + 9.74081], test-recall=[0.1744, 0.2477], test-ndcg=[0.1043, 0.1234]
2025-12-15 21:59:04,907 - Epoch 45 [17.4s + 1.6s]: train==[9.86720=0.02002 + 0.02765 + 0.08001 + 9.73952], test-recall=[0.1760, 0.2480], test-ndcg=[0.1047, 0.1235]
2025-12-15 21:59:23,764 - Epoch 46 [17.7s + 1.1s]: train==[9.86828=0.02014 + 0.02766 + 0.07914 + 9.74135], test-recall=[0.1755, 0.2503], test-ndcg=[0.1044, 0.1238]
2025-12-15 21:59:40,168 - Epoch 47 [15.2s + 1.2s]: train==[9.86755=0.02047 + 0.02776 + 0.07829 + 9.74103], test-recall=[0.1759, 0.2499], test-ndcg=[0.1045, 0.1238]
2025-12-15 21:59:57,046 - Epoch 48 [15.3s + 1.6s]: train==[9.86558=0.01962 + 0.02787 + 0.07748 + 9.74061], test-recall=[0.1752, 0.2506], test-ndcg=[0.1043, 0.1238]
2025-12-15 22:00:15,104 - Epoch 49 [16.5s + 1.6s]: train==[9.86535=0.02008 + 0.02795 + 0.07669 + 9.74064], test-recall=[0.1757, 0.2495], test-ndcg=[0.1043, 0.1235]
2025-12-15 22:00:34,729 - Epoch 50 [18.1s + 1.5s]: train==[9.86376=0.01977 + 0.02792 + 0.07592 + 9.74014], test-recall=[0.1761, 0.2502], test-ndcg=[0.1046, 0.1238]
2025-12-15 22:00:52,402 - Epoch 51 [16.1s + 1.5s]: train==[9.86326=0.02004 + 0.02803 + 0.07517 + 9.74001], test-recall=[0.1759, 0.2497], test-ndcg=[0.1047, 0.1238]
2025-12-15 22:01:10,680 - Epoch 52 [17.0s + 1.3s]: train==[9.86170=0.01986 + 0.02808 + 0.07445 + 9.73931], test-recall=[0.1771, 0.2515], test-ndcg=[0.1054, 0.1247]
2025-12-15 22:01:27,139 - Epoch 53 [15.2s + 1.2s]: train==[9.86237=0.02001 + 0.02811 + 0.07374 + 9.74050], test-recall=[0.1757, 0.2511], test-ndcg=[0.1046, 0.1242]
2025-12-15 22:01:44,009 - Epoch 54 [15.4s + 1.5s]: train==[9.86089=0.01954 + 0.02821 + 0.07306 + 9.74008], test-recall=[0.1779, 0.2506], test-ndcg=[0.1056, 0.1246]
2025-12-15 22:02:01,405 - Epoch 55 [16.2s + 1.2s]: train==[9.85998=0.01988 + 0.02825 + 0.07239 + 9.73945], test-recall=[0.1780, 0.2511], test-ndcg=[0.1060, 0.1251]
2025-12-15 22:02:18,022 - Epoch 56 [15.5s + 1.2s]: train==[9.85923=0.01942 + 0.02830 + 0.07175 + 9.73977], test-recall=[0.1790, 0.2518], test-ndcg=[0.1062, 0.1252]
2025-12-15 22:02:34,718 - Epoch 57 [15.2s + 1.5s]: train==[9.85898=0.01974 + 0.02838 + 0.07112 + 9.73973], test-recall=[0.1789, 0.2526], test-ndcg=[0.1059, 0.1252]
2025-12-15 22:02:52,957 - Epoch 58 [17.1s + 1.1s]: train==[9.85914=0.01950 + 0.02845 + 0.07052 + 9.74068], test-recall=[0.1788, 0.2524], test-ndcg=[0.1063, 0.1255]
2025-12-15 22:03:09,517 - Epoch 59 [15.5s + 1.1s]: train==[9.85777=0.01945 + 0.02852 + 0.06993 + 9.73987], test-recall=[0.1786, 0.2522], test-ndcg=[0.1060, 0.1251]
2025-12-15 22:03:28,333 - Epoch 60 [17.3s + 1.5s]: train==[9.85741=0.01940 + 0.02854 + 0.06935 + 9.74012], test-recall=[0.1786, 0.2522], test-ndcg=[0.1060, 0.1252]
2025-12-15 22:03:46,933 - Epoch 61 [17.1s + 1.5s]: train==[9.85711=0.01939 + 0.02854 + 0.06878 + 9.74039], test-recall=[0.1777, 0.2517], test-ndcg=[0.1058, 0.1251]
2025-12-15 22:04:05,014 - Epoch 62 [16.5s + 1.6s]: train==[9.85555=0.01955 + 0.02857 + 0.06823 + 9.73919], test-recall=[0.1782, 0.2519], test-ndcg=[0.1058, 0.1250]
2025-12-15 22:04:23,009 - Epoch 63 [16.4s + 1.6s]: train==[9.85624=0.01916 + 0.02865 + 0.06769 + 9.74073], test-recall=[0.1787, 0.2523], test-ndcg=[0.1065, 0.1256]
2025-12-15 22:04:40,268 - Epoch 64 [15.7s + 1.5s]: train==[9.85391=0.01915 + 0.02872 + 0.06717 + 9.73886], test-recall=[0.1796, 0.2521], test-ndcg=[0.1068, 0.1256]
2025-12-15 22:04:57,370 - Epoch 65 [15.7s + 1.4s]: train==[9.85567=0.01927 + 0.02875 + 0.06666 + 9.74099], test-recall=[0.1788, 0.2528], test-ndcg=[0.1065, 0.1258]
2025-12-15 22:05:15,958 - Epoch 66 [17.0s + 1.6s]: train==[9.85424=0.01925 + 0.02881 + 0.06616 + 9.74003], test-recall=[0.1783, 0.2537], test-ndcg=[0.1064, 0.1260]
2025-12-15 22:05:33,475 - Epoch 67 [16.3s + 1.3s]: train==[9.85264=0.01851 + 0.02881 + 0.06567 + 9.73965], test-recall=[0.1791, 0.2541], test-ndcg=[0.1063, 0.1258]
2025-12-15 22:05:51,442 - Epoch 68 [16.8s + 1.1s]: train==[9.85296=0.01918 + 0.02887 + 0.06520 + 9.73971], test-recall=[0.1793, 0.2526], test-ndcg=[0.1063, 0.1254]
2025-12-15 22:06:09,730 - Epoch 69 [16.8s + 1.5s]: train==[9.85268=0.01891 + 0.02889 + 0.06473 + 9.74015], test-recall=[0.1800, 0.2522], test-ndcg=[0.1068, 0.1256]
2025-12-15 22:06:26,727 - Epoch 70 [15.5s + 1.5s]: train==[9.85205=0.01916 + 0.02889 + 0.06428 + 9.73973], test-recall=[0.1799, 0.2527], test-ndcg=[0.1071, 0.1260]
2025-12-15 22:06:43,456 - Epoch 71 [15.6s + 1.2s]: train==[9.85188=0.01874 + 0.02891 + 0.06383 + 9.74040], test-recall=[0.1789, 0.2531], test-ndcg=[0.1066, 0.1259]
2025-12-15 22:07:00,099 - Epoch 72 [15.5s + 1.2s]: train==[9.85125=0.01926 + 0.02898 + 0.06340 + 9.73961], test-recall=[0.1785, 0.2533], test-ndcg=[0.1065, 0.1259]
2025-12-15 22:07:17,115 - Epoch 73 [15.5s + 1.5s]: train==[9.85073=0.01894 + 0.02898 + 0.06298 + 9.73984], test-recall=[0.1797, 0.2536], test-ndcg=[0.1066, 0.1258]
2025-12-15 22:07:35,448 - Epoch 74 [17.2s + 1.2s]: train==[9.85059=0.01909 + 0.02906 + 0.06257 + 9.73988], test-recall=[0.1797, 0.2549], test-ndcg=[0.1067, 0.1262]
2025-12-15 22:07:51,887 - Epoch 75 [15.3s + 1.1s]: train==[9.84918=0.01845 + 0.02906 + 0.06216 + 9.73951], test-recall=[0.1799, 0.2545], test-ndcg=[0.1067, 0.1261]
2025-12-15 22:08:08,981 - Epoch 76 [15.6s + 1.5s]: train==[9.84991=0.01915 + 0.02907 + 0.06176 + 9.73993], test-recall=[0.1798, 0.2541], test-ndcg=[0.1068, 0.1262]
2025-12-15 22:08:27,511 - Epoch 77 [17.4s + 1.1s]: train==[9.84911=0.01908 + 0.02910 + 0.06137 + 9.73956], test-recall=[0.1797, 0.2541], test-ndcg=[0.1071, 0.1265]
2025-12-15 22:08:43,998 - Epoch 78 [15.4s + 1.1s]: train==[9.84802=0.01918 + 0.02910 + 0.06099 + 9.73875], test-recall=[0.1796, 0.2548], test-ndcg=[0.1069, 0.1265]
2025-12-15 22:09:00,962 - Epoch 79 [15.8s + 1.2s]: train==[9.84813=0.01887 + 0.02911 + 0.06062 + 9.73953], test-recall=[0.1800, 0.2545], test-ndcg=[0.1073, 0.1267]
2025-12-15 22:09:17,312 - Epoch 80 [15.2s + 1.1s]: train==[9.84844=0.01862 + 0.02921 + 0.06025 + 9.74036], test-recall=[0.1800, 0.2551], test-ndcg=[0.1073, 0.1268]
2025-12-15 22:09:33,886 - Epoch 81 [15.5s + 1.1s]: train==[9.84713=0.01871 + 0.02923 + 0.05989 + 9.73930], test-recall=[0.1802, 0.2548], test-ndcg=[0.1073, 0.1267]
2025-12-15 22:09:50,520 - Epoch 82 [15.5s + 1.1s]: train==[9.84779=0.01855 + 0.02926 + 0.05954 + 9.74043], test-recall=[0.1804, 0.2557], test-ndcg=[0.1073, 0.1269]
2025-12-15 22:10:07,273 - Epoch 83 [15.6s + 1.2s]: train==[9.84731=0.01851 + 0.02935 + 0.05920 + 9.74026], test-recall=[0.1802, 0.2544], test-ndcg=[0.1071, 0.1265]
2025-12-15 22:10:24,193 - Epoch 84 [15.4s + 1.5s]: train==[9.84736=0.01867 + 0.02936 + 0.05886 + 9.74048], test-recall=[0.1803, 0.2539], test-ndcg=[0.1074, 0.1266]
2025-12-15 22:10:40,922 - Epoch 85 [15.6s + 1.1s]: train==[9.84640=0.01845 + 0.02941 + 0.05852 + 9.74002], test-recall=[0.1803, 0.2534], test-ndcg=[0.1080, 0.1270]
2025-12-15 22:10:58,028 - Epoch 86 [15.6s + 1.5s]: train==[9.84667=0.01879 + 0.02939 + 0.05820 + 9.74029], test-recall=[0.1800, 0.2541], test-ndcg=[0.1077, 0.1270]
2025-12-15 22:11:14,860 - Epoch 87 [15.7s + 1.2s]: train==[9.84581=0.01897 + 0.02943 + 0.05788 + 9.73953], test-recall=[0.1801, 0.2547], test-ndcg=[0.1078, 0.1272]
2025-12-15 22:11:31,603 - Epoch 88 [15.2s + 1.5s]: train==[9.84555=0.01859 + 0.02944 + 0.05757 + 9.73995], test-recall=[0.1809, 0.2550], test-ndcg=[0.1080, 0.1273]
2025-12-15 22:11:50,177 - Epoch 89 [17.0s + 1.6s]: train==[9.84568=0.01848 + 0.02944 + 0.05726 + 9.74050], test-recall=[0.1810, 0.2561], test-ndcg=[0.1080, 0.1275]
2025-12-15 22:12:09,326 - Epoch 90 [17.7s + 1.5s]: train==[9.84507=0.01839 + 0.02945 + 0.05695 + 9.74028], test-recall=[0.1810, 0.2553], test-ndcg=[0.1076, 0.1269]
2025-12-15 22:12:26,496 - Epoch 91 [15.6s + 1.5s]: train==[9.84536=0.01852 + 0.02953 + 0.05666 + 9.74066], test-recall=[0.1813, 0.2550], test-ndcg=[0.1077, 0.1268]
2025-12-15 22:12:44,401 - Epoch 92 [16.8s + 1.1s]: train==[9.84504=0.01877 + 0.02954 + 0.05636 + 9.74036], test-recall=[0.1805, 0.2549], test-ndcg=[0.1076, 0.1270]
2025-12-15 22:13:01,239 - Epoch 93 [15.4s + 1.5s]: train==[9.84445=0.01864 + 0.02959 + 0.05608 + 9.74013], test-recall=[0.1802, 0.2552], test-ndcg=[0.1076, 0.1272]
2025-12-15 22:13:19,940 - Epoch 94 [17.2s + 1.5s]: train==[9.84501=0.01860 + 0.02963 + 0.05580 + 9.74098], test-recall=[0.1814, 0.2550], test-ndcg=[0.1080, 0.1272]
2025-12-15 22:13:38,519 - Epoch 95 [17.1s + 1.5s]: train==[9.84316=0.01806 + 0.02966 + 0.05552 + 9.73992], test-recall=[0.1805, 0.2547], test-ndcg=[0.1077, 0.1270]
2025-12-15 22:13:55,398 - Epoch 96 [15.8s + 1.1s]: train==[9.84315=0.01809 + 0.02974 + 0.05525 + 9.74007], test-recall=[0.1823, 0.2550], test-ndcg=[0.1079, 0.1270]
2025-12-15 22:14:12,092 - Epoch 97 [15.5s + 1.2s]: train==[9.84320=0.01866 + 0.02974 + 0.05498 + 9.73982], test-recall=[0.1796, 0.2540], test-ndcg=[0.1072, 0.1267]
2025-12-15 22:14:29,940 - Epoch 98 [16.3s + 1.5s]: train==[9.84247=0.01825 + 0.02975 + 0.05472 + 9.73975], test-recall=[0.1801, 0.2538], test-ndcg=[0.1075, 0.1267]
2025-12-15 22:14:47,554 - Epoch 99 [16.1s + 1.5s]: train==[9.84210=0.01824 + 0.02977 + 0.05446 + 9.73964], test-recall=[0.1799, 0.2538], test-ndcg=[0.1075, 0.1267]
2025-12-15 22:14:49,062 - Final Test Set Result: test-recall=[0.1799, 0.2538], test-ndcg=[0.1075, 0.1267]
