2025-12-15 22:43:13,839 - n_users=50821, n_items=57440	n_interactions=1302695	n_train=1172425, n_test=130270, sparsity=0.00040
2025-12-15 22:43:13,839 - Namespace(Ks='[20, 40]', batch_size=10240, cen_reg=0.005, data_path='data/', dataset='gowalla', emb_reg=2.5e-05, embed_size=32, epoch=100, lr=0.001, n_batch=40, n_intents=256, n_layers=2, output='gowalla_256_', sample_num=40, save_model=False, seed=2022, show_step=1, ssl_reg=0.1, temp=1, train_num=10000, verbose=1)
2025-12-15 22:43:38,095 - Epoch  0 [16.7s + 1.1s]: train==[10.91607=0.40625 + 0.00400 + 0.49883 + 10.00699], test-recall=[0.1236, 0.1795], test-ndcg=[0.0719, 0.0864]
2025-12-15 22:43:54,768 - Epoch  1 [15.0s + 1.6s]: train==[10.33177=0.07403 + 0.01294 + 0.46320 + 9.78160], test-recall=[0.1350, 0.1959], test-ndcg=[0.0790, 0.0948]
2025-12-15 22:44:11,669 - Epoch  2 [15.8s + 1.1s]: train==[10.27478=0.05022 + 0.01601 + 0.44717 + 9.76138], test-recall=[0.1415, 0.2061], test-ndcg=[0.0832, 0.1000]
2025-12-15 22:44:28,026 - Epoch  3 [14.9s + 1.4s]: train==[10.24626=0.04420 + 0.01734 + 0.42944 + 9.75527], test-recall=[0.1471, 0.2129], test-ndcg=[0.0864, 0.1035]
2025-12-15 22:44:44,766 - Epoch  4 [15.6s + 1.1s]: train==[10.22072=0.03913 + 0.01850 + 0.41148 + 9.75161], test-recall=[0.1507, 0.2179], test-ndcg=[0.0887, 0.1061]
2025-12-15 22:45:03,232 - Epoch  5 [17.0s + 1.5s]: train==[10.20038=0.03568 + 0.01955 + 0.39409 + 9.75105], test-recall=[0.1544, 0.2222], test-ndcg=[0.0907, 0.1082]
2025-12-15 22:45:20,045 - Epoch  6 [15.4s + 1.5s]: train==[10.18172=0.03377 + 0.02054 + 0.37767 + 9.74974], test-recall=[0.1573, 0.2249], test-ndcg=[0.0925, 0.1100]
2025-12-15 22:45:36,480 - Epoch  7 [14.7s + 1.7s]: train==[10.16285=0.03159 + 0.02140 + 0.36233 + 9.74753], test-recall=[0.1593, 0.2270], test-ndcg=[0.0938, 0.1114]
2025-12-15 22:45:52,475 - Epoch  8 [14.8s + 1.2s]: train==[10.14767=0.02974 + 0.02213 + 0.34808 + 9.74772], test-recall=[0.1614, 0.2289], test-ndcg=[0.0950, 0.1125]
2025-12-15 22:46:09,110 - Epoch  9 [15.1s + 1.6s]: train==[10.13324=0.02916 + 0.02287 + 0.33486 + 9.74635], test-recall=[0.1618, 0.2302], test-ndcg=[0.0956, 0.1133]
2025-12-15 22:46:26,561 - Epoch 10 [16.3s + 1.2s]: train==[10.12052=0.02815 + 0.02344 + 0.32258 + 9.74635], test-recall=[0.1630, 0.2311], test-ndcg=[0.0961, 0.1138]
2025-12-15 22:46:43,012 - Epoch 11 [15.1s + 1.4s]: train==[10.10807=0.02681 + 0.02403 + 0.31123 + 9.74599], test-recall=[0.1645, 0.2329], test-ndcg=[0.0967, 0.1145]
2025-12-15 22:46:59,316 - Epoch 12 [15.1s + 1.2s]: train==[10.09785=0.02675 + 0.02459 + 0.30073 + 9.74579], test-recall=[0.1656, 0.2332], test-ndcg=[0.0975, 0.1151]
2025-12-15 22:47:16,385 - Epoch 13 [16.0s + 1.1s]: train==[10.08659=0.02525 + 0.02510 + 0.29099 + 9.74525], test-recall=[0.1663, 0.2347], test-ndcg=[0.0982, 0.1160]
2025-12-15 22:47:32,546 - Epoch 14 [15.0s + 1.2s]: train==[10.07788=0.02467 + 0.02560 + 0.28194 + 9.74566], test-recall=[0.1668, 0.2370], test-ndcg=[0.0986, 0.1168]
2025-12-15 22:47:49,968 - Epoch 15 [15.9s + 1.5s]: train==[10.07019=0.02455 + 0.02603 + 0.27349 + 9.74612], test-recall=[0.1675, 0.2378], test-ndcg=[0.0991, 0.1173]
2025-12-15 22:48:07,685 - Epoch 16 [16.6s + 1.1s]: train==[10.06185=0.02380 + 0.02643 + 0.26561 + 9.74602], test-recall=[0.1690, 0.2381], test-ndcg=[0.0997, 0.1177]
2025-12-15 22:48:23,773 - Epoch 17 [15.0s + 1.1s]: train==[10.05395=0.02293 + 0.02686 + 0.25826 + 9.74590], test-recall=[0.1688, 0.2384], test-ndcg=[0.0998, 0.1179]
2025-12-15 22:48:40,243 - Epoch 18 [14.9s + 1.6s]: train==[10.04672=0.02232 + 0.02728 + 0.25138 + 9.74574], test-recall=[0.1702, 0.2406], test-ndcg=[0.1005, 0.1188]
2025-12-15 22:48:58,757 - Epoch 19 [17.0s + 1.5s]: train==[10.04149=0.02266 + 0.02764 + 0.24492 + 9.74627], test-recall=[0.1719, 0.2411], test-ndcg=[0.1011, 0.1192]
2025-12-15 22:49:17,547 - Epoch 20 [17.6s + 1.1s]: train==[10.03498=0.02162 + 0.02796 + 0.23886 + 9.74655], test-recall=[0.1709, 0.2422], test-ndcg=[0.1008, 0.1193]
2025-12-15 22:49:35,216 - Epoch 21 [16.1s + 1.5s]: train==[10.02986=0.02173 + 0.02834 + 0.23315 + 9.74664], test-recall=[0.1712, 0.2423], test-ndcg=[0.1015, 0.1199]
2025-12-15 22:49:52,838 - Epoch 22 [16.1s + 1.5s]: train==[10.02378=0.02104 + 0.02864 + 0.22777 + 9.74634], test-recall=[0.1713, 0.2425], test-ndcg=[0.1015, 0.1200]
2025-12-15 22:50:09,146 - Epoch 23 [15.2s + 1.1s]: train==[10.01813=0.02114 + 0.02894 + 0.22269 + 9.74536], test-recall=[0.1716, 0.2430], test-ndcg=[0.1018, 0.1203]
2025-12-15 22:50:26,142 - Epoch 24 [15.9s + 1.1s]: train==[10.01546=0.02116 + 0.02927 + 0.21789 + 9.74715], test-recall=[0.1728, 0.2435], test-ndcg=[0.1023, 0.1207]
2025-12-15 22:50:42,260 - Epoch 25 [15.0s + 1.1s]: train==[10.00952=0.02015 + 0.02950 + 0.21334 + 9.74653], test-recall=[0.1730, 0.2441], test-ndcg=[0.1026, 0.1210]
2025-12-15 22:50:59,317 - Epoch 26 [15.9s + 1.1s]: train==[10.00592=0.02025 + 0.02981 + 0.20903 + 9.74683], test-recall=[0.1741, 0.2457], test-ndcg=[0.1032, 0.1218]
2025-12-15 22:51:15,451 - Epoch 27 [15.1s + 1.1s]: train==[10.00324=0.02029 + 0.03010 + 0.20494 + 9.74791], test-recall=[0.1738, 0.2452], test-ndcg=[0.1030, 0.1216]
2025-12-15 22:51:32,045 - Epoch 28 [15.2s + 1.4s]: train==[9.99812=0.01986 + 0.03034 + 0.20105 + 9.74687], test-recall=[0.1748, 0.2470], test-ndcg=[0.1033, 0.1221]
2025-12-15 22:51:49,339 - Epoch 29 [15.8s + 1.5s]: train==[9.99528=0.01952 + 0.03060 + 0.19736 + 9.74780], test-recall=[0.1761, 0.2473], test-ndcg=[0.1039, 0.1225]
2025-12-15 22:52:06,181 - Epoch 30 [15.8s + 1.1s]: train==[9.99248=0.01918 + 0.03086 + 0.19384 + 9.74860], test-recall=[0.1752, 0.2480], test-ndcg=[0.1036, 0.1225]
2025-12-15 22:52:22,981 - Epoch 31 [15.7s + 1.1s]: train==[9.98904=0.01918 + 0.03110 + 0.19049 + 9.74828], test-recall=[0.1767, 0.2485], test-ndcg=[0.1041, 0.1227]
2025-12-15 22:52:39,021 - Epoch 32 [14.9s + 1.1s]: train==[9.98613=0.01894 + 0.03135 + 0.18728 + 9.74857], test-recall=[0.1765, 0.2490], test-ndcg=[0.1040, 0.1229]
2025-12-15 22:52:56,394 - Epoch 33 [15.9s + 1.5s]: train==[9.98257=0.01890 + 0.03159 + 0.18421 + 9.74788], test-recall=[0.1764, 0.2495], test-ndcg=[0.1044, 0.1234]
2025-12-15 22:53:13,955 - Epoch 34 [16.4s + 1.2s]: train==[9.97968=0.01892 + 0.03179 + 0.18127 + 9.74770], test-recall=[0.1770, 0.2497], test-ndcg=[0.1046, 0.1235]
2025-12-15 22:53:31,167 - Epoch 35 [16.1s + 1.1s]: train==[9.97746=0.01873 + 0.03199 + 0.17845 + 9.74829], test-recall=[0.1775, 0.2504], test-ndcg=[0.1049, 0.1238]
2025-12-15 22:53:46,951 - Epoch 36 [14.7s + 1.1s]: train==[9.97484=0.01883 + 0.03221 + 0.17575 + 9.74805], test-recall=[0.1776, 0.2511], test-ndcg=[0.1051, 0.1242]
2025-12-15 22:54:04,225 - Epoch 37 [15.9s + 1.4s]: train==[9.97259=0.01789 + 0.03241 + 0.17318 + 9.74913], test-recall=[0.1771, 0.2509], test-ndcg=[0.1050, 0.1242]
2025-12-15 22:54:20,513 - Epoch 38 [14.9s + 1.4s]: train==[9.97093=0.01819 + 0.03265 + 0.17070 + 9.74939], test-recall=[0.1776, 0.2503], test-ndcg=[0.1052, 0.1242]
2025-12-15 22:54:36,580 - Epoch 39 [14.9s + 1.2s]: train==[9.96799=0.01763 + 0.03282 + 0.16832 + 9.74923], test-recall=[0.1783, 0.2503], test-ndcg=[0.1056, 0.1244]
2025-12-15 22:54:52,744 - Epoch 40 [15.0s + 1.2s]: train==[9.96605=0.01764 + 0.03299 + 0.16602 + 9.74939], test-recall=[0.1792, 0.2513], test-ndcg=[0.1060, 0.1247]
2025-12-15 22:55:08,923 - Epoch 41 [15.1s + 1.1s]: train==[9.96490=0.01745 + 0.03318 + 0.16381 + 9.75045], test-recall=[0.1780, 0.2510], test-ndcg=[0.1055, 0.1245]
2025-12-15 22:55:25,115 - Epoch 42 [15.1s + 1.1s]: train==[9.96240=0.01739 + 0.03333 + 0.16168 + 9.75000], test-recall=[0.1784, 0.2522], test-ndcg=[0.1057, 0.1249]
2025-12-15 22:55:41,315 - Epoch 43 [15.1s + 1.1s]: train==[9.96110=0.01764 + 0.03347 + 0.15963 + 9.75036], test-recall=[0.1788, 0.2521], test-ndcg=[0.1063, 0.1253]
2025-12-15 22:55:57,438 - Epoch 44 [15.0s + 1.2s]: train==[9.95939=0.01732 + 0.03364 + 0.15765 + 9.75078], test-recall=[0.1789, 0.2523], test-ndcg=[0.1063, 0.1254]
2025-12-15 22:56:14,019 - Epoch 45 [15.0s + 1.5s]: train==[9.95659=0.01716 + 0.03382 + 0.15575 + 9.74987], test-recall=[0.1801, 0.2520], test-ndcg=[0.1064, 0.1252]
2025-12-15 22:56:32,482 - Epoch 46 [17.4s + 1.1s]: train==[9.95677=0.01721 + 0.03394 + 0.15391 + 9.75172], test-recall=[0.1798, 0.2529], test-ndcg=[0.1065, 0.1256]
2025-12-15 22:56:49,984 - Epoch 47 [16.1s + 1.4s]: train==[9.95525=0.01754 + 0.03411 + 0.15213 + 9.75147], test-recall=[0.1790, 0.2534], test-ndcg=[0.1064, 0.1258]
2025-12-15 22:57:06,634 - Epoch 48 [15.1s + 1.5s]: train==[9.95264=0.01659 + 0.03427 + 0.15041 + 9.75137], test-recall=[0.1790, 0.2531], test-ndcg=[0.1065, 0.1258]
2025-12-15 22:57:23,966 - Epoch 49 [16.2s + 1.1s]: train==[9.95206=0.01703 + 0.03450 + 0.14875 + 9.75178], test-recall=[0.1799, 0.2531], test-ndcg=[0.1069, 0.1260]
2025-12-15 22:57:40,886 - Epoch 50 [15.8s + 1.1s]: train==[9.94968=0.01660 + 0.03459 + 0.14713 + 9.75136], test-recall=[0.1796, 0.2539], test-ndcg=[0.1069, 0.1262]
2025-12-15 22:57:56,956 - Epoch 51 [15.0s + 1.1s]: train==[9.94883=0.01702 + 0.03477 + 0.14557 + 9.75147], test-recall=[0.1801, 0.2546], test-ndcg=[0.1071, 0.1264]
2025-12-15 22:58:12,821 - Epoch 52 [14.8s + 1.1s]: train==[9.94697=0.01677 + 0.03493 + 0.14406 + 9.75121], test-recall=[0.1801, 0.2543], test-ndcg=[0.1071, 0.1265]
2025-12-15 22:58:29,552 - Epoch 53 [15.7s + 1.1s]: train==[9.94692=0.01682 + 0.03506 + 0.14259 + 9.75245], test-recall=[0.1801, 0.2547], test-ndcg=[0.1072, 0.1267]
2025-12-15 22:58:45,746 - Epoch 54 [15.1s + 1.1s]: train==[9.94486=0.01653 + 0.03520 + 0.14116 + 9.75196], test-recall=[0.1810, 0.2545], test-ndcg=[0.1078, 0.1270]
2025-12-15 22:59:01,975 - Epoch 55 [15.1s + 1.1s]: train==[9.94381=0.01678 + 0.03534 + 0.13978 + 9.75191], test-recall=[0.1811, 0.2552], test-ndcg=[0.1083, 0.1276]
2025-12-15 22:59:17,982 - Epoch 56 [14.9s + 1.1s]: train==[9.94211=0.01630 + 0.03546 + 0.13844 + 9.75190], test-recall=[0.1820, 0.2559], test-ndcg=[0.1085, 0.1277]
2025-12-15 22:59:33,843 - Epoch 57 [14.8s + 1.1s]: train==[9.94147=0.01650 + 0.03559 + 0.13714 + 9.75223], test-recall=[0.1818, 0.2560], test-ndcg=[0.1084, 0.1277]
2025-12-15 22:59:49,808 - Epoch 58 [14.9s + 1.1s]: train==[9.94109=0.01639 + 0.03571 + 0.13588 + 9.75311], test-recall=[0.1830, 0.2567], test-ndcg=[0.1089, 0.1281]
2025-12-15 23:00:05,702 - Epoch 59 [14.8s + 1.1s]: train==[9.93976=0.01622 + 0.03587 + 0.13465 + 9.75302], test-recall=[0.1829, 0.2567], test-ndcg=[0.1086, 0.1278]
2025-12-15 23:00:22,054 - Epoch 60 [15.0s + 1.3s]: train==[9.93856=0.01598 + 0.03599 + 0.13346 + 9.75314], test-recall=[0.1829, 0.2575], test-ndcg=[0.1086, 0.1280]
2025-12-15 23:00:38,287 - Epoch 61 [15.2s + 1.1s]: train==[9.93850=0.01629 + 0.03606 + 0.13229 + 9.75385], test-recall=[0.1829, 0.2570], test-ndcg=[0.1087, 0.1280]
2025-12-15 23:00:54,561 - Epoch 62 [15.2s + 1.1s]: train==[9.93635=0.01621 + 0.03618 + 0.13116 + 9.75281], test-recall=[0.1825, 0.2580], test-ndcg=[0.1083, 0.1280]
2025-12-15 23:01:11,234 - Epoch 63 [15.2s + 1.5s]: train==[9.93672=0.01595 + 0.03633 + 0.13006 + 9.75438], test-recall=[0.1825, 0.2583], test-ndcg=[0.1088, 0.1285]
2025-12-15 23:01:28,585 - Epoch 64 [16.2s + 1.1s]: train==[9.93387=0.01589 + 0.03647 + 0.12898 + 9.75253], test-recall=[0.1830, 0.2585], test-ndcg=[0.1089, 0.1286]
2025-12-15 23:01:46,769 - Epoch 65 [17.0s + 1.2s]: train==[9.93530=0.01602 + 0.03654 + 0.12793 + 9.75481], test-recall=[0.1829, 0.2586], test-ndcg=[0.1090, 0.1287]
2025-12-15 23:02:04,914 - Epoch 66 [16.5s + 1.6s]: train==[9.93354=0.01593 + 0.03667 + 0.12691 + 9.75403], test-recall=[0.1831, 0.2591], test-ndcg=[0.1091, 0.1289]
2025-12-15 23:02:22,842 - Epoch 67 [16.9s + 1.1s]: train==[9.93189=0.01527 + 0.03673 + 0.12592 + 9.75397], test-recall=[0.1834, 0.2587], test-ndcg=[0.1089, 0.1286]
2025-12-15 23:02:38,950 - Epoch 68 [15.0s + 1.1s]: train==[9.93158=0.01583 + 0.03685 + 0.12495 + 9.75395], test-recall=[0.1829, 0.2588], test-ndcg=[0.1091, 0.1288]
2025-12-15 23:02:55,002 - Epoch 69 [15.0s + 1.1s]: train==[9.93116=0.01557 + 0.03691 + 0.12400 + 9.75468], test-recall=[0.1831, 0.2584], test-ndcg=[0.1091, 0.1287]
2025-12-15 23:03:11,902 - Epoch 70 [15.8s + 1.1s]: train==[9.92989=0.01582 + 0.03699 + 0.12308 + 9.75400], test-recall=[0.1829, 0.2589], test-ndcg=[0.1093, 0.1290]
2025-12-15 23:03:28,393 - Epoch 71 [15.0s + 1.5s]: train==[9.93001=0.01539 + 0.03706 + 0.12218 + 9.75539], test-recall=[0.1832, 0.2591], test-ndcg=[0.1091, 0.1288]
2025-12-15 23:03:45,346 - Epoch 72 [15.9s + 1.1s]: train==[9.92859=0.01580 + 0.03717 + 0.12130 + 9.75432], test-recall=[0.1829, 0.2590], test-ndcg=[0.1089, 0.1286]
2025-12-15 23:04:01,478 - Epoch 73 [15.1s + 1.1s]: train==[9.92820=0.01568 + 0.03724 + 0.12044 + 9.75484], test-recall=[0.1835, 0.2597], test-ndcg=[0.1092, 0.1290]
2025-12-15 23:04:17,702 - Epoch 74 [15.2s + 1.1s]: train==[9.92780=0.01577 + 0.03736 + 0.11960 + 9.75505], test-recall=[0.1845, 0.2603], test-ndcg=[0.1094, 0.1291]
2025-12-15 23:04:33,809 - Epoch 75 [15.1s + 1.0s]: train==[9.92618=0.01512 + 0.03743 + 0.11878 + 9.75484], test-recall=[0.1852, 0.2601], test-ndcg=[0.1098, 0.1293]
2025-12-15 23:04:50,377 - Epoch 76 [15.0s + 1.5s]: train==[9.92644=0.01566 + 0.03753 + 0.11798 + 9.75527], test-recall=[0.1837, 0.2595], test-ndcg=[0.1097, 0.1295]
2025-12-15 23:05:06,788 - Epoch 77 [15.4s + 1.1s]: train==[9.92525=0.01548 + 0.03759 + 0.11720 + 9.75498], test-recall=[0.1842, 0.2607], test-ndcg=[0.1100, 0.1299]
2025-12-15 23:05:22,856 - Epoch 78 [14.9s + 1.2s]: train==[9.94202=0.01566 + 0.03768 + 0.11644 + 9.77224], test-recall=[0.1841, 0.2602], test-ndcg=[0.1099, 0.1297]
2025-12-15 23:05:40,624 - Epoch 79 [16.6s + 1.2s]: train==[9.98806=0.01511 + 0.03870 + 0.11584 + 9.81840], test-recall=[0.1833, 0.2597], test-ndcg=[0.1094, 0.1292]
2025-12-15 23:05:57,290 - Epoch 80 [15.2s + 1.4s]: train==[9.97158=0.01472 + 0.03992 + 0.11532 + 9.80162], test-recall=[0.1835, 0.2576], test-ndcg=[0.1092, 0.1285]
2025-12-15 23:06:14,840 - Epoch 81 [16.4s + 1.2s]: train==[9.95682=0.01485 + 0.04063 + 0.11477 + 9.78657], test-recall=[0.1834, 0.2586], test-ndcg=[0.1091, 0.1287]
2025-12-15 23:06:31,155 - Epoch 82 [14.9s + 1.4s]: train==[9.95323=0.01471 + 0.04088 + 0.11417 + 9.78346], test-recall=[0.1827, 0.2580], test-ndcg=[0.1092, 0.1289]
2025-12-15 23:06:49,925 - Epoch 83 [17.7s + 1.1s]: train==[9.94129=0.01450 + 0.04130 + 0.11359 + 9.77190], test-recall=[0.1832, 0.2589], test-ndcg=[0.1093, 0.1291]
2025-12-15 23:07:06,301 - Epoch 84 [14.9s + 1.5s]: train==[9.95581=0.01477 + 0.04152 + 0.11301 + 9.78651], test-recall=[0.1836, 0.2585], test-ndcg=[0.1094, 0.1290]
2025-12-15 23:07:23,827 - Epoch 85 [16.4s + 1.1s]: train==[9.93972=0.01453 + 0.04171 + 0.11244 + 9.77103], test-recall=[0.1846, 0.2586], test-ndcg=[0.1100, 0.1294]
2025-12-15 23:07:40,371 - Epoch 86 [15.0s + 1.6s]: train==[9.94462=0.01477 + 0.04181 + 0.11187 + 9.77617], test-recall=[0.1848, 0.2600], test-ndcg=[0.1103, 0.1299]
2025-12-15 23:07:58,132 - Epoch 87 [16.7s + 1.1s]: train==[9.92697=0.01501 + 0.04142 + 0.11123 + 9.75931], test-recall=[0.1839, 0.2600], test-ndcg=[0.1104, 0.1302]
2025-12-15 23:08:14,066 - Epoch 88 [14.8s + 1.1s]: train==[9.92640=0.01471 + 0.04091 + 0.11056 + 9.76021], test-recall=[0.1848, 0.2612], test-ndcg=[0.1105, 0.1303]
2025-12-15 23:08:30,388 - Epoch 89 [14.8s + 1.5s]: train==[9.94829=0.01442 + 0.04095 + 0.10996 + 9.78297], test-recall=[0.1852, 0.2607], test-ndcg=[0.1105, 0.1301]
2025-12-15 23:08:47,157 - Epoch 90 [15.2s + 1.5s]: train==[9.93867=0.01436 + 0.04143 + 0.10944 + 9.77344], test-recall=[0.1847, 0.2607], test-ndcg=[0.1101, 0.1299]
2025-12-15 23:09:03,677 - Epoch 91 [15.4s + 1.2s]: train==[9.94128=0.01463 + 0.04195 + 0.10894 + 9.77576], test-recall=[0.1848, 0.2588], test-ndcg=[0.1100, 0.1293]
2025-12-15 23:09:20,354 - Epoch 92 [15.2s + 1.5s]: train==[9.93316=0.01456 + 0.04199 + 0.10840 + 9.76821], test-recall=[0.1846, 0.2600], test-ndcg=[0.1101, 0.1297]
2025-12-15 23:09:36,398 - Epoch 93 [14.9s + 1.2s]: train==[9.92661=0.01461 + 0.04184 + 0.10784 + 9.76232], test-recall=[0.1852, 0.2613], test-ndcg=[0.1105, 0.1303]
2025-12-15 23:09:52,555 - Epoch 94 [14.8s + 1.4s]: train==[9.92690=0.01476 + 0.04150 + 0.10725 + 9.76339], test-recall=[0.1856, 0.2613], test-ndcg=[0.1107, 0.1304]
2025-12-15 23:10:11,886 - Epoch 95 [18.2s + 1.2s]: train==[9.92454=0.01415 + 0.04127 + 0.10668 + 9.76245], test-recall=[0.1852, 0.2616], test-ndcg=[0.1107, 0.1305]
2025-12-15 23:10:28,033 - Epoch 96 [15.0s + 1.1s]: train==[9.92375=0.01413 + 0.04124 + 0.10612 + 9.76227], test-recall=[0.1850, 0.2623], test-ndcg=[0.1104, 0.1305]
2025-12-15 23:10:45,083 - Epoch 97 [15.5s + 1.6s]: train==[9.92303=0.01464 + 0.04111 + 0.10558 + 9.76170], test-recall=[0.1854, 0.2612], test-ndcg=[0.1104, 0.1302]
2025-12-15 23:11:01,738 - Epoch 98 [15.3s + 1.4s]: train==[9.92128=0.01419 + 0.04098 + 0.10504 + 9.76107], test-recall=[0.1851, 0.2606], test-ndcg=[0.1107, 0.1304]
2025-12-15 23:11:20,571 - Epoch 99 [17.6s + 1.2s]: train==[9.92060=0.01449 + 0.04087 + 0.10452 + 9.76072], test-recall=[0.1859, 0.2604], test-ndcg=[0.1106, 0.1300]
2025-12-15 23:11:21,668 - Final Test Set Result: test-recall=[0.1859, 0.2604], test-ndcg=[0.1106, 0.1300]
