2025-12-15 22:14:53,263 - n_users=50821, n_items=57440	n_interactions=1302695	n_train=1172425, n_test=130270, sparsity=0.00040
2025-12-15 22:14:53,264 - Namespace(Ks='[20, 40]', batch_size=10240, cen_reg=0.005, data_path='data/', dataset='gowalla', emb_reg=2.5e-05, embed_size=32, epoch=100, lr=0.001, n_batch=40, n_intents=128, n_layers=2, output='gowalla_128_', sample_num=40, save_model=False, seed=2022, show_step=1, ssl_reg=0.1, temp=1, train_num=10000, verbose=1)
2025-12-15 22:15:18,722 - Epoch  0 [17.1s + 1.2s]: train==[10.87847=0.35423 + 0.00493 + 0.44775 + 10.07156], test-recall=[0.1265, 0.1838], test-ndcg=[0.0740, 0.0889]
2025-12-15 22:15:35,451 - Epoch  1 [15.1s + 1.6s]: train==[10.26956=0.06386 + 0.01441 + 0.39674 + 9.79454], test-recall=[0.1360, 0.1986], test-ndcg=[0.0799, 0.0962]
2025-12-15 22:15:52,497 - Epoch  2 [15.5s + 1.5s]: train==[10.21425=0.04780 + 0.01692 + 0.37775 + 9.77177], test-recall=[0.1436, 0.2076], test-ndcg=[0.0844, 0.1010]
2025-12-15 22:16:09,055 - Epoch  3 [15.4s + 1.1s]: train==[10.18136=0.04284 + 0.01803 + 0.35709 + 9.76339], test-recall=[0.1485, 0.2139], test-ndcg=[0.0874, 0.1044]
2025-12-15 22:16:26,446 - Epoch  4 [16.2s + 1.2s]: train==[10.15220=0.03819 + 0.01904 + 0.33684 + 9.75813], test-recall=[0.1520, 0.2186], test-ndcg=[0.0895, 0.1068]
2025-12-15 22:16:44,713 - Epoch  5 [16.7s + 1.5s]: train==[10.12939=0.03495 + 0.01995 + 0.31817 + 9.75632], test-recall=[0.1548, 0.2234], test-ndcg=[0.0912, 0.1090]
2025-12-15 22:17:02,314 - Epoch  6 [16.5s + 1.1s]: train==[10.10927=0.03323 + 0.02081 + 0.30136 + 9.75388], test-recall=[0.1573, 0.2268], test-ndcg=[0.0927, 0.1107]
2025-12-15 22:17:19,178 - Epoch  7 [15.2s + 1.7s]: train==[10.09021=0.03123 + 0.02153 + 0.28621 + 9.75124], test-recall=[0.1599, 0.2291], test-ndcg=[0.0944, 0.1123]
2025-12-15 22:17:35,646 - Epoch  8 [15.3s + 1.2s]: train==[10.07445=0.02953 + 0.02215 + 0.27262 + 9.75015], test-recall=[0.1618, 0.2300], test-ndcg=[0.0954, 0.1132]
2025-12-15 22:17:52,187 - Epoch  9 [15.0s + 1.5s]: train==[10.06060=0.02898 + 0.02275 + 0.26035 + 9.74853], test-recall=[0.1625, 0.2319], test-ndcg=[0.0962, 0.1142]
2025-12-15 22:18:11,325 - Epoch 10 [17.7s + 1.4s]: train==[10.04867=0.02806 + 0.02321 + 0.24930 + 9.74810], test-recall=[0.1646, 0.2328], test-ndcg=[0.0970, 0.1148]
2025-12-15 22:18:27,798 - Epoch 11 [15.2s + 1.3s]: train==[10.03654=0.02690 + 0.02368 + 0.23935 + 9.74660], test-recall=[0.1657, 0.2351], test-ndcg=[0.0978, 0.1157]
2025-12-15 22:18:45,721 - Epoch 12 [16.5s + 1.5s]: train==[10.02728=0.02683 + 0.02407 + 0.23030 + 9.74607], test-recall=[0.1666, 0.2357], test-ndcg=[0.0985, 0.1164]
2025-12-15 22:19:02,729 - Epoch 13 [15.3s + 1.7s]: train==[10.01693=0.02530 + 0.02443 + 0.22205 + 9.74515], test-recall=[0.1667, 0.2373], test-ndcg=[0.0990, 0.1173]
2025-12-15 22:19:21,776 - Epoch 14 [17.6s + 1.5s]: train==[10.00942=0.02495 + 0.02481 + 0.21450 + 9.74516], test-recall=[0.1679, 0.2385], test-ndcg=[0.0994, 0.1177]
2025-12-15 22:19:38,454 - Epoch 15 [15.2s + 1.5s]: train==[10.00282=0.02477 + 0.02513 + 0.20757 + 9.74535], test-recall=[0.1689, 0.2388], test-ndcg=[0.0998, 0.1180]
2025-12-15 22:19:56,383 - Epoch 16 [16.8s + 1.2s]: train==[9.99486=0.02384 + 0.02541 + 0.20120 + 9.74440], test-recall=[0.1693, 0.2404], test-ndcg=[0.1002, 0.1186]
2025-12-15 22:20:13,560 - Epoch 17 [15.8s + 1.4s]: train==[9.98863=0.02335 + 0.02571 + 0.19533 + 9.74424], test-recall=[0.1697, 0.2404], test-ndcg=[0.1005, 0.1189]
2025-12-15 22:20:31,643 - Epoch 18 [16.9s + 1.2s]: train==[9.98213=0.02282 + 0.02601 + 0.18990 + 9.74340], test-recall=[0.1705, 0.2425], test-ndcg=[0.1011, 0.1197]
2025-12-15 22:20:48,315 - Epoch 19 [15.3s + 1.4s]: train==[9.97794=0.02307 + 0.02623 + 0.18483 + 9.74379], test-recall=[0.1717, 0.2429], test-ndcg=[0.1016, 0.1201]
2025-12-15 22:21:06,467 - Epoch 20 [16.9s + 1.2s]: train==[9.97306=0.02231 + 0.02644 + 0.18014 + 9.74418], test-recall=[0.1716, 0.2428], test-ndcg=[0.1016, 0.1201]
2025-12-15 22:21:23,192 - Epoch 21 [15.1s + 1.6s]: train==[9.96813=0.02230 + 0.02673 + 0.17576 + 9.74335], test-recall=[0.1723, 0.2437], test-ndcg=[0.1024, 0.1209]
2025-12-15 22:21:41,656 - Epoch 22 [17.3s + 1.2s]: train==[9.96336=0.02160 + 0.02691 + 0.17165 + 9.74321], test-recall=[0.1728, 0.2446], test-ndcg=[0.1023, 0.1210]
2025-12-15 22:21:58,353 - Epoch 23 [15.2s + 1.5s]: train==[9.95827=0.02169 + 0.02711 + 0.16780 + 9.74166], test-recall=[0.1733, 0.2447], test-ndcg=[0.1030, 0.1216]
2025-12-15 22:22:17,407 - Epoch 24 [17.9s + 1.2s]: train==[9.95651=0.02171 + 0.02732 + 0.16418 + 9.74331], test-recall=[0.1737, 0.2467], test-ndcg=[0.1031, 0.1220]
2025-12-15 22:22:33,719 - Epoch 25 [15.1s + 1.2s]: train==[9.95165=0.02096 + 0.02748 + 0.16076 + 9.74245], test-recall=[0.1738, 0.2469], test-ndcg=[0.1033, 0.1224]
2025-12-15 22:22:51,356 - Epoch 26 [16.1s + 1.5s]: train==[9.94829=0.02101 + 0.02768 + 0.15754 + 9.74206], test-recall=[0.1744, 0.2477], test-ndcg=[0.1037, 0.1228]
2025-12-15 22:23:08,163 - Epoch 27 [15.6s + 1.2s]: train==[9.94698=0.02107 + 0.02784 + 0.15448 + 9.74358], test-recall=[0.1741, 0.2469], test-ndcg=[0.1034, 0.1223]
2025-12-15 22:23:25,087 - Epoch 28 [15.4s + 1.5s]: train==[9.94247=0.02061 + 0.02804 + 0.15160 + 9.74222], test-recall=[0.1759, 0.2472], test-ndcg=[0.1040, 0.1227]
2025-12-15 22:23:43,721 - Epoch 29 [17.2s + 1.5s]: train==[9.94013=0.02029 + 0.02821 + 0.14887 + 9.74276], test-recall=[0.1766, 0.2479], test-ndcg=[0.1043, 0.1230]
2025-12-15 22:24:00,485 - Epoch 30 [15.6s + 1.1s]: train==[9.93762=0.02008 + 0.02837 + 0.14627 + 9.74290], test-recall=[0.1765, 0.2475], test-ndcg=[0.1043, 0.1229]
2025-12-15 22:24:16,625 - Epoch 31 [15.1s + 1.1s]: train==[9.93525=0.02006 + 0.02850 + 0.14379 + 9.74289], test-recall=[0.1763, 0.2490], test-ndcg=[0.1044, 0.1233]
2025-12-15 22:24:34,046 - Epoch 32 [16.3s + 1.2s]: train==[9.93267=0.01975 + 0.02868 + 0.14143 + 9.74281], test-recall=[0.1763, 0.2497], test-ndcg=[0.1045, 0.1236]
2025-12-15 22:24:50,494 - Epoch 33 [15.0s + 1.5s]: train==[9.92990=0.01989 + 0.02883 + 0.13918 + 9.74200], test-recall=[0.1769, 0.2498], test-ndcg=[0.1050, 0.1240]
2025-12-15 22:25:07,082 - Epoch 34 [15.1s + 1.5s]: train==[9.92745=0.01969 + 0.02896 + 0.13702 + 9.74179], test-recall=[0.1772, 0.2497], test-ndcg=[0.1052, 0.1240]
2025-12-15 22:25:24,863 - Epoch 35 [16.7s + 1.1s]: train==[9.92563=0.01960 + 0.02909 + 0.13496 + 9.74198], test-recall=[0.1780, 0.2511], test-ndcg=[0.1054, 0.1244]
2025-12-15 22:25:40,802 - Epoch 36 [14.8s + 1.1s]: train==[9.92363=0.01984 + 0.02924 + 0.13299 + 9.74156], test-recall=[0.1773, 0.2514], test-ndcg=[0.1055, 0.1248]
2025-12-15 22:25:57,444 - Epoch 37 [15.2s + 1.5s]: train==[9.92166=0.01907 + 0.02934 + 0.13110 + 9.74216], test-recall=[0.1781, 0.2507], test-ndcg=[0.1057, 0.1246]
2025-12-15 22:26:13,998 - Epoch 38 [15.0s + 1.5s]: train==[9.92038=0.01919 + 0.02947 + 0.12928 + 9.74243], test-recall=[0.1785, 0.2502], test-ndcg=[0.1060, 0.1247]
2025-12-15 22:26:30,543 - Epoch 39 [15.3s + 1.2s]: train==[9.91790=0.01867 + 0.02957 + 0.12754 + 9.74212], test-recall=[0.1788, 0.2510], test-ndcg=[0.1062, 0.1251]
2025-12-15 22:26:46,742 - Epoch 40 [15.1s + 1.1s]: train==[9.91605=0.01856 + 0.02967 + 0.12586 + 9.74196], test-recall=[0.1803, 0.2512], test-ndcg=[0.1067, 0.1252]
2025-12-15 22:27:02,599 - Epoch 41 [14.8s + 1.1s]: train==[9.91578=0.01856 + 0.02979 + 0.12424 + 9.74319], test-recall=[0.1791, 0.2521], test-ndcg=[0.1063, 0.1252]
2025-12-15 22:27:19,075 - Epoch 42 [14.9s + 1.5s]: train==[9.91310=0.01841 + 0.02987 + 0.12269 + 9.74213], test-recall=[0.1791, 0.2520], test-ndcg=[0.1065, 0.1254]
2025-12-15 22:27:35,062 - Epoch 43 [14.8s + 1.1s]: train==[9.91251=0.01886 + 0.02994 + 0.12118 + 9.74252], test-recall=[0.1791, 0.2518], test-ndcg=[0.1067, 0.1256]
2025-12-15 22:27:52,058 - Epoch 44 [15.9s + 1.1s]: train==[9.91123=0.01853 + 0.03005 + 0.11974 + 9.74291], test-recall=[0.1782, 0.2523], test-ndcg=[0.1065, 0.1258]
2025-12-15 22:28:07,824 - Epoch 45 [14.7s + 1.1s]: train==[9.90845=0.01839 + 0.03015 + 0.11834 + 9.74157], test-recall=[0.1792, 0.2531], test-ndcg=[0.1065, 0.1258]
2025-12-15 22:28:23,610 - Epoch 46 [14.7s + 1.1s]: train==[9.90932=0.01838 + 0.03021 + 0.11699 + 9.74375], test-recall=[0.1794, 0.2533], test-ndcg=[0.1067, 0.1260]
2025-12-15 22:28:39,426 - Epoch 47 [14.7s + 1.1s]: train==[9.90787=0.01879 + 0.03033 + 0.11569 + 9.74306], test-recall=[0.1789, 0.2539], test-ndcg=[0.1066, 0.1261]
2025-12-15 22:28:55,292 - Epoch 48 [14.8s + 1.1s]: train==[9.90578=0.01784 + 0.03046 + 0.11443 + 9.74305], test-recall=[0.1793, 0.2540], test-ndcg=[0.1068, 0.1261]
2025-12-15 22:29:13,063 - Epoch 49 [16.6s + 1.1s]: train==[9.90530=0.01830 + 0.03060 + 0.11321 + 9.74319], test-recall=[0.1792, 0.2536], test-ndcg=[0.1068, 0.1262]
2025-12-15 22:29:29,330 - Epoch 50 [14.7s + 1.5s]: train==[9.90360=0.01784 + 0.03065 + 0.11204 + 9.74306], test-recall=[0.1790, 0.2543], test-ndcg=[0.1065, 0.1260]
2025-12-15 22:29:45,551 - Epoch 51 [15.1s + 1.1s]: train==[9.90235=0.01803 + 0.03080 + 0.11089 + 9.74262], test-recall=[0.1798, 0.2546], test-ndcg=[0.1069, 0.1263]
2025-12-15 22:30:01,602 - Epoch 52 [14.8s + 1.2s]: train==[9.90086=0.01802 + 0.03089 + 0.10978 + 9.74216], test-recall=[0.1801, 0.2549], test-ndcg=[0.1070, 0.1265]
2025-12-15 22:30:17,715 - Epoch 53 [14.8s + 1.3s]: train==[9.90113=0.01814 + 0.03097 + 0.10871 + 9.74331], test-recall=[0.1794, 0.2550], test-ndcg=[0.1071, 0.1268]
2025-12-15 22:30:33,584 - Epoch 54 [14.8s + 1.1s]: train==[9.89945=0.01773 + 0.03107 + 0.10766 + 9.74298], test-recall=[0.1797, 0.2546], test-ndcg=[0.1073, 0.1268]
2025-12-15 22:30:49,386 - Epoch 55 [14.6s + 1.2s]: train==[9.89847=0.01811 + 0.03116 + 0.10665 + 9.74256], test-recall=[0.1806, 0.2543], test-ndcg=[0.1078, 0.1271]
2025-12-15 22:31:05,947 - Epoch 56 [15.0s + 1.5s]: train==[9.89726=0.01765 + 0.03124 + 0.10567 + 9.74271], test-recall=[0.1806, 0.2553], test-ndcg=[0.1078, 0.1272]
2025-12-15 22:31:24,587 - Epoch 57 [17.2s + 1.5s]: train==[9.89626=0.01775 + 0.03132 + 0.10471 + 9.74247], test-recall=[0.1811, 0.2555], test-ndcg=[0.1079, 0.1273]
2025-12-15 22:31:41,244 - Epoch 58 [15.1s + 1.5s]: train==[9.89656=0.01773 + 0.03137 + 0.10378 + 9.74368], test-recall=[0.1818, 0.2557], test-ndcg=[0.1084, 0.1277]
2025-12-15 22:31:58,151 - Epoch 59 [15.8s + 1.1s]: train==[9.89505=0.01743 + 0.03149 + 0.10288 + 9.74326], test-recall=[0.1821, 0.2571], test-ndcg=[0.1084, 0.1279]
2025-12-15 22:32:14,772 - Epoch 60 [15.5s + 1.1s]: train==[9.89459=0.01739 + 0.03159 + 0.10200 + 9.74361], test-recall=[0.1824, 0.2578], test-ndcg=[0.1084, 0.1280]
2025-12-15 22:32:31,120 - Epoch 61 [14.9s + 1.5s]: train==[9.89384=0.01767 + 0.03162 + 0.10114 + 9.74341], test-recall=[0.1816, 0.2569], test-ndcg=[0.1081, 0.1277]
2025-12-15 22:32:47,635 - Epoch 62 [15.0s + 1.5s]: train==[9.89198=0.01757 + 0.03166 + 0.10030 + 9.74246], test-recall=[0.1821, 0.2572], test-ndcg=[0.1083, 0.1279]
2025-12-15 22:33:04,507 - Epoch 63 [15.8s + 1.1s]: train==[9.89281=0.01746 + 0.03175 + 0.09948 + 9.74411], test-recall=[0.1825, 0.2573], test-ndcg=[0.1086, 0.1280]
2025-12-15 22:33:20,763 - Epoch 64 [14.7s + 1.5s]: train==[9.89039=0.01726 + 0.03184 + 0.09869 + 9.74261], test-recall=[0.1833, 0.2575], test-ndcg=[0.1090, 0.1283]
2025-12-15 22:33:38,842 - Epoch 65 [16.9s + 1.2s]: train==[9.89198=0.01745 + 0.03192 + 0.09792 + 9.74469], test-recall=[0.1830, 0.2577], test-ndcg=[0.1088, 0.1282]
2025-12-15 22:33:56,123 - Epoch 66 [16.0s + 1.3s]: train==[9.89006=0.01720 + 0.03202 + 0.09716 + 9.74368], test-recall=[0.1822, 0.2591], test-ndcg=[0.1087, 0.1286]
2025-12-15 22:34:13,616 - Epoch 67 [16.5s + 1.0s]: train==[9.88857=0.01671 + 0.03204 + 0.09642 + 9.74339], test-recall=[0.1830, 0.2587], test-ndcg=[0.1087, 0.1284]
2025-12-15 22:34:29,247 - Epoch 68 [14.6s + 1.0s]: train==[9.88848=0.01730 + 0.03211 + 0.09570 + 9.74336], test-recall=[0.1829, 0.2583], test-ndcg=[0.1087, 0.1283]
2025-12-15 22:34:47,509 - Epoch 69 [17.0s + 1.2s]: train==[9.88809=0.01699 + 0.03214 + 0.09500 + 9.74396], test-recall=[0.1833, 0.2578], test-ndcg=[0.1093, 0.1287]
2025-12-15 22:35:03,867 - Epoch 70 [14.7s + 1.6s]: train==[9.88752=0.01721 + 0.03220 + 0.09431 + 9.74380], test-recall=[0.1833, 0.2575], test-ndcg=[0.1093, 0.1286]
2025-12-15 22:35:21,308 - Epoch 71 [15.8s + 1.6s]: train==[9.88703=0.01682 + 0.03226 + 0.09365 + 9.74430], test-recall=[0.1830, 0.2570], test-ndcg=[0.1091, 0.1284]
2025-12-15 22:35:38,902 - Epoch 72 [16.1s + 1.5s]: train==[9.88611=0.01720 + 0.03234 + 0.09299 + 9.74357], test-recall=[0.1826, 0.2580], test-ndcg=[0.1087, 0.1284]
2025-12-15 22:35:54,634 - Epoch 73 [14.7s + 1.1s]: train==[9.88561=0.01700 + 0.03235 + 0.09235 + 9.74391], test-recall=[0.1826, 0.2586], test-ndcg=[0.1088, 0.1286]
2025-12-15 22:36:10,480 - Epoch 74 [14.8s + 1.1s]: train==[9.88511=0.01711 + 0.03244 + 0.09173 + 9.74383], test-recall=[0.1826, 0.2587], test-ndcg=[0.1089, 0.1287]
2025-12-15 22:36:26,230 - Epoch 75 [14.7s + 1.0s]: train==[9.88378=0.01651 + 0.03248 + 0.09112 + 9.74367], test-recall=[0.1840, 0.2589], test-ndcg=[0.1096, 0.1291]
2025-12-15 22:36:42,252 - Epoch 76 [14.9s + 1.1s]: train==[9.88412=0.01711 + 0.03253 + 0.09052 + 9.74396], test-recall=[0.1832, 0.2581], test-ndcg=[0.1096, 0.1292]
2025-12-15 22:36:58,370 - Epoch 77 [15.1s + 1.1s]: train==[9.88318=0.01693 + 0.03256 + 0.08993 + 9.74375], test-recall=[0.1839, 0.2590], test-ndcg=[0.1098, 0.1294]
2025-12-15 22:37:15,823 - Epoch 78 [15.9s + 1.5s]: train==[9.88191=0.01697 + 0.03260 + 0.08936 + 9.74298], test-recall=[0.1835, 0.2598], test-ndcg=[0.1095, 0.1294]
2025-12-15 22:37:34,370 - Epoch 79 [17.5s + 1.1s]: train==[9.88194=0.01692 + 0.03263 + 0.08880 + 9.74360], test-recall=[0.1841, 0.2594], test-ndcg=[0.1098, 0.1294]
2025-12-15 22:37:50,401 - Epoch 80 [14.9s + 1.1s]: train==[9.88226=0.01661 + 0.03273 + 0.08825 + 9.74468], test-recall=[0.1846, 0.2595], test-ndcg=[0.1101, 0.1296]
2025-12-15 22:38:06,763 - Epoch 81 [14.9s + 1.5s]: train==[9.88109=0.01667 + 0.03278 + 0.08771 + 9.74393], test-recall=[0.1852, 0.2591], test-ndcg=[0.1101, 0.1294]
2025-12-15 22:38:22,782 - Epoch 82 [14.9s + 1.1s]: train==[9.88133=0.01654 + 0.03286 + 0.08718 + 9.74475], test-recall=[0.1840, 0.2594], test-ndcg=[0.1097, 0.1294]
2025-12-15 22:38:39,012 - Epoch 83 [14.8s + 1.5s]: train==[9.88077=0.01656 + 0.03293 + 0.08666 + 9.74462], test-recall=[0.1842, 0.2603], test-ndcg=[0.1097, 0.1295]
2025-12-15 22:38:56,477 - Epoch 84 [15.9s + 1.5s]: train==[9.88062=0.01673 + 0.03295 + 0.08615 + 9.74479], test-recall=[0.1838, 0.2597], test-ndcg=[0.1096, 0.1294]
2025-12-15 22:39:12,904 - Epoch 85 [14.9s + 1.5s]: train==[9.87978=0.01655 + 0.03300 + 0.08566 + 9.74457], test-recall=[0.1845, 0.2598], test-ndcg=[0.1101, 0.1297]
2025-12-15 22:39:31,291 - Epoch 86 [17.1s + 1.3s]: train==[9.87970=0.01669 + 0.03302 + 0.08517 + 9.74483], test-recall=[0.1846, 0.2599], test-ndcg=[0.1105, 0.1302]
2025-12-15 22:39:49,145 - Epoch 87 [16.8s + 1.0s]: train==[9.87892=0.01696 + 0.03309 + 0.08469 + 9.74418], test-recall=[0.1848, 0.2609], test-ndcg=[0.1107, 0.1304]
2025-12-15 22:40:05,040 - Epoch 88 [14.8s + 1.1s]: train==[9.87881=0.01657 + 0.03311 + 0.08422 + 9.74491], test-recall=[0.1844, 0.2606], test-ndcg=[0.1103, 0.1301]
2025-12-15 22:40:21,872 - Epoch 89 [15.7s + 1.1s]: train==[9.87839=0.01636 + 0.03316 + 0.08376 + 9.74511], test-recall=[0.1845, 0.2613], test-ndcg=[0.1100, 0.1300]
2025-12-15 22:40:38,750 - Epoch 90 [15.8s + 1.1s]: train==[9.87801=0.01636 + 0.03320 + 0.08331 + 9.74514], test-recall=[0.1844, 0.2603], test-ndcg=[0.1100, 0.1298]
2025-12-15 22:40:56,902 - Epoch 91 [17.1s + 1.0s]: train==[9.87787=0.01659 + 0.03328 + 0.08287 + 9.74513], test-recall=[0.1851, 0.2605], test-ndcg=[0.1099, 0.1295]
2025-12-15 22:41:12,738 - Epoch 92 [14.7s + 1.1s]: train==[9.87728=0.01660 + 0.03328 + 0.08243 + 9.74497], test-recall=[0.1844, 0.2600], test-ndcg=[0.1101, 0.1298]
2025-12-15 22:41:28,745 - Epoch 93 [14.8s + 1.2s]: train==[9.87696=0.01657 + 0.03336 + 0.08200 + 9.74503], test-recall=[0.1854, 0.2618], test-ndcg=[0.1104, 0.1302]
2025-12-15 22:41:44,586 - Epoch 94 [14.8s + 1.1s]: train==[9.87725=0.01663 + 0.03343 + 0.08158 + 9.74559], test-recall=[0.1849, 0.2606], test-ndcg=[0.1103, 0.1300]
2025-12-15 22:42:01,462 - Epoch 95 [15.7s + 1.1s]: train==[9.87546=0.01597 + 0.03345 + 0.08117 + 9.74487], test-recall=[0.1847, 0.2608], test-ndcg=[0.1102, 0.1300]
2025-12-15 22:42:18,209 - Epoch 96 [15.2s + 1.6s]: train==[9.87536=0.01605 + 0.03355 + 0.08077 + 9.74500], test-recall=[0.1857, 0.2615], test-ndcg=[0.1103, 0.1301]
2025-12-15 22:42:35,474 - Epoch 97 [16.2s + 1.1s]: train==[9.87573=0.01671 + 0.03359 + 0.08037 + 9.74506], test-recall=[0.1843, 0.2596], test-ndcg=[0.1098, 0.1295]
2025-12-15 22:42:51,304 - Epoch 98 [14.8s + 1.1s]: train==[9.87434=0.01613 + 0.03360 + 0.07998 + 9.74463], test-recall=[0.1847, 0.2593], test-ndcg=[0.1104, 0.1299]
2025-12-15 22:43:08,314 - Epoch 99 [15.5s + 1.5s]: train==[9.87414=0.01623 + 0.03363 + 0.07960 + 9.74469], test-recall=[0.1839, 0.2600], test-ndcg=[0.1100, 0.1299]
2025-12-15 22:43:09,851 - Final Test Set Result: test-recall=[0.1839, 0.2600], test-ndcg=[0.1100, 0.1299]
