2025-12-16 23:05:38,850 - n_users=47939, n_items=41390	n_interactions=2619389	n_train=2357450, n_test=261939, sparsity=0.00119
2025-12-16 23:05:38,850 - Namespace(Ks='[20, 40]', batch_size=10240, cen_reg=0.005, data_path='data/', dataset='tmall', emb_reg=2.5e-05, embed_size=32, epoch=100, lr=0.001, n_batch=40, n_intents=128, n_layers=2, output='tmall_128_', sample_num=40, save_model=False, seed=2022, show_step=1, ssl_reg=0.1, temp=1, train_num=10000, verbose=1)
2025-12-16 23:06:09,624 - Epoch  0 [20.8s + 1.6s]: train==[11.28375=0.63457 + 0.00267 + 0.40696 + 10.23955], test-recall=[0.0202, 0.0333], test-ndcg=[0.0139, 0.0185]
2025-12-16 23:06:31,487 - Epoch  1 [20.2s + 1.6s]: train==[10.64922=0.42181 + 0.00952 + 0.35231 + 9.86558], test-recall=[0.0279, 0.0465], test-ndcg=[0.0192, 0.0257]
2025-12-16 23:06:53,175 - Epoch  2 [20.1s + 1.6s]: train==[10.48804=0.31829 + 0.01679 + 0.34146 + 9.81151], test-recall=[0.0355, 0.0578], test-ndcg=[0.0242, 0.0320]
2025-12-16 23:07:14,757 - Epoch  3 [19.7s + 1.8s]: train==[10.42071=0.27727 + 0.02209 + 0.32864 + 9.79271], test-recall=[0.0410, 0.0660], test-ndcg=[0.0282, 0.0369]
2025-12-16 23:07:36,380 - Epoch  4 [20.0s + 1.6s]: train==[10.37536=0.25279 + 0.02640 + 0.31448 + 9.78169], test-recall=[0.0449, 0.0719], test-ndcg=[0.0311, 0.0405]
2025-12-16 23:07:58,222 - Epoch  5 [20.0s + 1.8s]: train==[10.33812=0.23492 + 0.03013 + 0.29945 + 9.77361], test-recall=[0.0478, 0.0758], test-ndcg=[0.0331, 0.0429]
2025-12-16 23:08:19,896 - Epoch  6 [20.0s + 1.6s]: train==[10.30561=0.22009 + 0.03336 + 0.28394 + 9.76821], test-recall=[0.0498, 0.0789], test-ndcg=[0.0348, 0.0449]
2025-12-16 23:08:41,539 - Epoch  7 [20.0s + 1.6s]: train==[10.27806=0.21004 + 0.03629 + 0.26828 + 9.76345], test-recall=[0.0516, 0.0818], test-ndcg=[0.0361, 0.0466]
2025-12-16 23:09:03,147 - Epoch  8 [20.0s + 1.6s]: train==[10.25239=0.20060 + 0.03888 + 0.25279 + 9.76012], test-recall=[0.0531, 0.0839], test-ndcg=[0.0371, 0.0478]
2025-12-16 23:09:24,812 - Epoch  9 [20.1s + 1.6s]: train==[10.22752=0.19167 + 0.04128 + 0.23778 + 9.75679], test-recall=[0.0543, 0.0856], test-ndcg=[0.0379, 0.0488]
2025-12-16 23:09:46,528 - Epoch 10 [20.1s + 1.6s]: train==[10.20838=0.18646 + 0.04346 + 0.22361 + 9.75486], test-recall=[0.0550, 0.0874], test-ndcg=[0.0385, 0.0497]
2025-12-16 23:10:08,261 - Epoch 11 [20.1s + 1.6s]: train==[10.18794=0.17971 + 0.04538 + 0.21037 + 9.75248], test-recall=[0.0562, 0.0890], test-ndcg=[0.0393, 0.0507]
2025-12-16 23:10:29,877 - Epoch 12 [20.0s + 1.6s]: train==[10.17219=0.17489 + 0.04720 + 0.19825 + 9.75186], test-recall=[0.0570, 0.0901], test-ndcg=[0.0398, 0.0513]
2025-12-16 23:10:51,737 - Epoch 13 [20.0s + 1.9s]: train==[10.15622=0.16895 + 0.04893 + 0.18737 + 9.75097], test-recall=[0.0576, 0.0907], test-ndcg=[0.0403, 0.0518]
2025-12-16 23:11:13,419 - Epoch 14 [20.1s + 1.6s]: train==[10.14257=0.16450 + 0.05052 + 0.17761 + 9.74993], test-recall=[0.0581, 0.0918], test-ndcg=[0.0408, 0.0525]
2025-12-16 23:11:35,235 - Epoch 15 [20.2s + 1.6s]: train==[10.13016=0.15985 + 0.05200 + 0.16890 + 9.74941], test-recall=[0.0588, 0.0924], test-ndcg=[0.0412, 0.0529]
2025-12-16 23:11:57,131 - Epoch 16 [20.1s + 1.8s]: train==[10.12071=0.15748 + 0.05335 + 0.16112 + 9.74876], test-recall=[0.0596, 0.0935], test-ndcg=[0.0416, 0.0534]
2025-12-16 23:12:18,796 - Epoch 17 [20.0s + 1.6s]: train==[10.10973=0.15291 + 0.05460 + 0.15417 + 9.74804], test-recall=[0.0601, 0.0940], test-ndcg=[0.0419, 0.0537]
2025-12-16 23:12:40,680 - Epoch 18 [20.3s + 1.6s]: train==[10.10193=0.15186 + 0.05577 + 0.14792 + 9.74637], test-recall=[0.0604, 0.0950], test-ndcg=[0.0421, 0.0542]
2025-12-16 23:13:02,318 - Epoch 19 [20.0s + 1.6s]: train==[10.09357=0.14727 + 0.05683 + 0.14228 + 9.74719], test-recall=[0.0606, 0.0957], test-ndcg=[0.0423, 0.0545]
2025-12-16 23:13:23,993 - Epoch 20 [20.1s + 1.6s]: train==[10.08557=0.14432 + 0.05796 + 0.13715 + 9.74615], test-recall=[0.0612, 0.0962], test-ndcg=[0.0427, 0.0549]
2025-12-16 23:13:45,797 - Epoch 21 [20.2s + 1.6s]: train==[10.08072=0.14347 + 0.05885 + 0.13246 + 9.74594], test-recall=[0.0615, 0.0967], test-ndcg=[0.0430, 0.0552]
2025-12-16 23:14:07,493 - Epoch 22 [20.1s + 1.6s]: train==[10.07497=0.14098 + 0.05978 + 0.12817 + 9.74604], test-recall=[0.0619, 0.0973], test-ndcg=[0.0431, 0.0554]
2025-12-16 23:14:29,048 - Epoch 23 [19.7s + 1.8s]: train==[10.06824=0.13798 + 0.06064 + 0.12428 + 9.74534], test-recall=[0.0619, 0.0974], test-ndcg=[0.0432, 0.0555]
2025-12-16 23:14:50,640 - Epoch 24 [20.0s + 1.6s]: train==[10.06427=0.13660 + 0.06146 + 0.12070 + 9.74551], test-recall=[0.0623, 0.0978], test-ndcg=[0.0435, 0.0558]
2025-12-16 23:15:12,610 - Epoch 25 [20.4s + 1.6s]: train==[10.05826=0.13387 + 0.06222 + 0.11741 + 9.74476], test-recall=[0.0627, 0.0980], test-ndcg=[0.0438, 0.0561]
2025-12-16 23:15:34,170 - Epoch 26 [19.7s + 1.8s]: train==[10.05659=0.13433 + 0.06298 + 0.11434 + 9.74493], test-recall=[0.0629, 0.0985], test-ndcg=[0.0440, 0.0564]
2025-12-16 23:15:55,818 - Epoch 27 [20.0s + 1.6s]: train==[10.05031=0.13134 + 0.06366 + 0.11148 + 9.74384], test-recall=[0.0633, 0.0990], test-ndcg=[0.0443, 0.0567]
2025-12-16 23:16:17,656 - Epoch 28 [20.2s + 1.7s]: train==[10.04824=0.13035 + 0.06429 + 0.10882 + 9.74478], test-recall=[0.0635, 0.0991], test-ndcg=[0.0444, 0.0568]
2025-12-16 23:16:39,619 - Epoch 29 [20.1s + 1.9s]: train==[10.04392=0.12858 + 0.06494 + 0.10635 + 9.74405], test-recall=[0.0633, 0.0994], test-ndcg=[0.0444, 0.0569]
2025-12-16 23:17:01,341 - Epoch 30 [20.1s + 1.6s]: train==[10.04105=0.12708 + 0.06554 + 0.10405 + 9.74438], test-recall=[0.0638, 0.0996], test-ndcg=[0.0446, 0.0571]
2025-12-16 23:17:23,211 - Epoch 31 [20.3s + 1.6s]: train==[10.03807=0.12584 + 0.06620 + 0.10188 + 9.74415], test-recall=[0.0642, 0.0995], test-ndcg=[0.0447, 0.0570]
2025-12-16 23:17:44,883 - Epoch 32 [20.1s + 1.6s]: train==[10.03467=0.12430 + 0.06677 + 0.09985 + 9.74375], test-recall=[0.0641, 0.0998], test-ndcg=[0.0448, 0.0572]
2025-12-16 23:18:06,523 - Epoch 33 [20.0s + 1.6s]: train==[10.03221=0.12302 + 0.06731 + 0.09795 + 9.74393], test-recall=[0.0644, 0.0997], test-ndcg=[0.0449, 0.0572]
2025-12-16 23:18:28,309 - Epoch 34 [20.2s + 1.6s]: train==[10.03193=0.12373 + 0.06783 + 0.09615 + 9.74421], test-recall=[0.0645, 0.1002], test-ndcg=[0.0450, 0.0574]
2025-12-16 23:18:50,043 - Epoch 35 [20.1s + 1.6s]: train==[10.02995=0.12262 + 0.06825 + 0.09445 + 9.74464], test-recall=[0.0643, 0.1005], test-ndcg=[0.0449, 0.0574]
2025-12-16 23:19:11,673 - Epoch 36 [19.8s + 1.9s]: train==[10.02662=0.12098 + 0.06875 + 0.09282 + 9.74406], test-recall=[0.0644, 0.1011], test-ndcg=[0.0451, 0.0578]
2025-12-16 23:19:33,503 - Epoch 37 [20.2s + 1.7s]: train==[10.02477=0.12022 + 0.06925 + 0.09130 + 9.74400], test-recall=[0.0646, 0.1014], test-ndcg=[0.0453, 0.0580]
2025-12-16 23:19:55,646 - Epoch 38 [20.5s + 1.6s]: train==[10.02282=0.11919 + 0.06971 + 0.08985 + 9.74408], test-recall=[0.0646, 0.1013], test-ndcg=[0.0453, 0.0579]
2025-12-16 23:20:17,338 - Epoch 39 [19.9s + 1.8s]: train==[10.02235=0.11919 + 0.07012 + 0.08847 + 9.74458], test-recall=[0.0651, 0.1013], test-ndcg=[0.0455, 0.0581]
2025-12-16 23:20:39,061 - Epoch 40 [20.1s + 1.6s]: train==[10.01885=0.11712 + 0.07047 + 0.08716 + 9.74409], test-recall=[0.0651, 0.1018], test-ndcg=[0.0457, 0.0583]
2025-12-16 23:21:00,985 - Epoch 41 [20.3s + 1.6s]: train==[10.01824=0.11675 + 0.07092 + 0.08591 + 9.74467], test-recall=[0.0649, 0.1017], test-ndcg=[0.0455, 0.0583]
2025-12-16 23:21:22,820 - Epoch 42 [20.0s + 1.8s]: train==[10.01479=0.11558 + 0.07133 + 0.08473 + 9.74314], test-recall=[0.0649, 0.1017], test-ndcg=[0.0455, 0.0583]
2025-12-16 23:21:44,445 - Epoch 43 [20.0s + 1.6s]: train==[10.01589=0.11571 + 0.07166 + 0.08360 + 9.74492], test-recall=[0.0651, 0.1015], test-ndcg=[0.0458, 0.0585]
2025-12-16 23:22:06,155 - Epoch 44 [20.1s + 1.6s]: train==[10.01319=0.11438 + 0.07193 + 0.08250 + 9.74438], test-recall=[0.0653, 0.1017], test-ndcg=[0.0457, 0.0584]
2025-12-16 23:22:27,861 - Epoch 45 [20.1s + 1.6s]: train==[10.01290=0.11478 + 0.07231 + 0.08146 + 9.74435], test-recall=[0.0652, 0.1018], test-ndcg=[0.0457, 0.0584]
2025-12-16 23:22:49,568 - Epoch 46 [20.0s + 1.7s]: train==[10.01279=0.11489 + 0.07260 + 0.08046 + 9.74484], test-recall=[0.0652, 0.1019], test-ndcg=[0.0458, 0.0586]
2025-12-16 23:23:11,199 - Epoch 47 [20.0s + 1.6s]: train==[10.00859=0.11290 + 0.07298 + 0.07951 + 9.74320], test-recall=[0.0655, 0.1021], test-ndcg=[0.0459, 0.0586]
2025-12-16 23:23:32,981 - Epoch 48 [20.2s + 1.6s]: train==[10.00941=0.11367 + 0.07324 + 0.07859 + 9.74390], test-recall=[0.0650, 0.1026], test-ndcg=[0.0457, 0.0587]
2025-12-16 23:23:54,534 - Epoch 49 [19.7s + 1.8s]: train==[10.00676=0.11165 + 0.07357 + 0.07771 + 9.74383], test-recall=[0.0653, 0.1027], test-ndcg=[0.0458, 0.0588]
2025-12-16 23:24:16,210 - Epoch 50 [20.0s + 1.6s]: train==[10.00680=0.11156 + 0.07390 + 0.07687 + 9.74446], test-recall=[0.0653, 0.1030], test-ndcg=[0.0458, 0.0589]
2025-12-16 23:24:38,243 - Epoch 51 [20.5s + 1.6s]: train==[10.00472=0.11105 + 0.07415 + 0.07606 + 9.74346], test-recall=[0.0654, 0.1030], test-ndcg=[0.0459, 0.0589]
2025-12-16 23:24:59,831 - Epoch 52 [19.8s + 1.8s]: train==[10.00430=0.10990 + 0.07444 + 0.07528 + 9.74469], test-recall=[0.0656, 0.1032], test-ndcg=[0.0460, 0.0590]
2025-12-16 23:25:21,457 - Epoch 53 [20.0s + 1.7s]: train==[10.00356=0.10995 + 0.07470 + 0.07451 + 9.74440], test-recall=[0.0653, 0.1031], test-ndcg=[0.0460, 0.0591]
2025-12-16 23:25:43,182 - Epoch 54 [20.1s + 1.6s]: train==[10.00257=0.10989 + 0.07496 + 0.07378 + 9.74393], test-recall=[0.0656, 0.1031], test-ndcg=[0.0461, 0.0590]
2025-12-16 23:26:05,018 - Epoch 55 [20.0s + 1.8s]: train==[10.00147=0.10845 + 0.07520 + 0.07308 + 9.74475], test-recall=[0.0655, 0.1033], test-ndcg=[0.0461, 0.0591]
2025-12-16 23:26:26,621 - Epoch 56 [20.0s + 1.6s]: train==[10.00194=0.10897 + 0.07539 + 0.07239 + 9.74519], test-recall=[0.0659, 0.1033], test-ndcg=[0.0462, 0.0592]
2025-12-16 23:26:48,406 - Epoch 57 [20.2s + 1.6s]: train==[10.00033=0.10834 + 0.07569 + 0.07173 + 9.74456], test-recall=[0.0656, 0.1030], test-ndcg=[0.0461, 0.0591]
2025-12-16 23:27:10,055 - Epoch 58 [20.0s + 1.6s]: train==[9.99797=0.10772 + 0.07593 + 0.07109 + 9.74322], test-recall=[0.0658, 0.1028], test-ndcg=[0.0462, 0.0591]
2025-12-16 23:27:31,782 - Epoch 59 [20.1s + 1.7s]: train==[9.99911=0.10763 + 0.07615 + 0.07048 + 9.74486], test-recall=[0.0659, 0.1031], test-ndcg=[0.0463, 0.0592]
2025-12-16 23:27:53,676 - Epoch 60 [20.2s + 1.7s]: train==[9.99633=0.10718 + 0.07636 + 0.06988 + 9.74290], test-recall=[0.0658, 0.1035], test-ndcg=[0.0464, 0.0595]
2025-12-16 23:28:15,352 - Epoch 61 [20.1s + 1.6s]: train==[9.99757=0.10761 + 0.07655 + 0.06931 + 9.74410], test-recall=[0.0657, 0.1033], test-ndcg=[0.0462, 0.0593]
2025-12-16 23:28:36,995 - Epoch 62 [19.8s + 1.8s]: train==[9.99693=0.10669 + 0.07674 + 0.06875 + 9.74475], test-recall=[0.0655, 0.1031], test-ndcg=[0.0461, 0.0592]
2025-12-16 23:28:58,694 - Epoch 63 [20.1s + 1.6s]: train==[9.99588=0.10692 + 0.07698 + 0.06821 + 9.74376], test-recall=[0.0655, 0.1035], test-ndcg=[0.0462, 0.0594]
2025-12-16 23:29:20,715 - Epoch 64 [20.4s + 1.6s]: train==[9.99557=0.10589 + 0.07714 + 0.06768 + 9.74486], test-recall=[0.0656, 0.1034], test-ndcg=[0.0463, 0.0594]
2025-12-16 23:29:42,252 - Epoch 65 [19.7s + 1.8s]: train==[9.99484=0.10559 + 0.07739 + 0.06717 + 9.74469], test-recall=[0.0659, 0.1035], test-ndcg=[0.0465, 0.0595]
2025-12-16 23:30:03,891 - Epoch 66 [20.0s + 1.6s]: train==[9.99401=0.10566 + 0.07756 + 0.06667 + 9.74413], test-recall=[0.0663, 0.1033], test-ndcg=[0.0466, 0.0595]
2025-12-16 23:30:25,620 - Epoch 67 [20.1s + 1.6s]: train==[9.99451=0.10565 + 0.07770 + 0.06619 + 9.74496], test-recall=[0.0662, 0.1034], test-ndcg=[0.0465, 0.0595]
2025-12-16 23:30:47,405 - Epoch 68 [20.0s + 1.8s]: train==[9.99468=0.10536 + 0.07784 + 0.06572 + 9.74574], test-recall=[0.0659, 0.1035], test-ndcg=[0.0465, 0.0595]
2025-12-16 23:31:08,981 - Epoch 69 [20.0s + 1.6s]: train==[9.99276=0.10486 + 0.07806 + 0.06527 + 9.74457], test-recall=[0.0661, 0.1037], test-ndcg=[0.0466, 0.0596]
2025-12-16 23:31:30,796 - Epoch 70 [20.2s + 1.6s]: train==[9.99200=0.10415 + 0.07818 + 0.06482 + 9.74485], test-recall=[0.0662, 0.1041], test-ndcg=[0.0465, 0.0596]
2025-12-16 23:31:52,406 - Epoch 71 [20.0s + 1.6s]: train==[9.99209=0.10437 + 0.07836 + 0.06439 + 9.74497], test-recall=[0.0664, 0.1039], test-ndcg=[0.0467, 0.0597]
2025-12-16 23:32:14,010 - Epoch 72 [20.0s + 1.6s]: train==[9.99130=0.10410 + 0.07851 + 0.06397 + 9.74472], test-recall=[0.0662, 0.1041], test-ndcg=[0.0467, 0.0598]
2025-12-16 23:32:35,799 - Epoch 73 [20.2s + 1.6s]: train==[9.99036=0.10369 + 0.07866 + 0.06356 + 9.74444], test-recall=[0.0659, 0.1041], test-ndcg=[0.0466, 0.0599]
2025-12-16 23:32:57,478 - Epoch 74 [20.1s + 1.6s]: train==[9.99107=0.10429 + 0.07881 + 0.06316 + 9.74481], test-recall=[0.0663, 0.1042], test-ndcg=[0.0467, 0.0598]
2025-12-16 23:33:19,004 - Epoch 75 [19.7s + 1.8s]: train==[9.98990=0.10371 + 0.07893 + 0.06277 + 9.74450], test-recall=[0.0663, 0.1043], test-ndcg=[0.0466, 0.0597]
2025-12-16 23:33:40,628 - Epoch 76 [20.0s + 1.6s]: train==[9.98960=0.10332 + 0.07907 + 0.06239 + 9.74482], test-recall=[0.0663, 0.1040], test-ndcg=[0.0467, 0.0598]
2025-12-16 23:34:02,576 - Epoch 77 [20.3s + 1.6s]: train==[9.99009=0.10338 + 0.07923 + 0.06202 + 9.74546], test-recall=[0.0665, 0.1039], test-ndcg=[0.0468, 0.0598]
2025-12-16 23:34:24,169 - Epoch 78 [19.8s + 1.8s]: train==[9.98883=0.10342 + 0.07938 + 0.06166 + 9.74437], test-recall=[0.0667, 0.1041], test-ndcg=[0.0468, 0.0598]
2025-12-16 23:34:45,769 - Epoch 79 [20.0s + 1.6s]: train==[9.98936=0.10421 + 0.07950 + 0.06131 + 9.74434], test-recall=[0.0669, 0.1040], test-ndcg=[0.0469, 0.0598]
2025-12-16 23:35:07,560 - Epoch 80 [20.2s + 1.6s]: train==[9.98880=0.10249 + 0.07959 + 0.06096 + 9.74576], test-recall=[0.0669, 0.1042], test-ndcg=[0.0470, 0.0599]
2025-12-16 23:35:29,365 - Epoch 81 [20.0s + 1.8s]: train==[9.98800=0.10273 + 0.07972 + 0.06063 + 9.74492], test-recall=[0.0668, 0.1041], test-ndcg=[0.0469, 0.0599]
2025-12-16 23:35:50,961 - Epoch 82 [20.0s + 1.6s]: train==[9.98687=0.10207 + 0.07985 + 0.06030 + 9.74465], test-recall=[0.0670, 0.1039], test-ndcg=[0.0470, 0.0599]
2025-12-16 23:36:12,731 - Epoch 83 [20.2s + 1.6s]: train==[9.98885=0.10282 + 0.07999 + 0.05998 + 9.74606], test-recall=[0.0666, 0.1039], test-ndcg=[0.0468, 0.0598]
2025-12-16 23:36:34,361 - Epoch 84 [20.0s + 1.6s]: train==[9.98613=0.10173 + 0.08009 + 0.05966 + 9.74466], test-recall=[0.0668, 0.1042], test-ndcg=[0.0468, 0.0598]
2025-12-16 23:36:56,079 - Epoch 85 [20.1s + 1.6s]: train==[9.98671=0.10245 + 0.08017 + 0.05935 + 9.74474], test-recall=[0.0666, 0.1041], test-ndcg=[0.0468, 0.0598]
2025-12-16 23:37:17,978 - Epoch 86 [20.3s + 1.6s]: train==[9.98685=0.10192 + 0.08030 + 0.05905 + 9.74557], test-recall=[0.0666, 0.1040], test-ndcg=[0.0467, 0.0597]
2025-12-16 23:37:39,670 - Epoch 87 [20.1s + 1.6s]: train==[9.98590=0.10207 + 0.08041 + 0.05875 + 9.74466], test-recall=[0.0668, 0.1041], test-ndcg=[0.0468, 0.0598]
2025-12-16 23:38:01,237 - Epoch 88 [19.7s + 1.8s]: train==[9.98583=0.10168 + 0.08057 + 0.05847 + 9.74512], test-recall=[0.0668, 0.1043], test-ndcg=[0.0468, 0.0598]
2025-12-16 23:38:23,028 - Epoch 89 [20.2s + 1.6s]: train==[9.98534=0.10130 + 0.08063 + 0.05819 + 9.74522], test-recall=[0.0666, 0.1040], test-ndcg=[0.0466, 0.0596]
2025-12-16 23:38:45,084 - Epoch 90 [20.4s + 1.6s]: train==[9.98561=0.10125 + 0.08072 + 0.05791 + 9.74573], test-recall=[0.0669, 0.1038], test-ndcg=[0.0467, 0.0596]
2025-12-16 23:39:06,687 - Epoch 91 [19.8s + 1.9s]: train==[9.98459=0.10070 + 0.08077 + 0.05764 + 9.74547], test-recall=[0.0666, 0.1041], test-ndcg=[0.0468, 0.0599]
2025-12-16 23:39:28,425 - Epoch 92 [20.1s + 1.6s]: train==[9.98522=0.10152 + 0.08088 + 0.05738 + 9.74545], test-recall=[0.0668, 0.1042], test-ndcg=[0.0469, 0.0599]
2025-12-16 23:39:50,250 - Epoch 93 [20.2s + 1.6s]: train==[9.98328=0.10066 + 0.08100 + 0.05712 + 9.74450], test-recall=[0.0668, 0.1044], test-ndcg=[0.0469, 0.0599]
2025-12-16 23:40:12,050 - Epoch 94 [20.0s + 1.8s]: train==[9.98462=0.10085 + 0.08105 + 0.05686 + 9.74585], test-recall=[0.0665, 0.1047], test-ndcg=[0.0467, 0.0599]
2025-12-16 23:40:33,315 - Epoch 95 [19.6s + 1.6s]: train==[9.98223=0.09964 + 0.08115 + 0.05662 + 9.74483], test-recall=[0.0666, 0.1041], test-ndcg=[0.0468, 0.0598]
2025-12-16 23:40:55,175 - Epoch 96 [20.2s + 1.6s]: train==[9.98291=0.10046 + 0.08128 + 0.05637 + 9.74480], test-recall=[0.0666, 0.1045], test-ndcg=[0.0466, 0.0598]
2025-12-16 23:41:16,940 - Epoch 97 [20.2s + 1.6s]: train==[9.98444=0.10080 + 0.08131 + 0.05613 + 9.74620], test-recall=[0.0667, 0.1042], test-ndcg=[0.0468, 0.0597]
2025-12-16 23:41:38,516 - Epoch 98 [19.9s + 1.6s]: train==[9.98274=0.10002 + 0.08141 + 0.05590 + 9.74542], test-recall=[0.0669, 0.1042], test-ndcg=[0.0468, 0.0598]
2025-12-16 23:42:00,259 - Epoch 99 [20.1s + 1.6s]: train==[9.98368=0.10051 + 0.08142 + 0.05567 + 9.74608], test-recall=[0.0669, 0.1042], test-ndcg=[0.0469, 0.0598]
2025-12-16 23:42:01,826 - Final Test Set Result: test-recall=[0.0669, 0.1042], test-ndcg=[0.0469, 0.0598]
