2025-12-16 22:29:10,470 - n_users=47939, n_items=41390	n_interactions=2619389	n_train=2357450, n_test=261939, sparsity=0.00119
2025-12-16 22:29:10,470 - Namespace(Ks='[20, 40]', batch_size=10240, cen_reg=0.005, data_path='data/', dataset='tmall', emb_reg=2.5e-05, embed_size=32, epoch=100, lr=0.001, n_batch=40, n_intents=64, n_layers=2, output='tmall_64_', sample_num=40, save_model=False, seed=2022, show_step=1, ssl_reg=0.1, temp=1, train_num=10000, verbose=1)
2025-12-16 22:29:41,374 - Epoch  0 [20.8s + 1.6s]: train==[11.38747=0.64196 + 0.00214 + 0.33188 + 10.41148], test-recall=[0.0189, 0.0310], test-ndcg=[0.0132, 0.0175]
2025-12-16 22:30:03,210 - Epoch  1 [20.2s + 1.6s]: train==[10.67268=0.42828 + 0.00888 + 0.24936 + 9.98616], test-recall=[0.0265, 0.0433], test-ndcg=[0.0181, 0.0240]
2025-12-16 22:30:24,884 - Epoch  2 [20.1s + 1.6s]: train==[10.41215=0.31977 + 0.01622 + 0.23480 + 9.84135], test-recall=[0.0343, 0.0566], test-ndcg=[0.0236, 0.0313]
2025-12-16 22:30:46,528 - Epoch  3 [19.8s + 1.9s]: train==[10.33350=0.27774 + 0.02106 + 0.22343 + 9.81127], test-recall=[0.0398, 0.0653], test-ndcg=[0.0273, 0.0362]
2025-12-16 22:31:08,164 - Epoch  4 [20.0s + 1.6s]: train==[10.28527=0.25319 + 0.02521 + 0.21131 + 9.79556], test-recall=[0.0437, 0.0701], test-ndcg=[0.0300, 0.0392]
2025-12-16 22:31:30,050 - Epoch  5 [20.0s + 1.9s]: train==[10.24842=0.23572 + 0.02882 + 0.19896 + 9.78490], test-recall=[0.0463, 0.0740], test-ndcg=[0.0318, 0.0415]
2025-12-16 22:31:51,665 - Epoch  6 [20.0s + 1.6s]: train==[10.21820=0.22159 + 0.03193 + 0.18668 + 9.77800], test-recall=[0.0478, 0.0765], test-ndcg=[0.0333, 0.0433]
2025-12-16 22:32:13,349 - Epoch  7 [20.1s + 1.6s]: train==[10.19390=0.21222 + 0.03475 + 0.17475 + 9.77218], test-recall=[0.0494, 0.0795], test-ndcg=[0.0346, 0.0450]
2025-12-16 22:32:34,955 - Epoch  8 [19.9s + 1.7s]: train==[10.17271=0.20390 + 0.03722 + 0.16348 + 9.76811], test-recall=[0.0511, 0.0816], test-ndcg=[0.0357, 0.0463]
2025-12-16 22:32:56,772 - Epoch  9 [20.2s + 1.6s]: train==[10.15147=0.19506 + 0.03948 + 0.15300 + 9.76392], test-recall=[0.0522, 0.0836], test-ndcg=[0.0364, 0.0473]
2025-12-16 22:33:18,537 - Epoch 10 [20.2s + 1.6s]: train==[10.13708=0.19044 + 0.04153 + 0.14347 + 9.76165], test-recall=[0.0530, 0.0849], test-ndcg=[0.0371, 0.0481]
2025-12-16 22:33:40,400 - Epoch 11 [20.2s + 1.6s]: train==[10.12049=0.18366 + 0.04338 + 0.13491 + 9.75854], test-recall=[0.0540, 0.0865], test-ndcg=[0.0378, 0.0490]
2025-12-16 22:34:01,967 - Epoch 12 [19.9s + 1.7s]: train==[10.10876=0.17928 + 0.04511 + 0.12726 + 9.75710], test-recall=[0.0549, 0.0874], test-ndcg=[0.0383, 0.0496]
2025-12-16 22:34:24,086 - Epoch 13 [20.2s + 1.9s]: train==[10.09591=0.17308 + 0.04674 + 0.12046 + 9.75563], test-recall=[0.0557, 0.0884], test-ndcg=[0.0388, 0.0501]
2025-12-16 22:34:45,923 - Epoch 14 [20.2s + 1.6s]: train==[10.08613=0.16930 + 0.04826 + 0.11439 + 9.75418], test-recall=[0.0562, 0.0896], test-ndcg=[0.0392, 0.0507]
2025-12-16 22:35:07,691 - Epoch 15 [20.1s + 1.6s]: train==[10.07586=0.16402 + 0.04965 + 0.10896 + 9.75323], test-recall=[0.0568, 0.0901], test-ndcg=[0.0396, 0.0512]
2025-12-16 22:35:29,727 - Epoch 16 [20.2s + 1.9s]: train==[10.06913=0.16211 + 0.05095 + 0.10410 + 9.75197], test-recall=[0.0573, 0.0908], test-ndcg=[0.0399, 0.0515]
2025-12-16 22:35:51,420 - Epoch 17 [20.1s + 1.6s]: train==[10.06088=0.15763 + 0.05216 + 0.09973 + 9.75136], test-recall=[0.0578, 0.0913], test-ndcg=[0.0402, 0.0518]
2025-12-16 22:36:12,893 - Epoch 18 [19.8s + 1.6s]: train==[10.05504=0.15652 + 0.05330 + 0.09581 + 9.74941], test-recall=[0.0579, 0.0924], test-ndcg=[0.0404, 0.0524]
2025-12-16 22:36:34,703 - Epoch 19 [20.2s + 1.6s]: train==[10.04909=0.15230 + 0.05431 + 0.09228 + 9.75019], test-recall=[0.0588, 0.0929], test-ndcg=[0.0409, 0.0528]
2025-12-16 22:36:56,358 - Epoch 20 [20.1s + 1.6s]: train==[10.04234=0.14912 + 0.05538 + 0.08907 + 9.74877], test-recall=[0.0592, 0.0933], test-ndcg=[0.0411, 0.0529]
2025-12-16 22:37:18,084 - Epoch 21 [20.1s + 1.6s]: train==[10.03889=0.14802 + 0.05624 + 0.08613 + 9.74850], test-recall=[0.0594, 0.0937], test-ndcg=[0.0413, 0.0532]
2025-12-16 22:37:39,951 - Epoch 22 [20.2s + 1.6s]: train==[10.03434=0.14586 + 0.05714 + 0.08345 + 9.74790], test-recall=[0.0595, 0.0942], test-ndcg=[0.0415, 0.0535]
2025-12-16 22:38:01,643 - Epoch 23 [19.9s + 1.8s]: train==[10.02939=0.14340 + 0.05793 + 0.08097 + 9.74709], test-recall=[0.0598, 0.0944], test-ndcg=[0.0416, 0.0537]
2025-12-16 22:38:23,295 - Epoch 24 [20.0s + 1.6s]: train==[10.02627=0.14176 + 0.05869 + 0.07871 + 9.74711], test-recall=[0.0601, 0.0950], test-ndcg=[0.0420, 0.0541]
2025-12-16 22:38:45,319 - Epoch 25 [20.4s + 1.6s]: train==[10.02164=0.13905 + 0.05939 + 0.07663 + 9.74658], test-recall=[0.0604, 0.0952], test-ndcg=[0.0421, 0.0542]
2025-12-16 22:39:06,910 - Epoch 26 [19.8s + 1.8s]: train==[10.02126=0.13947 + 0.06014 + 0.07470 + 9.74695], test-recall=[0.0604, 0.0952], test-ndcg=[0.0423, 0.0544]
2025-12-16 22:39:28,616 - Epoch 27 [20.1s + 1.6s]: train==[10.01602=0.13676 + 0.06079 + 0.07292 + 9.74555], test-recall=[0.0604, 0.0958], test-ndcg=[0.0423, 0.0546]
2025-12-16 22:39:50,474 - Epoch 28 [20.2s + 1.6s]: train==[10.01509=0.13644 + 0.06136 + 0.07126 + 9.74603], test-recall=[0.0608, 0.0962], test-ndcg=[0.0424, 0.0547]
2025-12-16 22:40:12,317 - Epoch 29 [20.0s + 1.8s]: train==[10.01099=0.13418 + 0.06192 + 0.06970 + 9.74519], test-recall=[0.0611, 0.0964], test-ndcg=[0.0427, 0.0549]
2025-12-16 22:40:33,938 - Epoch 30 [20.0s + 1.6s]: train==[10.00904=0.13289 + 0.06245 + 0.06826 + 9.74544], test-recall=[0.0614, 0.0968], test-ndcg=[0.0428, 0.0551]
2025-12-16 22:40:55,693 - Epoch 31 [20.1s + 1.6s]: train==[10.00697=0.13181 + 0.06305 + 0.06689 + 9.74522], test-recall=[0.0614, 0.0966], test-ndcg=[0.0428, 0.0551]
2025-12-16 22:41:17,445 - Epoch 32 [20.1s + 1.6s]: train==[10.00441=0.13055 + 0.06356 + 0.06562 + 9.74468], test-recall=[0.0615, 0.0968], test-ndcg=[0.0430, 0.0552]
2025-12-16 22:41:39,065 - Epoch 33 [20.0s + 1.6s]: train==[10.00211=0.12886 + 0.06407 + 0.06443 + 9.74474], test-recall=[0.0617, 0.0970], test-ndcg=[0.0431, 0.0553]
2025-12-16 22:42:00,721 - Epoch 34 [20.0s + 1.6s]: train==[10.00191=0.12917 + 0.06456 + 0.06331 + 9.74487], test-recall=[0.0617, 0.0971], test-ndcg=[0.0431, 0.0553]
2025-12-16 22:42:22,568 - Epoch 35 [20.2s + 1.6s]: train==[10.00132=0.12874 + 0.06496 + 0.06225 + 9.74537], test-recall=[0.0620, 0.0973], test-ndcg=[0.0431, 0.0553]
2025-12-16 22:42:44,141 - Epoch 36 [19.8s + 1.8s]: train==[9.99805=0.12700 + 0.06542 + 0.06124 + 9.74440], test-recall=[0.0622, 0.0977], test-ndcg=[0.0433, 0.0556]
2025-12-16 22:43:05,699 - Epoch 37 [19.9s + 1.6s]: train==[9.99635=0.12599 + 0.06587 + 0.06029 + 9.74421], test-recall=[0.0625, 0.0979], test-ndcg=[0.0435, 0.0558]
2025-12-16 22:43:27,709 - Epoch 38 [20.4s + 1.6s]: train==[9.99446=0.12493 + 0.06627 + 0.05937 + 9.74388], test-recall=[0.0625, 0.0979], test-ndcg=[0.0435, 0.0557]
2025-12-16 22:43:49,272 - Epoch 39 [19.7s + 1.8s]: train==[9.99503=0.12523 + 0.06665 + 0.05850 + 9.74465], test-recall=[0.0629, 0.0984], test-ndcg=[0.0438, 0.0561]
2025-12-16 22:44:10,907 - Epoch 40 [20.0s + 1.6s]: train==[9.99180=0.12307 + 0.06698 + 0.05768 + 9.74407], test-recall=[0.0624, 0.0986], test-ndcg=[0.0437, 0.0563]
2025-12-16 22:44:32,581 - Epoch 41 [20.1s + 1.6s]: train==[9.99122=0.12242 + 0.06740 + 0.05690 + 9.74450], test-recall=[0.0625, 0.0987], test-ndcg=[0.0437, 0.0563]
2025-12-16 22:44:54,468 - Epoch 42 [20.0s + 1.8s]: train==[9.98834=0.12181 + 0.06775 + 0.05616 + 9.74262], test-recall=[0.0626, 0.0987], test-ndcg=[0.0438, 0.0564]
2025-12-16 22:45:16,223 - Epoch 43 [20.0s + 1.7s]: train==[9.98970=0.12162 + 0.06805 + 0.05544 + 9.74460], test-recall=[0.0627, 0.0991], test-ndcg=[0.0439, 0.0566]
2025-12-16 22:45:37,873 - Epoch 44 [20.0s + 1.6s]: train==[9.98687=0.12042 + 0.06828 + 0.05475 + 9.74342], test-recall=[0.0628, 0.0991], test-ndcg=[0.0439, 0.0565]
2025-12-16 22:45:59,704 - Epoch 45 [20.2s + 1.7s]: train==[9.98738=0.12111 + 0.06861 + 0.05408 + 9.74357], test-recall=[0.0635, 0.0994], test-ndcg=[0.0442, 0.0566]
2025-12-16 22:46:21,372 - Epoch 46 [20.0s + 1.6s]: train==[9.98757=0.12106 + 0.06886 + 0.05346 + 9.74420], test-recall=[0.0637, 0.0993], test-ndcg=[0.0442, 0.0566]
2025-12-16 22:46:43,008 - Epoch 47 [20.0s + 1.6s]: train==[9.98306=0.11872 + 0.06924 + 0.05286 + 9.74223], test-recall=[0.0636, 0.0994], test-ndcg=[0.0442, 0.0566]
2025-12-16 22:47:04,828 - Epoch 48 [20.2s + 1.6s]: train==[9.98423=0.11966 + 0.06946 + 0.05229 + 9.74283], test-recall=[0.0633, 0.0994], test-ndcg=[0.0442, 0.0567]
2025-12-16 22:47:26,447 - Epoch 49 [19.8s + 1.8s]: train==[9.98169=0.11765 + 0.06977 + 0.05173 + 9.74253], test-recall=[0.0636, 0.0995], test-ndcg=[0.0443, 0.0568]
2025-12-16 22:47:48,197 - Epoch 50 [20.1s + 1.6s]: train==[9.98190=0.11735 + 0.07008 + 0.05119 + 9.74327], test-recall=[0.0636, 0.0998], test-ndcg=[0.0443, 0.0569]
2025-12-16 22:48:10,276 - Epoch 51 [20.5s + 1.6s]: train==[9.98049=0.11710 + 0.07033 + 0.05069 + 9.74238], test-recall=[0.0636, 0.0998], test-ndcg=[0.0443, 0.0568]
2025-12-16 22:48:31,857 - Epoch 52 [19.7s + 1.8s]: train==[9.98027=0.11576 + 0.07062 + 0.05020 + 9.74370], test-recall=[0.0636, 0.1002], test-ndcg=[0.0443, 0.0570]
2025-12-16 22:48:53,483 - Epoch 53 [20.0s + 1.6s]: train==[9.97955=0.11603 + 0.07087 + 0.04972 + 9.74294], test-recall=[0.0636, 0.0999], test-ndcg=[0.0444, 0.0571]
2025-12-16 22:49:15,124 - Epoch 54 [20.0s + 1.6s]: train==[9.97854=0.11583 + 0.07110 + 0.04925 + 9.74236], test-recall=[0.0640, 0.0998], test-ndcg=[0.0447, 0.0571]
2025-12-16 22:49:37,185 - Epoch 55 [20.2s + 1.8s]: train==[9.97754=0.11429 + 0.07131 + 0.04881 + 9.74314], test-recall=[0.0640, 0.0998], test-ndcg=[0.0446, 0.0571]
2025-12-16 22:49:58,847 - Epoch 56 [20.1s + 1.6s]: train==[9.97843=0.11507 + 0.07151 + 0.04838 + 9.74348], test-recall=[0.0642, 0.1001], test-ndcg=[0.0449, 0.0574]
2025-12-16 22:50:20,506 - Epoch 57 [20.0s + 1.6s]: train==[9.97708=0.11453 + 0.07176 + 0.04796 + 9.74283], test-recall=[0.0642, 0.0997], test-ndcg=[0.0449, 0.0573]
2025-12-16 22:50:42,320 - Epoch 58 [20.2s + 1.6s]: train==[9.97434=0.11351 + 0.07196 + 0.04756 + 9.74131], test-recall=[0.0640, 0.0999], test-ndcg=[0.0449, 0.0574]
2025-12-16 22:51:03,973 - Epoch 59 [20.0s + 1.6s]: train==[9.97548=0.11354 + 0.07216 + 0.04717 + 9.74261], test-recall=[0.0642, 0.1003], test-ndcg=[0.0450, 0.0575]
2025-12-16 22:51:25,618 - Epoch 60 [20.0s + 1.6s]: train==[9.97271=0.11289 + 0.07236 + 0.04679 + 9.74067], test-recall=[0.0640, 0.1003], test-ndcg=[0.0449, 0.0575]
2025-12-16 22:51:47,428 - Epoch 61 [20.2s + 1.6s]: train==[9.97441=0.11363 + 0.07254 + 0.04642 + 9.74182], test-recall=[0.0640, 0.1003], test-ndcg=[0.0448, 0.0574]
2025-12-16 22:52:09,247 - Epoch 62 [20.0s + 1.8s]: train==[9.97398=0.11255 + 0.07271 + 0.04606 + 9.74266], test-recall=[0.0639, 0.0998], test-ndcg=[0.0448, 0.0573]
2025-12-16 22:52:30,834 - Epoch 63 [20.0s + 1.6s]: train==[9.97325=0.11298 + 0.07294 + 0.04572 + 9.74161], test-recall=[0.0641, 0.1001], test-ndcg=[0.0448, 0.0573]
2025-12-16 22:52:52,833 - Epoch 64 [20.4s + 1.6s]: train==[9.97281=0.11209 + 0.07308 + 0.04539 + 9.74226], test-recall=[0.0640, 0.1005], test-ndcg=[0.0448, 0.0575]
2025-12-16 22:53:14,472 - Epoch 65 [19.8s + 1.8s]: train==[9.97227=0.11134 + 0.07330 + 0.04507 + 9.74256], test-recall=[0.0644, 0.1005], test-ndcg=[0.0452, 0.0578]
2025-12-16 22:53:36,054 - Epoch 66 [20.0s + 1.6s]: train==[9.97110=0.11146 + 0.07346 + 0.04475 + 9.74142], test-recall=[0.0645, 0.1006], test-ndcg=[0.0450, 0.0576]
2025-12-16 22:53:57,718 - Epoch 67 [20.0s + 1.6s]: train==[9.97126=0.11101 + 0.07360 + 0.04444 + 9.74221], test-recall=[0.0641, 0.1006], test-ndcg=[0.0449, 0.0575]
2025-12-16 22:54:19,648 - Epoch 68 [20.1s + 1.8s]: train==[9.97164=0.11103 + 0.07375 + 0.04414 + 9.74272], test-recall=[0.0640, 0.1007], test-ndcg=[0.0449, 0.0576]
2025-12-16 22:54:41,297 - Epoch 69 [20.0s + 1.6s]: train==[9.97047=0.11055 + 0.07396 + 0.04385 + 9.74212], test-recall=[0.0637, 0.1009], test-ndcg=[0.0448, 0.0577]
2025-12-16 22:55:02,956 - Epoch 70 [20.0s + 1.6s]: train==[9.96920=0.10974 + 0.07408 + 0.04356 + 9.74182], test-recall=[0.0640, 0.1009], test-ndcg=[0.0449, 0.0577]
2025-12-16 22:55:24,867 - Epoch 71 [20.2s + 1.7s]: train==[9.97005=0.11010 + 0.07427 + 0.04328 + 9.74240], test-recall=[0.0640, 0.1008], test-ndcg=[0.0450, 0.0578]
2025-12-16 22:55:46,504 - Epoch 72 [20.0s + 1.6s]: train==[9.96922=0.11002 + 0.07437 + 0.04302 + 9.74181], test-recall=[0.0641, 0.1008], test-ndcg=[0.0449, 0.0576]
2025-12-16 22:56:08,129 - Epoch 73 [20.0s + 1.6s]: train==[9.96787=0.10937 + 0.07451 + 0.04276 + 9.74123], test-recall=[0.0642, 0.1008], test-ndcg=[0.0450, 0.0578]
2025-12-16 22:56:30,111 - Epoch 74 [20.4s + 1.6s]: train==[9.96917=0.11012 + 0.07466 + 0.04250 + 9.74188], test-recall=[0.0647, 0.1011], test-ndcg=[0.0453, 0.0579]
2025-12-16 22:56:51,539 - Epoch 75 [19.6s + 1.8s]: train==[9.96829=0.10989 + 0.07476 + 0.04225 + 9.74138], test-recall=[0.0645, 0.1015], test-ndcg=[0.0451, 0.0580]
2025-12-16 22:57:13,059 - Epoch 76 [19.9s + 1.6s]: train==[9.96706=0.10872 + 0.07489 + 0.04200 + 9.74145], test-recall=[0.0647, 0.1012], test-ndcg=[0.0454, 0.0580]
2025-12-16 22:57:35,189 - Epoch 77 [20.5s + 1.6s]: train==[9.96780=0.10906 + 0.07502 + 0.04176 + 9.74195], test-recall=[0.0647, 0.1009], test-ndcg=[0.0453, 0.0578]
2025-12-16 22:57:56,756 - Epoch 78 [19.8s + 1.8s]: train==[9.96693=0.10918 + 0.07514 + 0.04153 + 9.74108], test-recall=[0.0646, 0.1012], test-ndcg=[0.0453, 0.0581]
2025-12-16 22:58:18,398 - Epoch 79 [20.0s + 1.6s]: train==[9.96743=0.10976 + 0.07525 + 0.04130 + 9.74111], test-recall=[0.0646, 0.1013], test-ndcg=[0.0453, 0.0581]
2025-12-16 22:58:40,214 - Epoch 80 [20.2s + 1.6s]: train==[9.96684=0.10795 + 0.07536 + 0.04109 + 9.74244], test-recall=[0.0649, 0.1012], test-ndcg=[0.0454, 0.0581]
2025-12-16 22:59:02,075 - Epoch 81 [20.0s + 1.8s]: train==[9.96582=0.10819 + 0.07550 + 0.04087 + 9.74126], test-recall=[0.0652, 0.1011], test-ndcg=[0.0456, 0.0582]
2025-12-16 22:59:23,555 - Epoch 82 [19.9s + 1.6s]: train==[9.96476=0.10746 + 0.07561 + 0.04066 + 9.74103], test-recall=[0.0650, 0.1015], test-ndcg=[0.0456, 0.0582]
2025-12-16 22:59:45,174 - Epoch 83 [20.0s + 1.6s]: train==[9.96705=0.10843 + 0.07576 + 0.04045 + 9.74241], test-recall=[0.0645, 0.1015], test-ndcg=[0.0455, 0.0582]
2025-12-16 23:00:06,997 - Epoch 84 [20.2s + 1.6s]: train==[9.96448=0.10706 + 0.07585 + 0.04024 + 9.74132], test-recall=[0.0649, 0.1017], test-ndcg=[0.0456, 0.0583]
2025-12-16 23:00:28,647 - Epoch 85 [20.1s + 1.6s]: train==[9.96501=0.10787 + 0.07594 + 0.04005 + 9.74115], test-recall=[0.0650, 0.1015], test-ndcg=[0.0453, 0.0580]
2025-12-16 23:00:50,247 - Epoch 86 [20.0s + 1.6s]: train==[9.96485=0.10716 + 0.07608 + 0.03985 + 9.74175], test-recall=[0.0649, 0.1018], test-ndcg=[0.0454, 0.0581]
2025-12-16 23:01:12,058 - Epoch 87 [20.2s + 1.6s]: train==[9.96380=0.10715 + 0.07616 + 0.03966 + 9.74083], test-recall=[0.0652, 0.1017], test-ndcg=[0.0456, 0.0583]
2025-12-16 23:01:33,635 - Epoch 88 [19.7s + 1.8s]: train==[9.96445=0.10739 + 0.07631 + 0.03948 + 9.74127], test-recall=[0.0651, 0.1017], test-ndcg=[0.0455, 0.0582]
2025-12-16 23:01:55,244 - Epoch 89 [20.0s + 1.6s]: train==[9.96387=0.10708 + 0.07636 + 0.03929 + 9.74114], test-recall=[0.0652, 0.1015], test-ndcg=[0.0455, 0.0581]
2025-12-16 23:02:17,436 - Epoch 90 [20.6s + 1.6s]: train==[9.96374=0.10639 + 0.07644 + 0.03911 + 9.74180], test-recall=[0.0650, 0.1011], test-ndcg=[0.0454, 0.0579]
2025-12-16 23:02:39,043 - Epoch 91 [19.8s + 1.8s]: train==[9.96348=0.10644 + 0.07650 + 0.03894 + 9.74160], test-recall=[0.0651, 0.1014], test-ndcg=[0.0454, 0.0580]
2025-12-16 23:03:00,626 - Epoch 92 [20.0s + 1.6s]: train==[9.96388=0.10725 + 0.07659 + 0.03877 + 9.74127], test-recall=[0.0648, 0.1015], test-ndcg=[0.0453, 0.0580]
2025-12-16 23:03:22,159 - Epoch 93 [19.9s + 1.6s]: train==[9.96152=0.10568 + 0.07670 + 0.03860 + 9.74054], test-recall=[0.0651, 0.1015], test-ndcg=[0.0455, 0.0582]
2025-12-16 23:03:44,019 - Epoch 94 [20.0s + 1.9s]: train==[9.96294=0.10614 + 0.07679 + 0.03844 + 9.74158], test-recall=[0.0647, 0.1015], test-ndcg=[0.0454, 0.0582]
2025-12-16 23:04:05,648 - Epoch 95 [20.0s + 1.6s]: train==[9.96096=0.10523 + 0.07688 + 0.03827 + 9.74057], test-recall=[0.0648, 0.1009], test-ndcg=[0.0453, 0.0579]
2025-12-16 23:04:27,280 - Epoch 96 [20.0s + 1.6s]: train==[9.96186=0.10617 + 0.07698 + 0.03811 + 9.74059], test-recall=[0.0650, 0.1016], test-ndcg=[0.0454, 0.0581]
2025-12-16 23:04:49,070 - Epoch 97 [20.2s + 1.6s]: train==[9.96268=0.10591 + 0.07700 + 0.03795 + 9.74182], test-recall=[0.0650, 0.1016], test-ndcg=[0.0455, 0.0582]
2025-12-16 23:05:10,771 - Epoch 98 [20.1s + 1.6s]: train==[9.96134=0.10538 + 0.07712 + 0.03780 + 9.74105], test-recall=[0.0652, 0.1017], test-ndcg=[0.0455, 0.0582]
2025-12-16 23:05:32,427 - Epoch 99 [20.0s + 1.6s]: train==[9.96193=0.10544 + 0.07713 + 0.03765 + 9.74171], test-recall=[0.0647, 0.1020], test-ndcg=[0.0455, 0.0584]
2025-12-16 23:05:33,990 - Final Test Set Result: test-recall=[0.0647, 0.1020], test-ndcg=[0.0455, 0.0584]
