2025-12-16 23:42:06,233 - n_users=47939, n_items=41390	n_interactions=2619389	n_train=2357450, n_test=261939, sparsity=0.00119
2025-12-16 23:42:06,233 - Namespace(Ks='[20, 40]', batch_size=10240, cen_reg=0.005, data_path='data/', dataset='tmall', emb_reg=2.5e-05, embed_size=32, epoch=100, lr=0.001, n_batch=40, n_intents=256, n_layers=2, output='tmall_256_', sample_num=40, save_model=False, seed=2022, show_step=1, ssl_reg=0.1, temp=1, train_num=10000, verbose=1)
2025-12-16 23:42:37,122 - Epoch  0 [20.8s + 1.7s]: train==[11.25156=0.64007 + 0.00274 + 0.46551 + 10.14323], test-recall=[0.0244, 0.0402], test-ndcg=[0.0163, 0.0219]
2025-12-16 23:42:59,082 - Epoch  1 [20.4s + 1.6s]: train==[10.71238=0.43186 + 0.00948 + 0.41366 + 9.85738], test-recall=[0.0320, 0.0516], test-ndcg=[0.0216, 0.0285]
2025-12-16 23:43:20,707 - Epoch  2 [20.0s + 1.6s]: train==[10.51973=0.30760 + 0.01764 + 0.40205 + 9.79244], test-recall=[0.0385, 0.0626], test-ndcg=[0.0262, 0.0346]
2025-12-16 23:43:42,326 - Epoch  3 [19.8s + 1.8s]: train==[10.45766=0.26755 + 0.02291 + 0.38845 + 9.77875], test-recall=[0.0432, 0.0698], test-ndcg=[0.0297, 0.0389]
2025-12-16 23:44:04,059 - Epoch  4 [20.1s + 1.6s]: train==[10.41660=0.24574 + 0.02693 + 0.37340 + 9.77053], test-recall=[0.0461, 0.0743], test-ndcg=[0.0320, 0.0418]
2025-12-16 23:44:25,943 - Epoch  5 [20.0s + 1.8s]: train==[10.38229=0.22985 + 0.03039 + 0.35746 + 9.76458], test-recall=[0.0486, 0.0775], test-ndcg=[0.0337, 0.0437]
2025-12-16 23:44:47,717 - Epoch  6 [20.1s + 1.7s]: train==[10.35167=0.21625 + 0.03341 + 0.34123 + 9.76077], test-recall=[0.0500, 0.0798], test-ndcg=[0.0348, 0.0451]
2025-12-16 23:45:09,497 - Epoch  7 [20.1s + 1.7s]: train==[10.32658=0.20766 + 0.03618 + 0.32507 + 9.75768], test-recall=[0.0515, 0.0823], test-ndcg=[0.0358, 0.0465]
2025-12-16 23:45:31,256 - Epoch  8 [20.1s + 1.6s]: train==[10.30259=0.19890 + 0.03866 + 0.30937 + 9.75565], test-recall=[0.0525, 0.0842], test-ndcg=[0.0366, 0.0476]
2025-12-16 23:45:53,010 - Epoch  9 [20.1s + 1.6s]: train==[10.27962=0.19064 + 0.04098 + 0.29437 + 9.75364], test-recall=[0.0538, 0.0855], test-ndcg=[0.0373, 0.0483]
2025-12-16 23:46:14,835 - Epoch 10 [20.2s + 1.6s]: train==[10.26217=0.18602 + 0.04313 + 0.28023 + 9.75279], test-recall=[0.0544, 0.0873], test-ndcg=[0.0378, 0.0492]
2025-12-16 23:46:36,634 - Epoch 11 [20.2s + 1.6s]: train==[10.24224=0.17891 + 0.04509 + 0.26706 + 9.75119], test-recall=[0.0557, 0.0883], test-ndcg=[0.0387, 0.0500]
2025-12-16 23:46:58,396 - Epoch 12 [20.1s + 1.6s]: train==[10.22680=0.17432 + 0.04697 + 0.25483 + 9.75069], test-recall=[0.0565, 0.0896], test-ndcg=[0.0393, 0.0508]
2025-12-16 23:47:20,501 - Epoch 13 [20.1s + 2.0s]: train==[10.21115=0.16795 + 0.04879 + 0.24356 + 9.75084], test-recall=[0.0574, 0.0907], test-ndcg=[0.0398, 0.0514]
2025-12-16 23:47:42,321 - Epoch 14 [20.2s + 1.6s]: train==[10.19777=0.16390 + 0.05049 + 0.23323 + 9.75016], test-recall=[0.0581, 0.0918], test-ndcg=[0.0404, 0.0521]
2025-12-16 23:48:04,042 - Epoch 15 [20.1s + 1.6s]: train==[10.18427=0.15826 + 0.05211 + 0.22374 + 9.75016], test-recall=[0.0586, 0.0925], test-ndcg=[0.0408, 0.0526]
2025-12-16 23:48:26,170 - Epoch 16 [20.1s + 2.1s]: train==[10.17469=0.15602 + 0.05364 + 0.21506 + 9.74997], test-recall=[0.0591, 0.0934], test-ndcg=[0.0412, 0.0531]
2025-12-16 23:48:47,901 - Epoch 17 [20.1s + 1.6s]: train==[10.16314=0.15124 + 0.05506 + 0.20711 + 9.74973], test-recall=[0.0597, 0.0938], test-ndcg=[0.0415, 0.0534]
2025-12-16 23:49:09,605 - Epoch 18 [20.1s + 1.6s]: train==[10.15449=0.14989 + 0.05641 + 0.19981 + 9.74838], test-recall=[0.0604, 0.0946], test-ndcg=[0.0419, 0.0538]
2025-12-16 23:49:31,325 - Epoch 19 [20.1s + 1.6s]: train==[10.14561=0.14575 + 0.05762 + 0.19307 + 9.74916], test-recall=[0.0605, 0.0953], test-ndcg=[0.0420, 0.0541]
2025-12-16 23:49:53,190 - Epoch 20 [20.3s + 1.6s]: train==[10.13686=0.14223 + 0.05889 + 0.18682 + 9.74893], test-recall=[0.0607, 0.0958], test-ndcg=[0.0423, 0.0545]
2025-12-16 23:50:14,901 - Epoch 21 [20.1s + 1.6s]: train==[10.13118=0.14110 + 0.05995 + 0.18106 + 9.74908], test-recall=[0.0613, 0.0963], test-ndcg=[0.0428, 0.0550]
2025-12-16 23:50:36,646 - Epoch 22 [20.1s + 1.6s]: train==[10.12484=0.13863 + 0.06105 + 0.17572 + 9.74943], test-recall=[0.0620, 0.0972], test-ndcg=[0.0431, 0.0553]
2025-12-16 23:50:58,479 - Epoch 23 [20.0s + 1.8s]: train==[10.11705=0.13527 + 0.06207 + 0.17079 + 9.74892], test-recall=[0.0619, 0.0970], test-ndcg=[0.0430, 0.0553]
2025-12-16 23:51:20,121 - Epoch 24 [20.0s + 1.6s]: train==[10.11179=0.13361 + 0.06307 + 0.16619 + 9.74892], test-recall=[0.0622, 0.0978], test-ndcg=[0.0434, 0.0557]
2025-12-16 23:51:42,048 - Epoch 25 [20.3s + 1.6s]: train==[10.10635=0.13138 + 0.06394 + 0.16191 + 9.74913], test-recall=[0.0623, 0.0981], test-ndcg=[0.0435, 0.0559]
2025-12-16 23:52:04,007 - Epoch 26 [20.1s + 1.9s]: train==[10.10370=0.13141 + 0.06486 + 0.15790 + 9.74953], test-recall=[0.0625, 0.0980], test-ndcg=[0.0436, 0.0559]
2025-12-16 23:52:25,809 - Epoch 27 [20.2s + 1.6s]: train==[10.09633=0.12824 + 0.06568 + 0.15416 + 9.74826], test-recall=[0.0628, 0.0984], test-ndcg=[0.0437, 0.0562]
2025-12-16 23:52:47,527 - Epoch 28 [20.1s + 1.6s]: train==[10.09427=0.12778 + 0.06641 + 0.15064 + 9.74944], test-recall=[0.0631, 0.0985], test-ndcg=[0.0441, 0.0564]
2025-12-16 23:53:09,662 - Epoch 29 [20.3s + 1.8s]: train==[10.08928=0.12570 + 0.06716 + 0.14735 + 9.74908], test-recall=[0.0634, 0.0990], test-ndcg=[0.0443, 0.0566]
2025-12-16 23:53:31,485 - Epoch 30 [20.2s + 1.6s]: train==[10.08577=0.12418 + 0.06785 + 0.14425 + 9.74950], test-recall=[0.0634, 0.0992], test-ndcg=[0.0444, 0.0568]
2025-12-16 23:53:53,388 - Epoch 31 [20.3s + 1.6s]: train==[10.08239=0.12307 + 0.06859 + 0.14132 + 9.74941], test-recall=[0.0633, 0.0995], test-ndcg=[0.0443, 0.0569]
2025-12-16 23:54:15,101 - Epoch 32 [20.1s + 1.6s]: train==[10.07846=0.12141 + 0.06927 + 0.13856 + 9.74922], test-recall=[0.0637, 0.0997], test-ndcg=[0.0444, 0.0569]
2025-12-16 23:54:36,917 - Epoch 33 [20.2s + 1.6s]: train==[10.07553=0.12006 + 0.06989 + 0.13596 + 9.74962], test-recall=[0.0643, 0.0999], test-ndcg=[0.0448, 0.0571]
2025-12-16 23:54:58,858 - Epoch 34 [20.3s + 1.6s]: train==[10.07404=0.12018 + 0.07049 + 0.13349 + 9.74989], test-recall=[0.0642, 0.1003], test-ndcg=[0.0447, 0.0572]
2025-12-16 23:55:20,563 - Epoch 35 [20.1s + 1.6s]: train==[10.07229=0.11914 + 0.07103 + 0.13115 + 9.75097], test-recall=[0.0643, 0.1002], test-ndcg=[0.0447, 0.0572]
2025-12-16 23:55:42,632 - Epoch 36 [20.0s + 2.1s]: train==[10.06824=0.11764 + 0.07161 + 0.12892 + 9.75007], test-recall=[0.0643, 0.1008], test-ndcg=[0.0449, 0.0575]
2025-12-16 23:56:04,374 - Epoch 37 [20.1s + 1.7s]: train==[10.06567=0.11674 + 0.07215 + 0.12680 + 9.74999], test-recall=[0.0644, 0.1009], test-ndcg=[0.0452, 0.0579]
2025-12-16 23:56:26,365 - Epoch 38 [20.3s + 1.7s]: train==[10.06374=0.11578 + 0.07269 + 0.12478 + 9.75049], test-recall=[0.0644, 0.1012], test-ndcg=[0.0451, 0.0579]
2025-12-16 23:56:48,269 - Epoch 39 [20.1s + 1.8s]: train==[10.06315=0.11577 + 0.07318 + 0.12286 + 9.75133], test-recall=[0.0646, 0.1015], test-ndcg=[0.0452, 0.0579]
2025-12-16 23:57:10,083 - Epoch 40 [20.2s + 1.6s]: train==[10.05908=0.11385 + 0.07363 + 0.12103 + 9.75058], test-recall=[0.0647, 0.1017], test-ndcg=[0.0453, 0.0581]
2025-12-16 23:57:32,050 - Epoch 41 [20.3s + 1.7s]: train==[10.05795=0.11311 + 0.07409 + 0.11928 + 9.75148], test-recall=[0.0647, 0.1018], test-ndcg=[0.0452, 0.0581]
2025-12-16 23:57:54,282 - Epoch 42 [20.4s + 1.9s]: train==[10.05422=0.11215 + 0.07455 + 0.11761 + 9.74992], test-recall=[0.0653, 0.1020], test-ndcg=[0.0456, 0.0583]
2025-12-16 23:58:16,096 - Epoch 43 [20.2s + 1.6s]: train==[10.05556=0.11228 + 0.07495 + 0.11601 + 9.75232], test-recall=[0.0652, 0.1024], test-ndcg=[0.0456, 0.0585]
2025-12-16 23:58:37,899 - Epoch 44 [20.2s + 1.6s]: train==[10.05277=0.11124 + 0.07527 + 0.11448 + 9.75178], test-recall=[0.0653, 0.1025], test-ndcg=[0.0455, 0.0584]
2025-12-16 23:58:59,830 - Epoch 45 [20.3s + 1.6s]: train==[10.05230=0.11156 + 0.07569 + 0.11302 + 9.75204], test-recall=[0.0651, 0.1023], test-ndcg=[0.0455, 0.0584]
2025-12-16 23:59:21,700 - Epoch 46 [20.2s + 1.7s]: train==[10.05183=0.11180 + 0.07601 + 0.11162 + 9.75241], test-recall=[0.0654, 0.1022], test-ndcg=[0.0456, 0.0584]
2025-12-16 23:59:43,549 - Epoch 47 [20.2s + 1.7s]: train==[10.04701=0.10934 + 0.07645 + 0.11027 + 9.75094], test-recall=[0.0656, 0.1024], test-ndcg=[0.0457, 0.0585]
2025-12-17 00:00:05,630 - Epoch 48 [20.4s + 1.7s]: train==[10.04745=0.11010 + 0.07674 + 0.10898 + 9.75163], test-recall=[0.0655, 0.1024], test-ndcg=[0.0456, 0.0585]
2025-12-17 00:00:27,282 - Epoch 49 [19.8s + 1.8s]: train==[10.04482=0.10823 + 0.07710 + 0.10774 + 9.75175], test-recall=[0.0656, 0.1025], test-ndcg=[0.0457, 0.0585]
2025-12-17 00:00:49,125 - Epoch 50 [20.2s + 1.7s]: train==[10.04448=0.10820 + 0.07749 + 0.10654 + 9.75225], test-recall=[0.0657, 0.1022], test-ndcg=[0.0458, 0.0584]
2025-12-17 00:01:11,355 - Epoch 51 [20.6s + 1.6s]: train==[10.04312=0.10800 + 0.07776 + 0.10539 + 9.75197], test-recall=[0.0659, 0.1025], test-ndcg=[0.0458, 0.0585]
2025-12-17 00:01:33,128 - Epoch 52 [19.9s + 1.9s]: train==[10.04193=0.10632 + 0.07808 + 0.10428 + 9.75325], test-recall=[0.0659, 0.1024], test-ndcg=[0.0459, 0.0585]
2025-12-17 00:01:54,803 - Epoch 53 [20.1s + 1.6s]: train==[10.04095=0.10662 + 0.07839 + 0.10321 + 9.75274], test-recall=[0.0660, 0.1023], test-ndcg=[0.0460, 0.0586]
2025-12-17 00:02:16,511 - Epoch 54 [20.1s + 1.6s]: train==[10.03968=0.10640 + 0.07868 + 0.10217 + 9.75243], test-recall=[0.0658, 0.1027], test-ndcg=[0.0459, 0.0587]
2025-12-17 00:02:38,545 - Epoch 55 [20.0s + 2.0s]: train==[10.03836=0.10487 + 0.07893 + 0.10117 + 9.75338], test-recall=[0.0657, 0.1025], test-ndcg=[0.0461, 0.0588]
2025-12-17 00:03:00,246 - Epoch 56 [20.1s + 1.6s]: train==[10.03947=0.10574 + 0.07917 + 0.10021 + 9.75435], test-recall=[0.0658, 0.1027], test-ndcg=[0.0460, 0.0588]
2025-12-17 00:03:22,120 - Epoch 57 [20.2s + 1.7s]: train==[10.03733=0.10496 + 0.07950 + 0.09928 + 9.75358], test-recall=[0.0658, 0.1023], test-ndcg=[0.0462, 0.0589]
2025-12-17 00:03:44,045 - Epoch 58 [20.2s + 1.7s]: train==[10.03498=0.10440 + 0.07975 + 0.09838 + 9.75244], test-recall=[0.0659, 0.1023], test-ndcg=[0.0461, 0.0588]
2025-12-17 00:04:06,054 - Epoch 59 [20.4s + 1.6s]: train==[10.03554=0.10452 + 0.07997 + 0.09751 + 9.75354], test-recall=[0.0659, 0.1027], test-ndcg=[0.0461, 0.0588]
2025-12-17 00:04:28,004 - Epoch 60 [20.3s + 1.7s]: train==[10.03304=0.10423 + 0.08020 + 0.09667 + 9.75195], test-recall=[0.0658, 0.1029], test-ndcg=[0.0460, 0.0589]
2025-12-17 00:04:49,976 - Epoch 61 [20.3s + 1.7s]: train==[10.03402=0.10441 + 0.08040 + 0.09585 + 9.75336], test-recall=[0.0659, 0.1031], test-ndcg=[0.0461, 0.0590]
2025-12-17 00:05:11,887 - Epoch 62 [20.1s + 1.8s]: train==[10.03339=0.10357 + 0.08062 + 0.09506 + 9.75415], test-recall=[0.0655, 0.1031], test-ndcg=[0.0459, 0.0589]
2025-12-17 00:05:33,282 - Epoch 63 [19.8s + 1.6s]: train==[10.03261=0.10406 + 0.08086 + 0.09429 + 9.75340], test-recall=[0.0655, 0.1033], test-ndcg=[0.0459, 0.0590]
2025-12-17 00:05:55,230 - Epoch 64 [20.3s + 1.6s]: train==[10.03220=0.10325 + 0.08103 + 0.09355 + 9.75438], test-recall=[0.0657, 0.1028], test-ndcg=[0.0460, 0.0588]
2025-12-17 00:06:17,042 - Epoch 65 [20.0s + 1.8s]: train==[10.03119=0.10223 + 0.08127 + 0.09283 + 9.75485], test-recall=[0.0658, 0.1032], test-ndcg=[0.0461, 0.0590]
2025-12-17 00:06:38,794 - Epoch 66 [20.1s + 1.7s]: train==[10.02967=0.10240 + 0.08147 + 0.09213 + 9.75367], test-recall=[0.0656, 0.1029], test-ndcg=[0.0459, 0.0588]
2025-12-17 00:07:00,816 - Epoch 67 [20.4s + 1.6s]: train==[10.03070=0.10256 + 0.08164 + 0.09146 + 9.75504], test-recall=[0.0656, 0.1032], test-ndcg=[0.0459, 0.0589]
2025-12-17 00:07:22,812 - Epoch 68 [20.1s + 1.9s]: train==[10.03021=0.10186 + 0.08182 + 0.09080 + 9.75573], test-recall=[0.0656, 0.1033], test-ndcg=[0.0460, 0.0591]
2025-12-17 00:07:44,745 - Epoch 69 [20.2s + 1.7s]: train==[10.02894=0.10190 + 0.08204 + 0.09016 + 9.75484], test-recall=[0.0656, 0.1036], test-ndcg=[0.0459, 0.0590]
2025-12-17 00:08:06,750 - Epoch 70 [20.4s + 1.6s]: train==[10.02780=0.10141 + 0.08217 + 0.08953 + 9.75469], test-recall=[0.0658, 0.1037], test-ndcg=[0.0460, 0.0592]
2025-12-17 00:08:28,576 - Epoch 71 [20.2s + 1.7s]: train==[10.02786=0.10137 + 0.08237 + 0.08892 + 9.75519], test-recall=[0.0659, 0.1035], test-ndcg=[0.0460, 0.0590]
2025-12-17 00:08:50,369 - Epoch 72 [20.1s + 1.7s]: train==[10.02669=0.10101 + 0.08251 + 0.08833 + 9.75485], test-recall=[0.0662, 0.1033], test-ndcg=[0.0461, 0.0590]
2025-12-17 00:09:12,341 - Epoch 73 [20.4s + 1.6s]: train==[10.02603=0.10059 + 0.08267 + 0.08775 + 9.75502], test-recall=[0.0659, 0.1034], test-ndcg=[0.0460, 0.0590]
2025-12-17 00:09:34,046 - Epoch 74 [20.1s + 1.6s]: train==[10.02662=0.10114 + 0.08285 + 0.08720 + 9.75544], test-recall=[0.0665, 0.1040], test-ndcg=[0.0462, 0.0592]
2025-12-17 00:09:55,915 - Epoch 75 [19.9s + 2.0s]: train==[10.02557=0.10089 + 0.08300 + 0.08665 + 9.75502], test-recall=[0.0664, 0.1039], test-ndcg=[0.0462, 0.0592]
2025-12-17 00:10:17,514 - Epoch 76 [20.0s + 1.6s]: train==[10.02506=0.10045 + 0.08313 + 0.08612 + 9.75536], test-recall=[0.0664, 0.1037], test-ndcg=[0.0463, 0.0593]
2025-12-17 00:10:39,495 - Epoch 77 [20.3s + 1.7s]: train==[10.02567=0.10060 + 0.08328 + 0.08560 + 9.75618], test-recall=[0.0663, 0.1036], test-ndcg=[0.0462, 0.0592]
2025-12-17 00:11:01,576 - Epoch 78 [20.1s + 2.0s]: train==[10.02384=0.10001 + 0.08343 + 0.08510 + 9.75530], test-recall=[0.0668, 0.1036], test-ndcg=[0.0464, 0.0592]
2025-12-17 00:11:23,297 - Epoch 79 [20.1s + 1.6s]: train==[10.02409=0.10087 + 0.08358 + 0.08461 + 9.75503], test-recall=[0.0667, 0.1036], test-ndcg=[0.0464, 0.0593]
2025-12-17 00:11:45,001 - Epoch 80 [20.0s + 1.7s]: train==[10.02376=0.09960 + 0.08369 + 0.08413 + 9.75635], test-recall=[0.0666, 0.1038], test-ndcg=[0.0464, 0.0593]
2025-12-17 00:12:07,253 - Epoch 81 [20.2s + 2.0s]: train==[10.02315=0.09967 + 0.08382 + 0.08366 + 9.75601], test-recall=[0.0665, 0.1038], test-ndcg=[0.0465, 0.0594]
2025-12-17 00:12:28,915 - Epoch 82 [20.1s + 1.6s]: train==[10.03010=0.09928 + 0.08394 + 0.08320 + 9.76369], test-recall=[0.0661, 0.1035], test-ndcg=[0.0464, 0.0594]
2025-12-17 00:12:50,657 - Epoch 83 [20.1s + 1.6s]: train==[10.10496=0.09929 + 0.08445 + 0.08285 + 9.83836], test-recall=[0.0660, 0.1035], test-ndcg=[0.0462, 0.0592]
2025-12-17 00:13:12,539 - Epoch 84 [20.3s + 1.6s]: train==[10.06948=0.09739 + 0.08535 + 0.08265 + 9.80410], test-recall=[0.0660, 0.1038], test-ndcg=[0.0462, 0.0594]
2025-12-17 00:13:34,288 - Epoch 85 [20.1s + 1.6s]: train==[10.07229=0.09866 + 0.08621 + 0.08249 + 9.80493], test-recall=[0.0663, 0.1034], test-ndcg=[0.0462, 0.0591]
2025-12-17 00:13:55,990 - Epoch 86 [20.1s + 1.6s]: train==[10.05879=0.09697 + 0.08695 + 0.08233 + 9.79253], test-recall=[0.0659, 0.1037], test-ndcg=[0.0461, 0.0592]
2025-12-17 00:14:17,872 - Epoch 87 [20.2s + 1.7s]: train==[10.04731=0.09724 + 0.08739 + 0.08210 + 9.78058], test-recall=[0.0660, 0.1035], test-ndcg=[0.0461, 0.0591]
2025-12-17 00:14:39,628 - Epoch 88 [19.9s + 1.8s]: train==[10.03935=0.09738 + 0.08771 + 0.08185 + 9.77241], test-recall=[0.0657, 0.1032], test-ndcg=[0.0460, 0.0590]
2025-12-17 00:15:01,315 - Epoch 89 [20.1s + 1.6s]: train==[10.05011=0.09682 + 0.08786 + 0.08159 + 9.78384], test-recall=[0.0656, 0.1031], test-ndcg=[0.0459, 0.0590]
2025-12-17 00:15:23,353 - Epoch 90 [20.4s + 1.6s]: train==[10.03768=0.09630 + 0.08806 + 0.08134 + 9.77198], test-recall=[0.0657, 0.1031], test-ndcg=[0.0459, 0.0589]
2025-12-17 00:15:45,144 - Epoch 91 [20.0s + 1.8s]: train==[10.04515=0.09651 + 0.08818 + 0.08109 + 9.77937], test-recall=[0.0661, 0.1028], test-ndcg=[0.0461, 0.0589]
2025-12-17 00:16:06,797 - Epoch 92 [20.1s + 1.6s]: train==[10.03752=0.09691 + 0.08836 + 0.08084 + 9.77142], test-recall=[0.0662, 0.1027], test-ndcg=[0.0461, 0.0588]
2025-12-17 00:16:28,555 - Epoch 93 [20.1s + 1.6s]: train==[10.05309=0.09589 + 0.08862 + 0.08061 + 9.78796], test-recall=[0.0663, 0.1030], test-ndcg=[0.0462, 0.0590]
2025-12-17 00:16:50,593 - Epoch 94 [20.2s + 1.8s]: train==[10.03939=0.09598 + 0.08888 + 0.08041 + 9.77411], test-recall=[0.0663, 0.1030], test-ndcg=[0.0463, 0.0590]
2025-12-17 00:17:12,316 - Epoch 95 [20.1s + 1.6s]: train==[10.05184=0.09517 + 0.08910 + 0.08021 + 9.78735], test-recall=[0.0663, 0.1033], test-ndcg=[0.0463, 0.0591]
2025-12-17 00:17:34,056 - Epoch 96 [20.1s + 1.6s]: train==[10.04205=0.09589 + 0.08935 + 0.08003 + 9.77679], test-recall=[0.0667, 0.1031], test-ndcg=[0.0463, 0.0589]
2025-12-17 00:17:55,950 - Epoch 97 [20.3s + 1.6s]: train==[10.04848=0.09565 + 0.08952 + 0.07985 + 9.78345], test-recall=[0.0662, 0.1033], test-ndcg=[0.0462, 0.0590]
2025-12-17 00:18:17,667 - Epoch 98 [20.1s + 1.6s]: train==[10.04588=0.09525 + 0.08969 + 0.07966 + 9.78128], test-recall=[0.0665, 0.1033], test-ndcg=[0.0462, 0.0590]
2025-12-17 00:18:39,550 - Epoch 99 [20.3s + 1.6s]: train==[10.04734=0.09527 + 0.08978 + 0.07948 + 9.78281], test-recall=[0.0667, 0.1036], test-ndcg=[0.0464, 0.0592]
2025-12-17 00:18:41,124 - Final Test Set Result: test-recall=[0.0667, 0.1036], test-ndcg=[0.0464, 0.0592]
