2025-12-16 21:52:49,770 - n_users=47939, n_items=41390	n_interactions=2619389	n_train=2357450, n_test=261939, sparsity=0.00119
2025-12-16 21:52:49,770 - Namespace(Ks='[20, 40]', batch_size=10240, cen_reg=0.005, data_path='data/', dataset='tmall', emb_reg=2.5e-05, embed_size=32, epoch=100, lr=0.001, n_batch=40, n_intents=32, n_layers=2, output='tmall_32_', sample_num=40, save_model=False, seed=2022, show_step=1, ssl_reg=0.1, temp=1, train_num=10000, verbose=1)
2025-12-16 21:53:20,845 - Epoch  0 [20.9s + 1.6s]: train==[11.38338=0.61429 + 0.00182 + 0.26448 + 10.50279], test-recall=[0.0119, 0.0196], test-ndcg=[0.0083, 0.0111]
2025-12-16 21:53:42,690 - Epoch  1 [20.2s + 1.6s]: train==[11.00016=0.45738 + 0.00596 + 0.19528 + 10.34154], test-recall=[0.0275, 0.0458], test-ndcg=[0.0189, 0.0253]
2025-12-16 21:54:04,482 - Epoch  2 [20.2s + 1.6s]: train==[10.57016=0.31685 + 0.01581 + 0.14292 + 10.09458], test-recall=[0.0310, 0.0508], test-ndcg=[0.0211, 0.0280]
2025-12-16 21:54:26,324 - Epoch  3 [19.9s + 1.9s]: train==[10.36499=0.27768 + 0.02283 + 0.11913 + 9.94535], test-recall=[0.0382, 0.0617], test-ndcg=[0.0262, 0.0344]
2025-12-16 21:54:47,949 - Epoch  4 [20.0s + 1.6s]: train==[10.23155=0.25088 + 0.02671 + 0.11058 + 9.84339], test-recall=[0.0422, 0.0678], test-ndcg=[0.0290, 0.0379]
2025-12-16 21:55:09,820 - Epoch  5 [20.0s + 1.9s]: train==[10.18545=0.23567 + 0.02957 + 0.10373 + 9.81649], test-recall=[0.0451, 0.0718], test-ndcg=[0.0311, 0.0404]
2025-12-16 21:55:31,493 - Epoch  6 [20.0s + 1.6s]: train==[10.15360=0.22239 + 0.03211 + 0.09740 + 9.80171], test-recall=[0.0468, 0.0746], test-ndcg=[0.0326, 0.0423]
2025-12-16 21:55:53,196 - Epoch  7 [20.1s + 1.7s]: train==[10.13090=0.21369 + 0.03448 + 0.09162 + 9.79111], test-recall=[0.0482, 0.0773], test-ndcg=[0.0338, 0.0439]
2025-12-16 21:56:14,889 - Epoch  8 [20.1s + 1.6s]: train==[10.11218=0.20551 + 0.03661 + 0.08636 + 9.78370], test-recall=[0.0496, 0.0794], test-ndcg=[0.0347, 0.0450]
2025-12-16 21:56:36,441 - Epoch  9 [20.0s + 1.6s]: train==[10.09476=0.19717 + 0.03863 + 0.08165 + 9.77730], test-recall=[0.0510, 0.0811], test-ndcg=[0.0355, 0.0459]
2025-12-16 21:56:57,980 - Epoch 10 [19.9s + 1.7s]: train==[10.08367=0.19265 + 0.04049 + 0.07754 + 9.77299], test-recall=[0.0519, 0.0829], test-ndcg=[0.0362, 0.0469]
2025-12-16 21:57:19,652 - Epoch 11 [20.0s + 1.6s]: train==[10.07120=0.18655 + 0.04215 + 0.07386 + 9.76864], test-recall=[0.0527, 0.0844], test-ndcg=[0.0368, 0.0478]
2025-12-16 21:57:41,086 - Epoch 12 [19.8s + 1.6s]: train==[10.06246=0.18212 + 0.04372 + 0.07059 + 9.76603], test-recall=[0.0534, 0.0856], test-ndcg=[0.0373, 0.0484]
2025-12-16 21:58:02,829 - Epoch 13 [19.9s + 1.9s]: train==[10.05256=0.17594 + 0.04527 + 0.06767 + 9.76369], test-recall=[0.0534, 0.0866], test-ndcg=[0.0375, 0.0490]
2025-12-16 21:58:24,447 - Epoch 14 [20.0s + 1.6s]: train==[10.04581=0.17285 + 0.04667 + 0.06505 + 9.76124], test-recall=[0.0543, 0.0878], test-ndcg=[0.0380, 0.0495]
2025-12-16 21:58:46,041 - Epoch 15 [20.0s + 1.6s]: train==[10.03804=0.16774 + 0.04795 + 0.06264 + 9.75972], test-recall=[0.0550, 0.0883], test-ndcg=[0.0384, 0.0499]
2025-12-16 21:59:07,717 - Epoch 16 [19.9s + 1.8s]: train==[10.03335=0.16580 + 0.04915 + 0.06045 + 9.75796], test-recall=[0.0553, 0.0889], test-ndcg=[0.0388, 0.0503]
2025-12-16 21:59:29,305 - Epoch 17 [20.0s + 1.6s]: train==[10.02752=0.16206 + 0.05025 + 0.05844 + 9.75678], test-recall=[0.0556, 0.0898], test-ndcg=[0.0389, 0.0507]
2025-12-16 21:59:51,072 - Epoch 18 [20.2s + 1.6s]: train==[10.02334=0.16105 + 0.05125 + 0.05660 + 9.75445], test-recall=[0.0562, 0.0900], test-ndcg=[0.0393, 0.0509]
2025-12-16 22:00:12,609 - Epoch 19 [19.9s + 1.6s]: train==[10.01911=0.15726 + 0.05217 + 0.05490 + 9.75477], test-recall=[0.0566, 0.0901], test-ndcg=[0.0395, 0.0511]
2025-12-16 22:00:34,151 - Epoch 20 [19.9s + 1.6s]: train==[10.01387=0.15427 + 0.05313 + 0.05332 + 9.75315], test-recall=[0.0569, 0.0910], test-ndcg=[0.0397, 0.0515]
2025-12-16 22:00:55,898 - Epoch 21 [20.1s + 1.6s]: train==[10.01175=0.15335 + 0.05390 + 0.05184 + 9.75265], test-recall=[0.0575, 0.0918], test-ndcg=[0.0401, 0.0520]
2025-12-16 22:01:17,430 - Epoch 22 [19.9s + 1.6s]: train==[10.00898=0.15152 + 0.05471 + 0.05048 + 9.75227], test-recall=[0.0576, 0.0921], test-ndcg=[0.0402, 0.0522]
2025-12-16 22:01:38,849 - Epoch 23 [19.6s + 1.8s]: train==[10.00447=0.14894 + 0.05543 + 0.04922 + 9.75089], test-recall=[0.0581, 0.0922], test-ndcg=[0.0405, 0.0524]
2025-12-16 22:02:00,484 - Epoch 24 [20.0s + 1.6s]: train==[10.00222=0.14741 + 0.05613 + 0.04803 + 9.75065], test-recall=[0.0586, 0.0925], test-ndcg=[0.0409, 0.0527]
2025-12-16 22:02:22,291 - Epoch 25 [20.2s + 1.6s]: train==[9.99879=0.14504 + 0.05676 + 0.04693 + 9.75006], test-recall=[0.0584, 0.0931], test-ndcg=[0.0407, 0.0528]
2025-12-16 22:02:43,792 - Epoch 26 [19.7s + 1.8s]: train==[9.99879=0.14513 + 0.05743 + 0.04590 + 9.75034], test-recall=[0.0587, 0.0933], test-ndcg=[0.0410, 0.0530]
2025-12-16 22:03:05,338 - Epoch 27 [19.9s + 1.6s]: train==[9.99419=0.14247 + 0.05805 + 0.04494 + 9.74872], test-recall=[0.0591, 0.0937], test-ndcg=[0.0414, 0.0534]
2025-12-16 22:03:27,021 - Epoch 28 [20.1s + 1.6s]: train==[9.99374=0.14193 + 0.05858 + 0.04404 + 9.74920], test-recall=[0.0593, 0.0939], test-ndcg=[0.0413, 0.0533]
2025-12-16 22:03:48,727 - Epoch 29 [19.9s + 1.8s]: train==[9.99086=0.14046 + 0.05910 + 0.04318 + 9.74812], test-recall=[0.0591, 0.0939], test-ndcg=[0.0413, 0.0533]
2025-12-16 22:04:10,236 - Epoch 30 [19.9s + 1.6s]: train==[9.98926=0.13892 + 0.05957 + 0.04238 + 9.74839], test-recall=[0.0595, 0.0944], test-ndcg=[0.0416, 0.0537]
2025-12-16 22:04:32,023 - Epoch 31 [20.2s + 1.6s]: train==[9.98734=0.13790 + 0.06011 + 0.04162 + 9.74771], test-recall=[0.0594, 0.0944], test-ndcg=[0.0416, 0.0536]
2025-12-16 22:04:53,721 - Epoch 32 [20.1s + 1.6s]: train==[9.98533=0.13663 + 0.06059 + 0.04090 + 9.74721], test-recall=[0.0599, 0.0946], test-ndcg=[0.0419, 0.0538]
2025-12-16 22:05:15,271 - Epoch 33 [19.9s + 1.6s]: train==[9.98383=0.13542 + 0.06105 + 0.04022 + 9.74713], test-recall=[0.0602, 0.0948], test-ndcg=[0.0421, 0.0540]
2025-12-16 22:05:37,006 - Epoch 34 [20.1s + 1.6s]: train==[9.98394=0.13568 + 0.06145 + 0.03958 + 9.74723], test-recall=[0.0602, 0.0951], test-ndcg=[0.0420, 0.0541]
2025-12-16 22:05:58,712 - Epoch 35 [20.1s + 1.6s]: train==[9.98368=0.13491 + 0.06182 + 0.03897 + 9.74798], test-recall=[0.0599, 0.0956], test-ndcg=[0.0419, 0.0542]
2025-12-16 22:06:20,276 - Epoch 36 [19.7s + 1.9s]: train==[9.98079=0.13335 + 0.06224 + 0.03839 + 9.74680], test-recall=[0.0604, 0.0957], test-ndcg=[0.0420, 0.0542]
2025-12-16 22:06:41,825 - Epoch 37 [19.9s + 1.6s]: train==[9.97952=0.13256 + 0.06263 + 0.03784 + 9.74649], test-recall=[0.0609, 0.0958], test-ndcg=[0.0423, 0.0544]
2025-12-16 22:07:03,813 - Epoch 38 [20.4s + 1.6s]: train==[9.97836=0.13183 + 0.06300 + 0.03731 + 9.74622], test-recall=[0.0607, 0.0960], test-ndcg=[0.0422, 0.0544]
2025-12-16 22:07:25,345 - Epoch 39 [19.7s + 1.9s]: train==[9.97865=0.13167 + 0.06333 + 0.03680 + 9.74685], test-recall=[0.0607, 0.0961], test-ndcg=[0.0423, 0.0546]
2025-12-16 22:07:46,923 - Epoch 40 [20.0s + 1.6s]: train==[9.97580=0.12979 + 0.06361 + 0.03631 + 9.74608], test-recall=[0.0613, 0.0965], test-ndcg=[0.0426, 0.0548]
2025-12-16 22:08:08,750 - Epoch 41 [20.1s + 1.7s]: train==[9.97579=0.12922 + 0.06400 + 0.03586 + 9.74672], test-recall=[0.0612, 0.0967], test-ndcg=[0.0426, 0.0548]
2025-12-16 22:08:30,519 - Epoch 42 [19.9s + 1.8s]: train==[9.97273=0.12812 + 0.06434 + 0.03543 + 9.74485], test-recall=[0.0609, 0.0969], test-ndcg=[0.0425, 0.0549]
2025-12-16 22:08:52,085 - Epoch 43 [19.9s + 1.6s]: train==[9.97473=0.12852 + 0.06461 + 0.03501 + 9.74659], test-recall=[0.0610, 0.0974], test-ndcg=[0.0426, 0.0552]
2025-12-16 22:09:13,776 - Epoch 44 [20.1s + 1.6s]: train==[9.97179=0.12674 + 0.06483 + 0.03460 + 9.74561], test-recall=[0.0611, 0.0975], test-ndcg=[0.0425, 0.0550]
2025-12-16 22:09:35,398 - Epoch 45 [20.0s + 1.6s]: train==[9.97238=0.12768 + 0.06510 + 0.03421 + 9.74539], test-recall=[0.0615, 0.0971], test-ndcg=[0.0427, 0.0550]
2025-12-16 22:09:56,780 - Epoch 46 [19.8s + 1.6s]: train==[9.97258=0.12794 + 0.06533 + 0.03383 + 9.74548], test-recall=[0.0614, 0.0972], test-ndcg=[0.0427, 0.0551]
2025-12-16 22:10:18,215 - Epoch 47 [19.8s + 1.6s]: train==[9.96871=0.12568 + 0.06565 + 0.03347 + 9.74391], test-recall=[0.0614, 0.0976], test-ndcg=[0.0427, 0.0553]
2025-12-16 22:10:40,014 - Epoch 48 [20.2s + 1.6s]: train==[9.97017=0.12657 + 0.06583 + 0.03312 + 9.74465], test-recall=[0.0615, 0.0971], test-ndcg=[0.0428, 0.0552]
2025-12-16 22:11:01,550 - Epoch 49 [19.7s + 1.8s]: train==[9.96726=0.12420 + 0.06613 + 0.03279 + 9.74415], test-recall=[0.0613, 0.0975], test-ndcg=[0.0428, 0.0553]
2025-12-16 22:11:23,134 - Epoch 50 [19.9s + 1.6s]: train==[9.96780=0.12387 + 0.06643 + 0.03246 + 9.74503], test-recall=[0.0615, 0.0977], test-ndcg=[0.0428, 0.0553]
2025-12-16 22:11:45,170 - Epoch 51 [20.4s + 1.6s]: train==[9.96699=0.12405 + 0.06663 + 0.03216 + 9.74414], test-recall=[0.0615, 0.0970], test-ndcg=[0.0430, 0.0553]
2025-12-16 22:12:06,593 - Epoch 52 [19.6s + 1.8s]: train==[9.96629=0.12250 + 0.06688 + 0.03187 + 9.74505], test-recall=[0.0616, 0.0972], test-ndcg=[0.0430, 0.0554]
2025-12-16 22:12:28,103 - Epoch 53 [19.9s + 1.6s]: train==[9.96579=0.12277 + 0.06711 + 0.03158 + 9.74434], test-recall=[0.0617, 0.0976], test-ndcg=[0.0432, 0.0556]
2025-12-16 22:12:49,673 - Epoch 54 [19.9s + 1.6s]: train==[9.96543=0.12271 + 0.06730 + 0.03130 + 9.74412], test-recall=[0.0620, 0.0978], test-ndcg=[0.0433, 0.0557]
2025-12-16 22:13:11,662 - Epoch 55 [20.1s + 1.9s]: train==[9.96407=0.12125 + 0.06750 + 0.03103 + 9.74430], test-recall=[0.0623, 0.0981], test-ndcg=[0.0435, 0.0560]
2025-12-16 22:13:33,251 - Epoch 56 [20.0s + 1.6s]: train==[9.96502=0.12184 + 0.06765 + 0.03076 + 9.74477], test-recall=[0.0620, 0.0982], test-ndcg=[0.0433, 0.0559]
2025-12-16 22:13:54,795 - Epoch 57 [19.9s + 1.6s]: train==[9.96397=0.12150 + 0.06789 + 0.03051 + 9.74407], test-recall=[0.0622, 0.0979], test-ndcg=[0.0433, 0.0557]
2025-12-16 22:14:16,537 - Epoch 58 [20.1s + 1.6s]: train==[9.96157=0.12061 + 0.06807 + 0.03026 + 9.74264], test-recall=[0.0621, 0.0984], test-ndcg=[0.0434, 0.0560]
2025-12-16 22:14:38,080 - Epoch 59 [19.9s + 1.6s]: train==[9.96292=0.12057 + 0.06823 + 0.03002 + 9.74410], test-recall=[0.0619, 0.0979], test-ndcg=[0.0433, 0.0558]
2025-12-16 22:14:59,622 - Epoch 60 [19.9s + 1.6s]: train==[9.96029=0.12016 + 0.06841 + 0.02979 + 9.74193], test-recall=[0.0618, 0.0982], test-ndcg=[0.0432, 0.0559]
2025-12-16 22:15:21,353 - Epoch 61 [20.1s + 1.6s]: train==[9.96130=0.12034 + 0.06856 + 0.02956 + 9.74284], test-recall=[0.0613, 0.0983], test-ndcg=[0.0431, 0.0559]
2025-12-16 22:15:42,969 - Epoch 62 [19.8s + 1.8s]: train==[9.96157=0.12006 + 0.06870 + 0.02934 + 9.74347], test-recall=[0.0617, 0.0980], test-ndcg=[0.0433, 0.0559]
2025-12-16 22:16:04,544 - Epoch 63 [19.9s + 1.6s]: train==[9.96044=0.11967 + 0.06888 + 0.02912 + 9.74276], test-recall=[0.0618, 0.0981], test-ndcg=[0.0434, 0.0560]
2025-12-16 22:16:26,321 - Epoch 64 [20.2s + 1.6s]: train==[9.96032=0.11898 + 0.06902 + 0.02892 + 9.74340], test-recall=[0.0619, 0.0980], test-ndcg=[0.0434, 0.0559]
2025-12-16 22:16:47,925 - Epoch 65 [19.8s + 1.8s]: train==[9.96005=0.11851 + 0.06923 + 0.02872 + 9.74360], test-recall=[0.0619, 0.0982], test-ndcg=[0.0434, 0.0559]
2025-12-16 22:17:09,429 - Epoch 66 [19.9s + 1.6s]: train==[9.95896=0.11863 + 0.06936 + 0.02852 + 9.74245], test-recall=[0.0618, 0.0983], test-ndcg=[0.0433, 0.0559]
2025-12-16 22:17:30,998 - Epoch 67 [19.9s + 1.6s]: train==[9.95971=0.11846 + 0.06949 + 0.02833 + 9.74343], test-recall=[0.0620, 0.0983], test-ndcg=[0.0435, 0.0560]
2025-12-16 22:17:53,027 - Epoch 68 [20.1s + 1.9s]: train==[9.95975=0.11802 + 0.06961 + 0.02815 + 9.74397], test-recall=[0.0622, 0.0985], test-ndcg=[0.0435, 0.0560]
2025-12-16 22:18:14,560 - Epoch 69 [19.9s + 1.6s]: train==[9.95850=0.11755 + 0.06981 + 0.02797 + 9.74317], test-recall=[0.0625, 0.0985], test-ndcg=[0.0436, 0.0561]
2025-12-16 22:18:36,109 - Epoch 70 [19.9s + 1.6s]: train==[9.95741=0.11703 + 0.06990 + 0.02779 + 9.74270], test-recall=[0.0622, 0.0981], test-ndcg=[0.0436, 0.0561]
2025-12-16 22:18:57,572 - Epoch 71 [19.8s + 1.6s]: train==[9.95830=0.11744 + 0.07005 + 0.02762 + 9.74319], test-recall=[0.0620, 0.0982], test-ndcg=[0.0435, 0.0560]
2025-12-16 22:19:19,235 - Epoch 72 [20.1s + 1.6s]: train==[9.95731=0.11675 + 0.07019 + 0.02746 + 9.74291], test-recall=[0.0623, 0.0984], test-ndcg=[0.0436, 0.0562]
2025-12-16 22:19:40,904 - Epoch 73 [20.0s + 1.6s]: train==[9.95668=0.11673 + 0.07031 + 0.02730 + 9.74234], test-recall=[0.0621, 0.0985], test-ndcg=[0.0435, 0.0562]
2025-12-16 22:20:02,529 - Epoch 74 [20.0s + 1.6s]: train==[9.95721=0.11716 + 0.07043 + 0.02714 + 9.74249], test-recall=[0.0624, 0.0990], test-ndcg=[0.0437, 0.0563]
2025-12-16 22:20:24,146 - Epoch 75 [19.7s + 1.9s]: train==[9.95649=0.11684 + 0.07049 + 0.02699 + 9.74218], test-recall=[0.0626, 0.0990], test-ndcg=[0.0438, 0.0563]
2025-12-16 22:20:45,837 - Epoch 76 [20.1s + 1.6s]: train==[9.95597=0.11611 + 0.07061 + 0.02683 + 9.74242], test-recall=[0.0628, 0.0989], test-ndcg=[0.0439, 0.0564]
2025-12-16 22:21:07,652 - Epoch 77 [20.2s + 1.6s]: train==[9.95667=0.11651 + 0.07074 + 0.02669 + 9.74273], test-recall=[0.0626, 0.0992], test-ndcg=[0.0438, 0.0565]
2025-12-16 22:21:29,319 - Epoch 78 [19.7s + 2.0s]: train==[9.95540=0.11623 + 0.07084 + 0.02654 + 9.74179], test-recall=[0.0629, 0.0990], test-ndcg=[0.0440, 0.0565]
2025-12-16 22:21:50,779 - Epoch 79 [19.9s + 1.6s]: train==[9.95565=0.11659 + 0.07096 + 0.02640 + 9.74170], test-recall=[0.0629, 0.0991], test-ndcg=[0.0441, 0.0566]
2025-12-16 22:22:12,376 - Epoch 80 [20.0s + 1.6s]: train==[9.95547=0.11525 + 0.07106 + 0.02626 + 9.74290], test-recall=[0.0629, 0.0987], test-ndcg=[0.0441, 0.0565]
2025-12-16 22:22:34,388 - Epoch 81 [20.0s + 2.0s]: train==[9.95480=0.11540 + 0.07118 + 0.02613 + 9.74209], test-recall=[0.0631, 0.0988], test-ndcg=[0.0441, 0.0565]
2025-12-16 22:22:55,967 - Epoch 82 [20.0s + 1.6s]: train==[9.95335=0.11442 + 0.07132 + 0.02600 + 9.74161], test-recall=[0.0627, 0.0990], test-ndcg=[0.0440, 0.0566]
2025-12-16 22:23:17,617 - Epoch 83 [20.0s + 1.6s]: train==[9.95533=0.11520 + 0.07146 + 0.02586 + 9.74282], test-recall=[0.0629, 0.0993], test-ndcg=[0.0441, 0.0567]
2025-12-16 22:23:39,356 - Epoch 84 [20.1s + 1.6s]: train==[9.95298=0.11379 + 0.07155 + 0.02574 + 9.74191], test-recall=[0.0626, 0.0996], test-ndcg=[0.0439, 0.0567]
2025-12-16 22:24:01,249 - Epoch 85 [20.3s + 1.6s]: train==[9.95382=0.11516 + 0.07164 + 0.02561 + 9.74141], test-recall=[0.0631, 0.0994], test-ndcg=[0.0441, 0.0568]
2025-12-16 22:24:22,806 - Epoch 86 [19.9s + 1.6s]: train==[9.95389=0.11443 + 0.07174 + 0.02549 + 9.74223], test-recall=[0.0628, 0.0994], test-ndcg=[0.0439, 0.0566]
2025-12-16 22:24:44,275 - Epoch 87 [19.9s + 1.6s]: train==[9.95286=0.11446 + 0.07181 + 0.02537 + 9.74122], test-recall=[0.0630, 0.0993], test-ndcg=[0.0440, 0.0566]
2025-12-16 22:25:06,014 - Epoch 88 [19.7s + 2.1s]: train==[9.95324=0.11438 + 0.07194 + 0.02525 + 9.74167], test-recall=[0.0629, 0.0992], test-ndcg=[0.0439, 0.0565]
2025-12-16 22:25:27,752 - Epoch 89 [20.1s + 1.6s]: train==[9.95304=0.11434 + 0.07198 + 0.02514 + 9.74158], test-recall=[0.0631, 0.0994], test-ndcg=[0.0439, 0.0565]
2025-12-16 22:25:49,676 - Epoch 90 [20.3s + 1.6s]: train==[9.95250=0.11360 + 0.07205 + 0.02503 + 9.74182], test-recall=[0.0629, 0.0991], test-ndcg=[0.0438, 0.0563]
2025-12-16 22:26:11,321 - Epoch 91 [19.7s + 2.0s]: train==[9.95174=0.11299 + 0.07209 + 0.02492 + 9.74174], test-recall=[0.0632, 0.0994], test-ndcg=[0.0440, 0.0566]
2025-12-16 22:26:32,952 - Epoch 92 [20.0s + 1.6s]: train==[9.95243=0.11374 + 0.07220 + 0.02481 + 9.74167], test-recall=[0.0630, 0.0995], test-ndcg=[0.0439, 0.0566]
2025-12-16 22:26:54,599 - Epoch 93 [20.0s + 1.6s]: train==[9.95063=0.11291 + 0.07233 + 0.02470 + 9.74068], test-recall=[0.0634, 0.0995], test-ndcg=[0.0442, 0.0567]
2025-12-16 22:27:16,434 - Epoch 94 [20.0s + 1.9s]: train==[9.95204=0.11319 + 0.07238 + 0.02460 + 9.74187], test-recall=[0.0637, 0.0995], test-ndcg=[0.0443, 0.0567]
2025-12-16 22:27:37,949 - Epoch 95 [19.9s + 1.6s]: train==[9.95013=0.11244 + 0.07245 + 0.02450 + 9.74074], test-recall=[0.0632, 0.0996], test-ndcg=[0.0441, 0.0567]
2025-12-16 22:27:59,514 - Epoch 96 [20.0s + 1.6s]: train==[9.95025=0.11254 + 0.07256 + 0.02440 + 9.74075], test-recall=[0.0637, 0.0996], test-ndcg=[0.0442, 0.0566]
2025-12-16 22:28:21,134 - Epoch 97 [20.0s + 1.6s]: train==[9.95197=0.11293 + 0.07257 + 0.02430 + 9.74216], test-recall=[0.0635, 0.0994], test-ndcg=[0.0442, 0.0566]
2025-12-16 22:28:42,668 - Epoch 98 [19.9s + 1.6s]: train==[9.95027=0.11240 + 0.07268 + 0.02420 + 9.74099], test-recall=[0.0634, 0.0994], test-ndcg=[0.0441, 0.0566]
2025-12-16 22:29:04,524 - Epoch 99 [20.2s + 1.6s]: train==[9.95071=0.11223 + 0.07269 + 0.02411 + 9.74168], test-recall=[0.0636, 0.0995], test-ndcg=[0.0443, 0.0568]
2025-12-16 22:29:06,093 - Final Test Set Result: test-recall=[0.0636, 0.0995], test-ndcg=[0.0443, 0.0568]
